<?xml version="1.0" encoding="UTF-8"?>
<testsuite name="market.tests.ApiTest" tests="8" skipped="0" failures="0" errors="0" timestamp="2020-10-27T06:14:33" hostname="MacBookPro" time="6.529">
  <properties/>
  <testcase name="Проверка на существования мерчанта с нужными данными" classname="market.tests.ApiTest" time="2.218"/>
  <testcase name="Создание склада" classname="market.tests.ApiTest" time="0.483"/>
  <testcase name="список складов" classname="market.tests.ApiTest" time="0.443"/>
  <testcase name="дерево категории" classname="market.tests.ApiTest" time="1.671"/>
  <testcase name="список атрибутов и их значении" classname="market.tests.ApiTest" time="0.465"/>
  <testcase name="создание драфтового айтема" classname="market.tests.ApiTest" time="0.389"/>
  <testcase name="удаление складов" classname="market.tests.ApiTest" time="0.453"/>
  <testcase name="отправка драфтового айтема на модерацию" classname="market.tests.ApiTest" time="0.391"/>
  <system-out><![CDATA[{
    "accessToken": "eyJhbGciOiJSUzI1NiIsInR5cCIgOiAiSldUIiwia2lkIiA6ICJOcXNlak5IZHotNEpacDFXc0ZLdGlNalRLcDF1M2didThmb2dobVJ5NFVJIn0.eyJqdGkiOiJkMmYzMDE1Yy0xOGQ0LTQ4MTAtYjUzNS1jZDg2M2FmYzg3ZTQiLCJleHAiOjE2MDM4MDA4NzEsIm5iZiI6MCwiaWF0IjoxNjAzNzc5MjcxLCJpc3MiOiJodHRwczovL2tleWNsb2FrLnRlc3QudmxpZmUua3ovYXV0aC9yZWFsbXMvU3ByaW5nQm9vdFRlc3QiLCJhdWQiOlsicmVhbG0tbWFuYWdlbWVudCIsImFjY291bnQiXSwic3ViIjoiNWJlNWJkNDQtMzFkNS00NGIyLTk1OTMtZmQxNjQ0NmVhZmI5IiwidHlwIjoiQmVhcmVyIiwiYXpwIjoibG9naW4tYXBwIiwiYXV0aF90aW1lIjowLCJzZXNzaW9uX3N0YXRlIjoiM2U3ZTdmMmEtMzliNy00NDgyLWFjZmUtODQwMjQ5MDMzOTc0IiwiYWNyIjoiMSIsInJlYWxtX2FjY2VzcyI6eyJyb2xlcyI6WyJtYXJrZXRfbW9kZXJhdG9yIiwibWFya2V0X2NvbnRyYWN0X21hbmFnZXIiLCJvZmZsaW5lX2FjY2VzcyIsIm1lcmNoYW50IiwidW1hX2F1dGhvcml6YXRpb24iXX0sInJlc291cmNlX2FjY2VzcyI6eyJyZWFsbS1tYW5hZ2VtZW50Ijp7InJvbGVzIjpbInZpZXctcmVhbG0iLCJtYW5hZ2UtdXNlcnMiLCJ2aWV3LXVzZXJzIiwidmlldy1jbGllbnRzIiwicXVlcnktY2xpZW50cyIsInF1ZXJ5LWdyb3VwcyIsInF1ZXJ5LXVzZXJzIl19LCJhY2NvdW50Ijp7InJvbGVzIjpbIm1hbmFnZS1hY2NvdW50IiwibWFuYWdlLWFjY291bnQtbGlua3MiLCJ2aWV3LXByb2ZpbGUiXX19LCJzY29wZSI6ImVtYWlsIHByb2ZpbGUiLCJlbWFpbF92ZXJpZmllZCI6ZmFsc2UsInByZWZlcnJlZF91c2VybmFtZSI6Im1vZGVyYXRvckBjb2RldmllLmt6In0.WDjsNLMiwLN6jh6DGQo28UpQuBOB6PTkxBGHP0AvPGD3sQGa9eP6qC60G_0TWo0qiKSCr8ukMmt2Muk215YSVea3fjaT-hh-6NO0XZAtVXl_O-1zYyqNupIRwMmveQt7MWEAYTVzdid7Z6Ch52HFE2dOf4ZcvS6-TW-RmHRRP0KStHoNF62qQyPb8edzRK2zVuHoc_GhdeOOeBEtuuTHzPb_fVGVfzOrp-ESIQWtjlegmQbTq4A4LJx77aVFlJa6QIa_4rWMssmuq88I4oAqCyiwI8sTDlEUFztxbFLo2zlnFl4F5uhUyOc0vnYkt6zFdvcLCZ-h3AH0xmWzPQlVOg",
    "expiresIn": 21600,
    "refreshExpiresIn": 3888000,
    "refreshToken": "eyJhbGciOiJIUzI1NiIsInR5cCIgOiAiSldUIiwia2lkIiA6ICJlN2JiM2M3OS1iNzMxLTRlNDItYTc0ZC1mNDc3MGFmY2UyMTkifQ.eyJqdGkiOiIzYzdlNTZhYi0yZjVlLTQ2MWEtODU5MC0zM2JkYWZlZmJiZTUiLCJleHAiOjE2MDc2NjcyNzEsIm5iZiI6MCwiaWF0IjoxNjAzNzc5MjcxLCJpc3MiOiJodHRwczovL2tleWNsb2FrLnRlc3QudmxpZmUua3ovYXV0aC9yZWFsbXMvU3ByaW5nQm9vdFRlc3QiLCJhdWQiOiJodHRwczovL2tleWNsb2FrLnRlc3QudmxpZmUua3ovYXV0aC9yZWFsbXMvU3ByaW5nQm9vdFRlc3QiLCJzdWIiOiI1YmU1YmQ0NC0zMWQ1LTQ0YjItOTU5My1mZDE2NDQ2ZWFmYjkiLCJ0eXAiOiJSZWZyZXNoIiwiYXpwIjoibG9naW4tYXBwIiwiYXV0aF90aW1lIjowLCJzZXNzaW9uX3N0YXRlIjoiM2U3ZTdmMmEtMzliNy00NDgyLWFjZmUtODQwMjQ5MDMzOTc0IiwicmVhbG1fYWNjZXNzIjp7InJvbGVzIjpbIm1hcmtldF9tb2RlcmF0b3IiLCJtYXJrZXRfY29udHJhY3RfbWFuYWdlciIsIm9mZmxpbmVfYWNjZXNzIiwibWVyY2hhbnQiLCJ1bWFfYXV0aG9yaXphdGlvbiJdfSwicmVzb3VyY2VfYWNjZXNzIjp7InJlYWxtLW1hbmFnZW1lbnQiOnsicm9sZXMiOlsidmlldy1yZWFsbSIsIm1hbmFnZS11c2VycyIsInZpZXctdXNlcnMiLCJ2aWV3LWNsaWVudHMiLCJxdWVyeS1jbGllbnRzIiwicXVlcnktZ3JvdXBzIiwicXVlcnktdXNlcnMiXX0sImFjY291bnQiOnsicm9sZXMiOlsibWFuYWdlLWFjY291bnQiLCJtYW5hZ2UtYWNjb3VudC1saW5rcyIsInZpZXctcHJvZmlsZSJdfX0sInNjb3BlIjoiZW1haWwgcHJvZmlsZSJ9.O1lhtlNI4XoQ0gJSgYxKW59VEp6dmIqoGJzaR8w04mU",
    "refreshTokenExpDate": "2020-12-11T06:14:31.183Z",
    "tokenType": "bearer",
    "sessionState": "3e7e7f2a-39b7-4482-acfe-840249033974",
    "scope": "email profile"
}
{
  "active" : true,
  "address" : {
    "city" : "Almaty",
    "cityId" : 2,
    "country" : "Kazakhstan",
    "flat" : 110,
    "house" : 150,
    "street" : "Абая"
  },
  "buildingType" : "buildingType",
  "cityDto" : {
    "code" : "code",
    "countryCode" : "countryCode",
    "countryName" : "countryName",
    "id" : 4,
    "map" : {
      "latitude" : 0.0,
      "longitude" : 0.0
    }
  },
  "merchantId" : 579,
  "storeName" : "StoreName213",
  "phone" : "77029203758",
  "pickupAvailable" : true,
  "schedule" : [ {
    "day" : "MONDAY",
    "fromTime" : "07:00",
    "isAllDay" : true,
    "isDayOff" : true,
    "toTime" : "21:00"
  }, {
    "day" : "TUESDAY",
    "fromTime" : "07:00",
    "isAllDay" : true,
    "isDayOff" : true,
    "toTime" : "21:00"
  }, {
    "day" : "WEDNESDAY",
    "fromTime" : "07:00",
    "isAllDay" : true,
    "isDayOff" : true,
    "toTime" : "21:00"
  }, {
    "day" : "THURSDAY",
    "fromTime" : "07:00",
    "isAllDay" : true,
    "isDayOff" : true,
    "toTime" : "21:00"
  }, {
    "day" : "FRIDAY",
    "fromTime" : "07:00",
    "isAllDay" : true,
    "isDayOff" : true,
    "toTime" : "21:00"
  }, {
    "day" : "SATURDAY",
    "fromTime" : "07:00",
    "isAllDay" : true,
    "isDayOff" : true,
    "toTime" : "21:00"
  }, {
    "day" : "SUNDAY",
    "fromTime" : "07:00",
    "isAllDay" : true,
    "isDayOff" : true,
    "toTime" : "21:00"
  } ]
}
{
    "id": 560,
    "name": "Stock14",
    "storeName": "StoreName213",
    "cityDto": {
        "id": 4,
        "code": "AKTOBE",
        "name": "Актобе",
        "countryName": "Казахстан",
        "countryCode": "KAZ",
        "map": {
            "latitude": 50.260961,
            "longitude": 57.218668
        }
    },
    "merchantId": 579,
    "address": {
        "country": "Kazakhstan",
        "cityId": 2,
        "city": "Almaty",
        "street": "Абая",
        "house": "150",
        "flat": "110"
    },
    "map": null,
    "schedule": [
        {
            "day": "MONDAY",
            "isDayOff": true,
            "isAllDay": true,
            "fromTime": "07:00",
            "toTime": "21:00"
        },
        {
            "day": "TUESDAY",
            "isDayOff": true,
            "isAllDay": true,
            "fromTime": "07:00",
            "toTime": "21:00"
        },
        {
            "day": "WEDNESDAY",
            "isDayOff": true,
            "isAllDay": true,
            "fromTime": "07:00",
            "toTime": "21:00"
        },
        {
            "day": "THURSDAY",
            "isDayOff": true,
            "isAllDay": true,
            "fromTime": "07:00",
            "toTime": "21:00"
        },
        {
            "day": "FRIDAY",
            "isDayOff": true,
            "isAllDay": true,
            "fromTime": "07:00",
            "toTime": "21:00"
        },
        {
            "day": "SATURDAY",
            "isDayOff": true,
            "isAllDay": true,
            "fromTime": "07:00",
            "toTime": "21:00"
        },
        {
            "day": "SUNDAY",
            "isDayOff": true,
            "isAllDay": true,
            "fromTime": "07:00",
            "toTime": "21:00"
        }
    ],
    "pickupAvailable": true,
    "buildingType": "buildingType",
    "phone": "+7 (702)-920-37-58",
    "active": true
}
{
    "total": 3,
    "content": [
        {
            "id": 480,
            "name": "Stock1",
            "storeName": "Мастер-товары VLife",
            "cityDto": {
                "id": 2,
                "code": "ALMATY",
                "name": "Алматы",
                "countryName": "Казахстан",
                "countryCode": "KAZ",
                "map": {
                    "latitude": 43.238293,
                    "longitude": 76.945465
                }
            },
            "merchantId": 579,
            "address": {
                "country": "Kazakhstan",
                "cityId": 2,
                "city": "Алматы",
                "street": "улица Фонвизина",
                "house": "17А",
                "flat": "1"
            },
            "map": {
                "latitude": 43.238293,
                "longitude": 76.945465
            },
            "schedule": [
                {
                    "day": "MONDAY",
                    "isDayOff": false,
                    "isAllDay": false,
                    "fromTime": "08:00",
                    "toTime": "20:00"
                },
                {
                    "day": "TUESDAY",
                    "isDayOff": false,
                    "isAllDay": false,
                    "fromTime": "08:00",
                    "toTime": "20:00"
                },
                {
                    "day": "WEDNESDAY",
                    "isDayOff": false,
                    "isAllDay": false,
                    "fromTime": "08:00",
                    "toTime": "20:00"
                },
                {
                    "day": "THURSDAY",
                    "isDayOff": false,
                    "isAllDay": false,
                    "fromTime": "08:00",
                    "toTime": "20:00"
                },
                {
                    "day": "FRIDAY",
                    "isDayOff": false,
                    "isAllDay": false,
                    "fromTime": "08:00",
                    "toTime": "20:00"
                },
                {
                    "day": "SATURDAY",
                    "isDayOff": false,
                    "isAllDay": false,
                    "fromTime": "08:00",
                    "toTime": "20:00"
                },
                {
                    "day": "SUNDAY",
                    "isDayOff": false,
                    "isAllDay": false,
                    "fromTime": "08:00",
                    "toTime": "20:00"
                }
            ],
            "pickupAvailable": false,
            "buildingType": "БЦ Коктем-2",
            "phone": "",
            "active": true
        },
        {
            "id": 539,
            "name": "Stock2",
            "storeName": "Резервный",
            "cityDto": {
                "id": 2,
                "code": "ALMATY",
                "name": "Алматы",
                "countryName": "Казахстан",
                "countryCode": "KAZ",
                "map": {
                    "latitude": 43.238293,
                    "longitude": 76.945465
                }
            },
            "merchantId": 579,
            "address": {
                "country": "Казахстан",
                "cityId": 2,
                "city": "Алматы",
                "street": "проспект Достык",
                "house": "180",
                "flat": ""
            },
            "map": {
                "latitude": 43.238293,
                "longitude": 76.945465
            },
            "schedule": [
                {
                    "day": "MONDAY",
                    "isDayOff": false,
                    "isAllDay": false,
                    "fromTime": "08:00",
                    "toTime": "20:00"
                },
                {
                    "day": "TUESDAY",
                    "isDayOff": false,
                    "isAllDay": false,
                    "fromTime": "08:00",
                    "toTime": "20:00"
                },
                {
                    "day": "WEDNESDAY",
                    "isDayOff": false,
                    "isAllDay": false,
                    "fromTime": "08:00",
                    "toTime": "20:00"
                },
                {
                    "day": "THURSDAY",
                    "isDayOff": false,
                    "isAllDay": false,
                    "fromTime": "08:00",
                    "toTime": "20:00"
                },
                {
                    "day": "FRIDAY",
                    "isDayOff": false,
                    "isAllDay": false,
                    "fromTime": "08:00",
                    "toTime": "20:00"
                },
                {
                    "day": "SATURDAY",
                    "isDayOff": false,
                    "isAllDay": false,
                    "fromTime": "08:00",
                    "toTime": "20:00"
                },
                {
                    "day": "SUNDAY",
                    "isDayOff": false,
                    "isAllDay": false,
                    "fromTime": "08:00",
                    "toTime": "20:00"
                }
            ],
            "pickupAvailable": true,
            "buildingType": "",
            "phone": "77777731797",
            "active": true
        },
        {
            "id": 560,
            "name": "Stock14",
            "storeName": "StoreName213",
            "cityDto": {
                "id": 4,
                "code": "AKTOBE",
                "name": "Актобе",
                "countryName": "Казахстан",
                "countryCode": "KAZ",
                "map": {
                    "latitude": 50.260961,
                    "longitude": 57.218668
                }
            },
            "merchantId": 579,
            "address": {
                "country": "Kazakhstan",
                "cityId": 2,
                "city": "Almaty",
                "street": "Абая",
                "house": "150",
                "flat": "110"
            },
            "map": null,
            "schedule": [
                {
                    "day": "MONDAY",
                    "isDayOff": true,
                    "isAllDay": true,
                    "fromTime": "07:00",
                    "toTime": "21:00"
                },
                {
                    "day": "TUESDAY",
                    "isDayOff": true,
                    "isAllDay": true,
                    "fromTime": "07:00",
                    "toTime": "21:00"
                },
                {
                    "day": "WEDNESDAY",
                    "isDayOff": true,
                    "isAllDay": true,
                    "fromTime": "07:00",
                    "toTime": "21:00"
                },
                {
                    "day": "THURSDAY",
                    "isDayOff": true,
                    "isAllDay": true,
                    "fromTime": "07:00",
                    "toTime": "21:00"
                },
                {
                    "day": "FRIDAY",
                    "isDayOff": true,
                    "isAllDay": true,
                    "fromTime": "07:00",
                    "toTime": "21:00"
                },
                {
                    "day": "SATURDAY",
                    "isDayOff": true,
                    "isAllDay": true,
                    "fromTime": "07:00",
                    "toTime": "21:00"
                },
                {
                    "day": "SUNDAY",
                    "isDayOff": true,
                    "isAllDay": true,
                    "fromTime": "07:00",
                    "toTime": "21:00"
                }
            ],
            "pickupAvailable": true,
            "buildingType": "buildingType",
            "phone": "77029203758",
            "active": true
        }
    ],
    "pageNumber": 0,
    "totalPages": 1
}
{
    "list": [
        {
            "id": 30836,
            "name": "Автотовары",
            "sort": 1,
            "image": {
                "dark": {
                    "pdf": "https://static.vlife.kz/pdf/market/Car_2.pdf",
                    "svg": "https://static.vlife.kz/icons/vlife/market/Car_2.svg"
                },
                "light": {
                    "pdf": "https://static.vlife.kz/pdf/market/Car_2.pdf",
                    "svg": "https://static.vlife.kz/icons/vlife/market/Car_2.svg"
                }
            },
            "isAccent": false,
            "description": "Автотовары",
            "isTabbedChildren": false,
            "children": [
                {
                    "id": 30874,
                    "name": "Аккумуляторы",
                    "sort": null,
                    "image": {
                        "dark": {
                            "pdf": "https://static.vlife.kz/icons/Smartphones.pdf",
                            "svg": "https://static.vlife.kz/icons/car.svg"
                        },
                        "light": {
                            "pdf": "https://static.vlife.kz/icons/Smartphones.pdf",
                            "svg": "https://static.vlife.kz/icons/car.svg"
                        }
                    },
                    "isAccent": false,
                    "description": "Аккумуляторы",
                    "isTabbedChildren": false,
                    "children": [
                        {
                            "id": 30875,
                            "name": "Для грузовых авто",
                            "sort": null,
                            "image": {
                                "dark": {
                                    "pdf": "https://static.vlife.kz/icons/Smartphones.pdf",
                                    "svg": "https://static.vlife.kz/icons/car.svg"
                                },
                                "light": {
                                    "pdf": "https://static.vlife.kz/icons/Smartphones.pdf",
                                    "svg": "https://static.vlife.kz/icons/car.svg"
                                }
                            },
                            "isAccent": false,
                            "description": "Для грузовых авто",
                            "isTabbedChildren": false,
                            "children": [
                                
                            ]
                        },
                        {
                            "id": 30876,
                            "name": "Для легковых авто",
                            "sort": null,
                            "image": {
                                "dark": {
                                    "pdf": "https://static.vlife.kz/icons/Smartphones.pdf",
                                    "svg": "https://static.vlife.kz/icons/car.svg"
                                },
                                "light": {
                                    "pdf": "https://static.vlife.kz/icons/Smartphones.pdf",
                                    "svg": "https://static.vlife.kz/icons/car.svg"
                                }
                            },
                            "isAccent": false,
                            "description": "Для легковых авто",
                            "isTabbedChildren": false,
                            "children": [
                                
                            ]
                        },
                        {
                            "id": 30877,
                            "name": "Для мотоциклов",
                            "sort": null,
                            "image": {
                                "dark": {
                                    "pdf": "https://static.vlife.kz/icons/Smartphones.pdf",
                                    "svg": "https://static.vlife.kz/icons/car.svg"
                                },
                                "light": {
                                    "pdf": "https://static.vlife.kz/icons/Smartphones.pdf",
                                    "svg": "https://static.vlife.kz/icons/car.svg"
                                }
                            },
                            "isAccent": false,
                            "description": "Для мотоциклов",
                            "isTabbedChildren": false,
                            "children": [
                                
                            ]
                        }
                    ]
                },
                {
                    "id": 30884,
                    "name": "Диски",
                    "sort": null,
                    "image": {
                        "dark": {
                            "pdf": "https://static.vlife.kz/icons/Smartphones.pdf",
                            "svg": "https://static.vlife.kz/icons/car.svg"
                        },
                        "light": {
                            "pdf": "https://static.vlife.kz/icons/Smartphones.pdf",
                            "svg": "https://static.vlife.kz/icons/car.svg"
                        }
                    },
                    "isAccent": false,
                    "description": "Диски",
                    "isTabbedChildren": false,
                    "children": [
                        {
                            "id": 30885,
                            "name": "Литые",
                            "sort": null,
                            "image": {
                                "dark": {
                                    "pdf": "https://static.vlife.kz/icons/Smartphones.pdf",
                                    "svg": "https://static.vlife.kz/icons/car.svg"
                                },
                                "light": {
                                    "pdf": "https://static.vlife.kz/icons/Smartphones.pdf",
                                    "svg": "https://static.vlife.kz/icons/car.svg"
                                }
                            },
                            "isAccent": false,
                            "description": "Литые",
                            "isTabbedChildren": false,
                            "children": [
                                
                            ]
                        },
                        {
                            "id": 30886,
                            "name": "Штампованные",
                            "sort": null,
                            "image": {
                                "dark": {
                                    "pdf": "https://static.vlife.kz/icons/Smartphones.pdf",
                                    "svg": "https://static.vlife.kz/icons/car.svg"
                                },
                                "light": {
                                    "pdf": "https://static.vlife.kz/icons/Smartphones.pdf",
                                    "svg": "https://static.vlife.kz/icons/car.svg"
                                }
                            },
                            "isAccent": false,
                            "description": "Штампованные",
                            "isTabbedChildren": false,
                            "children": [
                                
                            ]
                        }
                    ]
                },
                {
                    "id": 30837,
                    "name": "Автоаксессуары",
                    "sort": null,
                    "image": {
                        "dark": {
                            "pdf": "https://static.vlife.kz/icons/Smartphones.pdf",
                            "svg": "https://static.vlife.kz/icons/car.svg"
                        },
                        "light": {
                            "pdf": "https://static.vlife.kz/icons/Smartphones.pdf",
                            "svg": "https://static.vlife.kz/icons/car.svg"
                        }
                    },
                    "isAccent": false,
                    "description": "Автоаксессуары",
                    "isTabbedChildren": false,
                    "children": [
                        {
                            "id": 30838,
                            "name": "Автомобильные колпаки",
                            "sort": null,
                            "image": {
                                "dark": {
                                    "pdf": "https://static.vlife.kz/icons/Smartphones.pdf",
                                    "svg": "https://static.vlife.kz/icons/car.svg"
                                },
                                "light": {
                                    "pdf": "https://static.vlife.kz/icons/Smartphones.pdf",
                                    "svg": "https://static.vlife.kz/icons/car.svg"
                                }
                            },
                            "isAccent": false,
                            "description": "Автомобильные колпаки",
                            "isTabbedChildren": false,
                            "children": [
                                
                            ]
                        },
                        {
                            "id": 30839,
                            "name": "Автомобильные органайзеры и сумки",
                            "sort": null,
                            "image": {
                                "dark": {
                                    "pdf": "https://static.vlife.kz/icons/Smartphones.pdf",
                                    "svg": "https://static.vlife.kz/icons/car.svg"
                                },
                                "light": {
                                    "pdf": "https://static.vlife.kz/icons/Smartphones.pdf",
                                    "svg": "https://static.vlife.kz/icons/car.svg"
                                }
                            },
                            "isAccent": false,
                            "description": "Автомобильные органайзеры и сумки",
                            "isTabbedChildren": false,
                            "children": [
                                
                            ]
                        },
                        {
                            "id": 30840,
                            "name": "Детские автокресла",
                            "sort": null,
                            "image": {
                                "dark": {
                                    "pdf": "https://static.vlife.kz/icons/Smartphones.pdf",
                                    "svg": "https://static.vlife.kz/icons/car.svg"
                                },
                                "light": {
                                    "pdf": "https://static.vlife.kz/icons/Smartphones.pdf",
                                    "svg": "https://static.vlife.kz/icons/car.svg"
                                }
                            },
                            "isAccent": false,
                            "description": "Детские автокресла",
                            "isTabbedChildren": false,
                            "children": [
                                
                            ]
                        },
                        {
                            "id": 30841,
                            "name": "Защитные тенты-чехлы",
                            "sort": null,
                            "image": {
                                "dark": {
                                    "pdf": "https://static.vlife.kz/icons/Smartphones.pdf",
                                    "svg": "https://static.vlife.kz/icons/car.svg"
                                },
                                "light": {
                                    "pdf": "https://static.vlife.kz/icons/Smartphones.pdf",
                                    "svg": "https://static.vlife.kz/icons/car.svg"
                                }
                            },
                            "isAccent": false,
                            "description": "Защитные тенты-чехлы",
                            "isTabbedChildren": false,
                            "children": [
                                
                            ]
                        },
                        {
                            "id": 30842,
                            "name": "Коврики для автомобиля",
                            "sort": null,
                            "image": {
                                "dark": {
                                    "pdf": "https://static.vlife.kz/icons/Smartphones.pdf",
                                    "svg": "https://static.vlife.kz/icons/car.svg"
                                },
                                "light": {
                                    "pdf": "https://static.vlife.kz/icons/Smartphones.pdf",
                                    "svg": "https://static.vlife.kz/icons/car.svg"
                                }
                            },
                            "isAccent": false,
                            "description": "Коврики для автомобиля",
                            "isTabbedChildren": false,
                            "children": [
                                
                            ]
                        },
                        {
                            "id": 30843,
                            "name": "Чехлы для салона",
                            "sort": null,
                            "image": {
                                "dark": {
                                    "pdf": "https://static.vlife.kz/icons/Smartphones.pdf",
                                    "svg": "https://static.vlife.kz/icons/car.svg"
                                },
                                "light": {
                                    "pdf": "https://static.vlife.kz/icons/Smartphones.pdf",
                                    "svg": "https://static.vlife.kz/icons/car.svg"
                                }
                            },
                            "isAccent": false,
                            "description": "Чехлы для салона",
                            "isTabbedChildren": false,
                            "children": [
                                
                            ]
                        },
                        {
                            "id": 30844,
                            "name": "Чехлы на руль",
                            "sort": null,
                            "image": {
                                "dark": {
                                    "pdf": "https://static.vlife.kz/icons/Smartphones.pdf",
                                    "svg": "https://static.vlife.kz/icons/car.svg"
                                },
                                "light": {
                                    "pdf": "https://static.vlife.kz/icons/Smartphones.pdf",
                                    "svg": "https://static.vlife.kz/icons/car.svg"
                                }
                            },
                            "isAccent": false,
                            "description": "Чехлы на руль",
                            "isTabbedChildren": false,
                            "children": [
                                
                            ]
                        }
                    ]
                },
                {
                    "id": 30845,
                    "name": "Автоакустика",
                    "sort": null,
                    "image": {
                        "dark": {
                            "pdf": "https://static.vlife.kz/icons/Smartphones.pdf",
                            "svg": "https://static.vlife.kz/icons/car.svg"
                        },
                        "light": {
                            "pdf": "https://static.vlife.kz/icons/Smartphones.pdf",
                            "svg": "https://static.vlife.kz/icons/car.svg"
                        }
                    },
                    "isAccent": false,
                    "description": "Автоакустика",
                    "isTabbedChildren": false,
                    "children": [
                        {
                            "id": 30846,
                            "name": "Fm-трансмиттеры",
                            "sort": null,
                            "image": {
                                "dark": {
                                    "pdf": "https://static.vlife.kz/icons/Smartphones.pdf",
                                    "svg": "https://static.vlife.kz/icons/car.svg"
                                },
                                "light": {
                                    "pdf": "https://static.vlife.kz/icons/Smartphones.pdf",
                                    "svg": "https://static.vlife.kz/icons/car.svg"
                                }
                            },
                            "isAccent": false,
                            "description": "Fm-трансмиттеры",
                            "isTabbedChildren": false,
                            "children": [
                                
                            ]
                        },
                        {
                            "id": 30847,
                            "name": "Автомагнитолы",
                            "sort": null,
                            "image": {
                                "dark": {
                                    "pdf": "https://static.vlife.kz/icons/Smartphones.pdf",
                                    "svg": "https://static.vlife.kz/icons/car.svg"
                                },
                                "light": {
                                    "pdf": "https://static.vlife.kz/icons/Smartphones.pdf",
                                    "svg": "https://static.vlife.kz/icons/car.svg"
                                }
                            },
                            "isAccent": false,
                            "description": "Автомагнитолы",
                            "isTabbedChildren": false,
                            "children": [
                                
                            ]
                        },
                        {
                            "id": 30848,
                            "name": "Автомобильные усилители",
                            "sort": null,
                            "image": {
                                "dark": {
                                    "pdf": "https://static.vlife.kz/icons/Smartphones.pdf",
                                    "svg": "https://static.vlife.kz/icons/car.svg"
                                },
                                "light": {
                                    "pdf": "https://static.vlife.kz/icons/Smartphones.pdf",
                                    "svg": "https://static.vlife.kz/icons/car.svg"
                                }
                            },
                            "isAccent": false,
                            "description": "Автомобильные усилители",
                            "isTabbedChildren": false,
                            "children": [
                                
                            ]
                        },
                        {
                            "id": 30849,
                            "name": "Колонки и сабвуферы",
                            "sort": null,
                            "image": {
                                "dark": {
                                    "pdf": "https://static.vlife.kz/icons/Smartphones.pdf",
                                    "svg": "https://static.vlife.kz/icons/car.svg"
                                },
                                "light": {
                                    "pdf": "https://static.vlife.kz/icons/Smartphones.pdf",
                                    "svg": "https://static.vlife.kz/icons/car.svg"
                                }
                            },
                            "isAccent": false,
                            "description": "Колонки и сабвуферы",
                            "isTabbedChildren": false,
                            "children": [
                                
                            ]
                        }
                    ]
                },
                {
                    "id": 30850,
                    "name": "Автозапчасти",
                    "sort": null,
                    "image": {
                        "dark": {
                            "pdf": "https://static.vlife.kz/icons/Smartphones.pdf",
                            "svg": "https://static.vlife.kz/icons/car.svg"
                        },
                        "light": {
                            "pdf": "https://static.vlife.kz/icons/Smartphones.pdf",
                            "svg": "https://static.vlife.kz/icons/car.svg"
                        }
                    },
                    "isAccent": false,
                    "description": "Автозапчасти",
                    "isTabbedChildren": false,
                    "children": [
                        {
                            "id": 30851,
                            "name": "Автомобильные фильтры",
                            "sort": null,
                            "image": {
                                "dark": {
                                    "pdf": "https://static.vlife.kz/icons/Smartphones.pdf",
                                    "svg": "https://static.vlife.kz/icons/car.svg"
                                },
                                "light": {
                                    "pdf": "https://static.vlife.kz/icons/Smartphones.pdf",
                                    "svg": "https://static.vlife.kz/icons/car.svg"
                                }
                            },
                            "isAccent": false,
                            "description": "Автомобильные фильтры",
                            "isTabbedChildren": false,
                            "children": [
                                
                            ]
                        },
                        {
                            "id": 30852,
                            "name": "Автостекла",
                            "sort": null,
                            "image": {
                                "dark": {
                                    "pdf": "https://static.vlife.kz/icons/Smartphones.pdf",
                                    "svg": "https://static.vlife.kz/icons/car.svg"
                                },
                                "light": {
                                    "pdf": "https://static.vlife.kz/icons/Smartphones.pdf",
                                    "svg": "https://static.vlife.kz/icons/car.svg"
                                }
                            },
                            "isAccent": false,
                            "description": "Автостекла",
                            "isTabbedChildren": false,
                            "children": [
                                
                            ]
                        },
                        {
                            "id": 30853,
                            "name": "Амортизаторы",
                            "sort": null,
                            "image": {
                                "dark": {
                                    "pdf": "https://static.vlife.kz/icons/Smartphones.pdf",
                                    "svg": "https://static.vlife.kz/icons/car.svg"
                                },
                                "light": {
                                    "pdf": "https://static.vlife.kz/icons/Smartphones.pdf",
                                    "svg": "https://static.vlife.kz/icons/car.svg"
                                }
                            },
                            "isAccent": false,
                            "description": "Амортизаторы",
                            "isTabbedChildren": false,
                            "children": [
                                
                            ]
                        },
                        {
                            "id": 30854,
                            "name": "Двигатель и элементы двигателя",
                            "sort": null,
                            "image": {
                                "dark": {
                                    "pdf": "https://static.vlife.kz/icons/Smartphones.pdf",
                                    "svg": "https://static.vlife.kz/icons/car.svg"
                                },
                                "light": {
                                    "pdf": "https://static.vlife.kz/icons/Smartphones.pdf",
                                    "svg": "https://static.vlife.kz/icons/car.svg"
                                }
                            },
                            "isAccent": false,
                            "description": "Двигатель и элементы двигателя",
                            "isTabbedChildren": false,
                            "children": [
                                
                            ]
                        },
                        {
                            "id": 30855,
                            "name": "Радиаторы",
                            "sort": null,
                            "image": {
                                "dark": {
                                    "pdf": "https://static.vlife.kz/icons/Smartphones.pdf",
                                    "svg": "https://static.vlife.kz/icons/car.svg"
                                },
                                "light": {
                                    "pdf": "https://static.vlife.kz/icons/Smartphones.pdf",
                                    "svg": "https://static.vlife.kz/icons/car.svg"
                                }
                            },
                            "isAccent": false,
                            "description": "Радиаторы",
                            "isTabbedChildren": false,
                            "children": [
                                
                            ]
                        },
                        {
                            "id": 30856,
                            "name": "Рулевые рейки",
                            "sort": null,
                            "image": {
                                "dark": {
                                    "pdf": "https://static.vlife.kz/icons/Smartphones.pdf",
                                    "svg": "https://static.vlife.kz/icons/car.svg"
                                },
                                "light": {
                                    "pdf": "https://static.vlife.kz/icons/Smartphones.pdf",
                                    "svg": "https://static.vlife.kz/icons/car.svg"
                                }
                            },
                            "isAccent": false,
                            "description": "Рулевые рейки",
                            "isTabbedChildren": false,
                            "children": [
                                
                            ]
                        },
                        {
                            "id": 30857,
                            "name": "Свечи зажигания",
                            "sort": null,
                            "image": {
                                "dark": {
                                    "pdf": "https://static.vlife.kz/icons/Smartphones.pdf",
                                    "svg": "https://static.vlife.kz/icons/car.svg"
                                },
                                "light": {
                                    "pdf": "https://static.vlife.kz/icons/Smartphones.pdf",
                                    "svg": "https://static.vlife.kz/icons/car.svg"
                                }
                            },
                            "isAccent": false,
                            "description": "Свечи зажигания",
                            "isTabbedChildren": false,
                            "children": [
                                
                            ]
                        },
                        {
                            "id": 30858,
                            "name": "Тормозные диски",
                            "sort": null,
                            "image": {
                                "dark": {
                                    "pdf": "https://static.vlife.kz/icons/Smartphones.pdf",
                                    "svg": "https://static.vlife.kz/icons/car.svg"
                                },
                                "light": {
                                    "pdf": "https://static.vlife.kz/icons/Smartphones.pdf",
                                    "svg": "https://static.vlife.kz/icons/car.svg"
                                }
                            },
                            "isAccent": false,
                            "description": "Тормозные диски",
                            "isTabbedChildren": false,
                            "children": [
                                
                            ]
                        },
                        {
                            "id": 30859,
                            "name": "Тормозные колодки",
                            "sort": null,
                            "image": {
                                "dark": {
                                    "pdf": "https://static.vlife.kz/icons/Smartphones.pdf",
                                    "svg": "https://static.vlife.kz/icons/car.svg"
                                },
                                "light": {
                                    "pdf": "https://static.vlife.kz/icons/Smartphones.pdf",
                                    "svg": "https://static.vlife.kz/icons/car.svg"
                                }
                            },
                            "isAccent": false,
                            "description": "Тормозные колодки",
                            "isTabbedChildren": false,
                            "children": [
                                
                            ]
                        },
                        {
                            "id": 30860,
                            "name": "Трансмиссия и ходовая часть",
                            "sort": null,
                            "image": {
                                "dark": {
                                    "pdf": "https://static.vlife.kz/icons/Smartphones.pdf",
                                    "svg": "https://static.vlife.kz/icons/car.svg"
                                },
                                "light": {
                                    "pdf": "https://static.vlife.kz/icons/Smartphones.pdf",
                                    "svg": "https://static.vlife.kz/icons/car.svg"
                                }
                            },
                            "isAccent": false,
                            "description": "Трансмиссия и ходовая часть",
                            "isTabbedChildren": false,
                            "children": [
                                
                            ]
                        },
                        {
                            "id": 30861,
                            "name": "Турбонагнетатели",
                            "sort": null,
                            "image": {
                                "dark": {
                                    "pdf": "https://static.vlife.kz/icons/Smartphones.pdf",
                                    "svg": "https://static.vlife.kz/icons/car.svg"
                                },
                                "light": {
                                    "pdf": "https://static.vlife.kz/icons/Smartphones.pdf",
                                    "svg": "https://static.vlife.kz/icons/car.svg"
                                }
                            },
                            "isAccent": false,
                            "description": "Турбонагнетатели",
                            "isTabbedChildren": false,
                            "children": [
                                
                            ]
                        }
                    ]
                },
                {
                    "id": 30862,
                    "name": "Автосвет",
                    "sort": null,
                    "image": {
                        "dark": {
                            "pdf": "https://static.vlife.kz/icons/Smartphones.pdf",
                            "svg": "https://static.vlife.kz/icons/car.svg"
                        },
                        "light": {
                            "pdf": "https://static.vlife.kz/icons/Smartphones.pdf",
                            "svg": "https://static.vlife.kz/icons/car.svg"
                        }
                    },
                    "isAccent": false,
                    "description": "Автосвет",
                    "isTabbedChildren": false,
                    "children": [
                        {
                            "id": 30863,
                            "name": "Автолампы",
                            "sort": null,
                            "image": {
                                "dark": {
                                    "pdf": "https://static.vlife.kz/icons/Smartphones.pdf",
                                    "svg": "https://static.vlife.kz/icons/car.svg"
                                },
                                "light": {
                                    "pdf": "https://static.vlife.kz/icons/Smartphones.pdf",
                                    "svg": "https://static.vlife.kz/icons/car.svg"
                                }
                            },
                            "isAccent": false,
                            "description": "Автолампы",
                            "isTabbedChildren": false,
                            "children": [
                                
                            ]
                        },
                        {
                            "id": 30864,
                            "name": "Дополнительный автосвет",
                            "sort": null,
                            "image": {
                                "dark": {
                                    "pdf": "https://static.vlife.kz/icons/Smartphones.pdf",
                                    "svg": "https://static.vlife.kz/icons/car.svg"
                                },
                                "light": {
                                    "pdf": "https://static.vlife.kz/icons/Smartphones.pdf",
                                    "svg": "https://static.vlife.kz/icons/car.svg"
                                }
                            },
                            "isAccent": false,
                            "description": "Дополнительный автосвет",
                            "isTabbedChildren": false,
                            "children": [
                                
                            ]
                        },
                        {
                            "id": 30865,
                            "name": "Фары",
                            "sort": null,
                            "image": {
                                "dark": {
                                    "pdf": "https://static.vlife.kz/icons/Smartphones.pdf",
                                    "svg": "https://static.vlife.kz/icons/car.svg"
                                },
                                "light": {
                                    "pdf": "https://static.vlife.kz/icons/Smartphones.pdf",
                                    "svg": "https://static.vlife.kz/icons/car.svg"
                                }
                            },
                            "isAccent": false,
                            "description": "Фары",
                            "isTabbedChildren": false,
                            "children": [
                                
                            ]
                        }
                    ]
                },
                {
                    "id": 30866,
                    "name": "Автоэлектроника",
                    "sort": null,
                    "image": {
                        "dark": {
                            "pdf": "https://static.vlife.kz/icons/Smartphones.pdf",
                            "svg": "https://static.vlife.kz/icons/car.svg"
                        },
                        "light": {
                            "pdf": "https://static.vlife.kz/icons/Smartphones.pdf",
                            "svg": "https://static.vlife.kz/icons/car.svg"
                        }
                    },
                    "isAccent": false,
                    "description": "Автоэлектроника",
                    "isTabbedChildren": false,
                    "children": [
                        {
                            "id": 30869,
                            "name": "Автосканеры",
                            "sort": null,
                            "image": {
                                "dark": {
                                    "pdf": "https://static.vlife.kz/icons/Smartphones.pdf",
                                    "svg": "https://static.vlife.kz/icons/car.svg"
                                },
                                "light": {
                                    "pdf": "https://static.vlife.kz/icons/Smartphones.pdf",
                                    "svg": "https://static.vlife.kz/icons/car.svg"
                                }
                            },
                            "isAccent": false,
                            "description": "Автосканеры",
                            "isTabbedChildren": false,
                            "children": [
                                
                            ]
                        },
                        {
                            "id": 30867,
                            "name": "Gps навигаторы",
                            "sort": null,
                            "image": {
                                "dark": {
                                    "pdf": "https://static.vlife.kz/icons/Smartphones.pdf",
                                    "svg": "https://static.vlife.kz/icons/car.svg"
                                },
                                "light": {
                                    "pdf": "https://static.vlife.kz/icons/Smartphones.pdf",
                                    "svg": "https://static.vlife.kz/icons/car.svg"
                                }
                            },
                            "isAccent": false,
                            "description": "Gps навигаторы",
                            "isTabbedChildren": false,
                            "children": [
                                
                            ]
                        },
                        {
                            "id": 30868,
                            "name": "Автосигнализации",
                            "sort": null,
                            "image": {
                                "dark": {
                                    "pdf": "https://static.vlife.kz/icons/Smartphones.pdf",
                                    "svg": "https://static.vlife.kz/icons/car.svg"
                                },
                                "light": {
                                    "pdf": "https://static.vlife.kz/icons/Smartphones.pdf",
                                    "svg": "https://static.vlife.kz/icons/car.svg"
                                }
                            },
                            "isAccent": false,
                            "description": "Автосигнализации",
                            "isTabbedChildren": false,
                            "children": [
                                
                            ]
                        },
                        {
                            "id": 30870,
                            "name": "Видеорегистраторы",
                            "sort": null,
                            "image": {
                                "dark": {
                                    "pdf": "https://static.vlife.kz/icons/Smartphones.pdf",
                                    "svg": "https://static.vlife.kz/icons/car.svg"
                                },
                                "light": {
                                    "pdf": "https://static.vlife.kz/icons/Smartphones.pdf",
                                    "svg": "https://static.vlife.kz/icons/car.svg"
                                }
                            },
                            "isAccent": false,
                            "description": "Видеорегистраторы",
                            "isTabbedChildren": false,
                            "children": [
                                
                            ]
                        },
                        {
                            "id": 30871,
                            "name": "Парковочные камеры",
                            "sort": null,
                            "image": {
                                "dark": {
                                    "pdf": "https://static.vlife.kz/icons/Smartphones.pdf",
                                    "svg": "https://static.vlife.kz/icons/car.svg"
                                },
                                "light": {
                                    "pdf": "https://static.vlife.kz/icons/Smartphones.pdf",
                                    "svg": "https://static.vlife.kz/icons/car.svg"
                                }
                            },
                            "isAccent": false,
                            "description": "Парковочные камеры",
                            "isTabbedChildren": false,
                            "children": [
                                
                            ]
                        },
                        {
                            "id": 30872,
                            "name": "Парктроники",
                            "sort": null,
                            "image": {
                                "dark": {
                                    "pdf": "https://static.vlife.kz/icons/Smartphones.pdf",
                                    "svg": "https://static.vlife.kz/icons/car.svg"
                                },
                                "light": {
                                    "pdf": "https://static.vlife.kz/icons/Smartphones.pdf",
                                    "svg": "https://static.vlife.kz/icons/car.svg"
                                }
                            },
                            "isAccent": false,
                            "description": "Парктроники",
                            "isTabbedChildren": false,
                            "children": [
                                
                            ]
                        },
                        {
                            "id": 30873,
                            "name": "Радар-детекторы",
                            "sort": null,
                            "image": {
                                "dark": {
                                    "pdf": "https://static.vlife.kz/icons/Smartphones.pdf",
                                    "svg": "https://static.vlife.kz/icons/car.svg"
                                },
                                "light": {
                                    "pdf": "https://static.vlife.kz/icons/Smartphones.pdf",
                                    "svg": "https://static.vlife.kz/icons/car.svg"
                                }
                            },
                            "isAccent": false,
                            "description": "Радар-детекторы",
                            "isTabbedChildren": false,
                            "children": [
                                
                            ]
                        }
                    ]
                },
                {
                    "id": 30878,
                    "name": "Багажные системы",
                    "sort": null,
                    "image": {
                        "dark": {
                            "pdf": "https://static.vlife.kz/icons/Smartphones.pdf",
                            "svg": "https://static.vlife.kz/icons/car.svg"
                        },
                        "light": {
                            "pdf": "https://static.vlife.kz/icons/Smartphones.pdf",
                            "svg": "https://static.vlife.kz/icons/car.svg"
                        }
                    },
                    "isAccent": false,
                    "description": "Багажные системы",
                    "isTabbedChildren": false,
                    "children": [
                        {
                            "id": 30879,
                            "name": "Багажники для лыж и сноубордов",
                            "sort": null,
                            "image": {
                                "dark": {
                                    "pdf": "https://static.vlife.kz/icons/Smartphones.pdf",
                                    "svg": "https://static.vlife.kz/icons/car.svg"
                                },
                                "light": {
                                    "pdf": "https://static.vlife.kz/icons/Smartphones.pdf",
                                    "svg": "https://static.vlife.kz/icons/car.svg"
                                }
                            },
                            "isAccent": false,
                            "description": "Багажники для лыж и сноубордов",
                            "isTabbedChildren": false,
                            "children": [
                                
                            ]
                        },
                        {
                            "id": 30880,
                            "name": "Багажные боксы",
                            "sort": null,
                            "image": {
                                "dark": {
                                    "pdf": "https://static.vlife.kz/icons/Smartphones.pdf",
                                    "svg": "https://static.vlife.kz/icons/car.svg"
                                },
                                "light": {
                                    "pdf": "https://static.vlife.kz/icons/Smartphones.pdf",
                                    "svg": "https://static.vlife.kz/icons/car.svg"
                                }
                            },
                            "isAccent": false,
                            "description": "Багажные боксы",
                            "isTabbedChildren": false,
                            "children": [
                                
                            ]
                        },
                        {
                            "id": 30881,
                            "name": "Багажные корзины",
                            "sort": null,
                            "image": {
                                "dark": {
                                    "pdf": "https://static.vlife.kz/icons/Smartphones.pdf",
                                    "svg": "https://static.vlife.kz/icons/car.svg"
                                },
                                "light": {
                                    "pdf": "https://static.vlife.kz/icons/Smartphones.pdf",
                                    "svg": "https://static.vlife.kz/icons/car.svg"
                                }
                            },
                            "isAccent": false,
                            "description": "Багажные корзины",
                            "isTabbedChildren": false,
                            "children": [
                                
                            ]
                        },
                        {
                            "id": 30882,
                            "name": "Крепления для велосипедов",
                            "sort": null,
                            "image": {
                                "dark": {
                                    "pdf": "https://static.vlife.kz/icons/Smartphones.pdf",
                                    "svg": "https://static.vlife.kz/icons/car.svg"
                                },
                                "light": {
                                    "pdf": "https://static.vlife.kz/icons/Smartphones.pdf",
                                    "svg": "https://static.vlife.kz/icons/car.svg"
                                }
                            },
                            "isAccent": false,
                            "description": "Крепления для велосипедов",
                            "isTabbedChildren": false,
                            "children": [
                                
                            ]
                        },
                        {
                            "id": 30883,
                            "name": "Рейлинги и поперечины",
                            "sort": null,
                            "image": {
                                "dark": {
                                    "pdf": "https://static.vlife.kz/icons/Smartphones.pdf",
                                    "svg": "https://static.vlife.kz/icons/car.svg"
                                },
                                "light": {
                                    "pdf": "https://static.vlife.kz/icons/Smartphones.pdf",
                                    "svg": "https://static.vlife.kz/icons/car.svg"
                                }
                            },
                            "isAccent": false,
                            "description": "Рейлинги и поперечины",
                            "isTabbedChildren": false,
                            "children": [
                                
                            ]
                        }
                    ]
                },
                {
                    "id": 30887,
                    "name": "Защита и внешний тюнинг",
                    "sort": null,
                    "image": {
                        "dark": {
                            "pdf": "https://static.vlife.kz/icons/Smartphones.pdf",
                            "svg": "https://static.vlife.kz/icons/car.svg"
                        },
                        "light": {
                            "pdf": "https://static.vlife.kz/icons/Smartphones.pdf",
                            "svg": "https://static.vlife.kz/icons/car.svg"
                        }
                    },
                    "isAccent": false,
                    "description": "Защита и внешний тюнинг",
                    "isTabbedChildren": false,
                    "children": [
                        {
                            "id": 30888,
                            "name": "Бамперы",
                            "sort": null,
                            "image": {
                                "dark": {
                                    "pdf": "https://static.vlife.kz/icons/Smartphones.pdf",
                                    "svg": "https://static.vlife.kz/icons/car.svg"
                                },
                                "light": {
                                    "pdf": "https://static.vlife.kz/icons/Smartphones.pdf",
                                    "svg": "https://static.vlife.kz/icons/car.svg"
                                }
                            },
                            "isAccent": false,
                            "description": "Бамперы",
                            "isTabbedChildren": false,
                            "children": [
                                
                            ]
                        },
                        {
                            "id": 30889,
                            "name": "Защита бамперов и порогов",
                            "sort": null,
                            "image": {
                                "dark": {
                                    "pdf": "https://static.vlife.kz/icons/Smartphones.pdf",
                                    "svg": "https://static.vlife.kz/icons/car.svg"
                                },
                                "light": {
                                    "pdf": "https://static.vlife.kz/icons/Smartphones.pdf",
                                    "svg": "https://static.vlife.kz/icons/car.svg"
                                }
                            },
                            "isAccent": false,
                            "description": "Защита бамперов и порогов",
                            "isTabbedChildren": false,
                            "children": [
                                
                            ]
                        },
                        {
                            "id": 30890,
                            "name": "Защитные накладки",
                            "sort": null,
                            "image": {
                                "dark": {
                                    "pdf": "https://static.vlife.kz/icons/Smartphones.pdf",
                                    "svg": "https://static.vlife.kz/icons/car.svg"
                                },
                                "light": {
                                    "pdf": "https://static.vlife.kz/icons/Smartphones.pdf",
                                    "svg": "https://static.vlife.kz/icons/car.svg"
                                }
                            },
                            "isAccent": false,
                            "description": "Защитные накладки",
                            "isTabbedChildren": false,
                            "children": [
                                
                            ]
                        }
                    ]
                },
                {
                    "id": 30891,
                    "name": "Инструменты и оборудование",
                    "sort": null,
                    "image": {
                        "dark": {
                            "pdf": "https://static.vlife.kz/icons/Smartphones.pdf",
                            "svg": "https://static.vlife.kz/icons/car.svg"
                        },
                        "light": {
                            "pdf": "https://static.vlife.kz/icons/Smartphones.pdf",
                            "svg": "https://static.vlife.kz/icons/car.svg"
                        }
                    },
                    "isAccent": false,
                    "description": "Инструменты и оборудование",
                    "isTabbedChildren": false,
                    "children": [
                        {
                            "id": 30892,
                            "name": "Автокомпрессоры",
                            "sort": null,
                            "image": {
                                "dark": {
                                    "pdf": "https://static.vlife.kz/icons/Smartphones.pdf",
                                    "svg": "https://static.vlife.kz/icons/car.svg"
                                },
                                "light": {
                                    "pdf": "https://static.vlife.kz/icons/Smartphones.pdf",
                                    "svg": "https://static.vlife.kz/icons/car.svg"
                                }
                            },
                            "isAccent": false,
                            "description": "Автокомпрессоры",
                            "isTabbedChildren": false,
                            "children": [
                                
                            ]
                        },
                        {
                            "id": 30893,
                            "name": "Автомобильные лебедки",
                            "sort": null,
                            "image": {
                                "dark": {
                                    "pdf": "https://static.vlife.kz/icons/Smartphones.pdf",
                                    "svg": "https://static.vlife.kz/icons/car.svg"
                                },
                                "light": {
                                    "pdf": "https://static.vlife.kz/icons/Smartphones.pdf",
                                    "svg": "https://static.vlife.kz/icons/car.svg"
                                }
                            },
                            "isAccent": false,
                            "description": "Автомобильные лебедки",
                            "isTabbedChildren": false,
                            "children": [
                                
                            ]
                        },
                        {
                            "id": 30894,
                            "name": "Автопылесосы",
                            "sort": null,
                            "image": {
                                "dark": {
                                    "pdf": "https://static.vlife.kz/icons/Smartphones.pdf",
                                    "svg": "https://static.vlife.kz/icons/car.svg"
                                },
                                "light": {
                                    "pdf": "https://static.vlife.kz/icons/Smartphones.pdf",
                                    "svg": "https://static.vlife.kz/icons/car.svg"
                                }
                            },
                            "isAccent": false,
                            "description": "Автопылесосы",
                            "isTabbedChildren": false,
                            "children": [
                                
                            ]
                        },
                        {
                            "id": 30895,
                            "name": "Автохолодильники",
                            "sort": null,
                            "image": {
                                "dark": {
                                    "pdf": "https://static.vlife.kz/icons/Smartphones.pdf",
                                    "svg": "https://static.vlife.kz/icons/car.svg"
                                },
                                "light": {
                                    "pdf": "https://static.vlife.kz/icons/Smartphones.pdf",
                                    "svg": "https://static.vlife.kz/icons/car.svg"
                                }
                            },
                            "isAccent": false,
                            "description": "Автохолодильники",
                            "isTabbedChildren": false,
                            "children": [
                                
                            ]
                        },
                        {
                            "id": 30896,
                            "name": "Домкраты",
                            "sort": null,
                            "image": {
                                "dark": {
                                    "pdf": "https://static.vlife.kz/icons/Smartphones.pdf",
                                    "svg": "https://static.vlife.kz/icons/car.svg"
                                },
                                "light": {
                                    "pdf": "https://static.vlife.kz/icons/Smartphones.pdf",
                                    "svg": "https://static.vlife.kz/icons/car.svg"
                                }
                            },
                            "isAccent": false,
                            "description": "Домкраты",
                            "isTabbedChildren": false,
                            "children": [
                                
                            ]
                        },
                        {
                            "id": 30897,
                            "name": "Зарядные и пуско-зарядные устройства для аккумуляторов",
                            "sort": null,
                            "image": {
                                "dark": {
                                    "pdf": "https://static.vlife.kz/icons/Smartphones.pdf",
                                    "svg": "https://static.vlife.kz/icons/car.svg"
                                },
                                "light": {
                                    "pdf": "https://static.vlife.kz/icons/Smartphones.pdf",
                                    "svg": "https://static.vlife.kz/icons/car.svg"
                                }
                            },
                            "isAccent": false,
                            "description": "Зарядные и пуско-зарядные устройства для аккумуляторов",
                            "isTabbedChildren": false,
                            "children": [
                                
                            ]
                        },
                        {
                            "id": 30898,
                            "name": "Мойки высокого давления",
                            "sort": null,
                            "image": {
                                "dark": {
                                    "pdf": "https://static.vlife.kz/icons/Smartphones.pdf",
                                    "svg": "https://static.vlife.kz/icons/car.svg"
                                },
                                "light": {
                                    "pdf": "https://static.vlife.kz/icons/Smartphones.pdf",
                                    "svg": "https://static.vlife.kz/icons/car.svg"
                                }
                            },
                            "isAccent": false,
                            "description": "Мойки высокого давления",
                            "isTabbedChildren": false,
                            "children": [
                                
                            ]
                        },
                        {
                            "id": 30899,
                            "name": "Наборы инструментов",
                            "sort": null,
                            "image": {
                                "dark": {
                                    "pdf": "https://static.vlife.kz/icons/Smartphones.pdf",
                                    "svg": "https://static.vlife.kz/icons/car.svg"
                                },
                                "light": {
                                    "pdf": "https://static.vlife.kz/icons/Smartphones.pdf",
                                    "svg": "https://static.vlife.kz/icons/car.svg"
                                }
                            },
                            "isAccent": false,
                            "description": "Наборы инструментов",
                            "isTabbedChildren": false,
                            "children": [
                                
                            ]
                        },
                        {
                            "id": 30900,
                            "name": "Фаркопы",
                            "sort": null,
                            "image": {
                                "dark": {
                                    "pdf": "https://static.vlife.kz/icons/Smartphones.pdf",
                                    "svg": "https://static.vlife.kz/icons/car.svg"
                                },
                                "light": {
                                    "pdf": "https://static.vlife.kz/icons/Smartphones.pdf",
                                    "svg": "https://static.vlife.kz/icons/car.svg"
                                }
                            },
                            "isAccent": false,
                            "description": "Фаркопы",
                            "isTabbedChildren": false,
                            "children": [
                                
                            ]
                        }
                    ]
                },
                {
                    "id": 30901,
                    "name": "Масла и автохимия",
                    "sort": null,
                    "image": {
                        "dark": {
                            "pdf": "https://static.vlife.kz/icons/Smartphones.pdf",
                            "svg": "https://static.vlife.kz/icons/car.svg"
                        },
                        "light": {
                            "pdf": "https://static.vlife.kz/icons/Smartphones.pdf",
                            "svg": "https://static.vlife.kz/icons/car.svg"
                        }
                    },
                    "isAccent": false,
                    "description": "Масла и автохимия",
                    "isTabbedChildren": false,
                    "children": [
                        {
                            "id": 30902,
                            "name": "Антифризы",
                            "sort": null,
                            "image": {
                                "dark": {
                                    "pdf": "https://static.vlife.kz/icons/Smartphones.pdf",
                                    "svg": "https://static.vlife.kz/icons/car.svg"
                                },
                                "light": {
                                    "pdf": "https://static.vlife.kz/icons/Smartphones.pdf",
                                    "svg": "https://static.vlife.kz/icons/car.svg"
                                }
                            },
                            "isAccent": false,
                            "description": "Антифризы",
                            "isTabbedChildren": false,
                            "children": [
                                
                            ]
                        },
                        {
                            "id": 30903,
                            "name": "Моторные масла",
                            "sort": null,
                            "image": {
                                "dark": {
                                    "pdf": "https://static.vlife.kz/icons/Smartphones.pdf",
                                    "svg": "https://static.vlife.kz/icons/car.svg"
                                },
                                "light": {
                                    "pdf": "https://static.vlife.kz/icons/Smartphones.pdf",
                                    "svg": "https://static.vlife.kz/icons/car.svg"
                                }
                            },
                            "isAccent": false,
                            "description": "Моторные масла",
                            "isTabbedChildren": false,
                            "children": [
                                
                            ]
                        },
                        {
                            "id": 30904,
                            "name": "Тормозные жидкости",
                            "sort": null,
                            "image": {
                                "dark": {
                                    "pdf": "https://static.vlife.kz/icons/Smartphones.pdf",
                                    "svg": "https://static.vlife.kz/icons/car.svg"
                                },
                                "light": {
                                    "pdf": "https://static.vlife.kz/icons/Smartphones.pdf",
                                    "svg": "https://static.vlife.kz/icons/car.svg"
                                }
                            },
                            "isAccent": false,
                            "description": "Тормозные жидкости",
                            "isTabbedChildren": false,
                            "children": [
                                
                            ]
                        },
                        {
                            "id": 30905,
                            "name": "Трансмиссионные масла",
                            "sort": null,
                            "image": {
                                "dark": {
                                    "pdf": "https://static.vlife.kz/icons/Smartphones.pdf",
                                    "svg": "https://static.vlife.kz/icons/car.svg"
                                },
                                "light": {
                                    "pdf": "https://static.vlife.kz/icons/Smartphones.pdf",
                                    "svg": "https://static.vlife.kz/icons/car.svg"
                                }
                            },
                            "isAccent": false,
                            "description": "Трансмиссионные масла",
                            "isTabbedChildren": false,
                            "children": [
                                
                            ]
                        }
                    ]
                },
                {
                    "id": 30906,
                    "name": "Мототехника",
                    "sort": null,
                    "image": {
                        "dark": {
                            "pdf": "https://static.vlife.kz/icons/Smartphones.pdf",
                            "svg": "https://static.vlife.kz/icons/car.svg"
                        },
                        "light": {
                            "pdf": "https://static.vlife.kz/icons/Smartphones.pdf",
                            "svg": "https://static.vlife.kz/icons/car.svg"
                        }
                    },
                    "isAccent": false,
                    "description": "Мототехника",
                    "isTabbedChildren": false,
                    "children": [
                        {
                            "id": 30907,
                            "name": "Мотокамеры",
                            "sort": null,
                            "image": {
                                "dark": {
                                    "pdf": "https://static.vlife.kz/icons/Smartphones.pdf",
                                    "svg": "https://static.vlife.kz/icons/car.svg"
                                },
                                "light": {
                                    "pdf": "https://static.vlife.kz/icons/Smartphones.pdf",
                                    "svg": "https://static.vlife.kz/icons/car.svg"
                                }
                            },
                            "isAccent": false,
                            "description": "Мотокамеры",
                            "isTabbedChildren": false,
                            "children": [
                                
                            ]
                        },
                        {
                            "id": 30908,
                            "name": "Мотоциклы",
                            "sort": null,
                            "image": {
                                "dark": {
                                    "pdf": "https://static.vlife.kz/icons/Smartphones.pdf",
                                    "svg": "https://static.vlife.kz/icons/car.svg"
                                },
                                "light": {
                                    "pdf": "https://static.vlife.kz/icons/Smartphones.pdf",
                                    "svg": "https://static.vlife.kz/icons/car.svg"
                                }
                            },
                            "isAccent": false,
                            "description": "Мотоциклы",
                            "isTabbedChildren": false,
                            "children": [
                                
                            ]
                        },
                        {
                            "id": 30909,
                            "name": "Мотошины",
                            "sort": null,
                            "image": {
                                "dark": {
                                    "pdf": "https://static.vlife.kz/icons/Smartphones.pdf",
                                    "svg": "https://static.vlife.kz/icons/car.svg"
                                },
                                "light": {
                                    "pdf": "https://static.vlife.kz/icons/Smartphones.pdf",
                                    "svg": "https://static.vlife.kz/icons/car.svg"
                                }
                            },
                            "isAccent": false,
                            "description": "Мотошины",
                            "isTabbedChildren": false,
                            "children": [
                                
                            ]
                        },
                        {
                            "id": 30910,
                            "name": "Скутеры и мопеды",
                            "sort": null,
                            "image": {
                                "dark": {
                                    "pdf": "https://static.vlife.kz/icons/Smartphones.pdf",
                                    "svg": "https://static.vlife.kz/icons/car.svg"
                                },
                                "light": {
                                    "pdf": "https://static.vlife.kz/icons/Smartphones.pdf",
                                    "svg": "https://static.vlife.kz/icons/car.svg"
                                }
                            },
                            "isAccent": false,
                            "description": "Скутеры и мопеды",
                            "isTabbedChildren": false,
                            "children": [
                                
                            ]
                        }
                    ]
                },
                {
                    "id": 30911,
                    "name": "Мотоэкипировка",
                    "sort": null,
                    "image": {
                        "dark": {
                            "pdf": "https://static.vlife.kz/icons/Smartphones.pdf",
                            "svg": "https://static.vlife.kz/icons/car.svg"
                        },
                        "light": {
                            "pdf": "https://static.vlife.kz/icons/Smartphones.pdf",
                            "svg": "https://static.vlife.kz/icons/car.svg"
                        }
                    },
                    "isAccent": false,
                    "description": "Мотоэкипировка",
                    "isTabbedChildren": false,
                    "children": [
                        {
                            "id": 30914,
                            "name": "Мотообувь",
                            "sort": null,
                            "image": {
                                "dark": {
                                    "pdf": "https://static.vlife.kz/icons/Smartphones.pdf",
                                    "svg": "https://static.vlife.kz/icons/car.svg"
                                },
                                "light": {
                                    "pdf": "https://static.vlife.kz/icons/Smartphones.pdf",
                                    "svg": "https://static.vlife.kz/icons/car.svg"
                                }
                            },
                            "isAccent": false,
                            "description": "Мотообувь",
                            "isTabbedChildren": false,
                            "children": [
                                
                            ]
                        },
                        {
                            "id": 30915,
                            "name": "Мотоперчатки",
                            "sort": null,
                            "image": {
                                "dark": {
                                    "pdf": "https://static.vlife.kz/icons/Smartphones.pdf",
                                    "svg": "https://static.vlife.kz/icons/car.svg"
                                },
                                "light": {
                                    "pdf": "https://static.vlife.kz/icons/Smartphones.pdf",
                                    "svg": "https://static.vlife.kz/icons/car.svg"
                                }
                            },
                            "isAccent": false,
                            "description": "Мотоперчатки",
                            "isTabbedChildren": false,
                            "children": [
                                
                            ]
                        },
                        {
                            "id": 30912,
                            "name": "Мотозащита",
                            "sort": null,
                            "image": {
                                "dark": {
                                    "pdf": "https://static.vlife.kz/icons/Smartphones.pdf",
                                    "svg": "https://static.vlife.kz/icons/car.svg"
                                },
                                "light": {
                                    "pdf": "https://static.vlife.kz/icons/Smartphones.pdf",
                                    "svg": "https://static.vlife.kz/icons/car.svg"
                                }
                            },
                            "isAccent": false,
                            "description": "Мотозащита",
                            "isTabbedChildren": false,
                            "children": [
                                
                            ]
                        },
                        {
                            "id": 30913,
                            "name": "Мотокуртки",
                            "sort": null,
                            "image": {
                                "dark": {
                                    "pdf": "https://static.vlife.kz/icons/Smartphones.pdf",
                                    "svg": "https://static.vlife.kz/icons/car.svg"
                                },
                                "light": {
                                    "pdf": "https://static.vlife.kz/icons/Smartphones.pdf",
                                    "svg": "https://static.vlife.kz/icons/car.svg"
                                }
                            },
                            "isAccent": false,
                            "description": "Мотокуртки",
                            "isTabbedChildren": false,
                            "children": [
                                
                            ]
                        },
                        {
                            "id": 30916,
                            "name": "Мотошлемы",
                            "sort": null,
                            "image": {
                                "dark": {
                                    "pdf": "https://static.vlife.kz/icons/Smartphones.pdf",
                                    "svg": "https://static.vlife.kz/icons/car.svg"
                                },
                                "light": {
                                    "pdf": "https://static.vlife.kz/icons/Smartphones.pdf",
                                    "svg": "https://static.vlife.kz/icons/car.svg"
                                }
                            },
                            "isAccent": false,
                            "description": "Мотошлемы",
                            "isTabbedChildren": false,
                            "children": [
                                
                            ]
                        }
                    ]
                },
                {
                    "id": 30917,
                    "name": "Уход за автомобилем",
                    "sort": null,
                    "image": {
                        "dark": {
                            "pdf": "https://static.vlife.kz/icons/Smartphones.pdf",
                            "svg": "https://static.vlife.kz/icons/car.svg"
                        },
                        "light": {
                            "pdf": "https://static.vlife.kz/icons/Smartphones.pdf",
                            "svg": "https://static.vlife.kz/icons/car.svg"
                        }
                    },
                    "isAccent": false,
                    "description": "Уход за автомобилем",
                    "isTabbedChildren": false,
                    "children": [
                        {
                            "id": 30918,
                            "name": "Автошампуни и пены для мойки",
                            "sort": null,
                            "image": {
                                "dark": {
                                    "pdf": "https://static.vlife.kz/icons/Smartphones.pdf",
                                    "svg": "https://static.vlife.kz/icons/car.svg"
                                },
                                "light": {
                                    "pdf": "https://static.vlife.kz/icons/Smartphones.pdf",
                                    "svg": "https://static.vlife.kz/icons/car.svg"
                                }
                            },
                            "isAccent": false,
                            "description": "Автошампуни и пены для мойки",
                            "isTabbedChildren": false,
                            "children": [
                                
                            ]
                        },
                        {
                            "id": 30919,
                            "name": "Воски для автомобилей",
                            "sort": null,
                            "image": {
                                "dark": {
                                    "pdf": "https://static.vlife.kz/icons/Smartphones.pdf",
                                    "svg": "https://static.vlife.kz/icons/car.svg"
                                },
                                "light": {
                                    "pdf": "https://static.vlife.kz/icons/Smartphones.pdf",
                                    "svg": "https://static.vlife.kz/icons/car.svg"
                                }
                            },
                            "isAccent": false,
                            "description": "Воски для автомобилей",
                            "isTabbedChildren": false,
                            "children": [
                                
                            ]
                        },
                        {
                            "id": 30920,
                            "name": "Жидкость для стеклоомывателя",
                            "sort": null,
                            "image": {
                                "dark": {
                                    "pdf": "https://static.vlife.kz/icons/Smartphones.pdf",
                                    "svg": "https://static.vlife.kz/icons/car.svg"
                                },
                                "light": {
                                    "pdf": "https://static.vlife.kz/icons/Smartphones.pdf",
                                    "svg": "https://static.vlife.kz/icons/car.svg"
                                }
                            },
                            "isAccent": false,
                            "description": "Жидкость для стеклоомывателя",
                            "isTabbedChildren": false,
                            "children": [
                                
                            ]
                        },
                        {
                            "id": 30921,
                            "name": "Полироль для кузова автомобиля",
                            "sort": null,
                            "image": {
                                "dark": {
                                    "pdf": "https://static.vlife.kz/icons/Smartphones.pdf",
                                    "svg": "https://static.vlife.kz/icons/car.svg"
                                },
                                "light": {
                                    "pdf": "https://static.vlife.kz/icons/Smartphones.pdf",
                                    "svg": "https://static.vlife.kz/icons/car.svg"
                                }
                            },
                            "isAccent": false,
                            "description": "Полироль для кузова автомобиля",
                            "isTabbedChildren": false,
                            "children": [
                                
                            ]
                        }
                    ]
                },
                {
                    "id": 30922,
                    "name": "Шины",
                    "sort": null,
                    "image": {
                        "dark": {
                            "pdf": "https://static.vlife.kz/icons/Smartphones.pdf",
                            "svg": "https://static.vlife.kz/icons/car.svg"
                        },
                        "light": {
                            "pdf": "https://static.vlife.kz/icons/Smartphones.pdf",
                            "svg": "https://static.vlife.kz/icons/car.svg"
                        }
                    },
                    "isAccent": false,
                    "description": "Шины",
                    "isTabbedChildren": false,
                    "children": [
                        {
                            "id": 30923,
                            "name": "Всесезонные",
                            "sort": null,
                            "image": {
                                "dark": {
                                    "pdf": "https://static.vlife.kz/icons/Smartphones.pdf",
                                    "svg": "https://static.vlife.kz/icons/car.svg"
                                },
                                "light": {
                                    "pdf": "https://static.vlife.kz/icons/Smartphones.pdf",
                                    "svg": "https://static.vlife.kz/icons/car.svg"
                                }
                            },
                            "isAccent": false,
                            "description": "Всесезонные",
                            "isTabbedChildren": false,
                            "children": [
                                
                            ]
                        },
                        {
                            "id": 30924,
                            "name": "Грузовые",
                            "sort": null,
                            "image": {
                                "dark": {
                                    "pdf": "https://static.vlife.kz/icons/Smartphones.pdf",
                                    "svg": "https://static.vlife.kz/icons/car.svg"
                                },
                                "light": {
                                    "pdf": "https://static.vlife.kz/icons/Smartphones.pdf",
                                    "svg": "https://static.vlife.kz/icons/car.svg"
                                }
                            },
                            "isAccent": false,
                            "description": "Грузовые",
                            "isTabbedChildren": false,
                            "children": [
                                
                            ]
                        },
                        {
                            "id": 30925,
                            "name": "Зимние",
                            "sort": null,
                            "image": {
                                "dark": {
                                    "pdf": "https://static.vlife.kz/icons/Smartphones.pdf",
                                    "svg": "https://static.vlife.kz/icons/car.svg"
                                },
                                "light": {
                                    "pdf": "https://static.vlife.kz/icons/Smartphones.pdf",
                                    "svg": "https://static.vlife.kz/icons/car.svg"
                                }
                            },
                            "isAccent": false,
                            "description": "Зимние",
                            "isTabbedChildren": false,
                            "children": [
                                
                            ]
                        },
                        {
                            "id": 30926,
                            "name": "Летние",
                            "sort": null,
                            "image": {
                                "dark": {
                                    "pdf": "https://static.vlife.kz/icons/Smartphones.pdf",
                                    "svg": "https://static.vlife.kz/icons/car.svg"
                                },
                                "light": {
                                    "pdf": "https://static.vlife.kz/icons/Smartphones.pdf",
                                    "svg": "https://static.vlife.kz/icons/car.svg"
                                }
                            },
                            "isAccent": false,
                            "description": "Летние",
                            "isTabbedChildren": false,
                            "children": [
                                
                            ]
                        }
                    ]
                }
            ]
        },
        {
            "id": 32469,
            "name": "New category",
            "sort": 1,
            "image": {
                "dark": null,
                "light": null
            },
            "isAccent": false,
            "description": "",
            "isTabbedChildren": false,
            "children": [
                {
                    "id": 32470,
                    "name": "new sub-category",
                    "sort": 1,
                    "image": {
                        "dark": null,
                        "light": null
                    },
                    "isAccent": false,
                    "description": "",
                    "isTabbedChildren": false,
                    "children": [
                        
                    ]
                }
            ]
        },
        {
            "id": 32471,
            "name": "енг",
            "sort": 1,
            "image": {
                "dark": null,
                "light": null
            },
            "isAccent": false,
            "description": "",
            "isTabbedChildren": false,
            "children": [
                
            ]
        },
        {
            "id": 32467,
            "name": "Новая категория",
            "sort": 1,
            "image": {
                "dark": null,
                "light": null
            },
            "isAccent": false,
            "description": "",
            "isTabbedChildren": false,
            "children": [
                {
                    "id": 32468,
                    "name": "Новая подкатегория",
                    "sort": 1,
                    "image": {
                        "dark": null,
                        "light": null
                    },
                    "isAccent": false,
                    "description": "",
                    "isTabbedChildren": false,
                    "children": [
                        
                    ]
                }
            ]
        },
        {
            "id": 31257,
            "name": "Компьютеры и аксессуары",
            "sort": 2,
            "image": {
                "dark": {
                    "pdf": "https://static.vlife.kz/pdf/market/Computer_2.pdf",
                    "svg": "https://static.vlife.kz/icons/vlife/market/Computer_2.svg"
                },
                "light": {
                    "pdf": "https://static.vlife.kz/pdf/market/Computer_2.pdf",
                    "svg": "https://static.vlife.kz/icons/vlife/market/Computer_2.svg"
                }
            },
            "isAccent": true,
            "description": "Компьютеры и аксессуары",
            "isTabbedChildren": false,
            "children": [
                {
                    "id": 31276,
                    "name": "Периферия",
                    "sort": null,
                    "image": {
                        "dark": {
                            "pdf": "https://static.vlife.kz/icons/Smartphones.pdf",
                            "svg": "https://static.vlife.kz/icons/car.svg"
                        },
                        "light": {
                            "pdf": "https://static.vlife.kz/icons/Smartphones.pdf",
                            "svg": "https://static.vlife.kz/icons/car.svg"
                        }
                    },
                    "isAccent": false,
                    "description": "Периферия",
                    "isTabbedChildren": false,
                    "children": [
                        {
                            "id": 31277,
                            "name": "Usb flash карты",
                            "sort": null,
                            "image": {
                                "dark": {
                                    "pdf": "https://static.vlife.kz/icons/Smartphones.pdf",
                                    "svg": "https://static.vlife.kz/icons/car.svg"
                                },
                                "light": {
                                    "pdf": "https://static.vlife.kz/icons/Smartphones.pdf",
                                    "svg": "https://static.vlife.kz/icons/car.svg"
                                }
                            },
                            "isAccent": false,
                            "description": "Usb flash карты",
                            "isTabbedChildren": false,
                            "children": [
                                
                            ]
                        },
                        {
                            "id": 31278,
                            "name": "Беспроводное оборудование",
                            "sort": null,
                            "image": {
                                "dark": {
                                    "pdf": "https://static.vlife.kz/icons/Smartphones.pdf",
                                    "svg": "https://static.vlife.kz/icons/car.svg"
                                },
                                "light": {
                                    "pdf": "https://static.vlife.kz/icons/Smartphones.pdf",
                                    "svg": "https://static.vlife.kz/icons/car.svg"
                                }
                            },
                            "isAccent": false,
                            "description": "Беспроводное оборудование ",
                            "isTabbedChildren": false,
                            "children": [
                                
                            ]
                        },
                        {
                            "id": 31279,
                            "name": "Графические планшеты",
                            "sort": null,
                            "image": {
                                "dark": {
                                    "pdf": "https://static.vlife.kz/icons/Smartphones.pdf",
                                    "svg": "https://static.vlife.kz/icons/car.svg"
                                },
                                "light": {
                                    "pdf": "https://static.vlife.kz/icons/Smartphones.pdf",
                                    "svg": "https://static.vlife.kz/icons/car.svg"
                                }
                            },
                            "isAccent": false,
                            "description": "Графические планшеты ",
                            "isTabbedChildren": false,
                            "children": [
                                
                            ]
                        },
                        {
                            "id": 31280,
                            "name": "Ибп, стабилизаторы",
                            "sort": null,
                            "image": {
                                "dark": {
                                    "pdf": "https://static.vlife.kz/icons/Smartphones.pdf",
                                    "svg": "https://static.vlife.kz/icons/car.svg"
                                },
                                "light": {
                                    "pdf": "https://static.vlife.kz/icons/Smartphones.pdf",
                                    "svg": "https://static.vlife.kz/icons/car.svg"
                                }
                            },
                            "isAccent": false,
                            "description": "Ибп, стабилизаторы",
                            "isTabbedChildren": false,
                            "children": [
                                
                            ]
                        },
                        {
                            "id": 31281,
                            "name": "Картридеры",
                            "sort": null,
                            "image": {
                                "dark": {
                                    "pdf": "https://static.vlife.kz/icons/Smartphones.pdf",
                                    "svg": "https://static.vlife.kz/icons/car.svg"
                                },
                                "light": {
                                    "pdf": "https://static.vlife.kz/icons/Smartphones.pdf",
                                    "svg": "https://static.vlife.kz/icons/car.svg"
                                }
                            },
                            "isAccent": false,
                            "description": "Картридеры ",
                            "isTabbedChildren": false,
                            "children": [
                                
                            ]
                        },
                        {
                            "id": 31282,
                            "name": "Картриджи",
                            "sort": null,
                            "image": {
                                "dark": {
                                    "pdf": "https://static.vlife.kz/icons/Smartphones.pdf",
                                    "svg": "https://static.vlife.kz/icons/car.svg"
                                },
                                "light": {
                                    "pdf": "https://static.vlife.kz/icons/Smartphones.pdf",
                                    "svg": "https://static.vlife.kz/icons/car.svg"
                                }
                            },
                            "isAccent": false,
                            "description": "Картриджи ",
                            "isTabbedChildren": false,
                            "children": [
                                
                            ]
                        },
                        {
                            "id": 31283,
                            "name": "Карты памяти",
                            "sort": null,
                            "image": {
                                "dark": {
                                    "pdf": "https://static.vlife.kz/icons/Smartphones.pdf",
                                    "svg": "https://static.vlife.kz/icons/car.svg"
                                },
                                "light": {
                                    "pdf": "https://static.vlife.kz/icons/Smartphones.pdf",
                                    "svg": "https://static.vlife.kz/icons/car.svg"
                                }
                            },
                            "isAccent": false,
                            "description": "Карты памяти ",
                            "isTabbedChildren": false,
                            "children": [
                                
                            ]
                        },
                        {
                            "id": 31284,
                            "name": "Кассовые аппараты",
                            "sort": null,
                            "image": {
                                "dark": {
                                    "pdf": "https://static.vlife.kz/icons/Smartphones.pdf",
                                    "svg": "https://static.vlife.kz/icons/car.svg"
                                },
                                "light": {
                                    "pdf": "https://static.vlife.kz/icons/Smartphones.pdf",
                                    "svg": "https://static.vlife.kz/icons/car.svg"
                                }
                            },
                            "isAccent": false,
                            "description": "Кассовые аппараты",
                            "isTabbedChildren": false,
                            "children": [
                                
                            ]
                        },
                        {
                            "id": 31285,
                            "name": "Клавиатуры",
                            "sort": null,
                            "image": {
                                "dark": {
                                    "pdf": "https://static.vlife.kz/icons/Smartphones.pdf",
                                    "svg": "https://static.vlife.kz/icons/car.svg"
                                },
                                "light": {
                                    "pdf": "https://static.vlife.kz/icons/Smartphones.pdf",
                                    "svg": "https://static.vlife.kz/icons/car.svg"
                                }
                            },
                            "isAccent": false,
                            "description": "Клавиатуры ",
                            "isTabbedChildren": false,
                            "children": [
                                
                            ]
                        },
                        {
                            "id": 31286,
                            "name": "Коврики для мыши",
                            "sort": null,
                            "image": {
                                "dark": {
                                    "pdf": "https://static.vlife.kz/icons/Smartphones.pdf",
                                    "svg": "https://static.vlife.kz/icons/car.svg"
                                },
                                "light": {
                                    "pdf": "https://static.vlife.kz/icons/Smartphones.pdf",
                                    "svg": "https://static.vlife.kz/icons/car.svg"
                                }
                            },
                            "isAccent": false,
                            "description": "Коврики для мыши",
                            "isTabbedChildren": false,
                            "children": [
                                
                            ]
                        },
                        {
                            "id": 31287,
                            "name": "Мониторы",
                            "sort": null,
                            "image": {
                                "dark": {
                                    "pdf": "https://static.vlife.kz/icons/Smartphones.pdf",
                                    "svg": "https://static.vlife.kz/icons/car.svg"
                                },
                                "light": {
                                    "pdf": "https://static.vlife.kz/icons/Smartphones.pdf",
                                    "svg": "https://static.vlife.kz/icons/car.svg"
                                }
                            },
                            "isAccent": false,
                            "description": "Мониторы ",
                            "isTabbedChildren": false,
                            "children": [
                                
                            ]
                        },
                        {
                            "id": 31288,
                            "name": "Мфу",
                            "sort": null,
                            "image": {
                                "dark": {
                                    "pdf": "https://static.vlife.kz/icons/Smartphones.pdf",
                                    "svg": "https://static.vlife.kz/icons/car.svg"
                                },
                                "light": {
                                    "pdf": "https://static.vlife.kz/icons/Smartphones.pdf",
                                    "svg": "https://static.vlife.kz/icons/car.svg"
                                }
                            },
                            "isAccent": false,
                            "description": "Мфу ",
                            "isTabbedChildren": false,
                            "children": [
                                
                            ]
                        },
                        {
                            "id": 31289,
                            "name": "Мыши",
                            "sort": null,
                            "image": {
                                "dark": {
                                    "pdf": "https://static.vlife.kz/icons/Smartphones.pdf",
                                    "svg": "https://static.vlife.kz/icons/car.svg"
                                },
                                "light": {
                                    "pdf": "https://static.vlife.kz/icons/Smartphones.pdf",
                                    "svg": "https://static.vlife.kz/icons/car.svg"
                                }
                            },
                            "isAccent": false,
                            "description": "Мыши ",
                            "isTabbedChildren": false,
                            "children": [
                                
                            ]
                        },
                        {
                            "id": 31290,
                            "name": "Накопители",
                            "sort": null,
                            "image": {
                                "dark": {
                                    "pdf": "https://static.vlife.kz/icons/Smartphones.pdf",
                                    "svg": "https://static.vlife.kz/icons/car.svg"
                                },
                                "light": {
                                    "pdf": "https://static.vlife.kz/icons/Smartphones.pdf",
                                    "svg": "https://static.vlife.kz/icons/car.svg"
                                }
                            },
                            "isAccent": false,
                            "description": "Накопители ",
                            "isTabbedChildren": false,
                            "children": [
                                
                            ]
                        },
                        {
                            "id": 31291,
                            "name": "Принтеры",
                            "sort": null,
                            "image": {
                                "dark": {
                                    "pdf": "https://static.vlife.kz/icons/Smartphones.pdf",
                                    "svg": "https://static.vlife.kz/icons/car.svg"
                                },
                                "light": {
                                    "pdf": "https://static.vlife.kz/icons/Smartphones.pdf",
                                    "svg": "https://static.vlife.kz/icons/car.svg"
                                }
                            },
                            "isAccent": false,
                            "description": "Принтеры ",
                            "isTabbedChildren": false,
                            "children": [
                                
                            ]
                        },
                        {
                            "id": 31292,
                            "name": "Принтеры чеков и этикеток",
                            "sort": null,
                            "image": {
                                "dark": {
                                    "pdf": "https://static.vlife.kz/icons/Smartphones.pdf",
                                    "svg": "https://static.vlife.kz/icons/car.svg"
                                },
                                "light": {
                                    "pdf": "https://static.vlife.kz/icons/Smartphones.pdf",
                                    "svg": "https://static.vlife.kz/icons/car.svg"
                                }
                            },
                            "isAccent": false,
                            "description": "Принтеры чеков и этикеток ",
                            "isTabbedChildren": false,
                            "children": [
                                
                            ]
                        },
                        {
                            "id": 31293,
                            "name": "Сетевые фильтры",
                            "sort": null,
                            "image": {
                                "dark": {
                                    "pdf": "https://static.vlife.kz/icons/Smartphones.pdf",
                                    "svg": "https://static.vlife.kz/icons/car.svg"
                                },
                                "light": {
                                    "pdf": "https://static.vlife.kz/icons/Smartphones.pdf",
                                    "svg": "https://static.vlife.kz/icons/car.svg"
                                }
                            },
                            "isAccent": false,
                            "description": "Сетевые фильтры",
                            "isTabbedChildren": false,
                            "children": [
                                
                            ]
                        }
                    ]
                },
                {
                    "id": 31258,
                    "name": "Комплектующие",
                    "sort": null,
                    "image": {
                        "dark": {
                            "pdf": "https://static.vlife.kz/icons/Smartphones.pdf",
                            "svg": "https://static.vlife.kz/icons/car.svg"
                        },
                        "light": {
                            "pdf": "https://static.vlife.kz/icons/Smartphones.pdf",
                            "svg": "https://static.vlife.kz/icons/car.svg"
                        }
                    },
                    "isAccent": false,
                    "description": "Комплектующие",
                    "isTabbedChildren": false,
                    "children": [
                        {
                            "id": 31259,
                            "name": "Блоки питания",
                            "sort": null,
                            "image": {
                                "dark": {
                                    "pdf": "https://static.vlife.kz/icons/Smartphones.pdf",
                                    "svg": "https://static.vlife.kz/icons/car.svg"
                                },
                                "light": {
                                    "pdf": "https://static.vlife.kz/icons/Smartphones.pdf",
                                    "svg": "https://static.vlife.kz/icons/car.svg"
                                }
                            },
                            "isAccent": false,
                            "description": "Блоки питания ",
                            "isTabbedChildren": false,
                            "children": [
                                
                            ]
                        },
                        {
                            "id": 31260,
                            "name": "Видеокарты",
                            "sort": null,
                            "image": {
                                "dark": {
                                    "pdf": "https://static.vlife.kz/icons/Smartphones.pdf",
                                    "svg": "https://static.vlife.kz/icons/car.svg"
                                },
                                "light": {
                                    "pdf": "https://static.vlife.kz/icons/Smartphones.pdf",
                                    "svg": "https://static.vlife.kz/icons/car.svg"
                                }
                            },
                            "isAccent": false,
                            "description": "Видеокарты ",
                            "isTabbedChildren": false,
                            "children": [
                                
                            ]
                        },
                        {
                            "id": 31261,
                            "name": "Жесткие диски",
                            "sort": null,
                            "image": {
                                "dark": {
                                    "pdf": "https://static.vlife.kz/icons/Smartphones.pdf",
                                    "svg": "https://static.vlife.kz/icons/car.svg"
                                },
                                "light": {
                                    "pdf": "https://static.vlife.kz/icons/Smartphones.pdf",
                                    "svg": "https://static.vlife.kz/icons/car.svg"
                                }
                            },
                            "isAccent": false,
                            "description": "Жесткие диски ",
                            "isTabbedChildren": false,
                            "children": [
                                
                            ]
                        },
                        {
                            "id": 31262,
                            "name": "Звуковые карты",
                            "sort": null,
                            "image": {
                                "dark": {
                                    "pdf": "https://static.vlife.kz/icons/Smartphones.pdf",
                                    "svg": "https://static.vlife.kz/icons/car.svg"
                                },
                                "light": {
                                    "pdf": "https://static.vlife.kz/icons/Smartphones.pdf",
                                    "svg": "https://static.vlife.kz/icons/car.svg"
                                }
                            },
                            "isAccent": false,
                            "description": "Звуковые карты ",
                            "isTabbedChildren": false,
                            "children": [
                                
                            ]
                        },
                        {
                            "id": 31263,
                            "name": "Корпуса",
                            "sort": null,
                            "image": {
                                "dark": {
                                    "pdf": "https://static.vlife.kz/icons/Smartphones.pdf",
                                    "svg": "https://static.vlife.kz/icons/car.svg"
                                },
                                "light": {
                                    "pdf": "https://static.vlife.kz/icons/Smartphones.pdf",
                                    "svg": "https://static.vlife.kz/icons/car.svg"
                                }
                            },
                            "isAccent": false,
                            "description": "Корпуса ",
                            "isTabbedChildren": false,
                            "children": [
                                
                            ]
                        },
                        {
                            "id": 31264,
                            "name": "Кулеры, системы охлаждения",
                            "sort": null,
                            "image": {
                                "dark": {
                                    "pdf": "https://static.vlife.kz/icons/Smartphones.pdf",
                                    "svg": "https://static.vlife.kz/icons/car.svg"
                                },
                                "light": {
                                    "pdf": "https://static.vlife.kz/icons/Smartphones.pdf",
                                    "svg": "https://static.vlife.kz/icons/car.svg"
                                }
                            },
                            "isAccent": false,
                            "description": "Кулеры, системы охлаждения ",
                            "isTabbedChildren": false,
                            "children": [
                                
                            ]
                        },
                        {
                            "id": 31265,
                            "name": "Материнские платы",
                            "sort": null,
                            "image": {
                                "dark": {
                                    "pdf": "https://static.vlife.kz/icons/Smartphones.pdf",
                                    "svg": "https://static.vlife.kz/icons/car.svg"
                                },
                                "light": {
                                    "pdf": "https://static.vlife.kz/icons/Smartphones.pdf",
                                    "svg": "https://static.vlife.kz/icons/car.svg"
                                }
                            },
                            "isAccent": false,
                            "description": "Материнские платы",
                            "isTabbedChildren": false,
                            "children": [
                                
                            ]
                        },
                        {
                            "id": 31266,
                            "name": "Оперативная память",
                            "sort": null,
                            "image": {
                                "dark": {
                                    "pdf": "https://static.vlife.kz/icons/Smartphones.pdf",
                                    "svg": "https://static.vlife.kz/icons/car.svg"
                                },
                                "light": {
                                    "pdf": "https://static.vlife.kz/icons/Smartphones.pdf",
                                    "svg": "https://static.vlife.kz/icons/car.svg"
                                }
                            },
                            "isAccent": false,
                            "description": "Оперативная память",
                            "isTabbedChildren": false,
                            "children": [
                                
                            ]
                        },
                        {
                            "id": 31267,
                            "name": "Оптические приводы",
                            "sort": null,
                            "image": {
                                "dark": {
                                    "pdf": "https://static.vlife.kz/icons/Smartphones.pdf",
                                    "svg": "https://static.vlife.kz/icons/car.svg"
                                },
                                "light": {
                                    "pdf": "https://static.vlife.kz/icons/Smartphones.pdf",
                                    "svg": "https://static.vlife.kz/icons/car.svg"
                                }
                            },
                            "isAccent": false,
                            "description": "Оптические приводы",
                            "isTabbedChildren": false,
                            "children": [
                                
                            ]
                        },
                        {
                            "id": 31268,
                            "name": "Процессоры",
                            "sort": null,
                            "image": {
                                "dark": {
                                    "pdf": "https://static.vlife.kz/icons/Smartphones.pdf",
                                    "svg": "https://static.vlife.kz/icons/car.svg"
                                },
                                "light": {
                                    "pdf": "https://static.vlife.kz/icons/Smartphones.pdf",
                                    "svg": "https://static.vlife.kz/icons/car.svg"
                                }
                            },
                            "isAccent": false,
                            "description": "Процессоры ",
                            "isTabbedChildren": false,
                            "children": [
                                
                            ]
                        },
                        {
                            "id": 31269,
                            "name": "Термопаста",
                            "sort": null,
                            "image": {
                                "dark": {
                                    "pdf": "https://static.vlife.kz/icons/Smartphones.pdf",
                                    "svg": "https://static.vlife.kz/icons/car.svg"
                                },
                                "light": {
                                    "pdf": "https://static.vlife.kz/icons/Smartphones.pdf",
                                    "svg": "https://static.vlife.kz/icons/car.svg"
                                }
                            },
                            "isAccent": false,
                            "description": "Термопаста",
                            "isTabbedChildren": false,
                            "children": [
                                
                            ]
                        }
                    ]
                },
                {
                    "id": 31270,
                    "name": "Ноутбуки и аксессуары",
                    "sort": null,
                    "image": {
                        "dark": {
                            "pdf": "https://static.vlife.kz/icons/Smartphones.pdf",
                            "svg": "https://static.vlife.kz/icons/car.svg"
                        },
                        "light": {
                            "pdf": "https://static.vlife.kz/icons/Smartphones.pdf",
                            "svg": "https://static.vlife.kz/icons/car.svg"
                        }
                    },
                    "isAccent": false,
                    "description": "Ноутбуки и аксессуары",
                    "isTabbedChildren": false,
                    "children": [
                        {
                            "id": 31271,
                            "name": "Аккумуляторы для ноутбуков",
                            "sort": null,
                            "image": {
                                "dark": {
                                    "pdf": "https://static.vlife.kz/icons/Smartphones.pdf",
                                    "svg": "https://static.vlife.kz/icons/car.svg"
                                },
                                "light": {
                                    "pdf": "https://static.vlife.kz/icons/Smartphones.pdf",
                                    "svg": "https://static.vlife.kz/icons/car.svg"
                                }
                            },
                            "isAccent": false,
                            "description": "Аккумуляторы для ноутбуков ",
                            "isTabbedChildren": false,
                            "children": [
                                
                            ]
                        },
                        {
                            "id": 31272,
                            "name": "Блоки питания для ноутбуков",
                            "sort": null,
                            "image": {
                                "dark": {
                                    "pdf": "https://static.vlife.kz/icons/Smartphones.pdf",
                                    "svg": "https://static.vlife.kz/icons/car.svg"
                                },
                                "light": {
                                    "pdf": "https://static.vlife.kz/icons/Smartphones.pdf",
                                    "svg": "https://static.vlife.kz/icons/car.svg"
                                }
                            },
                            "isAccent": false,
                            "description": "Блоки питания для ноутбуков ",
                            "isTabbedChildren": false,
                            "children": [
                                
                            ]
                        },
                        {
                            "id": 31273,
                            "name": "Ноутбуки",
                            "sort": null,
                            "image": {
                                "dark": {
                                    "pdf": "https://static.vlife.kz/icons/Smartphones.pdf",
                                    "svg": "https://static.vlife.kz/icons/car.svg"
                                },
                                "light": {
                                    "pdf": "https://static.vlife.kz/icons/Smartphones.pdf",
                                    "svg": "https://static.vlife.kz/icons/car.svg"
                                }
                            },
                            "isAccent": false,
                            "description": "Ноутбуки ",
                            "isTabbedChildren": false,
                            "children": [
                                
                            ]
                        },
                        {
                            "id": 31274,
                            "name": "Подставки для ноутбука",
                            "sort": null,
                            "image": {
                                "dark": {
                                    "pdf": "https://static.vlife.kz/icons/Smartphones.pdf",
                                    "svg": "https://static.vlife.kz/icons/car.svg"
                                },
                                "light": {
                                    "pdf": "https://static.vlife.kz/icons/Smartphones.pdf",
                                    "svg": "https://static.vlife.kz/icons/car.svg"
                                }
                            },
                            "isAccent": false,
                            "description": "Подставки для ноутбука ",
                            "isTabbedChildren": false,
                            "children": [
                                
                            ]
                        },
                        {
                            "id": 31275,
                            "name": "Сумки для ноутбуков",
                            "sort": null,
                            "image": {
                                "dark": {
                                    "pdf": "https://static.vlife.kz/icons/Smartphones.pdf",
                                    "svg": "https://static.vlife.kz/icons/car.svg"
                                },
                                "light": {
                                    "pdf": "https://static.vlife.kz/icons/Smartphones.pdf",
                                    "svg": "https://static.vlife.kz/icons/car.svg"
                                }
                            },
                            "isAccent": false,
                            "description": "Сумки для ноутбуков",
                            "isTabbedChildren": false,
                            "children": [
                                
                            ]
                        }
                    ]
                },
                {
                    "id": 31294,
                    "name": "Планшеты и аксессуары",
                    "sort": null,
                    "image": {
                        "dark": {
                            "pdf": "https://static.vlife.kz/icons/Smartphones.pdf",
                            "svg": "https://static.vlife.kz/icons/car.svg"
                        },
                        "light": {
                            "pdf": "https://static.vlife.kz/icons/Smartphones.pdf",
                            "svg": "https://static.vlife.kz/icons/car.svg"
                        }
                    },
                    "isAccent": false,
                    "description": "Планшеты и аксессуары",
                    "isTabbedChildren": false,
                    "children": [
                        {
                            "id": 31295,
                            "name": "Планшеты",
                            "sort": null,
                            "image": {
                                "dark": {
                                    "pdf": "https://static.vlife.kz/icons/Smartphones.pdf",
                                    "svg": "https://static.vlife.kz/icons/car.svg"
                                },
                                "light": {
                                    "pdf": "https://static.vlife.kz/icons/Smartphones.pdf",
                                    "svg": "https://static.vlife.kz/icons/car.svg"
                                }
                            },
                            "isAccent": false,
                            "description": "Планшеты ",
                            "isTabbedChildren": false,
                            "children": [
                                
                            ]
                        },
                        {
                            "id": 31296,
                            "name": "Стилусы",
                            "sort": null,
                            "image": {
                                "dark": {
                                    "pdf": "https://static.vlife.kz/icons/Smartphones.pdf",
                                    "svg": "https://static.vlife.kz/icons/car.svg"
                                },
                                "light": {
                                    "pdf": "https://static.vlife.kz/icons/Smartphones.pdf",
                                    "svg": "https://static.vlife.kz/icons/car.svg"
                                }
                            },
                            "isAccent": false,
                            "description": "Стилусы ",
                            "isTabbedChildren": false,
                            "children": [
                                
                            ]
                        }
                    ]
                }
            ]
        },
        {
            "id": 32173,
            "name": "Телефоны и гаджеты",
            "sort": 3,
            "image": {
                "dark": {
                    "pdf": "https://static.vlife.kz/pdf/market/Phone_2.pdf",
                    "svg": "https://static.vlife.kz/icons/vlife/market/Phone_2.svg"
                },
                "light": {
                    "pdf": "https://static.vlife.kz/pdf/market/Phone_2.pdf",
                    "svg": "https://static.vlife.kz/icons/vlife/market/Phone_2.svg"
                }
            },
            "isAccent": false,
            "description": "Телефоны и гаджеты",
            "isTabbedChildren": false,
            "children": [
                {
                    "id": 32182,
                    "name": "Гаджеты",
                    "sort": null,
                    "image": {
                        "dark": {
                            "pdf": "https://static.vlife.kz/icons/Smartphones.pdf",
                            "svg": "https://static.vlife.kz/icons/car.svg"
                        },
                        "light": {
                            "pdf": "https://static.vlife.kz/icons/Smartphones.pdf",
                            "svg": "https://static.vlife.kz/icons/car.svg"
                        }
                    },
                    "isAccent": false,
                    "description": "Гаджеты ",
                    "isTabbedChildren": false,
                    "children": [
                        {
                            "id": 32186,
                            "name": "Фитнес-браслеты",
                            "sort": null,
                            "image": {
                                "dark": {
                                    "pdf": "https://static.vlife.kz/icons/Smartphones.pdf",
                                    "svg": "https://static.vlife.kz/icons/car.svg"
                                },
                                "light": {
                                    "pdf": "https://static.vlife.kz/icons/Smartphones.pdf",
                                    "svg": "https://static.vlife.kz/icons/car.svg"
                                }
                            },
                            "isAccent": false,
                            "description": "Фитнес-браслеты",
                            "isTabbedChildren": false,
                            "children": [
                                
                            ]
                        },
                        {
                            "id": 32183,
                            "name": "Рации и радиостанции",
                            "sort": null,
                            "image": {
                                "dark": {
                                    "pdf": "https://static.vlife.kz/icons/Smartphones.pdf",
                                    "svg": "https://static.vlife.kz/icons/car.svg"
                                },
                                "light": {
                                    "pdf": "https://static.vlife.kz/icons/Smartphones.pdf",
                                    "svg": "https://static.vlife.kz/icons/car.svg"
                                }
                            },
                            "isAccent": false,
                            "description": "Рации и радиостанции ",
                            "isTabbedChildren": false,
                            "children": [
                                
                            ]
                        },
                        {
                            "id": 32184,
                            "name": "Системы нагревания табака",
                            "sort": null,
                            "image": {
                                "dark": {
                                    "pdf": "https://static.vlife.kz/icons/Smartphones.pdf",
                                    "svg": "https://static.vlife.kz/icons/car.svg"
                                },
                                "light": {
                                    "pdf": "https://static.vlife.kz/icons/Smartphones.pdf",
                                    "svg": "https://static.vlife.kz/icons/car.svg"
                                }
                            },
                            "isAccent": false,
                            "description": "Системы нагревания табака ",
                            "isTabbedChildren": false,
                            "children": [
                                
                            ]
                        },
                        {
                            "id": 32185,
                            "name": "Смарт-часы",
                            "sort": null,
                            "image": {
                                "dark": {
                                    "pdf": "https://static.vlife.kz/icons/Smartphones.pdf",
                                    "svg": "https://static.vlife.kz/icons/car.svg"
                                },
                                "light": {
                                    "pdf": "https://static.vlife.kz/icons/Smartphones.pdf",
                                    "svg": "https://static.vlife.kz/icons/car.svg"
                                }
                            },
                            "isAccent": false,
                            "description": "Смарт-часы ",
                            "isTabbedChildren": false,
                            "children": [
                                
                            ]
                        },
                        {
                            "id": 32187,
                            "name": "Электронные книги",
                            "sort": null,
                            "image": {
                                "dark": {
                                    "pdf": "https://static.vlife.kz/icons/Smartphones.pdf",
                                    "svg": "https://static.vlife.kz/icons/car.svg"
                                },
                                "light": {
                                    "pdf": "https://static.vlife.kz/icons/Smartphones.pdf",
                                    "svg": "https://static.vlife.kz/icons/car.svg"
                                }
                            },
                            "isAccent": false,
                            "description": "Электронные книги",
                            "isTabbedChildren": false,
                            "children": [
                                
                            ]
                        }
                    ]
                },
                {
                    "id": 32174,
                    "name": "Аксессуары для телефонов",
                    "sort": null,
                    "image": {
                        "dark": {
                            "pdf": "https://static.vlife.kz/icons/Smartphones.pdf",
                            "svg": "https://static.vlife.kz/icons/car.svg"
                        },
                        "light": {
                            "pdf": "https://static.vlife.kz/icons/Smartphones.pdf",
                            "svg": "https://static.vlife.kz/icons/car.svg"
                        }
                    },
                    "isAccent": false,
                    "description": "Аксессуары для телефонов ",
                    "isTabbedChildren": false,
                    "children": [
                        {
                            "id": 32175,
                            "name": "Аккумуляторы для телефонов",
                            "sort": null,
                            "image": {
                                "dark": {
                                    "pdf": "https://static.vlife.kz/icons/Smartphones.pdf",
                                    "svg": "https://static.vlife.kz/icons/car.svg"
                                },
                                "light": {
                                    "pdf": "https://static.vlife.kz/icons/Smartphones.pdf",
                                    "svg": "https://static.vlife.kz/icons/car.svg"
                                }
                            },
                            "isAccent": false,
                            "description": "Аккумуляторы для телефонов ",
                            "isTabbedChildren": false,
                            "children": [
                                
                            ]
                        },
                        {
                            "id": 32176,
                            "name": "Беспроводные зарядки",
                            "sort": null,
                            "image": {
                                "dark": {
                                    "pdf": "https://static.vlife.kz/icons/Smartphones.pdf",
                                    "svg": "https://static.vlife.kz/icons/car.svg"
                                },
                                "light": {
                                    "pdf": "https://static.vlife.kz/icons/Smartphones.pdf",
                                    "svg": "https://static.vlife.kz/icons/car.svg"
                                }
                            },
                            "isAccent": false,
                            "description": "Беспроводные зарядки ",
                            "isTabbedChildren": false,
                            "children": [
                                
                            ]
                        },
                        {
                            "id": 32177,
                            "name": "Внешние аккумуляторы",
                            "sort": null,
                            "image": {
                                "dark": {
                                    "pdf": "https://static.vlife.kz/icons/Smartphones.pdf",
                                    "svg": "https://static.vlife.kz/icons/car.svg"
                                },
                                "light": {
                                    "pdf": "https://static.vlife.kz/icons/Smartphones.pdf",
                                    "svg": "https://static.vlife.kz/icons/car.svg"
                                }
                            },
                            "isAccent": false,
                            "description": "Внешние аккумуляторы ",
                            "isTabbedChildren": false,
                            "children": [
                                
                            ]
                        },
                        {
                            "id": 32178,
                            "name": "Держатели для телефонов",
                            "sort": null,
                            "image": {
                                "dark": {
                                    "pdf": "https://static.vlife.kz/icons/Smartphones.pdf",
                                    "svg": "https://static.vlife.kz/icons/car.svg"
                                },
                                "light": {
                                    "pdf": "https://static.vlife.kz/icons/Smartphones.pdf",
                                    "svg": "https://static.vlife.kz/icons/car.svg"
                                }
                            },
                            "isAccent": false,
                            "description": "Держатели для телефонов ",
                            "isTabbedChildren": false,
                            "children": [
                                
                            ]
                        },
                        {
                            "id": 32179,
                            "name": "Защитные пленки и стекла",
                            "sort": null,
                            "image": {
                                "dark": {
                                    "pdf": "https://static.vlife.kz/icons/Smartphones.pdf",
                                    "svg": "https://static.vlife.kz/icons/car.svg"
                                },
                                "light": {
                                    "pdf": "https://static.vlife.kz/icons/Smartphones.pdf",
                                    "svg": "https://static.vlife.kz/icons/car.svg"
                                }
                            },
                            "isAccent": false,
                            "description": "Защитные пленки и стекла ",
                            "isTabbedChildren": false,
                            "children": [
                                
                            ]
                        },
                        {
                            "id": 32180,
                            "name": "Кабели и переходники",
                            "sort": null,
                            "image": {
                                "dark": {
                                    "pdf": "https://static.vlife.kz/icons/Smartphones.pdf",
                                    "svg": "https://static.vlife.kz/icons/car.svg"
                                },
                                "light": {
                                    "pdf": "https://static.vlife.kz/icons/Smartphones.pdf",
                                    "svg": "https://static.vlife.kz/icons/car.svg"
                                }
                            },
                            "isAccent": false,
                            "description": "Кабели и переходники ",
                            "isTabbedChildren": false,
                            "children": [
                                
                            ]
                        },
                        {
                            "id": 32181,
                            "name": "Чехлы для смартфонов",
                            "sort": null,
                            "image": {
                                "dark": {
                                    "pdf": "https://static.vlife.kz/icons/Smartphones.pdf",
                                    "svg": "https://static.vlife.kz/icons/car.svg"
                                },
                                "light": {
                                    "pdf": "https://static.vlife.kz/icons/Smartphones.pdf",
                                    "svg": "https://static.vlife.kz/icons/car.svg"
                                }
                            },
                            "isAccent": false,
                            "description": "Чехлы для смартфонов ",
                            "isTabbedChildren": false,
                            "children": [
                                
                            ]
                        }
                    ]
                },
                {
                    "id": 32188,
                    "name": "Мобильные телефоны",
                    "sort": null,
                    "image": {
                        "dark": {
                            "pdf": "https://static.vlife.kz/icons/Smartphones.pdf",
                            "svg": "https://static.vlife.kz/icons/car.svg"
                        },
                        "light": {
                            "pdf": "https://static.vlife.kz/icons/Smartphones.pdf",
                            "svg": "https://static.vlife.kz/icons/car.svg"
                        }
                    },
                    "isAccent": false,
                    "description": "Мобильные телефоны",
                    "isTabbedChildren": false,
                    "children": [
                        
                    ]
                },
                {
                    "id": 32190,
                    "name": "Радиотелефоны",
                    "sort": null,
                    "image": {
                        "dark": {
                            "pdf": "https://static.vlife.kz/icons/Smartphones.pdf",
                            "svg": "https://static.vlife.kz/icons/car.svg"
                        },
                        "light": {
                            "pdf": "https://static.vlife.kz/icons/Smartphones.pdf",
                            "svg": "https://static.vlife.kz/icons/car.svg"
                        }
                    },
                    "isAccent": false,
                    "description": "Радиотелефоны ",
                    "isTabbedChildren": false,
                    "children": [
                        
                    ]
                },
                {
                    "id": 32192,
                    "name": "Смартфоны",
                    "sort": null,
                    "image": {
                        "dark": {
                            "pdf": "https://static.vlife.kz/icons/Smartphones.pdf",
                            "svg": "https://static.vlife.kz/icons/car.svg"
                        },
                        "light": {
                            "pdf": "https://static.vlife.kz/icons/Smartphones.pdf",
                            "svg": "https://static.vlife.kz/icons/car.svg"
                        }
                    },
                    "isAccent": false,
                    "description": "Смартфоны ",
                    "isTabbedChildren": false,
                    "children": [
                        
                    ]
                }
            ]
        },
        {
            "id": 30927,
            "name": "Бытовая техника",
            "sort": 4,
            "image": {
                "dark": {
                    "pdf": "https://static.vlife.kz/pdf/market/Washer_2.pdf",
                    "svg": "https://static.vlife.kz/icons/vlife/market/Washer_2.svg"
                },
                "light": {
                    "pdf": "https://static.vlife.kz/pdf/market/Washer_2.pdf",
                    "svg": "https://static.vlife.kz/icons/vlife/market/Washer_2.svg"
                }
            },
            "isAccent": false,
            "description": "Бытовая техника",
            "isTabbedChildren": false,
            "children": [
                {
                    "id": 30928,
                    "name": "Климатическая техника",
                    "sort": null,
                    "image": {
                        "dark": {
                            "pdf": "https://static.vlife.kz/icons/Smartphones.pdf",
                            "svg": "https://static.vlife.kz/icons/car.svg"
                        },
                        "light": {
                            "pdf": "https://static.vlife.kz/icons/Smartphones.pdf",
                            "svg": "https://static.vlife.kz/icons/car.svg"
                        }
                    },
                    "isAccent": false,
                    "description": "Климатическая техника",
                    "isTabbedChildren": false,
                    "children": [
                        {
                            "id": 32438,
                            "name": "Отопительные котлы",
                            "sort": null,
                            "image": {
                                "dark": null,
                                "light": null
                            },
                            "isAccent": false,
                            "description": "Отопительные котлы",
                            "isTabbedChildren": false,
                            "children": [
                                
                            ]
                        },
                        {
                            "id": 30936,
                            "name": "Осушители воздуха",
                            "sort": null,
                            "image": {
                                "dark": {
                                    "pdf": "https://static.vlife.kz/icons/Smartphones.pdf",
                                    "svg": "https://static.vlife.kz/icons/car.svg"
                                },
                                "light": {
                                    "pdf": "https://static.vlife.kz/icons/Smartphones.pdf",
                                    "svg": "https://static.vlife.kz/icons/car.svg"
                                }
                            },
                            "isAccent": false,
                            "description": "Осушители воздуха",
                            "isTabbedChildren": false,
                            "children": [
                                
                            ]
                        },
                        {
                            "id": 30929,
                            "name": "Аромамашины",
                            "sort": null,
                            "image": {
                                "dark": {
                                    "pdf": "https://static.vlife.kz/icons/Smartphones.pdf",
                                    "svg": "https://static.vlife.kz/icons/car.svg"
                                },
                                "light": {
                                    "pdf": "https://static.vlife.kz/icons/Smartphones.pdf",
                                    "svg": "https://static.vlife.kz/icons/car.svg"
                                }
                            },
                            "isAccent": false,
                            "description": "Аромамашины",
                            "isTabbedChildren": false,
                            "children": [
                                
                            ]
                        },
                        {
                            "id": 30930,
                            "name": "Вентиляторы",
                            "sort": null,
                            "image": {
                                "dark": {
                                    "pdf": "https://static.vlife.kz/icons/Smartphones.pdf",
                                    "svg": "https://static.vlife.kz/icons/car.svg"
                                },
                                "light": {
                                    "pdf": "https://static.vlife.kz/icons/Smartphones.pdf",
                                    "svg": "https://static.vlife.kz/icons/car.svg"
                                }
                            },
                            "isAccent": false,
                            "description": "Вентиляторы",
                            "isTabbedChildren": false,
                            "children": [
                                
                            ]
                        },
                        {
                            "id": 30931,
                            "name": "Вентиляторы вытяжные, дефлекторы и решетки",
                            "sort": null,
                            "image": {
                                "dark": {
                                    "pdf": "https://static.vlife.kz/icons/Smartphones.pdf",
                                    "svg": "https://static.vlife.kz/icons/car.svg"
                                },
                                "light": {
                                    "pdf": "https://static.vlife.kz/icons/Smartphones.pdf",
                                    "svg": "https://static.vlife.kz/icons/car.svg"
                                }
                            },
                            "isAccent": false,
                            "description": "Вентиляторы вытяжные, дефлекторы и решетки",
                            "isTabbedChildren": false,
                            "children": [
                                
                            ]
                        },
                        {
                            "id": 30932,
                            "name": "Водонагреватели",
                            "sort": null,
                            "image": {
                                "dark": {
                                    "pdf": "https://static.vlife.kz/icons/Smartphones.pdf",
                                    "svg": "https://static.vlife.kz/icons/car.svg"
                                },
                                "light": {
                                    "pdf": "https://static.vlife.kz/icons/Smartphones.pdf",
                                    "svg": "https://static.vlife.kz/icons/car.svg"
                                }
                            },
                            "isAccent": false,
                            "description": "Водонагреватели",
                            "isTabbedChildren": false,
                            "children": [
                                
                            ]
                        },
                        {
                            "id": 30933,
                            "name": "Кондиционеры и сплит-системы",
                            "sort": null,
                            "image": {
                                "dark": {
                                    "pdf": "https://static.vlife.kz/icons/Smartphones.pdf",
                                    "svg": "https://static.vlife.kz/icons/car.svg"
                                },
                                "light": {
                                    "pdf": "https://static.vlife.kz/icons/Smartphones.pdf",
                                    "svg": "https://static.vlife.kz/icons/car.svg"
                                }
                            },
                            "isAccent": false,
                            "description": "Кондиционеры и сплит-системы",
                            "isTabbedChildren": false,
                            "children": [
                                
                            ]
                        },
                        {
                            "id": 30934,
                            "name": "Мойки воздуха",
                            "sort": null,
                            "image": {
                                "dark": {
                                    "pdf": "https://static.vlife.kz/icons/Smartphones.pdf",
                                    "svg": "https://static.vlife.kz/icons/car.svg"
                                },
                                "light": {
                                    "pdf": "https://static.vlife.kz/icons/Smartphones.pdf",
                                    "svg": "https://static.vlife.kz/icons/car.svg"
                                }
                            },
                            "isAccent": false,
                            "description": "Мойки воздуха",
                            "isTabbedChildren": false,
                            "children": [
                                
                            ]
                        },
                        {
                            "id": 30935,
                            "name": "Обогреватели и тепловентиляторы",
                            "sort": null,
                            "image": {
                                "dark": {
                                    "pdf": "https://static.vlife.kz/icons/Smartphones.pdf",
                                    "svg": "https://static.vlife.kz/icons/car.svg"
                                },
                                "light": {
                                    "pdf": "https://static.vlife.kz/icons/Smartphones.pdf",
                                    "svg": "https://static.vlife.kz/icons/car.svg"
                                }
                            },
                            "isAccent": false,
                            "description": "Обогреватели и тепловентиляторы",
                            "isTabbedChildren": false,
                            "children": [
                                
                            ]
                        },
                        {
                            "id": 30937,
                            "name": "Охладители воздуха",
                            "sort": null,
                            "image": {
                                "dark": {
                                    "pdf": "https://static.vlife.kz/icons/Smartphones.pdf",
                                    "svg": "https://static.vlife.kz/icons/car.svg"
                                },
                                "light": {
                                    "pdf": "https://static.vlife.kz/icons/Smartphones.pdf",
                                    "svg": "https://static.vlife.kz/icons/car.svg"
                                }
                            },
                            "isAccent": false,
                            "description": "Охладители воздуха",
                            "isTabbedChildren": false,
                            "children": [
                                
                            ]
                        },
                        {
                            "id": 30938,
                            "name": "Очистители воздуха",
                            "sort": null,
                            "image": {
                                "dark": {
                                    "pdf": "https://static.vlife.kz/icons/Smartphones.pdf",
                                    "svg": "https://static.vlife.kz/icons/car.svg"
                                },
                                "light": {
                                    "pdf": "https://static.vlife.kz/icons/Smartphones.pdf",
                                    "svg": "https://static.vlife.kz/icons/car.svg"
                                }
                            },
                            "isAccent": false,
                            "description": "Очистители воздуха",
                            "isTabbedChildren": false,
                            "children": [
                                
                            ]
                        },
                        {
                            "id": 30939,
                            "name": "Погодные станции и датчики",
                            "sort": null,
                            "image": {
                                "dark": {
                                    "pdf": "https://static.vlife.kz/icons/Smartphones.pdf",
                                    "svg": "https://static.vlife.kz/icons/car.svg"
                                },
                                "light": {
                                    "pdf": "https://static.vlife.kz/icons/Smartphones.pdf",
                                    "svg": "https://static.vlife.kz/icons/car.svg"
                                }
                            },
                            "isAccent": false,
                            "description": "Погодные станции и датчики",
                            "isTabbedChildren": false,
                            "children": [
                                
                            ]
                        },
                        {
                            "id": 30940,
                            "name": "Расходные материалы",
                            "sort": null,
                            "image": {
                                "dark": {
                                    "pdf": "https://static.vlife.kz/icons/Smartphones.pdf",
                                    "svg": "https://static.vlife.kz/icons/car.svg"
                                },
                                "light": {
                                    "pdf": "https://static.vlife.kz/icons/Smartphones.pdf",
                                    "svg": "https://static.vlife.kz/icons/car.svg"
                                }
                            },
                            "isAccent": false,
                            "description": "Расходные материалы",
                            "isTabbedChildren": false,
                            "children": [
                                
                            ]
                        },
                        {
                            "id": 30941,
                            "name": "Увлажнители воздуха и аромадиффузоры",
                            "sort": null,
                            "image": {
                                "dark": {
                                    "pdf": "https://static.vlife.kz/icons/Smartphones.pdf",
                                    "svg": "https://static.vlife.kz/icons/car.svg"
                                },
                                "light": {
                                    "pdf": "https://static.vlife.kz/icons/Smartphones.pdf",
                                    "svg": "https://static.vlife.kz/icons/car.svg"
                                }
                            },
                            "isAccent": false,
                            "description": "Увлажнители воздуха и аромадиффузоры",
                            "isTabbedChildren": false,
                            "children": [
                                
                            ]
                        }
                    ]
                },
                {
                    "id": 30942,
                    "name": "Крупная бытовая техника",
                    "sort": null,
                    "image": {
                        "dark": {
                            "pdf": "https://static.vlife.kz/icons/Smartphones.pdf",
                            "svg": "https://static.vlife.kz/icons/car.svg"
                        },
                        "light": {
                            "pdf": "https://static.vlife.kz/icons/Smartphones.pdf",
                            "svg": "https://static.vlife.kz/icons/car.svg"
                        }
                    },
                    "isAccent": false,
                    "description": "Крупная бытовая техника",
                    "isTabbedChildren": false,
                    "children": [
                        {
                            "id": 30946,
                            "name": "Духовые шкафы",
                            "sort": null,
                            "image": {
                                "dark": {
                                    "pdf": "https://static.vlife.kz/icons/Smartphones.pdf",
                                    "svg": "https://static.vlife.kz/icons/car.svg"
                                },
                                "light": {
                                    "pdf": "https://static.vlife.kz/icons/Smartphones.pdf",
                                    "svg": "https://static.vlife.kz/icons/car.svg"
                                }
                            },
                            "isAccent": false,
                            "description": "Духовые шкафы",
                            "isTabbedChildren": false,
                            "children": [
                                
                            ]
                        },
                        {
                            "id": 30945,
                            "name": "Винные шкафы",
                            "sort": null,
                            "image": {
                                "dark": {
                                    "pdf": "https://static.vlife.kz/icons/Smartphones.pdf",
                                    "svg": "https://static.vlife.kz/icons/car.svg"
                                },
                                "light": {
                                    "pdf": "https://static.vlife.kz/icons/Smartphones.pdf",
                                    "svg": "https://static.vlife.kz/icons/car.svg"
                                }
                            },
                            "isAccent": false,
                            "description": "Винные шкафы",
                            "isTabbedChildren": false,
                            "children": [
                                
                            ]
                        },
                        {
                            "id": 30943,
                            "name": "Аксессуары для крупной бытовой техники",
                            "sort": null,
                            "image": {
                                "dark": {
                                    "pdf": "https://static.vlife.kz/icons/Smartphones.pdf",
                                    "svg": "https://static.vlife.kz/icons/car.svg"
                                },
                                "light": {
                                    "pdf": "https://static.vlife.kz/icons/Smartphones.pdf",
                                    "svg": "https://static.vlife.kz/icons/car.svg"
                                }
                            },
                            "isAccent": false,
                            "description": "Аксессуары для крупной бытовой техники",
                            "isTabbedChildren": false,
                            "children": [
                                
                            ]
                        },
                        {
                            "id": 30944,
                            "name": "Варочные панели",
                            "sort": null,
                            "image": {
                                "dark": {
                                    "pdf": "https://static.vlife.kz/icons/Smartphones.pdf",
                                    "svg": "https://static.vlife.kz/icons/car.svg"
                                },
                                "light": {
                                    "pdf": "https://static.vlife.kz/icons/Smartphones.pdf",
                                    "svg": "https://static.vlife.kz/icons/car.svg"
                                }
                            },
                            "isAccent": false,
                            "description": "Варочные панели",
                            "isTabbedChildren": false,
                            "children": [
                                
                            ]
                        },
                        {
                            "id": 30947,
                            "name": "Кулеры для воды и аксессуары",
                            "sort": null,
                            "image": {
                                "dark": {
                                    "pdf": "https://static.vlife.kz/icons/Smartphones.pdf",
                                    "svg": "https://static.vlife.kz/icons/car.svg"
                                },
                                "light": {
                                    "pdf": "https://static.vlife.kz/icons/Smartphones.pdf",
                                    "svg": "https://static.vlife.kz/icons/car.svg"
                                }
                            },
                            "isAccent": false,
                            "description": "Кулеры для воды и аксессуары",
                            "isTabbedChildren": false,
                            "children": [
                                
                            ]
                        },
                        {
                            "id": 30948,
                            "name": "Кухонные вытяжки",
                            "sort": null,
                            "image": {
                                "dark": {
                                    "pdf": "https://static.vlife.kz/icons/Smartphones.pdf",
                                    "svg": "https://static.vlife.kz/icons/car.svg"
                                },
                                "light": {
                                    "pdf": "https://static.vlife.kz/icons/Smartphones.pdf",
                                    "svg": "https://static.vlife.kz/icons/car.svg"
                                }
                            },
                            "isAccent": false,
                            "description": "Кухонные вытяжки",
                            "isTabbedChildren": false,
                            "children": [
                                
                            ]
                        },
                        {
                            "id": 30949,
                            "name": "Морозильные камеры",
                            "sort": null,
                            "image": {
                                "dark": {
                                    "pdf": "https://static.vlife.kz/icons/Smartphones.pdf",
                                    "svg": "https://static.vlife.kz/icons/car.svg"
                                },
                                "light": {
                                    "pdf": "https://static.vlife.kz/icons/Smartphones.pdf",
                                    "svg": "https://static.vlife.kz/icons/car.svg"
                                }
                            },
                            "isAccent": false,
                            "description": "Морозильные камеры",
                            "isTabbedChildren": false,
                            "children": [
                                
                            ]
                        },
                        {
                            "id": 30950,
                            "name": "Морозильные лари",
                            "sort": null,
                            "image": {
                                "dark": {
                                    "pdf": "https://static.vlife.kz/icons/Smartphones.pdf",
                                    "svg": "https://static.vlife.kz/icons/car.svg"
                                },
                                "light": {
                                    "pdf": "https://static.vlife.kz/icons/Smartphones.pdf",
                                    "svg": "https://static.vlife.kz/icons/car.svg"
                                }
                            },
                            "isAccent": false,
                            "description": "Морозильные лари",
                            "isTabbedChildren": false,
                            "children": [
                                
                            ]
                        },
                        {
                            "id": 30951,
                            "name": "Плиты",
                            "sort": null,
                            "image": {
                                "dark": {
                                    "pdf": "https://static.vlife.kz/icons/Smartphones.pdf",
                                    "svg": "https://static.vlife.kz/icons/car.svg"
                                },
                                "light": {
                                    "pdf": "https://static.vlife.kz/icons/Smartphones.pdf",
                                    "svg": "https://static.vlife.kz/icons/car.svg"
                                }
                            },
                            "isAccent": false,
                            "description": "Плиты",
                            "isTabbedChildren": false,
                            "children": [
                                
                            ]
                        },
                        {
                            "id": 30952,
                            "name": "Посудомоечные машины",
                            "sort": null,
                            "image": {
                                "dark": {
                                    "pdf": "https://static.vlife.kz/icons/Smartphones.pdf",
                                    "svg": "https://static.vlife.kz/icons/car.svg"
                                },
                                "light": {
                                    "pdf": "https://static.vlife.kz/icons/Smartphones.pdf",
                                    "svg": "https://static.vlife.kz/icons/car.svg"
                                }
                            },
                            "isAccent": false,
                            "description": "Посудомоечные машины",
                            "isTabbedChildren": false,
                            "children": [
                                
                            ]
                        },
                        {
                            "id": 30953,
                            "name": "Сигарные шкафы",
                            "sort": null,
                            "image": {
                                "dark": {
                                    "pdf": "https://static.vlife.kz/icons/Smartphones.pdf",
                                    "svg": "https://static.vlife.kz/icons/car.svg"
                                },
                                "light": {
                                    "pdf": "https://static.vlife.kz/icons/Smartphones.pdf",
                                    "svg": "https://static.vlife.kz/icons/car.svg"
                                }
                            },
                            "isAccent": false,
                            "description": "Сигарные шкафы",
                            "isTabbedChildren": false,
                            "children": [
                                
                            ]
                        },
                        {
                            "id": 30954,
                            "name": "Стиральные машины",
                            "sort": null,
                            "image": {
                                "dark": {
                                    "pdf": "https://static.vlife.kz/icons/Smartphones.pdf",
                                    "svg": "https://static.vlife.kz/icons/car.svg"
                                },
                                "light": {
                                    "pdf": "https://static.vlife.kz/icons/Smartphones.pdf",
                                    "svg": "https://static.vlife.kz/icons/car.svg"
                                }
                            },
                            "isAccent": false,
                            "description": "Стиральные машины",
                            "isTabbedChildren": false,
                            "children": [
                                
                            ]
                        },
                        {
                            "id": 30955,
                            "name": "Сушильные машины",
                            "sort": null,
                            "image": {
                                "dark": {
                                    "pdf": "https://static.vlife.kz/icons/Smartphones.pdf",
                                    "svg": "https://static.vlife.kz/icons/car.svg"
                                },
                                "light": {
                                    "pdf": "https://static.vlife.kz/icons/Smartphones.pdf",
                                    "svg": "https://static.vlife.kz/icons/car.svg"
                                }
                            },
                            "isAccent": false,
                            "description": "Сушильные машины",
                            "isTabbedChildren": false,
                            "children": [
                                
                            ]
                        },
                        {
                            "id": 30956,
                            "name": "Холодильники",
                            "sort": null,
                            "image": {
                                "dark": {
                                    "pdf": "https://static.vlife.kz/icons/Smartphones.pdf",
                                    "svg": "https://static.vlife.kz/icons/car.svg"
                                },
                                "light": {
                                    "pdf": "https://static.vlife.kz/icons/Smartphones.pdf",
                                    "svg": "https://static.vlife.kz/icons/car.svg"
                                }
                            },
                            "isAccent": false,
                            "description": "Холодильники",
                            "isTabbedChildren": false,
                            "children": [
                                
                            ]
                        },
                        {
                            "id": 30957,
                            "name": "Холодильные витрины",
                            "sort": null,
                            "image": {
                                "dark": {
                                    "pdf": "https://static.vlife.kz/icons/Smartphones.pdf",
                                    "svg": "https://static.vlife.kz/icons/car.svg"
                                },
                                "light": {
                                    "pdf": "https://static.vlife.kz/icons/Smartphones.pdf",
                                    "svg": "https://static.vlife.kz/icons/car.svg"
                                }
                            },
                            "isAccent": false,
                            "description": "Холодильные витрины",
                            "isTabbedChildren": false,
                            "children": [
                                
                            ]
                        }
                    ]
                },
                {
                    "id": 30958,
                    "name": "Малая бытовая техника",
                    "sort": null,
                    "image": {
                        "dark": {
                            "pdf": "https://static.vlife.kz/icons/Smartphones.pdf",
                            "svg": "https://static.vlife.kz/icons/car.svg"
                        },
                        "light": {
                            "pdf": "https://static.vlife.kz/icons/Smartphones.pdf",
                            "svg": "https://static.vlife.kz/icons/car.svg"
                        }
                    },
                    "isAccent": false,
                    "description": "Малая бытовая техника",
                    "isTabbedChildren": false,
                    "children": [
                        {
                            "id": 30959,
                            "name": "Паровые швабры",
                            "sort": null,
                            "image": {
                                "dark": {
                                    "pdf": "https://static.vlife.kz/icons/Smartphones.pdf",
                                    "svg": "https://static.vlife.kz/icons/car.svg"
                                },
                                "light": {
                                    "pdf": "https://static.vlife.kz/icons/Smartphones.pdf",
                                    "svg": "https://static.vlife.kz/icons/car.svg"
                                }
                            },
                            "isAccent": false,
                            "description": "Паровые швабры",
                            "isTabbedChildren": false,
                            "children": [
                                
                            ]
                        },
                        {
                            "id": 30960,
                            "name": "Пароочистители",
                            "sort": null,
                            "image": {
                                "dark": {
                                    "pdf": "https://static.vlife.kz/icons/Smartphones.pdf",
                                    "svg": "https://static.vlife.kz/icons/car.svg"
                                },
                                "light": {
                                    "pdf": "https://static.vlife.kz/icons/Smartphones.pdf",
                                    "svg": "https://static.vlife.kz/icons/car.svg"
                                }
                            },
                            "isAccent": false,
                            "description": "Пароочистители",
                            "isTabbedChildren": false,
                            "children": [
                                
                            ]
                        },
                        {
                            "id": 30961,
                            "name": "Пылесосы и аксессуары",
                            "sort": null,
                            "image": {
                                "dark": {
                                    "pdf": "https://static.vlife.kz/icons/Smartphones.pdf",
                                    "svg": "https://static.vlife.kz/icons/car.svg"
                                },
                                "light": {
                                    "pdf": "https://static.vlife.kz/icons/Smartphones.pdf",
                                    "svg": "https://static.vlife.kz/icons/car.svg"
                                }
                            },
                            "isAccent": false,
                            "description": "Пылесосы и аксессуары",
                            "isTabbedChildren": false,
                            "children": [
                                
                            ]
                        },
                        {
                            "id": 30962,
                            "name": "Стеклоочистители",
                            "sort": null,
                            "image": {
                                "dark": {
                                    "pdf": "https://static.vlife.kz/icons/Smartphones.pdf",
                                    "svg": "https://static.vlife.kz/icons/car.svg"
                                },
                                "light": {
                                    "pdf": "https://static.vlife.kz/icons/Smartphones.pdf",
                                    "svg": "https://static.vlife.kz/icons/car.svg"
                                }
                            },
                            "isAccent": false,
                            "description": "Стеклоочистители",
                            "isTabbedChildren": false,
                            "children": [
                                
                            ]
                        },
                        {
                            "id": 30963,
                            "name": "Стерилизаторы",
                            "sort": null,
                            "image": {
                                "dark": {
                                    "pdf": "https://static.vlife.kz/icons/Smartphones.pdf",
                                    "svg": "https://static.vlife.kz/icons/car.svg"
                                },
                                "light": {
                                    "pdf": "https://static.vlife.kz/icons/Smartphones.pdf",
                                    "svg": "https://static.vlife.kz/icons/car.svg"
                                }
                            },
                            "isAccent": false,
                            "description": "Стерилизаторы",
                            "isTabbedChildren": false,
                            "children": [
                                
                            ]
                        },
                        {
                            "id": 30964,
                            "name": "Сушилки для рук",
                            "sort": null,
                            "image": {
                                "dark": {
                                    "pdf": "https://static.vlife.kz/icons/Smartphones.pdf",
                                    "svg": "https://static.vlife.kz/icons/car.svg"
                                },
                                "light": {
                                    "pdf": "https://static.vlife.kz/icons/Smartphones.pdf",
                                    "svg": "https://static.vlife.kz/icons/car.svg"
                                }
                            },
                            "isAccent": false,
                            "description": "Сушилки для рук",
                            "isTabbedChildren": false,
                            "children": [
                                
                            ]
                        },
                        {
                            "id": 30965,
                            "name": "Утюги и отпариватели",
                            "sort": null,
                            "image": {
                                "dark": {
                                    "pdf": "https://static.vlife.kz/icons/Smartphones.pdf",
                                    "svg": "https://static.vlife.kz/icons/car.svg"
                                },
                                "light": {
                                    "pdf": "https://static.vlife.kz/icons/Smartphones.pdf",
                                    "svg": "https://static.vlife.kz/icons/car.svg"
                                }
                            },
                            "isAccent": false,
                            "description": "Утюги и отпариватели",
                            "isTabbedChildren": false,
                            "children": [
                                
                            ]
                        },
                        {
                            "id": 30966,
                            "name": "Швейные машины и аксессуары",
                            "sort": null,
                            "image": {
                                "dark": {
                                    "pdf": "https://static.vlife.kz/icons/Smartphones.pdf",
                                    "svg": "https://static.vlife.kz/icons/car.svg"
                                },
                                "light": {
                                    "pdf": "https://static.vlife.kz/icons/Smartphones.pdf",
                                    "svg": "https://static.vlife.kz/icons/car.svg"
                                }
                            },
                            "isAccent": false,
                            "description": "Швейные машины и аксессуары",
                            "isTabbedChildren": false,
                            "children": [
                                
                            ]
                        }
                    ]
                },
                {
                    "id": 30967,
                    "name": "Техника для красоты и здоровья",
                    "sort": null,
                    "image": {
                        "dark": {
                            "pdf": "https://static.vlife.kz/icons/Smartphones.pdf",
                            "svg": "https://static.vlife.kz/icons/car.svg"
                        },
                        "light": {
                            "pdf": "https://static.vlife.kz/icons/Smartphones.pdf",
                            "svg": "https://static.vlife.kz/icons/car.svg"
                        }
                    },
                    "isAccent": false,
                    "description": "Техника для красоты и здоровья",
                    "isTabbedChildren": false,
                    "children": [
                        {
                            "id": 30968,
                            "name": "Выпрямители для волос",
                            "sort": null,
                            "image": {
                                "dark": {
                                    "pdf": "https://static.vlife.kz/icons/Smartphones.pdf",
                                    "svg": "https://static.vlife.kz/icons/car.svg"
                                },
                                "light": {
                                    "pdf": "https://static.vlife.kz/icons/Smartphones.pdf",
                                    "svg": "https://static.vlife.kz/icons/car.svg"
                                }
                            },
                            "isAccent": false,
                            "description": "Выпрямители для волос",
                            "isTabbedChildren": false,
                            "children": [
                                
                            ]
                        },
                        {
                            "id": 30969,
                            "name": "Массажное оборудование и аксессуары",
                            "sort": null,
                            "image": {
                                "dark": {
                                    "pdf": "https://static.vlife.kz/icons/Smartphones.pdf",
                                    "svg": "https://static.vlife.kz/icons/car.svg"
                                },
                                "light": {
                                    "pdf": "https://static.vlife.kz/icons/Smartphones.pdf",
                                    "svg": "https://static.vlife.kz/icons/car.svg"
                                }
                            },
                            "isAccent": false,
                            "description": "Массажное оборудование и аксессуары",
                            "isTabbedChildren": false,
                            "children": [
                                
                            ]
                        },
                        {
                            "id": 30970,
                            "name": "Машинки для стрижки волос и аксессуары",
                            "sort": null,
                            "image": {
                                "dark": {
                                    "pdf": "https://static.vlife.kz/icons/Smartphones.pdf",
                                    "svg": "https://static.vlife.kz/icons/car.svg"
                                },
                                "light": {
                                    "pdf": "https://static.vlife.kz/icons/Smartphones.pdf",
                                    "svg": "https://static.vlife.kz/icons/car.svg"
                                }
                            },
                            "isAccent": false,
                            "description": "Машинки для стрижки волос и аксессуары",
                            "isTabbedChildren": false,
                            "children": [
                                
                            ]
                        },
                        {
                            "id": 30971,
                            "name": "Мини-солярии",
                            "sort": null,
                            "image": {
                                "dark": {
                                    "pdf": "https://static.vlife.kz/icons/Smartphones.pdf",
                                    "svg": "https://static.vlife.kz/icons/car.svg"
                                },
                                "light": {
                                    "pdf": "https://static.vlife.kz/icons/Smartphones.pdf",
                                    "svg": "https://static.vlife.kz/icons/car.svg"
                                }
                            },
                            "isAccent": false,
                            "description": "Мини-солярии",
                            "isTabbedChildren": false,
                            "children": [
                                
                            ]
                        },
                        {
                            "id": 30972,
                            "name": "Напольные весы",
                            "sort": null,
                            "image": {
                                "dark": {
                                    "pdf": "https://static.vlife.kz/icons/Smartphones.pdf",
                                    "svg": "https://static.vlife.kz/icons/car.svg"
                                },
                                "light": {
                                    "pdf": "https://static.vlife.kz/icons/Smartphones.pdf",
                                    "svg": "https://static.vlife.kz/icons/car.svg"
                                }
                            },
                            "isAccent": false,
                            "description": "Напольные весы",
                            "isTabbedChildren": false,
                            "children": [
                                
                            ]
                        },
                        {
                            "id": 30973,
                            "name": "Триммеры для волос",
                            "sort": null,
                            "image": {
                                "dark": {
                                    "pdf": "https://static.vlife.kz/icons/Smartphones.pdf",
                                    "svg": "https://static.vlife.kz/icons/car.svg"
                                },
                                "light": {
                                    "pdf": "https://static.vlife.kz/icons/Smartphones.pdf",
                                    "svg": "https://static.vlife.kz/icons/car.svg"
                                }
                            },
                            "isAccent": false,
                            "description": "Триммеры для волос",
                            "isTabbedChildren": false,
                            "children": [
                                
                            ]
                        },
                        {
                            "id": 30974,
                            "name": "Фены и термощетки",
                            "sort": null,
                            "image": {
                                "dark": {
                                    "pdf": "https://static.vlife.kz/icons/Smartphones.pdf",
                                    "svg": "https://static.vlife.kz/icons/car.svg"
                                },
                                "light": {
                                    "pdf": "https://static.vlife.kz/icons/Smartphones.pdf",
                                    "svg": "https://static.vlife.kz/icons/car.svg"
                                }
                            },
                            "isAccent": false,
                            "description": "Фены и термощетки",
                            "isTabbedChildren": false,
                            "children": [
                                
                            ]
                        },
                        {
                            "id": 30975,
                            "name": "Щипцы для завивки и аксессуары",
                            "sort": null,
                            "image": {
                                "dark": {
                                    "pdf": "https://static.vlife.kz/icons/Smartphones.pdf",
                                    "svg": "https://static.vlife.kz/icons/car.svg"
                                },
                                "light": {
                                    "pdf": "https://static.vlife.kz/icons/Smartphones.pdf",
                                    "svg": "https://static.vlife.kz/icons/car.svg"
                                }
                            },
                            "isAccent": false,
                            "description": "Щипцы для завивки и аксессуары",
                            "isTabbedChildren": false,
                            "children": [
                                
                            ]
                        },
                        {
                            "id": 30976,
                            "name": "Электрические зубные щетки и аксессуары",
                            "sort": null,
                            "image": {
                                "dark": {
                                    "pdf": "https://static.vlife.kz/icons/Smartphones.pdf",
                                    "svg": "https://static.vlife.kz/icons/car.svg"
                                },
                                "light": {
                                    "pdf": "https://static.vlife.kz/icons/Smartphones.pdf",
                                    "svg": "https://static.vlife.kz/icons/car.svg"
                                }
                            },
                            "isAccent": false,
                            "description": "Электрические зубные щетки и аксессуары",
                            "isTabbedChildren": false,
                            "children": [
                                
                            ]
                        },
                        {
                            "id": 30977,
                            "name": "Электробигуди",
                            "sort": null,
                            "image": {
                                "dark": {
                                    "pdf": "https://static.vlife.kz/icons/Smartphones.pdf",
                                    "svg": "https://static.vlife.kz/icons/car.svg"
                                },
                                "light": {
                                    "pdf": "https://static.vlife.kz/icons/Smartphones.pdf",
                                    "svg": "https://static.vlife.kz/icons/car.svg"
                                }
                            },
                            "isAccent": false,
                            "description": "Электробигуди",
                            "isTabbedChildren": false,
                            "children": [
                                
                            ]
                        },
                        {
                            "id": 30978,
                            "name": "Электробритвы и аксессуары",
                            "sort": null,
                            "image": {
                                "dark": {
                                    "pdf": "https://static.vlife.kz/icons/Smartphones.pdf",
                                    "svg": "https://static.vlife.kz/icons/car.svg"
                                },
                                "light": {
                                    "pdf": "https://static.vlife.kz/icons/Smartphones.pdf",
                                    "svg": "https://static.vlife.kz/icons/car.svg"
                                }
                            },
                            "isAccent": false,
                            "description": "Электробритвы и аксессуары",
                            "isTabbedChildren": false,
                            "children": [
                                
                            ]
                        },
                        {
                            "id": 30979,
                            "name": "Эпиляторы и аксессуары",
                            "sort": null,
                            "image": {
                                "dark": {
                                    "pdf": "https://static.vlife.kz/icons/Smartphones.pdf",
                                    "svg": "https://static.vlife.kz/icons/car.svg"
                                },
                                "light": {
                                    "pdf": "https://static.vlife.kz/icons/Smartphones.pdf",
                                    "svg": "https://static.vlife.kz/icons/car.svg"
                                }
                            },
                            "isAccent": false,
                            "description": "Эпиляторы и аксессуары",
                            "isTabbedChildren": false,
                            "children": [
                                
                            ]
                        }
                    ]
                },
                {
                    "id": 30980,
                    "name": "Техника для кухни",
                    "sort": null,
                    "image": {
                        "dark": {
                            "pdf": "https://static.vlife.kz/icons/Smartphones.pdf",
                            "svg": "https://static.vlife.kz/icons/car.svg"
                        },
                        "light": {
                            "pdf": "https://static.vlife.kz/icons/Smartphones.pdf",
                            "svg": "https://static.vlife.kz/icons/car.svg"
                        }
                    },
                    "isAccent": false,
                    "description": "Техника для кухни",
                    "isTabbedChildren": false,
                    "children": [
                        {
                            "id": 30981,
                            "name": "Аксессуары для кухонной техники",
                            "sort": null,
                            "image": {
                                "dark": {
                                    "pdf": "https://static.vlife.kz/icons/Smartphones.pdf",
                                    "svg": "https://static.vlife.kz/icons/car.svg"
                                },
                                "light": {
                                    "pdf": "https://static.vlife.kz/icons/Smartphones.pdf",
                                    "svg": "https://static.vlife.kz/icons/car.svg"
                                }
                            },
                            "isAccent": false,
                            "description": "Аксессуары для кухонной техники",
                            "isTabbedChildren": false,
                            "children": [
                                
                            ]
                        },
                        {
                            "id": 30982,
                            "name": "Кофеварки и кофемашины",
                            "sort": null,
                            "image": {
                                "dark": {
                                    "pdf": "https://static.vlife.kz/icons/Smartphones.pdf",
                                    "svg": "https://static.vlife.kz/icons/car.svg"
                                },
                                "light": {
                                    "pdf": "https://static.vlife.kz/icons/Smartphones.pdf",
                                    "svg": "https://static.vlife.kz/icons/car.svg"
                                }
                            },
                            "isAccent": false,
                            "description": "Кофеварки и кофемашины",
                            "isTabbedChildren": false,
                            "children": [
                                
                            ]
                        },
                        {
                            "id": 30983,
                            "name": "Кухонные машины и комбайны",
                            "sort": null,
                            "image": {
                                "dark": {
                                    "pdf": "https://static.vlife.kz/icons/Smartphones.pdf",
                                    "svg": "https://static.vlife.kz/icons/car.svg"
                                },
                                "light": {
                                    "pdf": "https://static.vlife.kz/icons/Smartphones.pdf",
                                    "svg": "https://static.vlife.kz/icons/car.svg"
                                }
                            },
                            "isAccent": false,
                            "description": "Кухонные машины и комбайны",
                            "isTabbedChildren": false,
                            "children": [
                                
                            ]
                        },
                        {
                            "id": 30984,
                            "name": "Миксеры, блендеры и измельчители",
                            "sort": null,
                            "image": {
                                "dark": {
                                    "pdf": "https://static.vlife.kz/icons/Smartphones.pdf",
                                    "svg": "https://static.vlife.kz/icons/car.svg"
                                },
                                "light": {
                                    "pdf": "https://static.vlife.kz/icons/Smartphones.pdf",
                                    "svg": "https://static.vlife.kz/icons/car.svg"
                                }
                            },
                            "isAccent": false,
                            "description": "Миксеры, блендеры и измельчители",
                            "isTabbedChildren": false,
                            "children": [
                                
                            ]
                        },
                        {
                            "id": 30985,
                            "name": "Мультиварки и техника для варки",
                            "sort": null,
                            "image": {
                                "dark": {
                                    "pdf": "https://static.vlife.kz/icons/Smartphones.pdf",
                                    "svg": "https://static.vlife.kz/icons/car.svg"
                                },
                                "light": {
                                    "pdf": "https://static.vlife.kz/icons/Smartphones.pdf",
                                    "svg": "https://static.vlife.kz/icons/car.svg"
                                }
                            },
                            "isAccent": false,
                            "description": "Мультиварки и техника для варки",
                            "isTabbedChildren": false,
                            "children": [
                                
                            ]
                        },
                        {
                            "id": 30986,
                            "name": "Мясорубки и насадки",
                            "sort": null,
                            "image": {
                                "dark": {
                                    "pdf": "https://static.vlife.kz/icons/Smartphones.pdf",
                                    "svg": "https://static.vlife.kz/icons/car.svg"
                                },
                                "light": {
                                    "pdf": "https://static.vlife.kz/icons/Smartphones.pdf",
                                    "svg": "https://static.vlife.kz/icons/car.svg"
                                }
                            },
                            "isAccent": false,
                            "description": "Мясорубки и насадки",
                            "isTabbedChildren": false,
                            "children": [
                                
                            ]
                        },
                        {
                            "id": 30987,
                            "name": "Настольные плиты",
                            "sort": null,
                            "image": {
                                "dark": {
                                    "pdf": "https://static.vlife.kz/icons/Smartphones.pdf",
                                    "svg": "https://static.vlife.kz/icons/car.svg"
                                },
                                "light": {
                                    "pdf": "https://static.vlife.kz/icons/Smartphones.pdf",
                                    "svg": "https://static.vlife.kz/icons/car.svg"
                                }
                            },
                            "isAccent": false,
                            "description": "Настольные плиты",
                            "isTabbedChildren": false,
                            "children": [
                                
                            ]
                        },
                        {
                            "id": 30988,
                            "name": "Печи и грили",
                            "sort": null,
                            "image": {
                                "dark": {
                                    "pdf": "https://static.vlife.kz/icons/Smartphones.pdf",
                                    "svg": "https://static.vlife.kz/icons/car.svg"
                                },
                                "light": {
                                    "pdf": "https://static.vlife.kz/icons/Smartphones.pdf",
                                    "svg": "https://static.vlife.kz/icons/car.svg"
                                }
                            },
                            "isAccent": false,
                            "description": "Печи и грили",
                            "isTabbedChildren": false,
                            "children": [
                                
                            ]
                        },
                        {
                            "id": 30989,
                            "name": "Прочая кухонная техника",
                            "sort": null,
                            "image": {
                                "dark": {
                                    "pdf": "https://static.vlife.kz/icons/Smartphones.pdf",
                                    "svg": "https://static.vlife.kz/icons/car.svg"
                                },
                                "light": {
                                    "pdf": "https://static.vlife.kz/icons/Smartphones.pdf",
                                    "svg": "https://static.vlife.kz/icons/car.svg"
                                }
                            },
                            "isAccent": false,
                            "description": "Прочая кухонная техника",
                            "isTabbedChildren": false,
                            "children": [
                                
                            ]
                        },
                        {
                            "id": 30990,
                            "name": "Соковыжималки",
                            "sort": null,
                            "image": {
                                "dark": {
                                    "pdf": "https://static.vlife.kz/icons/Smartphones.pdf",
                                    "svg": "https://static.vlife.kz/icons/car.svg"
                                },
                                "light": {
                                    "pdf": "https://static.vlife.kz/icons/Smartphones.pdf",
                                    "svg": "https://static.vlife.kz/icons/car.svg"
                                }
                            },
                            "isAccent": false,
                            "description": "Соковыжималки",
                            "isTabbedChildren": false,
                            "children": [
                                
                            ]
                        },
                        {
                            "id": 30991,
                            "name": "Техника для приготовления блюд",
                            "sort": null,
                            "image": {
                                "dark": {
                                    "pdf": "https://static.vlife.kz/icons/Smartphones.pdf",
                                    "svg": "https://static.vlife.kz/icons/car.svg"
                                },
                                "light": {
                                    "pdf": "https://static.vlife.kz/icons/Smartphones.pdf",
                                    "svg": "https://static.vlife.kz/icons/car.svg"
                                }
                            },
                            "isAccent": false,
                            "description": "Техника для приготовления блюд",
                            "isTabbedChildren": false,
                            "children": [
                                
                            ]
                        },
                        {
                            "id": 30992,
                            "name": "Техника для приготовления десертов",
                            "sort": null,
                            "image": {
                                "dark": {
                                    "pdf": "https://static.vlife.kz/icons/Smartphones.pdf",
                                    "svg": "https://static.vlife.kz/icons/car.svg"
                                },
                                "light": {
                                    "pdf": "https://static.vlife.kz/icons/Smartphones.pdf",
                                    "svg": "https://static.vlife.kz/icons/car.svg"
                                }
                            },
                            "isAccent": false,
                            "description": "Техника для приготовления десертов",
                            "isTabbedChildren": false,
                            "children": [
                                
                            ]
                        },
                        {
                            "id": 30993,
                            "name": "Электрические чайники и термопоты",
                            "sort": null,
                            "image": {
                                "dark": {
                                    "pdf": "https://static.vlife.kz/icons/Smartphones.pdf",
                                    "svg": "https://static.vlife.kz/icons/car.svg"
                                },
                                "light": {
                                    "pdf": "https://static.vlife.kz/icons/Smartphones.pdf",
                                    "svg": "https://static.vlife.kz/icons/car.svg"
                                }
                            },
                            "isAccent": false,
                            "description": "Электрические чайники и термопоты",
                            "isTabbedChildren": false,
                            "children": [
                                
                            ]
                        }
                    ]
                }
            ]
        },
        {
            "id": 31456,
            "name": "Одежда и обувь",
            "sort": 5,
            "image": {
                "dark": {
                    "pdf": "https://static.vlife.kz/pdf/market/Shoes_2.pdf",
                    "svg": "https://static.vlife.kz/icons/vlife/market/Shoes_2.svg"
                },
                "light": {
                    "pdf": "https://static.vlife.kz/pdf/market/Shoes_2.pdf",
                    "svg": "https://static.vlife.kz/icons/vlife/market/Shoes_2.svg"
                }
            },
            "isAccent": false,
            "description": "Одежда и обувь",
            "isTabbedChildren": true,
            "children": [
                {
                    "id": 31648,
                    "name": "Женщинам",
                    "sort": null,
                    "image": {
                        "dark": {
                            "pdf": "https://static.vlife.kz/icons/Smartphones.pdf",
                            "svg": "https://static.vlife.kz/icons/car.svg"
                        },
                        "light": {
                            "pdf": "https://static.vlife.kz/icons/Smartphones.pdf",
                            "svg": "https://static.vlife.kz/icons/car.svg"
                        }
                    },
                    "isAccent": false,
                    "description": "Женщинам",
                    "isTabbedChildren": false,
                    "children": [
                        {
                            "id": 31687,
                            "name": "Обувь",
                            "sort": null,
                            "image": {
                                "dark": {
                                    "pdf": "https://static.vlife.kz/icons/Smartphones.pdf",
                                    "svg": "https://static.vlife.kz/icons/car.svg"
                                },
                                "light": {
                                    "pdf": "https://static.vlife.kz/icons/Smartphones.pdf",
                                    "svg": "https://static.vlife.kz/icons/car.svg"
                                }
                            },
                            "isAccent": false,
                            "description": "Обувь",
                            "isTabbedChildren": false,
                            "children": [
                                
                            ]
                        },
                        {
                            "id": 31649,
                            "name": "Аксессуары",
                            "sort": null,
                            "image": {
                                "dark": {
                                    "pdf": "https://static.vlife.kz/icons/Smartphones.pdf",
                                    "svg": "https://static.vlife.kz/icons/car.svg"
                                },
                                "light": {
                                    "pdf": "https://static.vlife.kz/icons/Smartphones.pdf",
                                    "svg": "https://static.vlife.kz/icons/car.svg"
                                }
                            },
                            "isAccent": false,
                            "description": "Аксессуары",
                            "isTabbedChildren": false,
                            "children": [
                                
                            ]
                        },
                        {
                            "id": 31715,
                            "name": "Одежда",
                            "sort": null,
                            "image": {
                                "dark": {
                                    "pdf": "https://static.vlife.kz/icons/Smartphones.pdf",
                                    "svg": "https://static.vlife.kz/icons/car.svg"
                                },
                                "light": {
                                    "pdf": "https://static.vlife.kz/icons/Smartphones.pdf",
                                    "svg": "https://static.vlife.kz/icons/car.svg"
                                }
                            },
                            "isAccent": false,
                            "description": "Одежда",
                            "isTabbedChildren": false,
                            "children": [
                                
                            ]
                        },
                        {
                            "id": 31798,
                            "name": "Сумки",
                            "sort": null,
                            "image": {
                                "dark": {
                                    "pdf": "https://static.vlife.kz/icons/Smartphones.pdf",
                                    "svg": "https://static.vlife.kz/icons/car.svg"
                                },
                                "light": {
                                    "pdf": "https://static.vlife.kz/icons/Smartphones.pdf",
                                    "svg": "https://static.vlife.kz/icons/car.svg"
                                }
                            },
                            "isAccent": false,
                            "description": "Сумки",
                            "isTabbedChildren": false,
                            "children": [
                                
                            ]
                        }
                    ]
                },
                {
                    "id": 31457,
                    "name": "Детям",
                    "sort": null,
                    "image": {
                        "dark": {
                            "pdf": "https://static.vlife.kz/icons/Smartphones.pdf",
                            "svg": "https://static.vlife.kz/icons/car.svg"
                        },
                        "light": {
                            "pdf": "https://static.vlife.kz/icons/Smartphones.pdf",
                            "svg": "https://static.vlife.kz/icons/car.svg"
                        }
                    },
                    "isAccent": false,
                    "description": "Детям",
                    "isTabbedChildren": false,
                    "children": [
                        {
                            "id": 31458,
                            "name": "Аксессуары",
                            "sort": null,
                            "image": {
                                "dark": {
                                    "pdf": "https://static.vlife.kz/icons/Smartphones.pdf",
                                    "svg": "https://static.vlife.kz/icons/car.svg"
                                },
                                "light": {
                                    "pdf": "https://static.vlife.kz/icons/Smartphones.pdf",
                                    "svg": "https://static.vlife.kz/icons/car.svg"
                                }
                            },
                            "isAccent": false,
                            "description": "Аксессуары",
                            "isTabbedChildren": false,
                            "children": [
                                
                            ]
                        },
                        {
                            "id": 31476,
                            "name": "Для новорождённых",
                            "sort": null,
                            "image": {
                                "dark": {
                                    "pdf": "https://static.vlife.kz/icons/Smartphones.pdf",
                                    "svg": "https://static.vlife.kz/icons/car.svg"
                                },
                                "light": {
                                    "pdf": "https://static.vlife.kz/icons/Smartphones.pdf",
                                    "svg": "https://static.vlife.kz/icons/car.svg"
                                }
                            },
                            "isAccent": false,
                            "description": "Для новорождённых",
                            "isTabbedChildren": false,
                            "children": [
                                
                            ]
                        },
                        {
                            "id": 31508,
                            "name": "Обувь для девочек",
                            "sort": null,
                            "image": {
                                "dark": {
                                    "pdf": "https://static.vlife.kz/icons/Smartphones.pdf",
                                    "svg": "https://static.vlife.kz/icons/car.svg"
                                },
                                "light": {
                                    "pdf": "https://static.vlife.kz/icons/Smartphones.pdf",
                                    "svg": "https://static.vlife.kz/icons/car.svg"
                                }
                            },
                            "isAccent": false,
                            "description": "Обувь для девочек",
                            "isTabbedChildren": false,
                            "children": [
                                
                            ]
                        },
                        {
                            "id": 31531,
                            "name": "Обувь для мальчиков",
                            "sort": null,
                            "image": {
                                "dark": {
                                    "pdf": "https://static.vlife.kz/icons/Smartphones.pdf",
                                    "svg": "https://static.vlife.kz/icons/car.svg"
                                },
                                "light": {
                                    "pdf": "https://static.vlife.kz/icons/Smartphones.pdf",
                                    "svg": "https://static.vlife.kz/icons/car.svg"
                                }
                            },
                            "isAccent": false,
                            "description": "Обувь для мальчиков",
                            "isTabbedChildren": false,
                            "children": [
                                
                            ]
                        },
                        {
                            "id": 31549,
                            "name": "Одежда для девочек",
                            "sort": null,
                            "image": {
                                "dark": {
                                    "pdf": "https://static.vlife.kz/icons/Smartphones.pdf",
                                    "svg": "https://static.vlife.kz/icons/car.svg"
                                },
                                "light": {
                                    "pdf": "https://static.vlife.kz/icons/Smartphones.pdf",
                                    "svg": "https://static.vlife.kz/icons/car.svg"
                                }
                            },
                            "isAccent": false,
                            "description": "Одежда для девочек",
                            "isTabbedChildren": false,
                            "children": [
                                
                            ]
                        },
                        {
                            "id": 31604,
                            "name": "Одежда для мальчиков",
                            "sort": null,
                            "image": {
                                "dark": {
                                    "pdf": "https://static.vlife.kz/icons/Smartphones.pdf",
                                    "svg": "https://static.vlife.kz/icons/car.svg"
                                },
                                "light": {
                                    "pdf": "https://static.vlife.kz/icons/Smartphones.pdf",
                                    "svg": "https://static.vlife.kz/icons/car.svg"
                                }
                            },
                            "isAccent": false,
                            "description": "Одежда для мальчиков",
                            "isTabbedChildren": false,
                            "children": [
                                
                            ]
                        }
                    ]
                },
                {
                    "id": 31810,
                    "name": "Мужчинам",
                    "sort": null,
                    "image": {
                        "dark": {
                            "pdf": "https://static.vlife.kz/icons/Smartphones.pdf",
                            "svg": "https://static.vlife.kz/icons/car.svg"
                        },
                        "light": {
                            "pdf": "https://static.vlife.kz/icons/Smartphones.pdf",
                            "svg": "https://static.vlife.kz/icons/car.svg"
                        }
                    },
                    "isAccent": false,
                    "description": "Мужчинам",
                    "isTabbedChildren": false,
                    "children": [
                        {
                            "id": 31811,
                            "name": "Аксессуары",
                            "sort": null,
                            "image": {
                                "dark": {
                                    "pdf": "https://static.vlife.kz/icons/Smartphones.pdf",
                                    "svg": "https://static.vlife.kz/icons/car.svg"
                                },
                                "light": {
                                    "pdf": "https://static.vlife.kz/icons/Smartphones.pdf",
                                    "svg": "https://static.vlife.kz/icons/car.svg"
                                }
                            },
                            "isAccent": false,
                            "description": "Аксессуары",
                            "isTabbedChildren": false,
                            "children": [
                                
                            ]
                        },
                        {
                            "id": 31841,
                            "name": "Обувь",
                            "sort": null,
                            "image": {
                                "dark": {
                                    "pdf": "https://static.vlife.kz/icons/Smartphones.pdf",
                                    "svg": "https://static.vlife.kz/icons/car.svg"
                                },
                                "light": {
                                    "pdf": "https://static.vlife.kz/icons/Smartphones.pdf",
                                    "svg": "https://static.vlife.kz/icons/car.svg"
                                }
                            },
                            "isAccent": false,
                            "description": "Обувь",
                            "isTabbedChildren": false,
                            "children": [
                                
                            ]
                        },
                        {
                            "id": 31856,
                            "name": "Одежда",
                            "sort": null,
                            "image": {
                                "dark": {
                                    "pdf": "https://static.vlife.kz/icons/Smartphones.pdf",
                                    "svg": "https://static.vlife.kz/icons/car.svg"
                                },
                                "light": {
                                    "pdf": "https://static.vlife.kz/icons/Smartphones.pdf",
                                    "svg": "https://static.vlife.kz/icons/car.svg"
                                }
                            },
                            "isAccent": false,
                            "description": "Одежда",
                            "isTabbedChildren": false,
                            "children": [
                                
                            ]
                        },
                        {
                            "id": 31900,
                            "name": "Сумки",
                            "sort": null,
                            "image": {
                                "dark": {
                                    "pdf": "https://static.vlife.kz/icons/Smartphones.pdf",
                                    "svg": "https://static.vlife.kz/icons/car.svg"
                                },
                                "light": {
                                    "pdf": "https://static.vlife.kz/icons/Smartphones.pdf",
                                    "svg": "https://static.vlife.kz/icons/car.svg"
                                }
                            },
                            "isAccent": false,
                            "description": "Сумки",
                            "isTabbedChildren": false,
                            "children": [
                                
                            ]
                        }
                    ]
                }
            ]
        },
        {
            "id": 32341,
            "name": "Электроника",
            "sort": 6,
            "image": {
                "dark": {
                    "pdf": "https://static.vlife.kz/pdf/market/TV_2.pdf",
                    "svg": "https://static.vlife.kz/icons/vlife/market/TV_2.svg"
                },
                "light": {
                    "pdf": "https://static.vlife.kz/pdf/market/TV_2.pdf",
                    "svg": "https://static.vlife.kz/icons/vlife/market/TV_2.svg"
                }
            },
            "isAccent": true,
            "description": "Электроника",
            "isTabbedChildren": false,
            "children": [
                {
                    "id": 32384,
                    "name": "Телевизоры",
                    "sort": null,
                    "image": {
                        "dark": {
                            "pdf": "https://static.vlife.kz/icons/Smartphones.pdf",
                            "svg": "https://static.vlife.kz/icons/car.svg"
                        },
                        "light": {
                            "pdf": "https://static.vlife.kz/icons/Smartphones.pdf",
                            "svg": "https://static.vlife.kz/icons/car.svg"
                        }
                    },
                    "isAccent": false,
                    "description": "Телевизоры",
                    "isTabbedChildren": false,
                    "children": [
                        {
                            "id": 32385,
                            "name": "Телевизоры SMART",
                            "sort": null,
                            "image": {
                                "dark": {
                                    "pdf": "https://static.vlife.kz/icons/Smartphones.pdf",
                                    "svg": "https://static.vlife.kz/icons/car.svg"
                                },
                                "light": {
                                    "pdf": "https://static.vlife.kz/icons/Smartphones.pdf",
                                    "svg": "https://static.vlife.kz/icons/car.svg"
                                }
                            },
                            "isAccent": false,
                            "description": "Телевизоры SMART",
                            "isTabbedChildren": false,
                            "children": [
                                
                            ]
                        },
                        {
                            "id": 32388,
                            "name": "Телевизоры с 3D",
                            "sort": null,
                            "image": {
                                "dark": {
                                    "pdf": "https://static.vlife.kz/icons/Smartphones.pdf",
                                    "svg": "https://static.vlife.kz/icons/car.svg"
                                },
                                "light": {
                                    "pdf": "https://static.vlife.kz/icons/Smartphones.pdf",
                                    "svg": "https://static.vlife.kz/icons/car.svg"
                                }
                            },
                            "isAccent": false,
                            "description": "Телевизоры с 3D",
                            "isTabbedChildren": false,
                            "children": [
                                
                            ]
                        },
                        {
                            "id": 32387,
                            "name": "С большим экраном",
                            "sort": null,
                            "image": {
                                "dark": {
                                    "pdf": "https://static.vlife.kz/icons/Smartphones.pdf",
                                    "svg": "https://static.vlife.kz/icons/car.svg"
                                },
                                "light": {
                                    "pdf": "https://static.vlife.kz/icons/Smartphones.pdf",
                                    "svg": "https://static.vlife.kz/icons/car.svg"
                                }
                            },
                            "isAccent": false,
                            "description": "С большим экраном",
                            "isTabbedChildren": false,
                            "children": [
                                
                            ]
                        },
                        {
                            "id": 32386,
                            "name": "Телевизоры 4K (UHD)",
                            "sort": null,
                            "image": {
                                "dark": {
                                    "pdf": "https://static.vlife.kz/icons/Smartphones.pdf",
                                    "svg": "https://static.vlife.kz/icons/car.svg"
                                },
                                "light": {
                                    "pdf": "https://static.vlife.kz/icons/Smartphones.pdf",
                                    "svg": "https://static.vlife.kz/icons/car.svg"
                                }
                            },
                            "isAccent": false,
                            "description": "Телевизоры 4K (UHD)",
                            "isTabbedChildren": false,
                            "children": [
                                
                            ]
                        }
                    ]
                },
                {
                    "id": 32357,
                    "name": "Видеотехника",
                    "sort": null,
                    "image": {
                        "dark": {
                            "pdf": "https://static.vlife.kz/icons/Smartphones.pdf",
                            "svg": "https://static.vlife.kz/icons/car.svg"
                        },
                        "light": {
                            "pdf": "https://static.vlife.kz/icons/Smartphones.pdf",
                            "svg": "https://static.vlife.kz/icons/car.svg"
                        }
                    },
                    "isAccent": false,
                    "description": "Видеотехника ",
                    "isTabbedChildren": false,
                    "children": [
                        {
                            "id": 32358,
                            "name": "Веб-камеры",
                            "sort": null,
                            "image": {
                                "dark": {
                                    "pdf": "https://static.vlife.kz/icons/Smartphones.pdf",
                                    "svg": "https://static.vlife.kz/icons/car.svg"
                                },
                                "light": {
                                    "pdf": "https://static.vlife.kz/icons/Smartphones.pdf",
                                    "svg": "https://static.vlife.kz/icons/car.svg"
                                }
                            },
                            "isAccent": false,
                            "description": "Веб-камеры ",
                            "isTabbedChildren": false,
                            "children": [
                                
                            ]
                        },
                        {
                            "id": 32359,
                            "name": "Домашние кинотеатры",
                            "sort": null,
                            "image": {
                                "dark": {
                                    "pdf": "https://static.vlife.kz/icons/Smartphones.pdf",
                                    "svg": "https://static.vlife.kz/icons/car.svg"
                                },
                                "light": {
                                    "pdf": "https://static.vlife.kz/icons/Smartphones.pdf",
                                    "svg": "https://static.vlife.kz/icons/car.svg"
                                }
                            },
                            "isAccent": false,
                            "description": "Домашние кинотеатры ",
                            "isTabbedChildren": false,
                            "children": [
                                
                            ]
                        },
                        {
                            "id": 32360,
                            "name": "Кронштейны для тв",
                            "sort": null,
                            "image": {
                                "dark": {
                                    "pdf": "https://static.vlife.kz/icons/Smartphones.pdf",
                                    "svg": "https://static.vlife.kz/icons/car.svg"
                                },
                                "light": {
                                    "pdf": "https://static.vlife.kz/icons/Smartphones.pdf",
                                    "svg": "https://static.vlife.kz/icons/car.svg"
                                }
                            },
                            "isAccent": false,
                            "description": "Кронштейны для тв",
                            "isTabbedChildren": false,
                            "children": [
                                
                            ]
                        },
                        {
                            "id": 32361,
                            "name": "Медиаплееры",
                            "sort": null,
                            "image": {
                                "dark": {
                                    "pdf": "https://static.vlife.kz/icons/Smartphones.pdf",
                                    "svg": "https://static.vlife.kz/icons/car.svg"
                                },
                                "light": {
                                    "pdf": "https://static.vlife.kz/icons/Smartphones.pdf",
                                    "svg": "https://static.vlife.kz/icons/car.svg"
                                }
                            },
                            "isAccent": false,
                            "description": "Медиаплееры ",
                            "isTabbedChildren": false,
                            "children": [
                                
                            ]
                        },
                        {
                            "id": 32362,
                            "name": "Проекторы",
                            "sort": null,
                            "image": {
                                "dark": {
                                    "pdf": "https://static.vlife.kz/icons/Smartphones.pdf",
                                    "svg": "https://static.vlife.kz/icons/car.svg"
                                },
                                "light": {
                                    "pdf": "https://static.vlife.kz/icons/Smartphones.pdf",
                                    "svg": "https://static.vlife.kz/icons/car.svg"
                                }
                            },
                            "isAccent": false,
                            "description": "Проекторы ",
                            "isTabbedChildren": false,
                            "children": [
                                
                            ]
                        },
                        {
                            "id": 32363,
                            "name": "Проекционные экраны",
                            "sort": null,
                            "image": {
                                "dark": {
                                    "pdf": "https://static.vlife.kz/icons/Smartphones.pdf",
                                    "svg": "https://static.vlife.kz/icons/car.svg"
                                },
                                "light": {
                                    "pdf": "https://static.vlife.kz/icons/Smartphones.pdf",
                                    "svg": "https://static.vlife.kz/icons/car.svg"
                                }
                            },
                            "isAccent": false,
                            "description": "Проекционные экраны ",
                            "isTabbedChildren": false,
                            "children": [
                                
                            ]
                        },
                        {
                            "id": 32364,
                            "name": "Спутниковое тв",
                            "sort": null,
                            "image": {
                                "dark": {
                                    "pdf": "https://static.vlife.kz/icons/Smartphones.pdf",
                                    "svg": "https://static.vlife.kz/icons/car.svg"
                                },
                                "light": {
                                    "pdf": "https://static.vlife.kz/icons/Smartphones.pdf",
                                    "svg": "https://static.vlife.kz/icons/car.svg"
                                }
                            },
                            "isAccent": false,
                            "description": "Спутниковое тв ",
                            "isTabbedChildren": false,
                            "children": [
                                
                            ]
                        }
                    ]
                },
                {
                    "id": 32342,
                    "name": "Аудиотехника",
                    "sort": null,
                    "image": {
                        "dark": {
                            "pdf": "https://static.vlife.kz/icons/Smartphones.pdf",
                            "svg": "https://static.vlife.kz/icons/car.svg"
                        },
                        "light": {
                            "pdf": "https://static.vlife.kz/icons/Smartphones.pdf",
                            "svg": "https://static.vlife.kz/icons/car.svg"
                        }
                    },
                    "isAccent": false,
                    "description": "Аудиотехника ",
                    "isTabbedChildren": false,
                    "children": [
                        {
                            "id": 32343,
                            "name": "Акустические системы",
                            "sort": null,
                            "image": {
                                "dark": {
                                    "pdf": "https://static.vlife.kz/icons/Smartphones.pdf",
                                    "svg": "https://static.vlife.kz/icons/car.svg"
                                },
                                "light": {
                                    "pdf": "https://static.vlife.kz/icons/Smartphones.pdf",
                                    "svg": "https://static.vlife.kz/icons/car.svg"
                                }
                            },
                            "isAccent": false,
                            "description": "Акустические системы ",
                            "isTabbedChildren": false,
                            "children": [
                                
                            ]
                        },
                        {
                            "id": 32344,
                            "name": "Аудиоусилители и ресиверы",
                            "sort": null,
                            "image": {
                                "dark": {
                                    "pdf": "https://static.vlife.kz/icons/Smartphones.pdf",
                                    "svg": "https://static.vlife.kz/icons/car.svg"
                                },
                                "light": {
                                    "pdf": "https://static.vlife.kz/icons/Smartphones.pdf",
                                    "svg": "https://static.vlife.kz/icons/car.svg"
                                }
                            },
                            "isAccent": false,
                            "description": "Аудиоусилители и ресиверы ",
                            "isTabbedChildren": false,
                            "children": [
                                
                            ]
                        },
                        {
                            "id": 32345,
                            "name": "Виниловые проигрыватели",
                            "sort": null,
                            "image": {
                                "dark": {
                                    "pdf": "https://static.vlife.kz/icons/Smartphones.pdf",
                                    "svg": "https://static.vlife.kz/icons/car.svg"
                                },
                                "light": {
                                    "pdf": "https://static.vlife.kz/icons/Smartphones.pdf",
                                    "svg": "https://static.vlife.kz/icons/car.svg"
                                }
                            },
                            "isAccent": false,
                            "description": "Виниловые проигрыватели ",
                            "isTabbedChildren": false,
                            "children": [
                                
                            ]
                        },
                        {
                            "id": 32346,
                            "name": "Диктофоны и портативные рекордеры",
                            "sort": null,
                            "image": {
                                "dark": {
                                    "pdf": "https://static.vlife.kz/icons/Smartphones.pdf",
                                    "svg": "https://static.vlife.kz/icons/car.svg"
                                },
                                "light": {
                                    "pdf": "https://static.vlife.kz/icons/Smartphones.pdf",
                                    "svg": "https://static.vlife.kz/icons/car.svg"
                                }
                            },
                            "isAccent": false,
                            "description": "Диктофоны и портативные рекордеры ",
                            "isTabbedChildren": false,
                            "children": [
                                
                            ]
                        },
                        {
                            "id": 32347,
                            "name": "Компьютерные колонки",
                            "sort": null,
                            "image": {
                                "dark": {
                                    "pdf": "https://static.vlife.kz/icons/Smartphones.pdf",
                                    "svg": "https://static.vlife.kz/icons/car.svg"
                                },
                                "light": {
                                    "pdf": "https://static.vlife.kz/icons/Smartphones.pdf",
                                    "svg": "https://static.vlife.kz/icons/car.svg"
                                }
                            },
                            "isAccent": false,
                            "description": "Компьютерные колонки ",
                            "isTabbedChildren": false,
                            "children": [
                                
                            ]
                        },
                        {
                            "id": 32348,
                            "name": "Микрофоны",
                            "sort": null,
                            "image": {
                                "dark": {
                                    "pdf": "https://static.vlife.kz/icons/Smartphones.pdf",
                                    "svg": "https://static.vlife.kz/icons/car.svg"
                                },
                                "light": {
                                    "pdf": "https://static.vlife.kz/icons/Smartphones.pdf",
                                    "svg": "https://static.vlife.kz/icons/car.svg"
                                }
                            },
                            "isAccent": false,
                            "description": "Микрофоны ",
                            "isTabbedChildren": false,
                            "children": [
                                
                            ]
                        },
                        {
                            "id": 32349,
                            "name": "Музыкальные центры",
                            "sort": null,
                            "image": {
                                "dark": {
                                    "pdf": "https://static.vlife.kz/icons/Smartphones.pdf",
                                    "svg": "https://static.vlife.kz/icons/car.svg"
                                },
                                "light": {
                                    "pdf": "https://static.vlife.kz/icons/Smartphones.pdf",
                                    "svg": "https://static.vlife.kz/icons/car.svg"
                                }
                            },
                            "isAccent": false,
                            "description": "Музыкальные центры ",
                            "isTabbedChildren": false,
                            "children": [
                                
                            ]
                        },
                        {
                            "id": 32350,
                            "name": "Наушники и гарнитуры",
                            "sort": null,
                            "image": {
                                "dark": {
                                    "pdf": "https://static.vlife.kz/icons/Smartphones.pdf",
                                    "svg": "https://static.vlife.kz/icons/car.svg"
                                },
                                "light": {
                                    "pdf": "https://static.vlife.kz/icons/Smartphones.pdf",
                                    "svg": "https://static.vlife.kz/icons/car.svg"
                                }
                            },
                            "isAccent": false,
                            "description": "Наушники и гарнитуры ",
                            "isTabbedChildren": false,
                            "children": [
                                
                            ]
                        },
                        {
                            "id": 32351,
                            "name": "Портативные колонки",
                            "sort": null,
                            "image": {
                                "dark": {
                                    "pdf": "https://static.vlife.kz/icons/Smartphones.pdf",
                                    "svg": "https://static.vlife.kz/icons/car.svg"
                                },
                                "light": {
                                    "pdf": "https://static.vlife.kz/icons/Smartphones.pdf",
                                    "svg": "https://static.vlife.kz/icons/car.svg"
                                }
                            },
                            "isAccent": false,
                            "description": "Портативные колонки ",
                            "isTabbedChildren": false,
                            "children": [
                                
                            ]
                        },
                        {
                            "id": 32352,
                            "name": "Радиоприемники",
                            "sort": null,
                            "image": {
                                "dark": {
                                    "pdf": "https://static.vlife.kz/icons/Smartphones.pdf",
                                    "svg": "https://static.vlife.kz/icons/car.svg"
                                },
                                "light": {
                                    "pdf": "https://static.vlife.kz/icons/Smartphones.pdf",
                                    "svg": "https://static.vlife.kz/icons/car.svg"
                                }
                            },
                            "isAccent": false,
                            "description": "Радиоприемники ",
                            "isTabbedChildren": false,
                            "children": [
                                
                            ]
                        },
                        {
                            "id": 32353,
                            "name": "Саундбары и комплекты акустики",
                            "sort": null,
                            "image": {
                                "dark": {
                                    "pdf": "https://static.vlife.kz/icons/Smartphones.pdf",
                                    "svg": "https://static.vlife.kz/icons/car.svg"
                                },
                                "light": {
                                    "pdf": "https://static.vlife.kz/icons/Smartphones.pdf",
                                    "svg": "https://static.vlife.kz/icons/car.svg"
                                }
                            },
                            "isAccent": false,
                            "description": "Саундбары и комплекты акустики",
                            "isTabbedChildren": false,
                            "children": [
                                
                            ]
                        },
                        {
                            "id": 32354,
                            "name": "Умные колонки",
                            "sort": null,
                            "image": {
                                "dark": {
                                    "pdf": "https://static.vlife.kz/icons/Smartphones.pdf",
                                    "svg": "https://static.vlife.kz/icons/car.svg"
                                },
                                "light": {
                                    "pdf": "https://static.vlife.kz/icons/Smartphones.pdf",
                                    "svg": "https://static.vlife.kz/icons/car.svg"
                                }
                            },
                            "isAccent": false,
                            "description": "Умные колонки ",
                            "isTabbedChildren": false,
                            "children": [
                                
                            ]
                        },
                        {
                            "id": 32355,
                            "name": "Цифровые плееры",
                            "sort": null,
                            "image": {
                                "dark": {
                                    "pdf": "https://static.vlife.kz/icons/Smartphones.pdf",
                                    "svg": "https://static.vlife.kz/icons/car.svg"
                                },
                                "light": {
                                    "pdf": "https://static.vlife.kz/icons/Smartphones.pdf",
                                    "svg": "https://static.vlife.kz/icons/car.svg"
                                }
                            },
                            "isAccent": false,
                            "description": "Цифровые плееры",
                            "isTabbedChildren": false,
                            "children": [
                                
                            ]
                        },
                        {
                            "id": 32356,
                            "name": "Чехлы для наушников",
                            "sort": null,
                            "image": {
                                "dark": {
                                    "pdf": "https://static.vlife.kz/icons/Smartphones.pdf",
                                    "svg": "https://static.vlife.kz/icons/car.svg"
                                },
                                "light": {
                                    "pdf": "https://static.vlife.kz/icons/Smartphones.pdf",
                                    "svg": "https://static.vlife.kz/icons/car.svg"
                                }
                            },
                            "isAccent": false,
                            "description": "Чехлы для наушников ",
                            "isTabbedChildren": false,
                            "children": [
                                
                            ]
                        }
                    ]
                },
                {
                    "id": 32365,
                    "name": "Развлечения",
                    "sort": null,
                    "image": {
                        "dark": {
                            "pdf": "https://static.vlife.kz/icons/Smartphones.pdf",
                            "svg": "https://static.vlife.kz/icons/car.svg"
                        },
                        "light": {
                            "pdf": "https://static.vlife.kz/icons/Smartphones.pdf",
                            "svg": "https://static.vlife.kz/icons/car.svg"
                        }
                    },
                    "isAccent": false,
                    "description": "Развлечения ",
                    "isTabbedChildren": false,
                    "children": [
                        {
                            "id": 32366,
                            "name": "Видеоигры",
                            "sort": null,
                            "image": {
                                "dark": {
                                    "pdf": "https://static.vlife.kz/icons/Smartphones.pdf",
                                    "svg": "https://static.vlife.kz/icons/car.svg"
                                },
                                "light": {
                                    "pdf": "https://static.vlife.kz/icons/Smartphones.pdf",
                                    "svg": "https://static.vlife.kz/icons/car.svg"
                                }
                            },
                            "isAccent": false,
                            "description": "Видеоигры ",
                            "isTabbedChildren": false,
                            "children": [
                                
                            ]
                        },
                        {
                            "id": 32367,
                            "name": "Дроны и квадрокоптеры",
                            "sort": null,
                            "image": {
                                "dark": {
                                    "pdf": "https://static.vlife.kz/icons/Smartphones.pdf",
                                    "svg": "https://static.vlife.kz/icons/car.svg"
                                },
                                "light": {
                                    "pdf": "https://static.vlife.kz/icons/Smartphones.pdf",
                                    "svg": "https://static.vlife.kz/icons/car.svg"
                                }
                            },
                            "isAccent": false,
                            "description": "Дроны и квадрокоптеры ",
                            "isTabbedChildren": false,
                            "children": [
                                
                            ]
                        },
                        {
                            "id": 32368,
                            "name": "Игровые контроллеры",
                            "sort": null,
                            "image": {
                                "dark": {
                                    "pdf": "https://static.vlife.kz/icons/Smartphones.pdf",
                                    "svg": "https://static.vlife.kz/icons/car.svg"
                                },
                                "light": {
                                    "pdf": "https://static.vlife.kz/icons/Smartphones.pdf",
                                    "svg": "https://static.vlife.kz/icons/car.svg"
                                }
                            },
                            "isAccent": false,
                            "description": "Игровые контроллеры ",
                            "isTabbedChildren": false,
                            "children": [
                                
                            ]
                        },
                        {
                            "id": 32369,
                            "name": "Игровые приставки",
                            "sort": null,
                            "image": {
                                "dark": {
                                    "pdf": "https://static.vlife.kz/icons/Smartphones.pdf",
                                    "svg": "https://static.vlife.kz/icons/car.svg"
                                },
                                "light": {
                                    "pdf": "https://static.vlife.kz/icons/Smartphones.pdf",
                                    "svg": "https://static.vlife.kz/icons/car.svg"
                                }
                            },
                            "isAccent": false,
                            "description": "Игровые приставки",
                            "isTabbedChildren": false,
                            "children": [
                                
                            ]
                        },
                        {
                            "id": 32370,
                            "name": "Карты оплаты для игр",
                            "sort": null,
                            "image": {
                                "dark": {
                                    "pdf": "https://static.vlife.kz/icons/Smartphones.pdf",
                                    "svg": "https://static.vlife.kz/icons/car.svg"
                                },
                                "light": {
                                    "pdf": "https://static.vlife.kz/icons/Smartphones.pdf",
                                    "svg": "https://static.vlife.kz/icons/car.svg"
                                }
                            },
                            "isAccent": false,
                            "description": "Карты оплаты для игр ",
                            "isTabbedChildren": false,
                            "children": [
                                
                            ]
                        },
                        {
                            "id": 32371,
                            "name": "Очки виртуальной реальности",
                            "sort": null,
                            "image": {
                                "dark": {
                                    "pdf": "https://static.vlife.kz/icons/Smartphones.pdf",
                                    "svg": "https://static.vlife.kz/icons/car.svg"
                                },
                                "light": {
                                    "pdf": "https://static.vlife.kz/icons/Smartphones.pdf",
                                    "svg": "https://static.vlife.kz/icons/car.svg"
                                }
                            },
                            "isAccent": false,
                            "description": "Очки виртуальной реальности ",
                            "isTabbedChildren": false,
                            "children": [
                                
                            ]
                        }
                    ]
                },
                {
                    "id": 32372,
                    "name": "Фото- и видеокамеры",
                    "sort": null,
                    "image": {
                        "dark": {
                            "pdf": "https://static.vlife.kz/icons/Smartphones.pdf",
                            "svg": "https://static.vlife.kz/icons/car.svg"
                        },
                        "light": {
                            "pdf": "https://static.vlife.kz/icons/Smartphones.pdf",
                            "svg": "https://static.vlife.kz/icons/car.svg"
                        }
                    },
                    "isAccent": false,
                    "description": "Фото- и видеокамеры",
                    "isTabbedChildren": false,
                    "children": [
                        {
                            "id": 32382,
                            "name": "Фотокамеры",
                            "sort": null,
                            "image": {
                                "dark": {
                                    "pdf": "https://static.vlife.kz/icons/Smartphones.pdf",
                                    "svg": "https://static.vlife.kz/icons/car.svg"
                                },
                                "light": {
                                    "pdf": "https://static.vlife.kz/icons/Smartphones.pdf",
                                    "svg": "https://static.vlife.kz/icons/car.svg"
                                }
                            },
                            "isAccent": false,
                            "description": "Фотокамеры ",
                            "isTabbedChildren": false,
                            "children": [
                                
                            ]
                        },
                        {
                            "id": 32383,
                            "name": "Штативы",
                            "sort": null,
                            "image": {
                                "dark": {
                                    "pdf": "https://static.vlife.kz/icons/Smartphones.pdf",
                                    "svg": "https://static.vlife.kz/icons/car.svg"
                                },
                                "light": {
                                    "pdf": "https://static.vlife.kz/icons/Smartphones.pdf",
                                    "svg": "https://static.vlife.kz/icons/car.svg"
                                }
                            },
                            "isAccent": false,
                            "description": "Штативы ",
                            "isTabbedChildren": false,
                            "children": [
                                
                            ]
                        },
                        {
                            "id": 32373,
                            "name": "Аксессуары для экшн камер",
                            "sort": null,
                            "image": {
                                "dark": {
                                    "pdf": "https://static.vlife.kz/icons/Smartphones.pdf",
                                    "svg": "https://static.vlife.kz/icons/car.svg"
                                },
                                "light": {
                                    "pdf": "https://static.vlife.kz/icons/Smartphones.pdf",
                                    "svg": "https://static.vlife.kz/icons/car.svg"
                                }
                            },
                            "isAccent": false,
                            "description": "Аксессуары для экшн камер ",
                            "isTabbedChildren": false,
                            "children": [
                                
                            ]
                        },
                        {
                            "id": 32374,
                            "name": "Видеокамеры",
                            "sort": null,
                            "image": {
                                "dark": {
                                    "pdf": "https://static.vlife.kz/icons/Smartphones.pdf",
                                    "svg": "https://static.vlife.kz/icons/car.svg"
                                },
                                "light": {
                                    "pdf": "https://static.vlife.kz/icons/Smartphones.pdf",
                                    "svg": "https://static.vlife.kz/icons/car.svg"
                                }
                            },
                            "isAccent": false,
                            "description": "Видеокамеры ",
                            "isTabbedChildren": false,
                            "children": [
                                
                            ]
                        },
                        {
                            "id": 32375,
                            "name": "Камеры видеонаблюдения",
                            "sort": null,
                            "image": {
                                "dark": {
                                    "pdf": "https://static.vlife.kz/icons/Smartphones.pdf",
                                    "svg": "https://static.vlife.kz/icons/car.svg"
                                },
                                "light": {
                                    "pdf": "https://static.vlife.kz/icons/Smartphones.pdf",
                                    "svg": "https://static.vlife.kz/icons/car.svg"
                                }
                            },
                            "isAccent": false,
                            "description": "Камеры видеонаблюдения",
                            "isTabbedChildren": false,
                            "children": [
                                
                            ]
                        },
                        {
                            "id": 32376,
                            "name": "Кольцевые лампы",
                            "sort": null,
                            "image": {
                                "dark": {
                                    "pdf": "https://static.vlife.kz/icons/Smartphones.pdf",
                                    "svg": "https://static.vlife.kz/icons/car.svg"
                                },
                                "light": {
                                    "pdf": "https://static.vlife.kz/icons/Smartphones.pdf",
                                    "svg": "https://static.vlife.kz/icons/car.svg"
                                }
                            },
                            "isAccent": false,
                            "description": "Кольцевые лампы",
                            "isTabbedChildren": false,
                            "children": [
                                
                            ]
                        },
                        {
                            "id": 32377,
                            "name": "Объективы",
                            "sort": null,
                            "image": {
                                "dark": {
                                    "pdf": "https://static.vlife.kz/icons/Smartphones.pdf",
                                    "svg": "https://static.vlife.kz/icons/car.svg"
                                },
                                "light": {
                                    "pdf": "https://static.vlife.kz/icons/Smartphones.pdf",
                                    "svg": "https://static.vlife.kz/icons/car.svg"
                                }
                            },
                            "isAccent": false,
                            "description": "Объективы ",
                            "isTabbedChildren": false,
                            "children": [
                                
                            ]
                        },
                        {
                            "id": 32378,
                            "name": "Ручные стабилизаторы и стедикамы",
                            "sort": null,
                            "image": {
                                "dark": {
                                    "pdf": "https://static.vlife.kz/icons/Smartphones.pdf",
                                    "svg": "https://static.vlife.kz/icons/car.svg"
                                },
                                "light": {
                                    "pdf": "https://static.vlife.kz/icons/Smartphones.pdf",
                                    "svg": "https://static.vlife.kz/icons/car.svg"
                                }
                            },
                            "isAccent": false,
                            "description": "Ручные стабилизаторы и стедикамы ",
                            "isTabbedChildren": false,
                            "children": [
                                
                            ]
                        },
                        {
                            "id": 32379,
                            "name": "Софтбоксы",
                            "sort": null,
                            "image": {
                                "dark": {
                                    "pdf": "https://static.vlife.kz/icons/Smartphones.pdf",
                                    "svg": "https://static.vlife.kz/icons/car.svg"
                                },
                                "light": {
                                    "pdf": "https://static.vlife.kz/icons/Smartphones.pdf",
                                    "svg": "https://static.vlife.kz/icons/car.svg"
                                }
                            },
                            "isAccent": false,
                            "description": "Софтбоксы ",
                            "isTabbedChildren": false,
                            "children": [
                                
                            ]
                        },
                        {
                            "id": 32380,
                            "name": "Фотовспышки",
                            "sort": null,
                            "image": {
                                "dark": {
                                    "pdf": "https://static.vlife.kz/icons/Smartphones.pdf",
                                    "svg": "https://static.vlife.kz/icons/car.svg"
                                },
                                "light": {
                                    "pdf": "https://static.vlife.kz/icons/Smartphones.pdf",
                                    "svg": "https://static.vlife.kz/icons/car.svg"
                                }
                            },
                            "isAccent": false,
                            "description": "Фотовспышки ",
                            "isTabbedChildren": false,
                            "children": [
                                
                            ]
                        },
                        {
                            "id": 32381,
                            "name": "Фотокамеры моментальной печати",
                            "sort": null,
                            "image": {
                                "dark": {
                                    "pdf": "https://static.vlife.kz/icons/Smartphones.pdf",
                                    "svg": "https://static.vlife.kz/icons/car.svg"
                                },
                                "light": {
                                    "pdf": "https://static.vlife.kz/icons/Smartphones.pdf",
                                    "svg": "https://static.vlife.kz/icons/car.svg"
                                }
                            },
                            "isAccent": false,
                            "description": "Фотокамеры моментальной печати ",
                            "isTabbedChildren": false,
                            "children": [
                                
                            ]
                        }
                    ]
                }
            ]
        },
        {
            "id": 31297,
            "name": "Косметика и парфюмерия",
            "sort": 7,
            "image": {
                "dark": {
                    "pdf": "https://static.vlife.kz/pdf/market/Beauty_2.pdf",
                    "svg": "https://static.vlife.kz/icons/vlife/market/Beauty_2.svg"
                },
                "light": {
                    "pdf": "https://static.vlife.kz/pdf/market/Beauty_2.pdf",
                    "svg": "https://static.vlife.kz/icons/vlife/market/Beauty_2.svg"
                }
            },
            "isAccent": false,
            "description": "Косметика и парфюмерия",
            "isTabbedChildren": true,
            "children": [
                {
                    "id": 31298,
                    "name": "Женщинам",
                    "sort": null,
                    "image": {
                        "dark": {
                            "pdf": "https://static.vlife.kz/icons/Smartphones.pdf",
                            "svg": "https://static.vlife.kz/icons/car.svg"
                        },
                        "light": {
                            "pdf": "https://static.vlife.kz/icons/Smartphones.pdf",
                            "svg": "https://static.vlife.kz/icons/car.svg"
                        }
                    },
                    "isAccent": false,
                    "description": "Женщинам",
                    "isTabbedChildren": false,
                    "children": [
                        {
                            "id": 31299,
                            "name": "Аксессуары",
                            "sort": null,
                            "image": {
                                "dark": {
                                    "pdf": "https://static.vlife.kz/icons/Smartphones.pdf",
                                    "svg": "https://static.vlife.kz/icons/car.svg"
                                },
                                "light": {
                                    "pdf": "https://static.vlife.kz/icons/Smartphones.pdf",
                                    "svg": "https://static.vlife.kz/icons/car.svg"
                                }
                            },
                            "isAccent": false,
                            "description": "Аксессуары",
                            "isTabbedChildren": false,
                            "children": [
                                
                            ]
                        },
                        {
                            "id": 31304,
                            "name": "Депиляция и эпиляция",
                            "sort": null,
                            "image": {
                                "dark": {
                                    "pdf": "https://static.vlife.kz/icons/Smartphones.pdf",
                                    "svg": "https://static.vlife.kz/icons/car.svg"
                                },
                                "light": {
                                    "pdf": "https://static.vlife.kz/icons/Smartphones.pdf",
                                    "svg": "https://static.vlife.kz/icons/car.svg"
                                }
                            },
                            "isAccent": false,
                            "description": "Депиляция и эпиляция",
                            "isTabbedChildren": false,
                            "children": [
                                
                            ]
                        },
                        {
                            "id": 31309,
                            "name": "Макияж",
                            "sort": null,
                            "image": {
                                "dark": {
                                    "pdf": "https://static.vlife.kz/icons/Smartphones.pdf",
                                    "svg": "https://static.vlife.kz/icons/car.svg"
                                },
                                "light": {
                                    "pdf": "https://static.vlife.kz/icons/Smartphones.pdf",
                                    "svg": "https://static.vlife.kz/icons/car.svg"
                                }
                            },
                            "isAccent": false,
                            "description": "Макияж",
                            "isTabbedChildren": false,
                            "children": [
                                
                            ]
                        },
                        {
                            "id": 31341,
                            "name": "Парфюмерия",
                            "sort": null,
                            "image": {
                                "dark": {
                                    "pdf": "https://static.vlife.kz/icons/Smartphones.pdf",
                                    "svg": "https://static.vlife.kz/icons/car.svg"
                                },
                                "light": {
                                    "pdf": "https://static.vlife.kz/icons/Smartphones.pdf",
                                    "svg": "https://static.vlife.kz/icons/car.svg"
                                }
                            },
                            "isAccent": false,
                            "description": "Парфюмерия",
                            "isTabbedChildren": false,
                            "children": [
                                
                            ]
                        },
                        {
                            "id": 31346,
                            "name": "Подарочные сертификаты",
                            "sort": null,
                            "image": {
                                "dark": {
                                    "pdf": "https://static.vlife.kz/icons/Smartphones.pdf",
                                    "svg": "https://static.vlife.kz/icons/car.svg"
                                },
                                "light": {
                                    "pdf": "https://static.vlife.kz/icons/Smartphones.pdf",
                                    "svg": "https://static.vlife.kz/icons/car.svg"
                                }
                            },
                            "isAccent": false,
                            "description": "Подарочные сертификаты",
                            "isTabbedChildren": false,
                            "children": [
                                
                            ]
                        },
                        {
                            "id": 31347,
                            "name": "Уход за волосами",
                            "sort": null,
                            "image": {
                                "dark": {
                                    "pdf": "https://static.vlife.kz/icons/Smartphones.pdf",
                                    "svg": "https://static.vlife.kz/icons/car.svg"
                                },
                                "light": {
                                    "pdf": "https://static.vlife.kz/icons/Smartphones.pdf",
                                    "svg": "https://static.vlife.kz/icons/car.svg"
                                }
                            },
                            "isAccent": false,
                            "description": "Уход за волосами",
                            "isTabbedChildren": false,
                            "children": [
                                
                            ]
                        },
                        {
                            "id": 31353,
                            "name": "Уход за кожей",
                            "sort": null,
                            "image": {
                                "dark": {
                                    "pdf": "https://static.vlife.kz/icons/Smartphones.pdf",
                                    "svg": "https://static.vlife.kz/icons/car.svg"
                                },
                                "light": {
                                    "pdf": "https://static.vlife.kz/icons/Smartphones.pdf",
                                    "svg": "https://static.vlife.kz/icons/car.svg"
                                }
                            },
                            "isAccent": false,
                            "description": "Уход за кожей",
                            "isTabbedChildren": false,
                            "children": [
                                
                            ]
                        },
                        {
                            "id": 31373,
                            "name": "Уход за ногтями",
                            "sort": null,
                            "image": {
                                "dark": {
                                    "pdf": "https://static.vlife.kz/icons/Smartphones.pdf",
                                    "svg": "https://static.vlife.kz/icons/car.svg"
                                },
                                "light": {
                                    "pdf": "https://static.vlife.kz/icons/Smartphones.pdf",
                                    "svg": "https://static.vlife.kz/icons/car.svg"
                                }
                            },
                            "isAccent": false,
                            "description": "Уход за ногтями",
                            "isTabbedChildren": false,
                            "children": [
                                
                            ]
                        }
                    ]
                },
                {
                    "id": 31378,
                    "name": "Мужчинам",
                    "sort": null,
                    "image": {
                        "dark": {
                            "pdf": "https://static.vlife.kz/icons/Smartphones.pdf",
                            "svg": "https://static.vlife.kz/icons/car.svg"
                        },
                        "light": {
                            "pdf": "https://static.vlife.kz/icons/Smartphones.pdf",
                            "svg": "https://static.vlife.kz/icons/car.svg"
                        }
                    },
                    "isAccent": false,
                    "description": "Мужчинам",
                    "isTabbedChildren": false,
                    "children": [
                        {
                            "id": 31379,
                            "name": "Аксессуары",
                            "sort": null,
                            "image": {
                                "dark": {
                                    "pdf": "https://static.vlife.kz/icons/Smartphones.pdf",
                                    "svg": "https://static.vlife.kz/icons/car.svg"
                                },
                                "light": {
                                    "pdf": "https://static.vlife.kz/icons/Smartphones.pdf",
                                    "svg": "https://static.vlife.kz/icons/car.svg"
                                }
                            },
                            "isAccent": false,
                            "description": "Аксессуары",
                            "isTabbedChildren": false,
                            "children": [
                                
                            ]
                        },
                        {
                            "id": 31380,
                            "name": "Дезодоранты",
                            "sort": null,
                            "image": {
                                "dark": {
                                    "pdf": "https://static.vlife.kz/icons/Smartphones.pdf",
                                    "svg": "https://static.vlife.kz/icons/car.svg"
                                },
                                "light": {
                                    "pdf": "https://static.vlife.kz/icons/Smartphones.pdf",
                                    "svg": "https://static.vlife.kz/icons/car.svg"
                                }
                            },
                            "isAccent": false,
                            "description": "Дезодоранты",
                            "isTabbedChildren": false,
                            "children": [
                                
                            ]
                        },
                        {
                            "id": 31381,
                            "name": "Для бритья",
                            "sort": null,
                            "image": {
                                "dark": {
                                    "pdf": "https://static.vlife.kz/icons/Smartphones.pdf",
                                    "svg": "https://static.vlife.kz/icons/car.svg"
                                },
                                "light": {
                                    "pdf": "https://static.vlife.kz/icons/Smartphones.pdf",
                                    "svg": "https://static.vlife.kz/icons/car.svg"
                                }
                            },
                            "isAccent": false,
                            "description": "Для бритья",
                            "isTabbedChildren": false,
                            "children": [
                                
                            ]
                        },
                        {
                            "id": 31382,
                            "name": "Парфюмерия",
                            "sort": null,
                            "image": {
                                "dark": {
                                    "pdf": "https://static.vlife.kz/icons/Smartphones.pdf",
                                    "svg": "https://static.vlife.kz/icons/car.svg"
                                },
                                "light": {
                                    "pdf": "https://static.vlife.kz/icons/Smartphones.pdf",
                                    "svg": "https://static.vlife.kz/icons/car.svg"
                                }
                            },
                            "isAccent": false,
                            "description": "Парфюмерия",
                            "isTabbedChildren": false,
                            "children": [
                                
                            ]
                        },
                        {
                            "id": 31387,
                            "name": "Подарочные сертификаты",
                            "sort": null,
                            "image": {
                                "dark": {
                                    "pdf": "https://static.vlife.kz/icons/Smartphones.pdf",
                                    "svg": "https://static.vlife.kz/icons/car.svg"
                                },
                                "light": {
                                    "pdf": "https://static.vlife.kz/icons/Smartphones.pdf",
                                    "svg": "https://static.vlife.kz/icons/car.svg"
                                }
                            },
                            "isAccent": false,
                            "description": "Подарочные сертификаты",
                            "isTabbedChildren": false,
                            "children": [
                                
                            ]
                        },
                        {
                            "id": 31388,
                            "name": "Средства для душа и ванны",
                            "sort": null,
                            "image": {
                                "dark": {
                                    "pdf": "https://static.vlife.kz/icons/Smartphones.pdf",
                                    "svg": "https://static.vlife.kz/icons/car.svg"
                                },
                                "light": {
                                    "pdf": "https://static.vlife.kz/icons/Smartphones.pdf",
                                    "svg": "https://static.vlife.kz/icons/car.svg"
                                }
                            },
                            "isAccent": false,
                            "description": "Средства для душа и ванны",
                            "isTabbedChildren": false,
                            "children": [
                                
                            ]
                        },
                        {
                            "id": 31389,
                            "name": "Уход для лица",
                            "sort": null,
                            "image": {
                                "dark": {
                                    "pdf": "https://static.vlife.kz/icons/Smartphones.pdf",
                                    "svg": "https://static.vlife.kz/icons/car.svg"
                                },
                                "light": {
                                    "pdf": "https://static.vlife.kz/icons/Smartphones.pdf",
                                    "svg": "https://static.vlife.kz/icons/car.svg"
                                }
                            },
                            "isAccent": false,
                            "description": "Уход для лица",
                            "isTabbedChildren": false,
                            "children": [
                                
                            ]
                        },
                        {
                            "id": 31397,
                            "name": "Уход для тела",
                            "sort": null,
                            "image": {
                                "dark": {
                                    "pdf": "https://static.vlife.kz/icons/Smartphones.pdf",
                                    "svg": "https://static.vlife.kz/icons/car.svg"
                                },
                                "light": {
                                    "pdf": "https://static.vlife.kz/icons/Smartphones.pdf",
                                    "svg": "https://static.vlife.kz/icons/car.svg"
                                }
                            },
                            "isAccent": false,
                            "description": "Уход для тела",
                            "isTabbedChildren": false,
                            "children": [
                                
                            ]
                        },
                        {
                            "id": 31398,
                            "name": "Уход за волосами",
                            "sort": null,
                            "image": {
                                "dark": {
                                    "pdf": "https://static.vlife.kz/icons/Smartphones.pdf",
                                    "svg": "https://static.vlife.kz/icons/car.svg"
                                },
                                "light": {
                                    "pdf": "https://static.vlife.kz/icons/Smartphones.pdf",
                                    "svg": "https://static.vlife.kz/icons/car.svg"
                                }
                            },
                            "isAccent": false,
                            "description": "Уход за волосами",
                            "isTabbedChildren": false,
                            "children": [
                                
                            ]
                        }
                    ]
                }
            ]
        },
        {
            "id": 31914,
            "name": "Спорт и туризм",
            "sort": 8,
            "image": {
                "dark": {
                    "pdf": "https://static.vlife.kz/pdf/market/Barbell_2.pdf",
                    "svg": "https://static.vlife.kz/icons/vlife/market/Barbell_2.svg"
                },
                "light": {
                    "pdf": "https://static.vlife.kz/pdf/market/Barbell_2.pdf",
                    "svg": "https://static.vlife.kz/icons/vlife/market/Barbell_2.svg"
                }
            },
            "isAccent": false,
            "description": "Спорт и туризм",
            "isTabbedChildren": false,
            "children": [
                {
                    "id": 31915,
                    "name": "Активный отдых",
                    "sort": null,
                    "image": {
                        "dark": {
                            "pdf": "https://static.vlife.kz/icons/Smartphones.pdf",
                            "svg": "https://static.vlife.kz/icons/car.svg"
                        },
                        "light": {
                            "pdf": "https://static.vlife.kz/icons/Smartphones.pdf",
                            "svg": "https://static.vlife.kz/icons/car.svg"
                        }
                    },
                    "isAccent": false,
                    "description": "Активный отдых",
                    "isTabbedChildren": false,
                    "children": [
                        {
                            "id": 31916,
                            "name": "Гироскутеры и моноколеса",
                            "sort": null,
                            "image": {
                                "dark": {
                                    "pdf": "https://static.vlife.kz/icons/Smartphones.pdf",
                                    "svg": "https://static.vlife.kz/icons/car.svg"
                                },
                                "light": {
                                    "pdf": "https://static.vlife.kz/icons/Smartphones.pdf",
                                    "svg": "https://static.vlife.kz/icons/car.svg"
                                }
                            },
                            "isAccent": false,
                            "description": "Гироскутеры и моноколеса ",
                            "isTabbedChildren": false,
                            "children": [
                                
                            ]
                        },
                        {
                            "id": 31917,
                            "name": "Роликовые коньки",
                            "sort": null,
                            "image": {
                                "dark": {
                                    "pdf": "https://static.vlife.kz/icons/Smartphones.pdf",
                                    "svg": "https://static.vlife.kz/icons/car.svg"
                                },
                                "light": {
                                    "pdf": "https://static.vlife.kz/icons/Smartphones.pdf",
                                    "svg": "https://static.vlife.kz/icons/car.svg"
                                }
                            },
                            "isAccent": false,
                            "description": "Роликовые коньки",
                            "isTabbedChildren": false,
                            "children": [
                                
                            ]
                        },
                        {
                            "id": 31918,
                            "name": "Самокаты",
                            "sort": null,
                            "image": {
                                "dark": {
                                    "pdf": "https://static.vlife.kz/icons/Smartphones.pdf",
                                    "svg": "https://static.vlife.kz/icons/car.svg"
                                },
                                "light": {
                                    "pdf": "https://static.vlife.kz/icons/Smartphones.pdf",
                                    "svg": "https://static.vlife.kz/icons/car.svg"
                                }
                            },
                            "isAccent": false,
                            "description": "Самокаты ",
                            "isTabbedChildren": false,
                            "children": [
                                
                            ]
                        },
                        {
                            "id": 31919,
                            "name": "Скейтборды и лонгборды",
                            "sort": null,
                            "image": {
                                "dark": {
                                    "pdf": "https://static.vlife.kz/icons/Smartphones.pdf",
                                    "svg": "https://static.vlife.kz/icons/car.svg"
                                },
                                "light": {
                                    "pdf": "https://static.vlife.kz/icons/Smartphones.pdf",
                                    "svg": "https://static.vlife.kz/icons/car.svg"
                                }
                            },
                            "isAccent": false,
                            "description": "Скейтборды и лонгборды",
                            "isTabbedChildren": false,
                            "children": [
                                
                            ]
                        }
                    ]
                },
                {
                    "id": 31920,
                    "name": "Бокс и единоборства",
                    "sort": null,
                    "image": {
                        "dark": {
                            "pdf": "https://static.vlife.kz/icons/Smartphones.pdf",
                            "svg": "https://static.vlife.kz/icons/car.svg"
                        },
                        "light": {
                            "pdf": "https://static.vlife.kz/icons/Smartphones.pdf",
                            "svg": "https://static.vlife.kz/icons/car.svg"
                        }
                    },
                    "isAccent": false,
                    "description": "Бокс и единоборства",
                    "isTabbedChildren": false,
                    "children": [
                        {
                            "id": 31922,
                            "name": "Боксерские перчатки",
                            "sort": null,
                            "image": {
                                "dark": {
                                    "pdf": "https://static.vlife.kz/icons/Smartphones.pdf",
                                    "svg": "https://static.vlife.kz/icons/car.svg"
                                },
                                "light": {
                                    "pdf": "https://static.vlife.kz/icons/Smartphones.pdf",
                                    "svg": "https://static.vlife.kz/icons/car.svg"
                                }
                            },
                            "isAccent": false,
                            "description": "Боксерские перчатки",
                            "isTabbedChildren": false,
                            "children": [
                                
                            ]
                        },
                        {
                            "id": 31921,
                            "name": "Бинты для единоборств",
                            "sort": null,
                            "image": {
                                "dark": {
                                    "pdf": "https://static.vlife.kz/icons/Smartphones.pdf",
                                    "svg": "https://static.vlife.kz/icons/car.svg"
                                },
                                "light": {
                                    "pdf": "https://static.vlife.kz/icons/Smartphones.pdf",
                                    "svg": "https://static.vlife.kz/icons/car.svg"
                                }
                            },
                            "isAccent": false,
                            "description": "Бинты для единоборств ",
                            "isTabbedChildren": false,
                            "children": [
                                
                            ]
                        },
                        {
                            "id": 31923,
                            "name": "Перчатки для единоборств",
                            "sort": null,
                            "image": {
                                "dark": {
                                    "pdf": "https://static.vlife.kz/icons/Smartphones.pdf",
                                    "svg": "https://static.vlife.kz/icons/car.svg"
                                },
                                "light": {
                                    "pdf": "https://static.vlife.kz/icons/Smartphones.pdf",
                                    "svg": "https://static.vlife.kz/icons/car.svg"
                                }
                            },
                            "isAccent": false,
                            "description": "Перчатки для единоборств ",
                            "isTabbedChildren": false,
                            "children": [
                                
                            ]
                        },
                        {
                            "id": 31924,
                            "name": "Тренировочные снаряды для бокса и единоборств",
                            "sort": null,
                            "image": {
                                "dark": {
                                    "pdf": "https://static.vlife.kz/icons/Smartphones.pdf",
                                    "svg": "https://static.vlife.kz/icons/car.svg"
                                },
                                "light": {
                                    "pdf": "https://static.vlife.kz/icons/Smartphones.pdf",
                                    "svg": "https://static.vlife.kz/icons/car.svg"
                                }
                            },
                            "isAccent": false,
                            "description": "Тренировочные снаряды для бокса и единоборств",
                            "isTabbedChildren": false,
                            "children": [
                                
                            ]
                        }
                    ]
                },
                {
                    "id": 31925,
                    "name": "Велоспорт",
                    "sort": null,
                    "image": {
                        "dark": {
                            "pdf": "https://static.vlife.kz/icons/Smartphones.pdf",
                            "svg": "https://static.vlife.kz/icons/car.svg"
                        },
                        "light": {
                            "pdf": "https://static.vlife.kz/icons/Smartphones.pdf",
                            "svg": "https://static.vlife.kz/icons/car.svg"
                        }
                    },
                    "isAccent": false,
                    "description": "Велоспорт",
                    "isTabbedChildren": false,
                    "children": [
                        {
                            "id": 31926,
                            "name": "Велокомпьютеры",
                            "sort": null,
                            "image": {
                                "dark": {
                                    "pdf": "https://static.vlife.kz/icons/Smartphones.pdf",
                                    "svg": "https://static.vlife.kz/icons/car.svg"
                                },
                                "light": {
                                    "pdf": "https://static.vlife.kz/icons/Smartphones.pdf",
                                    "svg": "https://static.vlife.kz/icons/car.svg"
                                }
                            },
                            "isAccent": false,
                            "description": "Велокомпьютеры ",
                            "isTabbedChildren": false,
                            "children": [
                                
                            ]
                        },
                        {
                            "id": 31927,
                            "name": "Велосипедные замки",
                            "sort": null,
                            "image": {
                                "dark": {
                                    "pdf": "https://static.vlife.kz/icons/Smartphones.pdf",
                                    "svg": "https://static.vlife.kz/icons/car.svg"
                                },
                                "light": {
                                    "pdf": "https://static.vlife.kz/icons/Smartphones.pdf",
                                    "svg": "https://static.vlife.kz/icons/car.svg"
                                }
                            },
                            "isAccent": false,
                            "description": "Велосипедные замки",
                            "isTabbedChildren": false,
                            "children": [
                                
                            ]
                        },
                        {
                            "id": 31928,
                            "name": "Велосипеды",
                            "sort": null,
                            "image": {
                                "dark": {
                                    "pdf": "https://static.vlife.kz/icons/Smartphones.pdf",
                                    "svg": "https://static.vlife.kz/icons/car.svg"
                                },
                                "light": {
                                    "pdf": "https://static.vlife.kz/icons/Smartphones.pdf",
                                    "svg": "https://static.vlife.kz/icons/car.svg"
                                }
                            },
                            "isAccent": false,
                            "description": "Велосипеды ",
                            "isTabbedChildren": false,
                            "children": [
                                
                            ]
                        },
                        {
                            "id": 31929,
                            "name": "Велостанки",
                            "sort": null,
                            "image": {
                                "dark": {
                                    "pdf": "https://static.vlife.kz/icons/Smartphones.pdf",
                                    "svg": "https://static.vlife.kz/icons/car.svg"
                                },
                                "light": {
                                    "pdf": "https://static.vlife.kz/icons/Smartphones.pdf",
                                    "svg": "https://static.vlife.kz/icons/car.svg"
                                }
                            },
                            "isAccent": false,
                            "description": "Велостанки ",
                            "isTabbedChildren": false,
                            "children": [
                                
                            ]
                        },
                        {
                            "id": 31930,
                            "name": "Колеса для велосипедов",
                            "sort": null,
                            "image": {
                                "dark": {
                                    "pdf": "https://static.vlife.kz/icons/Smartphones.pdf",
                                    "svg": "https://static.vlife.kz/icons/car.svg"
                                },
                                "light": {
                                    "pdf": "https://static.vlife.kz/icons/Smartphones.pdf",
                                    "svg": "https://static.vlife.kz/icons/car.svg"
                                }
                            },
                            "isAccent": false,
                            "description": "Колеса для велосипедов ",
                            "isTabbedChildren": false,
                            "children": [
                                
                            ]
                        },
                        {
                            "id": 31931,
                            "name": "Крылья для велосипедов",
                            "sort": null,
                            "image": {
                                "dark": {
                                    "pdf": "https://static.vlife.kz/icons/Smartphones.pdf",
                                    "svg": "https://static.vlife.kz/icons/car.svg"
                                },
                                "light": {
                                    "pdf": "https://static.vlife.kz/icons/Smartphones.pdf",
                                    "svg": "https://static.vlife.kz/icons/car.svg"
                                }
                            },
                            "isAccent": false,
                            "description": "Крылья для велосипедов ",
                            "isTabbedChildren": false,
                            "children": [
                                
                            ]
                        },
                        {
                            "id": 31932,
                            "name": "Фонари для велосипедов",
                            "sort": null,
                            "image": {
                                "dark": {
                                    "pdf": "https://static.vlife.kz/icons/Smartphones.pdf",
                                    "svg": "https://static.vlife.kz/icons/car.svg"
                                },
                                "light": {
                                    "pdf": "https://static.vlife.kz/icons/Smartphones.pdf",
                                    "svg": "https://static.vlife.kz/icons/car.svg"
                                }
                            },
                            "isAccent": false,
                            "description": "Фонари для велосипедов ",
                            "isTabbedChildren": false,
                            "children": [
                                
                            ]
                        },
                        {
                            "id": 31933,
                            "name": "Электровелосипеды",
                            "sort": null,
                            "image": {
                                "dark": {
                                    "pdf": "https://static.vlife.kz/icons/Smartphones.pdf",
                                    "svg": "https://static.vlife.kz/icons/car.svg"
                                },
                                "light": {
                                    "pdf": "https://static.vlife.kz/icons/Smartphones.pdf",
                                    "svg": "https://static.vlife.kz/icons/car.svg"
                                }
                            },
                            "isAccent": false,
                            "description": "Электровелосипеды",
                            "isTabbedChildren": false,
                            "children": [
                                
                            ]
                        }
                    ]
                },
                {
                    "id": 31934,
                    "name": "Водный спорт",
                    "sort": null,
                    "image": {
                        "dark": {
                            "pdf": "https://static.vlife.kz/icons/Smartphones.pdf",
                            "svg": "https://static.vlife.kz/icons/car.svg"
                        },
                        "light": {
                            "pdf": "https://static.vlife.kz/icons/Smartphones.pdf",
                            "svg": "https://static.vlife.kz/icons/car.svg"
                        }
                    },
                    "isAccent": false,
                    "description": "Водный спорт",
                    "isTabbedChildren": false,
                    "children": [
                        {
                            "id": 31935,
                            "name": "Гидрокостюмы",
                            "sort": null,
                            "image": {
                                "dark": {
                                    "pdf": "https://static.vlife.kz/icons/Smartphones.pdf",
                                    "svg": "https://static.vlife.kz/icons/car.svg"
                                },
                                "light": {
                                    "pdf": "https://static.vlife.kz/icons/Smartphones.pdf",
                                    "svg": "https://static.vlife.kz/icons/car.svg"
                                }
                            },
                            "isAccent": false,
                            "description": "Гидрокостюмы ",
                            "isTabbedChildren": false,
                            "children": [
                                
                            ]
                        },
                        {
                            "id": 31936,
                            "name": "Гидрообувь",
                            "sort": null,
                            "image": {
                                "dark": {
                                    "pdf": "https://static.vlife.kz/icons/Smartphones.pdf",
                                    "svg": "https://static.vlife.kz/icons/car.svg"
                                },
                                "light": {
                                    "pdf": "https://static.vlife.kz/icons/Smartphones.pdf",
                                    "svg": "https://static.vlife.kz/icons/car.svg"
                                }
                            },
                            "isAccent": false,
                            "description": "Гидрообувь ",
                            "isTabbedChildren": false,
                            "children": [
                                
                            ]
                        },
                        {
                            "id": 31937,
                            "name": "Ласты для плавания",
                            "sort": null,
                            "image": {
                                "dark": {
                                    "pdf": "https://static.vlife.kz/icons/Smartphones.pdf",
                                    "svg": "https://static.vlife.kz/icons/car.svg"
                                },
                                "light": {
                                    "pdf": "https://static.vlife.kz/icons/Smartphones.pdf",
                                    "svg": "https://static.vlife.kz/icons/car.svg"
                                }
                            },
                            "isAccent": false,
                            "description": "Ласты для плавания",
                            "isTabbedChildren": false,
                            "children": [
                                
                            ]
                        },
                        {
                            "id": 31938,
                            "name": "Маски и трубки для подводного плавания",
                            "sort": null,
                            "image": {
                                "dark": {
                                    "pdf": "https://static.vlife.kz/icons/Smartphones.pdf",
                                    "svg": "https://static.vlife.kz/icons/car.svg"
                                },
                                "light": {
                                    "pdf": "https://static.vlife.kz/icons/Smartphones.pdf",
                                    "svg": "https://static.vlife.kz/icons/car.svg"
                                }
                            },
                            "isAccent": false,
                            "description": "Маски и трубки для подводного плавания ",
                            "isTabbedChildren": false,
                            "children": [
                                
                            ]
                        },
                        {
                            "id": 31939,
                            "name": "Очки для плавания",
                            "sort": null,
                            "image": {
                                "dark": {
                                    "pdf": "https://static.vlife.kz/icons/Smartphones.pdf",
                                    "svg": "https://static.vlife.kz/icons/car.svg"
                                },
                                "light": {
                                    "pdf": "https://static.vlife.kz/icons/Smartphones.pdf",
                                    "svg": "https://static.vlife.kz/icons/car.svg"
                                }
                            },
                            "isAccent": false,
                            "description": "Очки для плавания",
                            "isTabbedChildren": false,
                            "children": [
                                
                            ]
                        },
                        {
                            "id": 31940,
                            "name": "Шапочки для плавания",
                            "sort": null,
                            "image": {
                                "dark": {
                                    "pdf": "https://static.vlife.kz/icons/Smartphones.pdf",
                                    "svg": "https://static.vlife.kz/icons/car.svg"
                                },
                                "light": {
                                    "pdf": "https://static.vlife.kz/icons/Smartphones.pdf",
                                    "svg": "https://static.vlife.kz/icons/car.svg"
                                }
                            },
                            "isAccent": false,
                            "description": "Шапочки для плавания ",
                            "isTabbedChildren": false,
                            "children": [
                                
                            ]
                        }
                    ]
                },
                {
                    "id": 31941,
                    "name": "Зимний спорт",
                    "sort": null,
                    "image": {
                        "dark": {
                            "pdf": "https://static.vlife.kz/icons/Smartphones.pdf",
                            "svg": "https://static.vlife.kz/icons/car.svg"
                        },
                        "light": {
                            "pdf": "https://static.vlife.kz/icons/Smartphones.pdf",
                            "svg": "https://static.vlife.kz/icons/car.svg"
                        }
                    },
                    "isAccent": false,
                    "description": "Зимний спорт",
                    "isTabbedChildren": false,
                    "children": [
                        {
                            "id": 31942,
                            "name": "Ботинки для лыж",
                            "sort": null,
                            "image": {
                                "dark": {
                                    "pdf": "https://static.vlife.kz/icons/Smartphones.pdf",
                                    "svg": "https://static.vlife.kz/icons/car.svg"
                                },
                                "light": {
                                    "pdf": "https://static.vlife.kz/icons/Smartphones.pdf",
                                    "svg": "https://static.vlife.kz/icons/car.svg"
                                }
                            },
                            "isAccent": false,
                            "description": "Ботинки для лыж",
                            "isTabbedChildren": false,
                            "children": [
                                
                            ]
                        },
                        {
                            "id": 31943,
                            "name": "Коньки",
                            "sort": null,
                            "image": {
                                "dark": {
                                    "pdf": "https://static.vlife.kz/icons/Smartphones.pdf",
                                    "svg": "https://static.vlife.kz/icons/car.svg"
                                },
                                "light": {
                                    "pdf": "https://static.vlife.kz/icons/Smartphones.pdf",
                                    "svg": "https://static.vlife.kz/icons/car.svg"
                                }
                            },
                            "isAccent": false,
                            "description": "Коньки ",
                            "isTabbedChildren": false,
                            "children": [
                                
                            ]
                        },
                        {
                            "id": 31944,
                            "name": "Крепления для сноубордов",
                            "sort": null,
                            "image": {
                                "dark": {
                                    "pdf": "https://static.vlife.kz/icons/Smartphones.pdf",
                                    "svg": "https://static.vlife.kz/icons/car.svg"
                                },
                                "light": {
                                    "pdf": "https://static.vlife.kz/icons/Smartphones.pdf",
                                    "svg": "https://static.vlife.kz/icons/car.svg"
                                }
                            },
                            "isAccent": false,
                            "description": "Крепления для сноубордов ",
                            "isTabbedChildren": false,
                            "children": [
                                
                            ]
                        },
                        {
                            "id": 31945,
                            "name": "Ледянки",
                            "sort": null,
                            "image": {
                                "dark": {
                                    "pdf": "https://static.vlife.kz/icons/Smartphones.pdf",
                                    "svg": "https://static.vlife.kz/icons/car.svg"
                                },
                                "light": {
                                    "pdf": "https://static.vlife.kz/icons/Smartphones.pdf",
                                    "svg": "https://static.vlife.kz/icons/car.svg"
                                }
                            },
                            "isAccent": false,
                            "description": "Ледянки ",
                            "isTabbedChildren": false,
                            "children": [
                                
                            ]
                        },
                        {
                            "id": 31946,
                            "name": "Лыжи",
                            "sort": null,
                            "image": {
                                "dark": {
                                    "pdf": "https://static.vlife.kz/icons/Smartphones.pdf",
                                    "svg": "https://static.vlife.kz/icons/car.svg"
                                },
                                "light": {
                                    "pdf": "https://static.vlife.kz/icons/Smartphones.pdf",
                                    "svg": "https://static.vlife.kz/icons/car.svg"
                                }
                            },
                            "isAccent": false,
                            "description": "Лыжи ",
                            "isTabbedChildren": false,
                            "children": [
                                
                            ]
                        },
                        {
                            "id": 31947,
                            "name": "Маски горнолыжные",
                            "sort": null,
                            "image": {
                                "dark": {
                                    "pdf": "https://static.vlife.kz/icons/Smartphones.pdf",
                                    "svg": "https://static.vlife.kz/icons/car.svg"
                                },
                                "light": {
                                    "pdf": "https://static.vlife.kz/icons/Smartphones.pdf",
                                    "svg": "https://static.vlife.kz/icons/car.svg"
                                }
                            },
                            "isAccent": false,
                            "description": "Маски горнолыжные",
                            "isTabbedChildren": false,
                            "children": [
                                
                            ]
                        },
                        {
                            "id": 31948,
                            "name": "Санки и снегокаты",
                            "sort": null,
                            "image": {
                                "dark": {
                                    "pdf": "https://static.vlife.kz/icons/Smartphones.pdf",
                                    "svg": "https://static.vlife.kz/icons/car.svg"
                                },
                                "light": {
                                    "pdf": "https://static.vlife.kz/icons/Smartphones.pdf",
                                    "svg": "https://static.vlife.kz/icons/car.svg"
                                }
                            },
                            "isAccent": false,
                            "description": "Санки и снегокаты",
                            "isTabbedChildren": false,
                            "children": [
                                
                            ]
                        },
                        {
                            "id": 31949,
                            "name": "Сноуборды",
                            "sort": null,
                            "image": {
                                "dark": {
                                    "pdf": "https://static.vlife.kz/icons/Smartphones.pdf",
                                    "svg": "https://static.vlife.kz/icons/car.svg"
                                },
                                "light": {
                                    "pdf": "https://static.vlife.kz/icons/Smartphones.pdf",
                                    "svg": "https://static.vlife.kz/icons/car.svg"
                                }
                            },
                            "isAccent": false,
                            "description": "Сноуборды ",
                            "isTabbedChildren": false,
                            "children": [
                                
                            ]
                        },
                        {
                            "id": 31950,
                            "name": "Тюбинги",
                            "sort": null,
                            "image": {
                                "dark": {
                                    "pdf": "https://static.vlife.kz/icons/Smartphones.pdf",
                                    "svg": "https://static.vlife.kz/icons/car.svg"
                                },
                                "light": {
                                    "pdf": "https://static.vlife.kz/icons/Smartphones.pdf",
                                    "svg": "https://static.vlife.kz/icons/car.svg"
                                }
                            },
                            "isAccent": false,
                            "description": "Тюбинги ",
                            "isTabbedChildren": false,
                            "children": [
                                
                            ]
                        },
                        {
                            "id": 31951,
                            "name": "Хоккейные клюшки",
                            "sort": null,
                            "image": {
                                "dark": {
                                    "pdf": "https://static.vlife.kz/icons/Smartphones.pdf",
                                    "svg": "https://static.vlife.kz/icons/car.svg"
                                },
                                "light": {
                                    "pdf": "https://static.vlife.kz/icons/Smartphones.pdf",
                                    "svg": "https://static.vlife.kz/icons/car.svg"
                                }
                            },
                            "isAccent": false,
                            "description": "Хоккейные клюшки",
                            "isTabbedChildren": false,
                            "children": [
                                
                            ]
                        },
                        {
                            "id": 31952,
                            "name": "Шлемы спортивные",
                            "sort": null,
                            "image": {
                                "dark": {
                                    "pdf": "https://static.vlife.kz/icons/Smartphones.pdf",
                                    "svg": "https://static.vlife.kz/icons/car.svg"
                                },
                                "light": {
                                    "pdf": "https://static.vlife.kz/icons/Smartphones.pdf",
                                    "svg": "https://static.vlife.kz/icons/car.svg"
                                }
                            },
                            "isAccent": false,
                            "description": "Шлемы спортивные",
                            "isTabbedChildren": false,
                            "children": [
                                
                            ]
                        }
                    ]
                },
                {
                    "id": 31953,
                    "name": "Спортивная защита",
                    "sort": null,
                    "image": {
                        "dark": {
                            "pdf": "https://static.vlife.kz/icons/Smartphones.pdf",
                            "svg": "https://static.vlife.kz/icons/car.svg"
                        },
                        "light": {
                            "pdf": "https://static.vlife.kz/icons/Smartphones.pdf",
                            "svg": "https://static.vlife.kz/icons/car.svg"
                        }
                    },
                    "isAccent": false,
                    "description": "Спортивная защита",
                    "isTabbedChildren": false,
                    "children": [
                        {
                            "id": 31960,
                            "name": "Налокотники",
                            "sort": null,
                            "image": {
                                "dark": {
                                    "pdf": "https://static.vlife.kz/icons/Smartphones.pdf",
                                    "svg": "https://static.vlife.kz/icons/car.svg"
                                },
                                "light": {
                                    "pdf": "https://static.vlife.kz/icons/Smartphones.pdf",
                                    "svg": "https://static.vlife.kz/icons/car.svg"
                                }
                            },
                            "isAccent": false,
                            "description": "Налокотники ",
                            "isTabbedChildren": false,
                            "children": [
                                
                            ]
                        },
                        {
                            "id": 31954,
                            "name": "Защитные шорты",
                            "sort": null,
                            "image": {
                                "dark": {
                                    "pdf": "https://static.vlife.kz/icons/Smartphones.pdf",
                                    "svg": "https://static.vlife.kz/icons/car.svg"
                                },
                                "light": {
                                    "pdf": "https://static.vlife.kz/icons/Smartphones.pdf",
                                    "svg": "https://static.vlife.kz/icons/car.svg"
                                }
                            },
                            "isAccent": false,
                            "description": "Защитные шорты ",
                            "isTabbedChildren": false,
                            "children": [
                                
                            ]
                        },
                        {
                            "id": 31955,
                            "name": "Капы спортивные",
                            "sort": null,
                            "image": {
                                "dark": {
                                    "pdf": "https://static.vlife.kz/icons/Smartphones.pdf",
                                    "svg": "https://static.vlife.kz/icons/car.svg"
                                },
                                "light": {
                                    "pdf": "https://static.vlife.kz/icons/Smartphones.pdf",
                                    "svg": "https://static.vlife.kz/icons/car.svg"
                                }
                            },
                            "isAccent": false,
                            "description": "Капы спортивные",
                            "isTabbedChildren": false,
                            "children": [
                                
                            ]
                        },
                        {
                            "id": 31956,
                            "name": "Кинезио тейпы",
                            "sort": null,
                            "image": {
                                "dark": {
                                    "pdf": "https://static.vlife.kz/icons/Smartphones.pdf",
                                    "svg": "https://static.vlife.kz/icons/car.svg"
                                },
                                "light": {
                                    "pdf": "https://static.vlife.kz/icons/Smartphones.pdf",
                                    "svg": "https://static.vlife.kz/icons/car.svg"
                                }
                            },
                            "isAccent": false,
                            "description": "Кинезио тейпы ",
                            "isTabbedChildren": false,
                            "children": [
                                
                            ]
                        },
                        {
                            "id": 31957,
                            "name": "Наборы спортивной защиты",
                            "sort": null,
                            "image": {
                                "dark": {
                                    "pdf": "https://static.vlife.kz/icons/Smartphones.pdf",
                                    "svg": "https://static.vlife.kz/icons/car.svg"
                                },
                                "light": {
                                    "pdf": "https://static.vlife.kz/icons/Smartphones.pdf",
                                    "svg": "https://static.vlife.kz/icons/car.svg"
                                }
                            },
                            "isAccent": false,
                            "description": "Наборы спортивной защиты ",
                            "isTabbedChildren": false,
                            "children": [
                                
                            ]
                        },
                        {
                            "id": 31958,
                            "name": "Нагрудники",
                            "sort": null,
                            "image": {
                                "dark": {
                                    "pdf": "https://static.vlife.kz/icons/Smartphones.pdf",
                                    "svg": "https://static.vlife.kz/icons/car.svg"
                                },
                                "light": {
                                    "pdf": "https://static.vlife.kz/icons/Smartphones.pdf",
                                    "svg": "https://static.vlife.kz/icons/car.svg"
                                }
                            },
                            "isAccent": false,
                            "description": "Нагрудники ",
                            "isTabbedChildren": false,
                            "children": [
                                
                            ]
                        },
                        {
                            "id": 31959,
                            "name": "Наколенники",
                            "sort": null,
                            "image": {
                                "dark": {
                                    "pdf": "https://static.vlife.kz/icons/Smartphones.pdf",
                                    "svg": "https://static.vlife.kz/icons/car.svg"
                                },
                                "light": {
                                    "pdf": "https://static.vlife.kz/icons/Smartphones.pdf",
                                    "svg": "https://static.vlife.kz/icons/car.svg"
                                }
                            },
                            "isAccent": false,
                            "description": "Наколенники ",
                            "isTabbedChildren": false,
                            "children": [
                                
                            ]
                        },
                        {
                            "id": 31961,
                            "name": "Спортивные бандажи",
                            "sort": null,
                            "image": {
                                "dark": {
                                    "pdf": "https://static.vlife.kz/icons/Smartphones.pdf",
                                    "svg": "https://static.vlife.kz/icons/car.svg"
                                },
                                "light": {
                                    "pdf": "https://static.vlife.kz/icons/Smartphones.pdf",
                                    "svg": "https://static.vlife.kz/icons/car.svg"
                                }
                            },
                            "isAccent": false,
                            "description": "Спортивные бандажи ",
                            "isTabbedChildren": false,
                            "children": [
                                
                            ]
                        },
                        {
                            "id": 31962,
                            "name": "Спортивные перчатки",
                            "sort": null,
                            "image": {
                                "dark": {
                                    "pdf": "https://static.vlife.kz/icons/Smartphones.pdf",
                                    "svg": "https://static.vlife.kz/icons/car.svg"
                                },
                                "light": {
                                    "pdf": "https://static.vlife.kz/icons/Smartphones.pdf",
                                    "svg": "https://static.vlife.kz/icons/car.svg"
                                }
                            },
                            "isAccent": false,
                            "description": "Спортивные перчатки ",
                            "isTabbedChildren": false,
                            "children": [
                                
                            ]
                        },
                        {
                            "id": 31963,
                            "name": "Щитки",
                            "sort": null,
                            "image": {
                                "dark": {
                                    "pdf": "https://static.vlife.kz/icons/Smartphones.pdf",
                                    "svg": "https://static.vlife.kz/icons/car.svg"
                                },
                                "light": {
                                    "pdf": "https://static.vlife.kz/icons/Smartphones.pdf",
                                    "svg": "https://static.vlife.kz/icons/car.svg"
                                }
                            },
                            "isAccent": false,
                            "description": "Щитки ",
                            "isTabbedChildren": false,
                            "children": [
                                
                            ]
                        }
                    ]
                },
                {
                    "id": 31964,
                    "name": "Спортивная одежда",
                    "sort": null,
                    "image": {
                        "dark": {
                            "pdf": "https://static.vlife.kz/icons/Smartphones.pdf",
                            "svg": "https://static.vlife.kz/icons/car.svg"
                        },
                        "light": {
                            "pdf": "https://static.vlife.kz/icons/Smartphones.pdf",
                            "svg": "https://static.vlife.kz/icons/car.svg"
                        }
                    },
                    "isAccent": false,
                    "description": "Спортивная одежда",
                    "isTabbedChildren": false,
                    "children": [
                        {
                            "id": 31965,
                            "name": "Горнолыжные брюки",
                            "sort": null,
                            "image": {
                                "dark": {
                                    "pdf": "https://static.vlife.kz/icons/Smartphones.pdf",
                                    "svg": "https://static.vlife.kz/icons/car.svg"
                                },
                                "light": {
                                    "pdf": "https://static.vlife.kz/icons/Smartphones.pdf",
                                    "svg": "https://static.vlife.kz/icons/car.svg"
                                }
                            },
                            "isAccent": false,
                            "description": "Горнолыжные брюки",
                            "isTabbedChildren": false,
                            "children": [
                                
                            ]
                        },
                        {
                            "id": 31966,
                            "name": "Горнолыжные костюмы",
                            "sort": null,
                            "image": {
                                "dark": {
                                    "pdf": "https://static.vlife.kz/icons/Smartphones.pdf",
                                    "svg": "https://static.vlife.kz/icons/car.svg"
                                },
                                "light": {
                                    "pdf": "https://static.vlife.kz/icons/Smartphones.pdf",
                                    "svg": "https://static.vlife.kz/icons/car.svg"
                                }
                            },
                            "isAccent": false,
                            "description": "Горнолыжные костюмы ",
                            "isTabbedChildren": false,
                            "children": [
                                
                            ]
                        },
                        {
                            "id": 31967,
                            "name": "Горнолыжные куртки",
                            "sort": null,
                            "image": {
                                "dark": {
                                    "pdf": "https://static.vlife.kz/icons/Smartphones.pdf",
                                    "svg": "https://static.vlife.kz/icons/car.svg"
                                },
                                "light": {
                                    "pdf": "https://static.vlife.kz/icons/Smartphones.pdf",
                                    "svg": "https://static.vlife.kz/icons/car.svg"
                                }
                            },
                            "isAccent": false,
                            "description": "Горнолыжные куртки ",
                            "isTabbedChildren": false,
                            "children": [
                                
                            ]
                        },
                        {
                            "id": 31968,
                            "name": "Спортивная форма",
                            "sort": null,
                            "image": {
                                "dark": {
                                    "pdf": "https://static.vlife.kz/icons/Smartphones.pdf",
                                    "svg": "https://static.vlife.kz/icons/car.svg"
                                },
                                "light": {
                                    "pdf": "https://static.vlife.kz/icons/Smartphones.pdf",
                                    "svg": "https://static.vlife.kz/icons/car.svg"
                                }
                            },
                            "isAccent": false,
                            "description": "Спортивная форма",
                            "isTabbedChildren": false,
                            "children": [
                                
                            ]
                        },
                        {
                            "id": 31969,
                            "name": "Термобелье",
                            "sort": null,
                            "image": {
                                "dark": {
                                    "pdf": "https://static.vlife.kz/icons/Smartphones.pdf",
                                    "svg": "https://static.vlife.kz/icons/car.svg"
                                },
                                "light": {
                                    "pdf": "https://static.vlife.kz/icons/Smartphones.pdf",
                                    "svg": "https://static.vlife.kz/icons/car.svg"
                                }
                            },
                            "isAccent": false,
                            "description": "Термобелье ",
                            "isTabbedChildren": false,
                            "children": [
                                
                            ]
                        }
                    ]
                },
                {
                    "id": 31970,
                    "name": "Спортивное питание",
                    "sort": null,
                    "image": {
                        "dark": {
                            "pdf": "https://static.vlife.kz/icons/Smartphones.pdf",
                            "svg": "https://static.vlife.kz/icons/car.svg"
                        },
                        "light": {
                            "pdf": "https://static.vlife.kz/icons/Smartphones.pdf",
                            "svg": "https://static.vlife.kz/icons/car.svg"
                        }
                    },
                    "isAccent": false,
                    "description": "Спортивное питание",
                    "isTabbedChildren": false,
                    "children": [
                        {
                            "id": 31971,
                            "name": "Аминокислоты и bcaa",
                            "sort": null,
                            "image": {
                                "dark": {
                                    "pdf": "https://static.vlife.kz/icons/Smartphones.pdf",
                                    "svg": "https://static.vlife.kz/icons/car.svg"
                                },
                                "light": {
                                    "pdf": "https://static.vlife.kz/icons/Smartphones.pdf",
                                    "svg": "https://static.vlife.kz/icons/car.svg"
                                }
                            },
                            "isAccent": false,
                            "description": "Аминокислоты и bcaa ",
                            "isTabbedChildren": false,
                            "children": [
                                
                            ]
                        },
                        {
                            "id": 31972,
                            "name": "Гейнеры",
                            "sort": null,
                            "image": {
                                "dark": {
                                    "pdf": "https://static.vlife.kz/icons/Smartphones.pdf",
                                    "svg": "https://static.vlife.kz/icons/car.svg"
                                },
                                "light": {
                                    "pdf": "https://static.vlife.kz/icons/Smartphones.pdf",
                                    "svg": "https://static.vlife.kz/icons/car.svg"
                                }
                            },
                            "isAccent": false,
                            "description": "Гейнеры ",
                            "isTabbedChildren": false,
                            "children": [
                                
                            ]
                        },
                        {
                            "id": 31973,
                            "name": "Жиросжигатели",
                            "sort": null,
                            "image": {
                                "dark": {
                                    "pdf": "https://static.vlife.kz/icons/Smartphones.pdf",
                                    "svg": "https://static.vlife.kz/icons/car.svg"
                                },
                                "light": {
                                    "pdf": "https://static.vlife.kz/icons/Smartphones.pdf",
                                    "svg": "https://static.vlife.kz/icons/car.svg"
                                }
                            },
                            "isAccent": false,
                            "description": "Жиросжигатели",
                            "isTabbedChildren": false,
                            "children": [
                                
                            ]
                        },
                        {
                            "id": 31974,
                            "name": "Креатин",
                            "sort": null,
                            "image": {
                                "dark": {
                                    "pdf": "https://static.vlife.kz/icons/Smartphones.pdf",
                                    "svg": "https://static.vlife.kz/icons/car.svg"
                                },
                                "light": {
                                    "pdf": "https://static.vlife.kz/icons/Smartphones.pdf",
                                    "svg": "https://static.vlife.kz/icons/car.svg"
                                }
                            },
                            "isAccent": false,
                            "description": "Креатин ",
                            "isTabbedChildren": false,
                            "children": [
                                
                            ]
                        },
                        {
                            "id": 31975,
                            "name": "Посттренировочные комплексы для спортсменов",
                            "sort": null,
                            "image": {
                                "dark": {
                                    "pdf": "https://static.vlife.kz/icons/Smartphones.pdf",
                                    "svg": "https://static.vlife.kz/icons/car.svg"
                                },
                                "light": {
                                    "pdf": "https://static.vlife.kz/icons/Smartphones.pdf",
                                    "svg": "https://static.vlife.kz/icons/car.svg"
                                }
                            },
                            "isAccent": false,
                            "description": "Посттренировочные комплексы для спортсменов ",
                            "isTabbedChildren": false,
                            "children": [
                                
                            ]
                        },
                        {
                            "id": 31976,
                            "name": "Предтренировочные комплексы для спортсменов",
                            "sort": null,
                            "image": {
                                "dark": {
                                    "pdf": "https://static.vlife.kz/icons/Smartphones.pdf",
                                    "svg": "https://static.vlife.kz/icons/car.svg"
                                },
                                "light": {
                                    "pdf": "https://static.vlife.kz/icons/Smartphones.pdf",
                                    "svg": "https://static.vlife.kz/icons/car.svg"
                                }
                            },
                            "isAccent": false,
                            "description": "Предтренировочные комплексы для спортсменов ",
                            "isTabbedChildren": false,
                            "children": [
                                
                            ]
                        },
                        {
                            "id": 31977,
                            "name": "Препараты для укрепления связок и суставов",
                            "sort": null,
                            "image": {
                                "dark": {
                                    "pdf": "https://static.vlife.kz/icons/Smartphones.pdf",
                                    "svg": "https://static.vlife.kz/icons/car.svg"
                                },
                                "light": {
                                    "pdf": "https://static.vlife.kz/icons/Smartphones.pdf",
                                    "svg": "https://static.vlife.kz/icons/car.svg"
                                }
                            },
                            "isAccent": false,
                            "description": "Препараты для укрепления связок и суставов ",
                            "isTabbedChildren": false,
                            "children": [
                                
                            ]
                        },
                        {
                            "id": 31978,
                            "name": "Протеин",
                            "sort": null,
                            "image": {
                                "dark": {
                                    "pdf": "https://static.vlife.kz/icons/Smartphones.pdf",
                                    "svg": "https://static.vlife.kz/icons/car.svg"
                                },
                                "light": {
                                    "pdf": "https://static.vlife.kz/icons/Smartphones.pdf",
                                    "svg": "https://static.vlife.kz/icons/car.svg"
                                }
                            },
                            "isAccent": false,
                            "description": "Протеин ",
                            "isTabbedChildren": false,
                            "children": [
                                
                            ]
                        },
                        {
                            "id": 31979,
                            "name": "Специальное питание для спортсменов",
                            "sort": null,
                            "image": {
                                "dark": {
                                    "pdf": "https://static.vlife.kz/icons/Smartphones.pdf",
                                    "svg": "https://static.vlife.kz/icons/car.svg"
                                },
                                "light": {
                                    "pdf": "https://static.vlife.kz/icons/Smartphones.pdf",
                                    "svg": "https://static.vlife.kz/icons/car.svg"
                                }
                            },
                            "isAccent": false,
                            "description": "Специальное питание для спортсменов ",
                            "isTabbedChildren": false,
                            "children": [
                                
                            ]
                        },
                        {
                            "id": 31980,
                            "name": "Тестостероновые бустеры",
                            "sort": null,
                            "image": {
                                "dark": {
                                    "pdf": "https://static.vlife.kz/icons/Smartphones.pdf",
                                    "svg": "https://static.vlife.kz/icons/car.svg"
                                },
                                "light": {
                                    "pdf": "https://static.vlife.kz/icons/Smartphones.pdf",
                                    "svg": "https://static.vlife.kz/icons/car.svg"
                                }
                            },
                            "isAccent": false,
                            "description": "Тестостероновые бустеры ",
                            "isTabbedChildren": false,
                            "children": [
                                
                            ]
                        },
                        {
                            "id": 31981,
                            "name": "Шейкеры и бутылки для спортсменов",
                            "sort": null,
                            "image": {
                                "dark": {
                                    "pdf": "https://static.vlife.kz/icons/Smartphones.pdf",
                                    "svg": "https://static.vlife.kz/icons/car.svg"
                                },
                                "light": {
                                    "pdf": "https://static.vlife.kz/icons/Smartphones.pdf",
                                    "svg": "https://static.vlife.kz/icons/car.svg"
                                }
                            },
                            "isAccent": false,
                            "description": "Шейкеры и бутылки для спортсменов",
                            "isTabbedChildren": false,
                            "children": [
                                
                            ]
                        }
                    ]
                },
                {
                    "id": 31982,
                    "name": "Спортивные игры",
                    "sort": null,
                    "image": {
                        "dark": {
                            "pdf": "https://static.vlife.kz/icons/Smartphones.pdf",
                            "svg": "https://static.vlife.kz/icons/car.svg"
                        },
                        "light": {
                            "pdf": "https://static.vlife.kz/icons/Smartphones.pdf",
                            "svg": "https://static.vlife.kz/icons/car.svg"
                        }
                    },
                    "isAccent": false,
                    "description": "Спортивные игры",
                    "isTabbedChildren": false,
                    "children": [
                        {
                            "id": 31983,
                            "name": "Аксессуары для настольного тенниса",
                            "sort": null,
                            "image": {
                                "dark": {
                                    "pdf": "https://static.vlife.kz/icons/Smartphones.pdf",
                                    "svg": "https://static.vlife.kz/icons/car.svg"
                                },
                                "light": {
                                    "pdf": "https://static.vlife.kz/icons/Smartphones.pdf",
                                    "svg": "https://static.vlife.kz/icons/car.svg"
                                }
                            },
                            "isAccent": false,
                            "description": "Аксессуары для настольного тенниса",
                            "isTabbedChildren": false,
                            "children": [
                                
                            ]
                        },
                        {
                            "id": 31984,
                            "name": "Бильярдные столы",
                            "sort": null,
                            "image": {
                                "dark": {
                                    "pdf": "https://static.vlife.kz/icons/Smartphones.pdf",
                                    "svg": "https://static.vlife.kz/icons/car.svg"
                                },
                                "light": {
                                    "pdf": "https://static.vlife.kz/icons/Smartphones.pdf",
                                    "svg": "https://static.vlife.kz/icons/car.svg"
                                }
                            },
                            "isAccent": false,
                            "description": "Бильярдные столы",
                            "isTabbedChildren": false,
                            "children": [
                                
                            ]
                        },
                        {
                            "id": 31985,
                            "name": "Воланы для бадминтона",
                            "sort": null,
                            "image": {
                                "dark": {
                                    "pdf": "https://static.vlife.kz/icons/Smartphones.pdf",
                                    "svg": "https://static.vlife.kz/icons/car.svg"
                                },
                                "light": {
                                    "pdf": "https://static.vlife.kz/icons/Smartphones.pdf",
                                    "svg": "https://static.vlife.kz/icons/car.svg"
                                }
                            },
                            "isAccent": false,
                            "description": "Воланы для бадминтона ",
                            "isTabbedChildren": false,
                            "children": [
                                
                            ]
                        },
                        {
                            "id": 31986,
                            "name": "Игровые столы",
                            "sort": null,
                            "image": {
                                "dark": {
                                    "pdf": "https://static.vlife.kz/icons/Smartphones.pdf",
                                    "svg": "https://static.vlife.kz/icons/car.svg"
                                },
                                "light": {
                                    "pdf": "https://static.vlife.kz/icons/Smartphones.pdf",
                                    "svg": "https://static.vlife.kz/icons/car.svg"
                                }
                            },
                            "isAccent": false,
                            "description": "Игровые столы ",
                            "isTabbedChildren": false,
                            "children": [
                                
                            ]
                        },
                        {
                            "id": 31987,
                            "name": "Кии бильярдные",
                            "sort": null,
                            "image": {
                                "dark": {
                                    "pdf": "https://static.vlife.kz/icons/Smartphones.pdf",
                                    "svg": "https://static.vlife.kz/icons/car.svg"
                                },
                                "light": {
                                    "pdf": "https://static.vlife.kz/icons/Smartphones.pdf",
                                    "svg": "https://static.vlife.kz/icons/car.svg"
                                }
                            },
                            "isAccent": false,
                            "description": "Кии бильярдные ",
                            "isTabbedChildren": false,
                            "children": [
                                
                            ]
                        },
                        {
                            "id": 31988,
                            "name": "Ракетки для бадминтона",
                            "sort": null,
                            "image": {
                                "dark": {
                                    "pdf": "https://static.vlife.kz/icons/Smartphones.pdf",
                                    "svg": "https://static.vlife.kz/icons/car.svg"
                                },
                                "light": {
                                    "pdf": "https://static.vlife.kz/icons/Smartphones.pdf",
                                    "svg": "https://static.vlife.kz/icons/car.svg"
                                }
                            },
                            "isAccent": false,
                            "description": "Ракетки для бадминтона ",
                            "isTabbedChildren": false,
                            "children": [
                                
                            ]
                        },
                        {
                            "id": 31989,
                            "name": "Ракетки для большого тенниса",
                            "sort": null,
                            "image": {
                                "dark": {
                                    "pdf": "https://static.vlife.kz/icons/Smartphones.pdf",
                                    "svg": "https://static.vlife.kz/icons/car.svg"
                                },
                                "light": {
                                    "pdf": "https://static.vlife.kz/icons/Smartphones.pdf",
                                    "svg": "https://static.vlife.kz/icons/car.svg"
                                }
                            },
                            "isAccent": false,
                            "description": "Ракетки для большого тенниса",
                            "isTabbedChildren": false,
                            "children": [
                                
                            ]
                        },
                        {
                            "id": 31990,
                            "name": "Спортивные мячи",
                            "sort": null,
                            "image": {
                                "dark": {
                                    "pdf": "https://static.vlife.kz/icons/Smartphones.pdf",
                                    "svg": "https://static.vlife.kz/icons/car.svg"
                                },
                                "light": {
                                    "pdf": "https://static.vlife.kz/icons/Smartphones.pdf",
                                    "svg": "https://static.vlife.kz/icons/car.svg"
                                }
                            },
                            "isAccent": false,
                            "description": "Спортивные мячи",
                            "isTabbedChildren": false,
                            "children": [
                                
                            ]
                        },
                        {
                            "id": 31991,
                            "name": "Стойки и кольца для баскетбола",
                            "sort": null,
                            "image": {
                                "dark": {
                                    "pdf": "https://static.vlife.kz/icons/Smartphones.pdf",
                                    "svg": "https://static.vlife.kz/icons/car.svg"
                                },
                                "light": {
                                    "pdf": "https://static.vlife.kz/icons/Smartphones.pdf",
                                    "svg": "https://static.vlife.kz/icons/car.svg"
                                }
                            },
                            "isAccent": false,
                            "description": "Стойки и кольца для баскетбола ",
                            "isTabbedChildren": false,
                            "children": [
                                
                            ]
                        },
                        {
                            "id": 31992,
                            "name": "Столы для настольного тенниса",
                            "sort": null,
                            "image": {
                                "dark": {
                                    "pdf": "https://static.vlife.kz/icons/Smartphones.pdf",
                                    "svg": "https://static.vlife.kz/icons/car.svg"
                                },
                                "light": {
                                    "pdf": "https://static.vlife.kz/icons/Smartphones.pdf",
                                    "svg": "https://static.vlife.kz/icons/car.svg"
                                }
                            },
                            "isAccent": false,
                            "description": "Столы для настольного тенниса",
                            "isTabbedChildren": false,
                            "children": [
                                
                            ]
                        },
                        {
                            "id": 31993,
                            "name": "Футбольные ворота",
                            "sort": null,
                            "image": {
                                "dark": {
                                    "pdf": "https://static.vlife.kz/icons/Smartphones.pdf",
                                    "svg": "https://static.vlife.kz/icons/car.svg"
                                },
                                "light": {
                                    "pdf": "https://static.vlife.kz/icons/Smartphones.pdf",
                                    "svg": "https://static.vlife.kz/icons/car.svg"
                                }
                            },
                            "isAccent": false,
                            "description": "Футбольные ворота",
                            "isTabbedChildren": false,
                            "children": [
                                
                            ]
                        }
                    ]
                },
                {
                    "id": 31994,
                    "name": "Товары для охоты",
                    "sort": null,
                    "image": {
                        "dark": {
                            "pdf": "https://static.vlife.kz/icons/Smartphones.pdf",
                            "svg": "https://static.vlife.kz/icons/car.svg"
                        },
                        "light": {
                            "pdf": "https://static.vlife.kz/icons/Smartphones.pdf",
                            "svg": "https://static.vlife.kz/icons/car.svg"
                        }
                    },
                    "isAccent": false,
                    "description": "Товары для охоты",
                    "isTabbedChildren": false,
                    "children": [
                        {
                            "id": 31995,
                            "name": "Одежда для охоты",
                            "sort": null,
                            "image": {
                                "dark": {
                                    "pdf": "https://static.vlife.kz/icons/Smartphones.pdf",
                                    "svg": "https://static.vlife.kz/icons/car.svg"
                                },
                                "light": {
                                    "pdf": "https://static.vlife.kz/icons/Smartphones.pdf",
                                    "svg": "https://static.vlife.kz/icons/car.svg"
                                }
                            },
                            "isAccent": false,
                            "description": "Одежда для охоты",
                            "isTabbedChildren": false,
                            "children": [
                                
                            ]
                        },
                        {
                            "id": 31996,
                            "name": "Сумки и ящики для охоты",
                            "sort": null,
                            "image": {
                                "dark": {
                                    "pdf": "https://static.vlife.kz/icons/Smartphones.pdf",
                                    "svg": "https://static.vlife.kz/icons/car.svg"
                                },
                                "light": {
                                    "pdf": "https://static.vlife.kz/icons/Smartphones.pdf",
                                    "svg": "https://static.vlife.kz/icons/car.svg"
                                }
                            },
                            "isAccent": false,
                            "description": "Сумки и ящики для охоты ",
                            "isTabbedChildren": false,
                            "children": [
                                
                            ]
                        }
                    ]
                },
                {
                    "id": 31997,
                    "name": "Товары для рыбалки",
                    "sort": null,
                    "image": {
                        "dark": {
                            "pdf": "https://static.vlife.kz/icons/Smartphones.pdf",
                            "svg": "https://static.vlife.kz/icons/car.svg"
                        },
                        "light": {
                            "pdf": "https://static.vlife.kz/icons/Smartphones.pdf",
                            "svg": "https://static.vlife.kz/icons/car.svg"
                        }
                    },
                    "isAccent": false,
                    "description": "Товары для рыбалки",
                    "isTabbedChildren": false,
                    "children": [
                        {
                            "id": 32009,
                            "name": "Удилища",
                            "sort": null,
                            "image": {
                                "dark": {
                                    "pdf": "https://static.vlife.kz/icons/Smartphones.pdf",
                                    "svg": "https://static.vlife.kz/icons/car.svg"
                                },
                                "light": {
                                    "pdf": "https://static.vlife.kz/icons/Smartphones.pdf",
                                    "svg": "https://static.vlife.kz/icons/car.svg"
                                }
                            },
                            "isAccent": false,
                            "description": "Удилища ",
                            "isTabbedChildren": false,
                            "children": [
                                
                            ]
                        },
                        {
                            "id": 32001,
                            "name": "Надувные лодки",
                            "sort": null,
                            "image": {
                                "dark": {
                                    "pdf": "https://static.vlife.kz/icons/Smartphones.pdf",
                                    "svg": "https://static.vlife.kz/icons/car.svg"
                                },
                                "light": {
                                    "pdf": "https://static.vlife.kz/icons/Smartphones.pdf",
                                    "svg": "https://static.vlife.kz/icons/car.svg"
                                }
                            },
                            "isAccent": false,
                            "description": "Надувные лодки ",
                            "isTabbedChildren": false,
                            "children": [
                                
                            ]
                        },
                        {
                            "id": 32002,
                            "name": "Одежда для рыбалки",
                            "sort": null,
                            "image": {
                                "dark": {
                                    "pdf": "https://static.vlife.kz/icons/Smartphones.pdf",
                                    "svg": "https://static.vlife.kz/icons/car.svg"
                                },
                                "light": {
                                    "pdf": "https://static.vlife.kz/icons/Smartphones.pdf",
                                    "svg": "https://static.vlife.kz/icons/car.svg"
                                }
                            },
                            "isAccent": false,
                            "description": "Одежда для рыбалки",
                            "isTabbedChildren": false,
                            "children": [
                                
                            ]
                        },
                        {
                            "id": 31998,
                            "name": "Ледобуры для рыбалки",
                            "sort": null,
                            "image": {
                                "dark": {
                                    "pdf": "https://static.vlife.kz/icons/Smartphones.pdf",
                                    "svg": "https://static.vlife.kz/icons/car.svg"
                                },
                                "light": {
                                    "pdf": "https://static.vlife.kz/icons/Smartphones.pdf",
                                    "svg": "https://static.vlife.kz/icons/car.svg"
                                }
                            },
                            "isAccent": false,
                            "description": "Ледобуры для рыбалки ",
                            "isTabbedChildren": false,
                            "children": [
                                
                            ]
                        },
                        {
                            "id": 31999,
                            "name": "Лодочные весла",
                            "sort": null,
                            "image": {
                                "dark": {
                                    "pdf": "https://static.vlife.kz/icons/Smartphones.pdf",
                                    "svg": "https://static.vlife.kz/icons/car.svg"
                                },
                                "light": {
                                    "pdf": "https://static.vlife.kz/icons/Smartphones.pdf",
                                    "svg": "https://static.vlife.kz/icons/car.svg"
                                }
                            },
                            "isAccent": false,
                            "description": "Лодочные весла ",
                            "isTabbedChildren": false,
                            "children": [
                                
                            ]
                        },
                        {
                            "id": 32000,
                            "name": "Лодочные моторы",
                            "sort": null,
                            "image": {
                                "dark": {
                                    "pdf": "https://static.vlife.kz/icons/Smartphones.pdf",
                                    "svg": "https://static.vlife.kz/icons/car.svg"
                                },
                                "light": {
                                    "pdf": "https://static.vlife.kz/icons/Smartphones.pdf",
                                    "svg": "https://static.vlife.kz/icons/car.svg"
                                }
                            },
                            "isAccent": false,
                            "description": "Лодочные моторы",
                            "isTabbedChildren": false,
                            "children": [
                                
                            ]
                        },
                        {
                            "id": 32003,
                            "name": "Подставки под удилища",
                            "sort": null,
                            "image": {
                                "dark": {
                                    "pdf": "https://static.vlife.kz/icons/Smartphones.pdf",
                                    "svg": "https://static.vlife.kz/icons/car.svg"
                                },
                                "light": {
                                    "pdf": "https://static.vlife.kz/icons/Smartphones.pdf",
                                    "svg": "https://static.vlife.kz/icons/car.svg"
                                }
                            },
                            "isAccent": false,
                            "description": "Подставки под удилища ",
                            "isTabbedChildren": false,
                            "children": [
                                
                            ]
                        },
                        {
                            "id": 32004,
                            "name": "Приманки и мормышки для рыбалки",
                            "sort": null,
                            "image": {
                                "dark": {
                                    "pdf": "https://static.vlife.kz/icons/Smartphones.pdf",
                                    "svg": "https://static.vlife.kz/icons/car.svg"
                                },
                                "light": {
                                    "pdf": "https://static.vlife.kz/icons/Smartphones.pdf",
                                    "svg": "https://static.vlife.kz/icons/car.svg"
                                }
                            },
                            "isAccent": false,
                            "description": "Приманки и мормышки для рыбалки ",
                            "isTabbedChildren": false,
                            "children": [
                                
                            ]
                        },
                        {
                            "id": 32005,
                            "name": "Рыболовная леска и поводки",
                            "sort": null,
                            "image": {
                                "dark": {
                                    "pdf": "https://static.vlife.kz/icons/Smartphones.pdf",
                                    "svg": "https://static.vlife.kz/icons/car.svg"
                                },
                                "light": {
                                    "pdf": "https://static.vlife.kz/icons/Smartphones.pdf",
                                    "svg": "https://static.vlife.kz/icons/car.svg"
                                }
                            },
                            "isAccent": false,
                            "description": "Рыболовная леска и поводки ",
                            "isTabbedChildren": false,
                            "children": [
                                
                            ]
                        },
                        {
                            "id": 32006,
                            "name": "Рыболовные катушки",
                            "sort": null,
                            "image": {
                                "dark": {
                                    "pdf": "https://static.vlife.kz/icons/Smartphones.pdf",
                                    "svg": "https://static.vlife.kz/icons/car.svg"
                                },
                                "light": {
                                    "pdf": "https://static.vlife.kz/icons/Smartphones.pdf",
                                    "svg": "https://static.vlife.kz/icons/car.svg"
                                }
                            },
                            "isAccent": false,
                            "description": "Рыболовные катушки ",
                            "isTabbedChildren": false,
                            "children": [
                                
                            ]
                        },
                        {
                            "id": 32007,
                            "name": "Сигнализаторы поклевки",
                            "sort": null,
                            "image": {
                                "dark": {
                                    "pdf": "https://static.vlife.kz/icons/Smartphones.pdf",
                                    "svg": "https://static.vlife.kz/icons/car.svg"
                                },
                                "light": {
                                    "pdf": "https://static.vlife.kz/icons/Smartphones.pdf",
                                    "svg": "https://static.vlife.kz/icons/car.svg"
                                }
                            },
                            "isAccent": false,
                            "description": "Сигнализаторы поклевки ",
                            "isTabbedChildren": false,
                            "children": [
                                
                            ]
                        },
                        {
                            "id": 32008,
                            "name": "Сумки и ящики для рыбалки",
                            "sort": null,
                            "image": {
                                "dark": {
                                    "pdf": "https://static.vlife.kz/icons/Smartphones.pdf",
                                    "svg": "https://static.vlife.kz/icons/car.svg"
                                },
                                "light": {
                                    "pdf": "https://static.vlife.kz/icons/Smartphones.pdf",
                                    "svg": "https://static.vlife.kz/icons/car.svg"
                                }
                            },
                            "isAccent": false,
                            "description": "Сумки и ящики для рыбалки ",
                            "isTabbedChildren": false,
                            "children": [
                                
                            ]
                        },
                        {
                            "id": 32010,
                            "name": "Эхолоты",
                            "sort": null,
                            "image": {
                                "dark": {
                                    "pdf": "https://static.vlife.kz/icons/Smartphones.pdf",
                                    "svg": "https://static.vlife.kz/icons/car.svg"
                                },
                                "light": {
                                    "pdf": "https://static.vlife.kz/icons/Smartphones.pdf",
                                    "svg": "https://static.vlife.kz/icons/car.svg"
                                }
                            },
                            "isAccent": false,
                            "description": "Эхолоты",
                            "isTabbedChildren": false,
                            "children": [
                                
                            ]
                        }
                    ]
                },
                {
                    "id": 32011,
                    "name": "Тренажеры и фитнес",
                    "sort": null,
                    "image": {
                        "dark": {
                            "pdf": "https://static.vlife.kz/icons/Smartphones.pdf",
                            "svg": "https://static.vlife.kz/icons/car.svg"
                        },
                        "light": {
                            "pdf": "https://static.vlife.kz/icons/Smartphones.pdf",
                            "svg": "https://static.vlife.kz/icons/car.svg"
                        }
                    },
                    "isAccent": false,
                    "description": "Тренажеры и фитнес",
                    "isTabbedChildren": false,
                    "children": [
                        {
                            "id": 32037,
                            "name": "Турники",
                            "sort": null,
                            "image": {
                                "dark": {
                                    "pdf": "https://static.vlife.kz/icons/Smartphones.pdf",
                                    "svg": "https://static.vlife.kz/icons/car.svg"
                                },
                                "light": {
                                    "pdf": "https://static.vlife.kz/icons/Smartphones.pdf",
                                    "svg": "https://static.vlife.kz/icons/car.svg"
                                }
                            },
                            "isAccent": false,
                            "description": "Турники ",
                            "isTabbedChildren": false,
                            "children": [
                                
                            ]
                        },
                        {
                            "id": 32035,
                            "name": "Степперы",
                            "sort": null,
                            "image": {
                                "dark": {
                                    "pdf": "https://static.vlife.kz/icons/Smartphones.pdf",
                                    "svg": "https://static.vlife.kz/icons/car.svg"
                                },
                                "light": {
                                    "pdf": "https://static.vlife.kz/icons/Smartphones.pdf",
                                    "svg": "https://static.vlife.kz/icons/car.svg"
                                }
                            },
                            "isAccent": false,
                            "description": "Степперы ",
                            "isTabbedChildren": false,
                            "children": [
                                
                            ]
                        },
                        {
                            "id": 32012,
                            "name": "Аксессуары для батутов",
                            "sort": null,
                            "image": {
                                "dark": {
                                    "pdf": "https://static.vlife.kz/icons/Smartphones.pdf",
                                    "svg": "https://static.vlife.kz/icons/car.svg"
                                },
                                "light": {
                                    "pdf": "https://static.vlife.kz/icons/Smartphones.pdf",
                                    "svg": "https://static.vlife.kz/icons/car.svg"
                                }
                            },
                            "isAccent": false,
                            "description": "Аксессуары для батутов ",
                            "isTabbedChildren": false,
                            "children": [
                                
                            ]
                        },
                        {
                            "id": 32013,
                            "name": "Балансировочные тренажеры",
                            "sort": null,
                            "image": {
                                "dark": {
                                    "pdf": "https://static.vlife.kz/icons/Smartphones.pdf",
                                    "svg": "https://static.vlife.kz/icons/car.svg"
                                },
                                "light": {
                                    "pdf": "https://static.vlife.kz/icons/Smartphones.pdf",
                                    "svg": "https://static.vlife.kz/icons/car.svg"
                                }
                            },
                            "isAccent": false,
                            "description": "Балансировочные тренажеры ",
                            "isTabbedChildren": false,
                            "children": [
                                
                            ]
                        },
                        {
                            "id": 32014,
                            "name": "Беговые дорожки",
                            "sort": null,
                            "image": {
                                "dark": {
                                    "pdf": "https://static.vlife.kz/icons/Smartphones.pdf",
                                    "svg": "https://static.vlife.kz/icons/car.svg"
                                },
                                "light": {
                                    "pdf": "https://static.vlife.kz/icons/Smartphones.pdf",
                                    "svg": "https://static.vlife.kz/icons/car.svg"
                                }
                            },
                            "isAccent": false,
                            "description": "Беговые дорожки",
                            "isTabbedChildren": false,
                            "children": [
                                
                            ]
                        },
                        {
                            "id": 32015,
                            "name": "Велотренажеры",
                            "sort": null,
                            "image": {
                                "dark": {
                                    "pdf": "https://static.vlife.kz/icons/Smartphones.pdf",
                                    "svg": "https://static.vlife.kz/icons/car.svg"
                                },
                                "light": {
                                    "pdf": "https://static.vlife.kz/icons/Smartphones.pdf",
                                    "svg": "https://static.vlife.kz/icons/car.svg"
                                }
                            },
                            "isAccent": false,
                            "description": "Велотренажеры ",
                            "isTabbedChildren": false,
                            "children": [
                                
                            ]
                        },
                        {
                            "id": 32016,
                            "name": "Гантели и наборы гантелей",
                            "sort": null,
                            "image": {
                                "dark": {
                                    "pdf": "https://static.vlife.kz/icons/Smartphones.pdf",
                                    "svg": "https://static.vlife.kz/icons/car.svg"
                                },
                                "light": {
                                    "pdf": "https://static.vlife.kz/icons/Smartphones.pdf",
                                    "svg": "https://static.vlife.kz/icons/car.svg"
                                }
                            },
                            "isAccent": false,
                            "description": "Гантели и наборы гантелей ",
                            "isTabbedChildren": false,
                            "children": [
                                
                            ]
                        },
                        {
                            "id": 32017,
                            "name": "Гиперэкстензии",
                            "sort": null,
                            "image": {
                                "dark": {
                                    "pdf": "https://static.vlife.kz/icons/Smartphones.pdf",
                                    "svg": "https://static.vlife.kz/icons/car.svg"
                                },
                                "light": {
                                    "pdf": "https://static.vlife.kz/icons/Smartphones.pdf",
                                    "svg": "https://static.vlife.kz/icons/car.svg"
                                }
                            },
                            "isAccent": false,
                            "description": "Гиперэкстензии ",
                            "isTabbedChildren": false,
                            "children": [
                                
                            ]
                        },
                        {
                            "id": 32018,
                            "name": "Гири",
                            "sort": null,
                            "image": {
                                "dark": {
                                    "pdf": "https://static.vlife.kz/icons/Smartphones.pdf",
                                    "svg": "https://static.vlife.kz/icons/car.svg"
                                },
                                "light": {
                                    "pdf": "https://static.vlife.kz/icons/Smartphones.pdf",
                                    "svg": "https://static.vlife.kz/icons/car.svg"
                                }
                            },
                            "isAccent": false,
                            "description": "Гири ",
                            "isTabbedChildren": false,
                            "children": [
                                
                            ]
                        },
                        {
                            "id": 32019,
                            "name": "Гравитационные ботинки",
                            "sort": null,
                            "image": {
                                "dark": {
                                    "pdf": "https://static.vlife.kz/icons/Smartphones.pdf",
                                    "svg": "https://static.vlife.kz/icons/car.svg"
                                },
                                "light": {
                                    "pdf": "https://static.vlife.kz/icons/Smartphones.pdf",
                                    "svg": "https://static.vlife.kz/icons/car.svg"
                                }
                            },
                            "isAccent": false,
                            "description": "Гравитационные ботинки ",
                            "isTabbedChildren": false,
                            "children": [
                                
                            ]
                        },
                        {
                            "id": 32020,
                            "name": "Гребные тренажеры",
                            "sort": null,
                            "image": {
                                "dark": {
                                    "pdf": "https://static.vlife.kz/icons/Smartphones.pdf",
                                    "svg": "https://static.vlife.kz/icons/car.svg"
                                },
                                "light": {
                                    "pdf": "https://static.vlife.kz/icons/Smartphones.pdf",
                                    "svg": "https://static.vlife.kz/icons/car.svg"
                                }
                            },
                            "isAccent": false,
                            "description": "Гребные тренажеры",
                            "isTabbedChildren": false,
                            "children": [
                                
                            ]
                        },
                        {
                            "id": 32021,
                            "name": "Диски для штанг",
                            "sort": null,
                            "image": {
                                "dark": {
                                    "pdf": "https://static.vlife.kz/icons/Smartphones.pdf",
                                    "svg": "https://static.vlife.kz/icons/car.svg"
                                },
                                "light": {
                                    "pdf": "https://static.vlife.kz/icons/Smartphones.pdf",
                                    "svg": "https://static.vlife.kz/icons/car.svg"
                                }
                            },
                            "isAccent": false,
                            "description": "Диски для штанг ",
                            "isTabbedChildren": false,
                            "children": [
                                
                            ]
                        },
                        {
                            "id": 32022,
                            "name": "Другие силовые тренажеры",
                            "sort": null,
                            "image": {
                                "dark": {
                                    "pdf": "https://static.vlife.kz/icons/Smartphones.pdf",
                                    "svg": "https://static.vlife.kz/icons/car.svg"
                                },
                                "light": {
                                    "pdf": "https://static.vlife.kz/icons/Smartphones.pdf",
                                    "svg": "https://static.vlife.kz/icons/car.svg"
                                }
                            },
                            "isAccent": false,
                            "description": "Другие силовые тренажеры ",
                            "isTabbedChildren": false,
                            "children": [
                                
                            ]
                        },
                        {
                            "id": 32023,
                            "name": "Инверсионные столы",
                            "sort": null,
                            "image": {
                                "dark": {
                                    "pdf": "https://static.vlife.kz/icons/Smartphones.pdf",
                                    "svg": "https://static.vlife.kz/icons/car.svg"
                                },
                                "light": {
                                    "pdf": "https://static.vlife.kz/icons/Smartphones.pdf",
                                    "svg": "https://static.vlife.kz/icons/car.svg"
                                }
                            },
                            "isAccent": false,
                            "description": "Инверсионные столы ",
                            "isTabbedChildren": false,
                            "children": [
                                
                            ]
                        },
                        {
                            "id": 32024,
                            "name": "Каркасные батуты",
                            "sort": null,
                            "image": {
                                "dark": {
                                    "pdf": "https://static.vlife.kz/icons/Smartphones.pdf",
                                    "svg": "https://static.vlife.kz/icons/car.svg"
                                },
                                "light": {
                                    "pdf": "https://static.vlife.kz/icons/Smartphones.pdf",
                                    "svg": "https://static.vlife.kz/icons/car.svg"
                                }
                            },
                            "isAccent": false,
                            "description": "Каркасные батуты",
                            "isTabbedChildren": false,
                            "children": [
                                
                            ]
                        },
                        {
                            "id": 32025,
                            "name": "Кистевые тренажеры",
                            "sort": null,
                            "image": {
                                "dark": {
                                    "pdf": "https://static.vlife.kz/icons/Smartphones.pdf",
                                    "svg": "https://static.vlife.kz/icons/car.svg"
                                },
                                "light": {
                                    "pdf": "https://static.vlife.kz/icons/Smartphones.pdf",
                                    "svg": "https://static.vlife.kz/icons/car.svg"
                                }
                            },
                            "isAccent": false,
                            "description": "Кистевые тренажеры ",
                            "isTabbedChildren": false,
                            "children": [
                                
                            ]
                        },
                        {
                            "id": 32026,
                            "name": "Коврики для занятий йогой и фитнесом",
                            "sort": null,
                            "image": {
                                "dark": {
                                    "pdf": "https://static.vlife.kz/icons/Smartphones.pdf",
                                    "svg": "https://static.vlife.kz/icons/car.svg"
                                },
                                "light": {
                                    "pdf": "https://static.vlife.kz/icons/Smartphones.pdf",
                                    "svg": "https://static.vlife.kz/icons/car.svg"
                                }
                            },
                            "isAccent": false,
                            "description": "Коврики для занятий йогой и фитнесом ",
                            "isTabbedChildren": false,
                            "children": [
                                
                            ]
                        },
                        {
                            "id": 32027,
                            "name": "Массажные ролики",
                            "sort": null,
                            "image": {
                                "dark": {
                                    "pdf": "https://static.vlife.kz/icons/Smartphones.pdf",
                                    "svg": "https://static.vlife.kz/icons/car.svg"
                                },
                                "light": {
                                    "pdf": "https://static.vlife.kz/icons/Smartphones.pdf",
                                    "svg": "https://static.vlife.kz/icons/car.svg"
                                }
                            },
                            "isAccent": false,
                            "description": "Массажные ролики",
                            "isTabbedChildren": false,
                            "children": [
                                
                            ]
                        },
                        {
                            "id": 32028,
                            "name": "Обручи для фитнеса",
                            "sort": null,
                            "image": {
                                "dark": {
                                    "pdf": "https://static.vlife.kz/icons/Smartphones.pdf",
                                    "svg": "https://static.vlife.kz/icons/car.svg"
                                },
                                "light": {
                                    "pdf": "https://static.vlife.kz/icons/Smartphones.pdf",
                                    "svg": "https://static.vlife.kz/icons/car.svg"
                                }
                            },
                            "isAccent": false,
                            "description": "Обручи для фитнеса",
                            "isTabbedChildren": false,
                            "children": [
                                
                            ]
                        },
                        {
                            "id": 32029,
                            "name": "Пульсометры и шагомеры",
                            "sort": null,
                            "image": {
                                "dark": {
                                    "pdf": "https://static.vlife.kz/icons/Smartphones.pdf",
                                    "svg": "https://static.vlife.kz/icons/car.svg"
                                },
                                "light": {
                                    "pdf": "https://static.vlife.kz/icons/Smartphones.pdf",
                                    "svg": "https://static.vlife.kz/icons/car.svg"
                                }
                            },
                            "isAccent": false,
                            "description": "Пульсометры и шагомеры ",
                            "isTabbedChildren": false,
                            "children": [
                                
                            ]
                        },
                        {
                            "id": 32030,
                            "name": "Ролики для пресса",
                            "sort": null,
                            "image": {
                                "dark": {
                                    "pdf": "https://static.vlife.kz/icons/Smartphones.pdf",
                                    "svg": "https://static.vlife.kz/icons/car.svg"
                                },
                                "light": {
                                    "pdf": "https://static.vlife.kz/icons/Smartphones.pdf",
                                    "svg": "https://static.vlife.kz/icons/car.svg"
                                }
                            },
                            "isAccent": false,
                            "description": "Ролики для пресса",
                            "isTabbedChildren": false,
                            "children": [
                                
                            ]
                        },
                        {
                            "id": 32031,
                            "name": "Силовые рамы и машины смита",
                            "sort": null,
                            "image": {
                                "dark": {
                                    "pdf": "https://static.vlife.kz/icons/Smartphones.pdf",
                                    "svg": "https://static.vlife.kz/icons/car.svg"
                                },
                                "light": {
                                    "pdf": "https://static.vlife.kz/icons/Smartphones.pdf",
                                    "svg": "https://static.vlife.kz/icons/car.svg"
                                }
                            },
                            "isAccent": false,
                            "description": "Силовые рамы и машины смита ",
                            "isTabbedChildren": false,
                            "children": [
                                
                            ]
                        },
                        {
                            "id": 32032,
                            "name": "Силовые тренажеры",
                            "sort": null,
                            "image": {
                                "dark": {
                                    "pdf": "https://static.vlife.kz/icons/Smartphones.pdf",
                                    "svg": "https://static.vlife.kz/icons/car.svg"
                                },
                                "light": {
                                    "pdf": "https://static.vlife.kz/icons/Smartphones.pdf",
                                    "svg": "https://static.vlife.kz/icons/car.svg"
                                }
                            },
                            "isAccent": false,
                            "description": "Силовые тренажеры",
                            "isTabbedChildren": false,
                            "children": [
                                
                            ]
                        },
                        {
                            "id": 32033,
                            "name": "Скакалки для фитнеса",
                            "sort": null,
                            "image": {
                                "dark": {
                                    "pdf": "https://static.vlife.kz/icons/Smartphones.pdf",
                                    "svg": "https://static.vlife.kz/icons/car.svg"
                                },
                                "light": {
                                    "pdf": "https://static.vlife.kz/icons/Smartphones.pdf",
                                    "svg": "https://static.vlife.kz/icons/car.svg"
                                }
                            },
                            "isAccent": false,
                            "description": "Скакалки для фитнеса ",
                            "isTabbedChildren": false,
                            "children": [
                                
                            ]
                        },
                        {
                            "id": 32034,
                            "name": "Скамьи и стойки",
                            "sort": null,
                            "image": {
                                "dark": {
                                    "pdf": "https://static.vlife.kz/icons/Smartphones.pdf",
                                    "svg": "https://static.vlife.kz/icons/car.svg"
                                },
                                "light": {
                                    "pdf": "https://static.vlife.kz/icons/Smartphones.pdf",
                                    "svg": "https://static.vlife.kz/icons/car.svg"
                                }
                            },
                            "isAccent": false,
                            "description": "Скамьи и стойки ",
                            "isTabbedChildren": false,
                            "children": [
                                
                            ]
                        },
                        {
                            "id": 32036,
                            "name": "Степ-платформы",
                            "sort": null,
                            "image": {
                                "dark": {
                                    "pdf": "https://static.vlife.kz/icons/Smartphones.pdf",
                                    "svg": "https://static.vlife.kz/icons/car.svg"
                                },
                                "light": {
                                    "pdf": "https://static.vlife.kz/icons/Smartphones.pdf",
                                    "svg": "https://static.vlife.kz/icons/car.svg"
                                }
                            },
                            "isAccent": false,
                            "description": "Степ-платформы ",
                            "isTabbedChildren": false,
                            "children": [
                                
                            ]
                        },
                        {
                            "id": 32038,
                            "name": "Упоры для отжиманий",
                            "sort": null,
                            "image": {
                                "dark": {
                                    "pdf": "https://static.vlife.kz/icons/Smartphones.pdf",
                                    "svg": "https://static.vlife.kz/icons/car.svg"
                                },
                                "light": {
                                    "pdf": "https://static.vlife.kz/icons/Smartphones.pdf",
                                    "svg": "https://static.vlife.kz/icons/car.svg"
                                }
                            },
                            "isAccent": false,
                            "description": "Упоры для отжиманий ",
                            "isTabbedChildren": false,
                            "children": [
                                
                            ]
                        },
                        {
                            "id": 32039,
                            "name": "Утяжелители",
                            "sort": null,
                            "image": {
                                "dark": {
                                    "pdf": "https://static.vlife.kz/icons/Smartphones.pdf",
                                    "svg": "https://static.vlife.kz/icons/car.svg"
                                },
                                "light": {
                                    "pdf": "https://static.vlife.kz/icons/Smartphones.pdf",
                                    "svg": "https://static.vlife.kz/icons/car.svg"
                                }
                            },
                            "isAccent": false,
                            "description": "Утяжелители ",
                            "isTabbedChildren": false,
                            "children": [
                                
                            ]
                        },
                        {
                            "id": 32040,
                            "name": "Фитболы и медболы для занятий фитнесом",
                            "sort": null,
                            "image": {
                                "dark": {
                                    "pdf": "https://static.vlife.kz/icons/Smartphones.pdf",
                                    "svg": "https://static.vlife.kz/icons/car.svg"
                                },
                                "light": {
                                    "pdf": "https://static.vlife.kz/icons/Smartphones.pdf",
                                    "svg": "https://static.vlife.kz/icons/car.svg"
                                }
                            },
                            "isAccent": false,
                            "description": "Фитболы и медболы для занятий фитнесом ",
                            "isTabbedChildren": false,
                            "children": [
                                
                            ]
                        },
                        {
                            "id": 32041,
                            "name": "Шведские стенки",
                            "sort": null,
                            "image": {
                                "dark": {
                                    "pdf": "https://static.vlife.kz/icons/Smartphones.pdf",
                                    "svg": "https://static.vlife.kz/icons/car.svg"
                                },
                                "light": {
                                    "pdf": "https://static.vlife.kz/icons/Smartphones.pdf",
                                    "svg": "https://static.vlife.kz/icons/car.svg"
                                }
                            },
                            "isAccent": false,
                            "description": "Шведские стенки",
                            "isTabbedChildren": false,
                            "children": [
                                
                            ]
                        },
                        {
                            "id": 32042,
                            "name": "Штанги",
                            "sort": null,
                            "image": {
                                "dark": {
                                    "pdf": "https://static.vlife.kz/icons/Smartphones.pdf",
                                    "svg": "https://static.vlife.kz/icons/car.svg"
                                },
                                "light": {
                                    "pdf": "https://static.vlife.kz/icons/Smartphones.pdf",
                                    "svg": "https://static.vlife.kz/icons/car.svg"
                                }
                            },
                            "isAccent": false,
                            "description": "Штанги ",
                            "isTabbedChildren": false,
                            "children": [
                                
                            ]
                        },
                        {
                            "id": 32043,
                            "name": "Эллиптические тренажеры",
                            "sort": null,
                            "image": {
                                "dark": {
                                    "pdf": "https://static.vlife.kz/icons/Smartphones.pdf",
                                    "svg": "https://static.vlife.kz/icons/car.svg"
                                },
                                "light": {
                                    "pdf": "https://static.vlife.kz/icons/Smartphones.pdf",
                                    "svg": "https://static.vlife.kz/icons/car.svg"
                                }
                            },
                            "isAccent": false,
                            "description": "Эллиптические тренажеры ",
                            "isTabbedChildren": false,
                            "children": [
                                
                            ]
                        },
                        {
                            "id": 32044,
                            "name": "Эспандеры",
                            "sort": null,
                            "image": {
                                "dark": {
                                    "pdf": "https://static.vlife.kz/icons/Smartphones.pdf",
                                    "svg": "https://static.vlife.kz/icons/car.svg"
                                },
                                "light": {
                                    "pdf": "https://static.vlife.kz/icons/Smartphones.pdf",
                                    "svg": "https://static.vlife.kz/icons/car.svg"
                                }
                            },
                            "isAccent": false,
                            "description": "Эспандеры",
                            "isTabbedChildren": false,
                            "children": [
                                
                            ]
                        }
                    ]
                },
                {
                    "id": 32045,
                    "name": "Туризм и отдых на природе",
                    "sort": null,
                    "image": {
                        "dark": {
                            "pdf": "https://static.vlife.kz/icons/Smartphones.pdf",
                            "svg": "https://static.vlife.kz/icons/car.svg"
                        },
                        "light": {
                            "pdf": "https://static.vlife.kz/icons/Smartphones.pdf",
                            "svg": "https://static.vlife.kz/icons/car.svg"
                        }
                    },
                    "isAccent": false,
                    "description": "Туризм и отдых на природе",
                    "isTabbedChildren": false,
                    "children": [
                        {
                            "id": 32050,
                            "name": "Палатки",
                            "sort": null,
                            "image": {
                                "dark": {
                                    "pdf": "https://static.vlife.kz/icons/Smartphones.pdf",
                                    "svg": "https://static.vlife.kz/icons/car.svg"
                                },
                                "light": {
                                    "pdf": "https://static.vlife.kz/icons/Smartphones.pdf",
                                    "svg": "https://static.vlife.kz/icons/car.svg"
                                }
                            },
                            "isAccent": false,
                            "description": "Палатки ",
                            "isTabbedChildren": false,
                            "children": [
                                
                            ]
                        },
                        {
                            "id": 32048,
                            "name": "Мультитулы",
                            "sort": null,
                            "image": {
                                "dark": {
                                    "pdf": "https://static.vlife.kz/icons/Smartphones.pdf",
                                    "svg": "https://static.vlife.kz/icons/car.svg"
                                },
                                "light": {
                                    "pdf": "https://static.vlife.kz/icons/Smartphones.pdf",
                                    "svg": "https://static.vlife.kz/icons/car.svg"
                                }
                            },
                            "isAccent": false,
                            "description": "Мультитулы ",
                            "isTabbedChildren": false,
                            "children": [
                                
                            ]
                        },
                        {
                            "id": 32062,
                            "name": "Туристические коврики",
                            "sort": null,
                            "image": {
                                "dark": {
                                    "pdf": "https://static.vlife.kz/icons/Smartphones.pdf",
                                    "svg": "https://static.vlife.kz/icons/car.svg"
                                },
                                "light": {
                                    "pdf": "https://static.vlife.kz/icons/Smartphones.pdf",
                                    "svg": "https://static.vlife.kz/icons/car.svg"
                                }
                            },
                            "isAccent": false,
                            "description": "Туристические коврики ",
                            "isTabbedChildren": false,
                            "children": [
                                
                            ]
                        },
                        {
                            "id": 32046,
                            "name": "Бинокли и зрительные трубы",
                            "sort": null,
                            "image": {
                                "dark": {
                                    "pdf": "https://static.vlife.kz/icons/Smartphones.pdf",
                                    "svg": "https://static.vlife.kz/icons/car.svg"
                                },
                                "light": {
                                    "pdf": "https://static.vlife.kz/icons/Smartphones.pdf",
                                    "svg": "https://static.vlife.kz/icons/car.svg"
                                }
                            },
                            "isAccent": false,
                            "description": "Бинокли и зрительные трубы",
                            "isTabbedChildren": false,
                            "children": [
                                
                            ]
                        },
                        {
                            "id": 32047,
                            "name": "Металлоискатели",
                            "sort": null,
                            "image": {
                                "dark": {
                                    "pdf": "https://static.vlife.kz/icons/Smartphones.pdf",
                                    "svg": "https://static.vlife.kz/icons/car.svg"
                                },
                                "light": {
                                    "pdf": "https://static.vlife.kz/icons/Smartphones.pdf",
                                    "svg": "https://static.vlife.kz/icons/car.svg"
                                }
                            },
                            "isAccent": false,
                            "description": "Металлоискатели",
                            "isTabbedChildren": false,
                            "children": [
                                
                            ]
                        },
                        {
                            "id": 32049,
                            "name": "Ножи для туризма",
                            "sort": null,
                            "image": {
                                "dark": {
                                    "pdf": "https://static.vlife.kz/icons/Smartphones.pdf",
                                    "svg": "https://static.vlife.kz/icons/car.svg"
                                },
                                "light": {
                                    "pdf": "https://static.vlife.kz/icons/Smartphones.pdf",
                                    "svg": "https://static.vlife.kz/icons/car.svg"
                                }
                            },
                            "isAccent": false,
                            "description": "Ножи для туризма",
                            "isTabbedChildren": false,
                            "children": [
                                
                            ]
                        },
                        {
                            "id": 32051,
                            "name": "Походная мебель",
                            "sort": null,
                            "image": {
                                "dark": {
                                    "pdf": "https://static.vlife.kz/icons/Smartphones.pdf",
                                    "svg": "https://static.vlife.kz/icons/car.svg"
                                },
                                "light": {
                                    "pdf": "https://static.vlife.kz/icons/Smartphones.pdf",
                                    "svg": "https://static.vlife.kz/icons/car.svg"
                                }
                            },
                            "isAccent": false,
                            "description": "Походная мебель",
                            "isTabbedChildren": false,
                            "children": [
                                
                            ]
                        },
                        {
                            "id": 32052,
                            "name": "Раскладушки",
                            "sort": null,
                            "image": {
                                "dark": {
                                    "pdf": "https://static.vlife.kz/icons/Smartphones.pdf",
                                    "svg": "https://static.vlife.kz/icons/car.svg"
                                },
                                "light": {
                                    "pdf": "https://static.vlife.kz/icons/Smartphones.pdf",
                                    "svg": "https://static.vlife.kz/icons/car.svg"
                                }
                            },
                            "isAccent": false,
                            "description": "Раскладушки ",
                            "isTabbedChildren": false,
                            "children": [
                                
                            ]
                        },
                        {
                            "id": 32053,
                            "name": "Спальные мешки",
                            "sort": null,
                            "image": {
                                "dark": {
                                    "pdf": "https://static.vlife.kz/icons/Smartphones.pdf",
                                    "svg": "https://static.vlife.kz/icons/car.svg"
                                },
                                "light": {
                                    "pdf": "https://static.vlife.kz/icons/Smartphones.pdf",
                                    "svg": "https://static.vlife.kz/icons/car.svg"
                                }
                            },
                            "isAccent": false,
                            "description": "Спальные мешки",
                            "isTabbedChildren": false,
                            "children": [
                                
                            ]
                        },
                        {
                            "id": 32054,
                            "name": "Спортивные рюкзаки",
                            "sort": null,
                            "image": {
                                "dark": {
                                    "pdf": "https://static.vlife.kz/icons/Smartphones.pdf",
                                    "svg": "https://static.vlife.kz/icons/car.svg"
                                },
                                "light": {
                                    "pdf": "https://static.vlife.kz/icons/Smartphones.pdf",
                                    "svg": "https://static.vlife.kz/icons/car.svg"
                                }
                            },
                            "isAccent": false,
                            "description": "Спортивные рюкзаки",
                            "isTabbedChildren": false,
                            "children": [
                                
                            ]
                        },
                        {
                            "id": 32055,
                            "name": "Сумки-холодильники",
                            "sort": null,
                            "image": {
                                "dark": {
                                    "pdf": "https://static.vlife.kz/icons/Smartphones.pdf",
                                    "svg": "https://static.vlife.kz/icons/car.svg"
                                },
                                "light": {
                                    "pdf": "https://static.vlife.kz/icons/Smartphones.pdf",
                                    "svg": "https://static.vlife.kz/icons/car.svg"
                                }
                            },
                            "isAccent": false,
                            "description": "Сумки-холодильники",
                            "isTabbedChildren": false,
                            "children": [
                                
                            ]
                        },
                        {
                            "id": 32056,
                            "name": "Телескопы",
                            "sort": null,
                            "image": {
                                "dark": {
                                    "pdf": "https://static.vlife.kz/icons/Smartphones.pdf",
                                    "svg": "https://static.vlife.kz/icons/car.svg"
                                },
                                "light": {
                                    "pdf": "https://static.vlife.kz/icons/Smartphones.pdf",
                                    "svg": "https://static.vlife.kz/icons/car.svg"
                                }
                            },
                            "isAccent": false,
                            "description": "Телескопы ",
                            "isTabbedChildren": false,
                            "children": [
                                
                            ]
                        },
                        {
                            "id": 32057,
                            "name": "Тенты и шатры туристические",
                            "sort": null,
                            "image": {
                                "dark": {
                                    "pdf": "https://static.vlife.kz/icons/Smartphones.pdf",
                                    "svg": "https://static.vlife.kz/icons/car.svg"
                                },
                                "light": {
                                    "pdf": "https://static.vlife.kz/icons/Smartphones.pdf",
                                    "svg": "https://static.vlife.kz/icons/car.svg"
                                }
                            },
                            "isAccent": false,
                            "description": "Тенты и шатры туристические ",
                            "isTabbedChildren": false,
                            "children": [
                                
                            ]
                        },
                        {
                            "id": 32058,
                            "name": "Термосы и термокружки",
                            "sort": null,
                            "image": {
                                "dark": {
                                    "pdf": "https://static.vlife.kz/icons/Smartphones.pdf",
                                    "svg": "https://static.vlife.kz/icons/car.svg"
                                },
                                "light": {
                                    "pdf": "https://static.vlife.kz/icons/Smartphones.pdf",
                                    "svg": "https://static.vlife.kz/icons/car.svg"
                                }
                            },
                            "isAccent": false,
                            "description": "Термосы и термокружки ",
                            "isTabbedChildren": false,
                            "children": [
                                
                            ]
                        },
                        {
                            "id": 32059,
                            "name": "Треккинговые палки",
                            "sort": null,
                            "image": {
                                "dark": {
                                    "pdf": "https://static.vlife.kz/icons/Smartphones.pdf",
                                    "svg": "https://static.vlife.kz/icons/car.svg"
                                },
                                "light": {
                                    "pdf": "https://static.vlife.kz/icons/Smartphones.pdf",
                                    "svg": "https://static.vlife.kz/icons/car.svg"
                                }
                            },
                            "isAccent": false,
                            "description": "Треккинговые палки",
                            "isTabbedChildren": false,
                            "children": [
                                
                            ]
                        },
                        {
                            "id": 32060,
                            "name": "Туристическая посуда",
                            "sort": null,
                            "image": {
                                "dark": {
                                    "pdf": "https://static.vlife.kz/icons/Smartphones.pdf",
                                    "svg": "https://static.vlife.kz/icons/car.svg"
                                },
                                "light": {
                                    "pdf": "https://static.vlife.kz/icons/Smartphones.pdf",
                                    "svg": "https://static.vlife.kz/icons/car.svg"
                                }
                            },
                            "isAccent": false,
                            "description": "Туристическая посуда ",
                            "isTabbedChildren": false,
                            "children": [
                                
                            ]
                        },
                        {
                            "id": 32061,
                            "name": "Туристические горелки",
                            "sort": null,
                            "image": {
                                "dark": {
                                    "pdf": "https://static.vlife.kz/icons/Smartphones.pdf",
                                    "svg": "https://static.vlife.kz/icons/car.svg"
                                },
                                "light": {
                                    "pdf": "https://static.vlife.kz/icons/Smartphones.pdf",
                                    "svg": "https://static.vlife.kz/icons/car.svg"
                                }
                            },
                            "isAccent": false,
                            "description": "Туристические горелки ",
                            "isTabbedChildren": false,
                            "children": [
                                
                            ]
                        },
                        {
                            "id": 32063,
                            "name": "Туристические фонари",
                            "sort": null,
                            "image": {
                                "dark": {
                                    "pdf": "https://static.vlife.kz/icons/Smartphones.pdf",
                                    "svg": "https://static.vlife.kz/icons/car.svg"
                                },
                                "light": {
                                    "pdf": "https://static.vlife.kz/icons/Smartphones.pdf",
                                    "svg": "https://static.vlife.kz/icons/car.svg"
                                }
                            },
                            "isAccent": false,
                            "description": "Туристические фонари",
                            "isTabbedChildren": false,
                            "children": [
                                
                            ]
                        }
                    ]
                }
            ]
        },
        {
            "id": 32309,
            "name": "Хобби и увлечения",
            "sort": 9,
            "image": {
                "dark": {
                    "pdf": "https://static.vlife.kz/pdf/market/Guitar_2.pdf",
                    "svg": "https://static.vlife.kz/icons/vlife/market/Guitar_2.svg"
                },
                "light": {
                    "pdf": "https://static.vlife.kz/pdf/market/Guitar_2.pdf",
                    "svg": "https://static.vlife.kz/icons/vlife/market/Guitar_2.svg"
                }
            },
            "isAccent": false,
            "description": "Хобби и увлечения",
            "isTabbedChildren": false,
            "children": [
                {
                    "id": 32319,
                    "name": "Музыкальные инструменты",
                    "sort": null,
                    "image": {
                        "dark": {
                            "pdf": "https://static.vlife.kz/icons/Smartphones.pdf",
                            "svg": "https://static.vlife.kz/icons/car.svg"
                        },
                        "light": {
                            "pdf": "https://static.vlife.kz/icons/Smartphones.pdf",
                            "svg": "https://static.vlife.kz/icons/car.svg"
                        }
                    },
                    "isAccent": false,
                    "description": "Музыкальные инструменты",
                    "isTabbedChildren": false,
                    "children": [
                        {
                            "id": 32389,
                            "name": "Акустические гитары ",
                            "sort": null,
                            "image": {
                                "dark": null,
                                "light": null
                            },
                            "isAccent": false,
                            "description": "Акустические гитары ",
                            "isTabbedChildren": false,
                            "children": [
                                
                            ]
                        },
                        {
                            "id": 32390,
                            "name": "Барабанные палочки ",
                            "sort": null,
                            "image": {
                                "dark": null,
                                "light": null
                            },
                            "isAccent": false,
                            "description": "Барабанные палочки ",
                            "isTabbedChildren": false,
                            "children": [
                                
                            ]
                        },
                        {
                            "id": 32391,
                            "name": "Губные гармошки и мелодики ",
                            "sort": null,
                            "image": {
                                "dark": null,
                                "light": null
                            },
                            "isAccent": false,
                            "description": "Губные гармошки и мелодики ",
                            "isTabbedChildren": false,
                            "children": [
                                
                            ]
                        },
                        {
                            "id": 32392,
                            "name": "Каподастры ",
                            "sort": null,
                            "image": {
                                "dark": null,
                                "light": null
                            },
                            "isAccent": false,
                            "description": "Каподастры ",
                            "isTabbedChildren": false,
                            "children": [
                                
                            ]
                        },
                        {
                            "id": 32393,
                            "name": "Педали и процессоры эффектов ",
                            "sort": null,
                            "image": {
                                "dark": null,
                                "light": null
                            },
                            "isAccent": false,
                            "description": "Педали и процессоры эффектов ",
                            "isTabbedChildren": false,
                            "children": [
                                
                            ]
                        },
                        {
                            "id": 32394,
                            "name": "Перкуссия ",
                            "sort": null,
                            "image": {
                                "dark": null,
                                "light": null
                            },
                            "isAccent": false,
                            "description": "Перкуссия ",
                            "isTabbedChildren": false,
                            "children": [
                                
                            ]
                        },
                        {
                            "id": 32395,
                            "name": "Саксофоны ",
                            "sort": null,
                            "image": {
                                "dark": null,
                                "light": null
                            },
                            "isAccent": false,
                            "description": "Саксофоны ",
                            "isTabbedChildren": false,
                            "children": [
                                
                            ]
                        },
                        {
                            "id": 32396,
                            "name": "Скрипки ",
                            "sort": null,
                            "image": {
                                "dark": null,
                                "light": null
                            },
                            "isAccent": false,
                            "description": "Скрипки ",
                            "isTabbedChildren": false,
                            "children": [
                                
                            ]
                        },
                        {
                            "id": 32397,
                            "name": "Стойки для клавишных инструментов ",
                            "sort": null,
                            "image": {
                                "dark": null,
                                "light": null
                            },
                            "isAccent": false,
                            "description": "Стойки для клавишных инструментов ",
                            "isTabbedChildren": false,
                            "children": [
                                
                            ]
                        },
                        {
                            "id": 32398,
                            "name": "Струны для смычковых инструментов ",
                            "sort": null,
                            "image": {
                                "dark": null,
                                "light": null
                            },
                            "isAccent": false,
                            "description": "Струны для смычковых инструментов ",
                            "isTabbedChildren": false,
                            "children": [
                                
                            ]
                        },
                        {
                            "id": 32399,
                            "name": "Тарелки для ударных инструментов ",
                            "sort": null,
                            "image": {
                                "dark": null,
                                "light": null
                            },
                            "isAccent": false,
                            "description": "Тарелки для ударных инструментов ",
                            "isTabbedChildren": false,
                            "children": [
                                
                            ]
                        },
                        {
                            "id": 32400,
                            "name": "Укулеле ",
                            "sort": null,
                            "image": {
                                "dark": null,
                                "light": null
                            },
                            "isAccent": false,
                            "description": "Укулеле ",
                            "isTabbedChildren": false,
                            "children": [
                                
                            ]
                        },
                        {
                            "id": 32401,
                            "name": "Цифровые пианино",
                            "sort": null,
                            "image": {
                                "dark": null,
                                "light": null
                            },
                            "isAccent": false,
                            "description": "Цифровые пианино",
                            "isTabbedChildren": false,
                            "children": [
                                
                            ]
                        },
                        {
                            "id": 32320,
                            "name": "Электрогитары",
                            "sort": null,
                            "image": {
                                "dark": {
                                    "pdf": "https://static.vlife.kz/icons/Smartphones.pdf",
                                    "svg": "https://static.vlife.kz/icons/car.svg"
                                },
                                "light": {
                                    "pdf": "https://static.vlife.kz/icons/Smartphones.pdf",
                                    "svg": "https://static.vlife.kz/icons/car.svg"
                                }
                            },
                            "isAccent": false,
                            "description": "Электрогитары ",
                            "isTabbedChildren": false,
                            "children": [
                                
                            ]
                        },
                        {
                            "id": 32321,
                            "name": "Гитарные комбоусилители",
                            "sort": null,
                            "image": {
                                "dark": {
                                    "pdf": "https://static.vlife.kz/icons/Smartphones.pdf",
                                    "svg": "https://static.vlife.kz/icons/car.svg"
                                },
                                "light": {
                                    "pdf": "https://static.vlife.kz/icons/Smartphones.pdf",
                                    "svg": "https://static.vlife.kz/icons/car.svg"
                                }
                            },
                            "isAccent": false,
                            "description": "Гитарные комбоусилители",
                            "isTabbedChildren": false,
                            "children": [
                                
                            ]
                        },
                        {
                            "id": 32322,
                            "name": "Домбры",
                            "sort": null,
                            "image": {
                                "dark": {
                                    "pdf": "https://static.vlife.kz/icons/Smartphones.pdf",
                                    "svg": "https://static.vlife.kz/icons/car.svg"
                                },
                                "light": {
                                    "pdf": "https://static.vlife.kz/icons/Smartphones.pdf",
                                    "svg": "https://static.vlife.kz/icons/car.svg"
                                }
                            },
                            "isAccent": false,
                            "description": "Домбры ",
                            "isTabbedChildren": false,
                            "children": [
                                
                            ]
                        },
                        {
                            "id": 32323,
                            "name": "Микшерные пульты",
                            "sort": null,
                            "image": {
                                "dark": {
                                    "pdf": "https://static.vlife.kz/icons/Smartphones.pdf",
                                    "svg": "https://static.vlife.kz/icons/car.svg"
                                },
                                "light": {
                                    "pdf": "https://static.vlife.kz/icons/Smartphones.pdf",
                                    "svg": "https://static.vlife.kz/icons/car.svg"
                                }
                            },
                            "isAccent": false,
                            "description": "Микшерные пульты",
                            "isTabbedChildren": false,
                            "children": [
                                
                            ]
                        },
                        {
                            "id": 32324,
                            "name": "Пюпитры",
                            "sort": null,
                            "image": {
                                "dark": {
                                    "pdf": "https://static.vlife.kz/icons/Smartphones.pdf",
                                    "svg": "https://static.vlife.kz/icons/car.svg"
                                },
                                "light": {
                                    "pdf": "https://static.vlife.kz/icons/Smartphones.pdf",
                                    "svg": "https://static.vlife.kz/icons/car.svg"
                                }
                            },
                            "isAccent": false,
                            "description": "Пюпитры ",
                            "isTabbedChildren": false,
                            "children": [
                                
                            ]
                        },
                        {
                            "id": 32325,
                            "name": "Синтезаторы",
                            "sort": null,
                            "image": {
                                "dark": {
                                    "pdf": "https://static.vlife.kz/icons/Smartphones.pdf",
                                    "svg": "https://static.vlife.kz/icons/car.svg"
                                },
                                "light": {
                                    "pdf": "https://static.vlife.kz/icons/Smartphones.pdf",
                                    "svg": "https://static.vlife.kz/icons/car.svg"
                                }
                            },
                            "isAccent": false,
                            "description": "Синтезаторы ",
                            "isTabbedChildren": false,
                            "children": [
                                
                            ]
                        },
                        {
                            "id": 32326,
                            "name": "Струны для гитар",
                            "sort": null,
                            "image": {
                                "dark": {
                                    "pdf": "https://static.vlife.kz/icons/Smartphones.pdf",
                                    "svg": "https://static.vlife.kz/icons/car.svg"
                                },
                                "light": {
                                    "pdf": "https://static.vlife.kz/icons/Smartphones.pdf",
                                    "svg": "https://static.vlife.kz/icons/car.svg"
                                }
                            },
                            "isAccent": false,
                            "description": "Струны для гитар",
                            "isTabbedChildren": false,
                            "children": [
                                
                            ]
                        },
                        {
                            "id": 32327,
                            "name": "Ударные инструменты",
                            "sort": null,
                            "image": {
                                "dark": {
                                    "pdf": "https://static.vlife.kz/icons/Smartphones.pdf",
                                    "svg": "https://static.vlife.kz/icons/car.svg"
                                },
                                "light": {
                                    "pdf": "https://static.vlife.kz/icons/Smartphones.pdf",
                                    "svg": "https://static.vlife.kz/icons/car.svg"
                                }
                            },
                            "isAccent": false,
                            "description": "Ударные инструменты ",
                            "isTabbedChildren": false,
                            "children": [
                                
                            ]
                        },
                        {
                            "id": 32328,
                            "name": "Флейты",
                            "sort": null,
                            "image": {
                                "dark": {
                                    "pdf": "https://static.vlife.kz/icons/Smartphones.pdf",
                                    "svg": "https://static.vlife.kz/icons/car.svg"
                                },
                                "light": {
                                    "pdf": "https://static.vlife.kz/icons/Smartphones.pdf",
                                    "svg": "https://static.vlife.kz/icons/car.svg"
                                }
                            },
                            "isAccent": false,
                            "description": "Флейты ",
                            "isTabbedChildren": false,
                            "children": [
                                
                            ]
                        },
                        {
                            "id": 32329,
                            "name": "Чехлы для музыкальных инструментов",
                            "sort": null,
                            "image": {
                                "dark": {
                                    "pdf": "https://static.vlife.kz/icons/Smartphones.pdf",
                                    "svg": "https://static.vlife.kz/icons/car.svg"
                                },
                                "light": {
                                    "pdf": "https://static.vlife.kz/icons/Smartphones.pdf",
                                    "svg": "https://static.vlife.kz/icons/car.svg"
                                }
                            },
                            "isAccent": false,
                            "description": "Чехлы для музыкальных инструментов ",
                            "isTabbedChildren": false,
                            "children": [
                                
                            ]
                        }
                    ]
                },
                {
                    "id": 32432,
                    "name": "Игры для компаний",
                    "sort": null,
                    "image": {
                        "dark": null,
                        "light": null
                    },
                    "isAccent": false,
                    "description": "Игры для компаний",
                    "isTabbedChildren": false,
                    "children": [
                        {
                            "id": 32433,
                            "name": "Настольные игры",
                            "sort": null,
                            "image": {
                                "dark": null,
                                "light": null
                            },
                            "isAccent": false,
                            "description": "Настольные игры",
                            "isTabbedChildren": false,
                            "children": [
                                
                            ]
                        },
                        {
                            "id": 32434,
                            "name": "Пазлы",
                            "sort": null,
                            "image": {
                                "dark": null,
                                "light": null
                            },
                            "isAccent": false,
                            "description": "Пазлы",
                            "isTabbedChildren": false,
                            "children": [
                                
                            ]
                        },
                        {
                            "id": 32435,
                            "name": "Домино",
                            "sort": null,
                            "image": {
                                "dark": null,
                                "light": null
                            },
                            "isAccent": false,
                            "description": "Домино",
                            "isTabbedChildren": false,
                            "children": [
                                
                            ]
                        },
                        {
                            "id": 32436,
                            "name": "Шахматы",
                            "sort": null,
                            "image": {
                                "dark": null,
                                "light": null
                            },
                            "isAccent": false,
                            "description": "Шахматы",
                            "isTabbedChildren": false,
                            "children": [
                                
                            ]
                        },
                        {
                            "id": 32437,
                            "name": "Лото",
                            "sort": null,
                            "image": {
                                "dark": null,
                                "light": null
                            },
                            "isAccent": false,
                            "description": "Лото",
                            "isTabbedChildren": false,
                            "children": [
                                
                            ]
                        }
                    ]
                },
                {
                    "id": 32310,
                    "name": "Книги",
                    "sort": null,
                    "image": {
                        "dark": {
                            "pdf": "https://static.vlife.kz/icons/Smartphones.pdf",
                            "svg": "https://static.vlife.kz/icons/car.svg"
                        },
                        "light": {
                            "pdf": "https://static.vlife.kz/icons/Smartphones.pdf",
                            "svg": "https://static.vlife.kz/icons/car.svg"
                        }
                    },
                    "isAccent": false,
                    "description": "Книги",
                    "isTabbedChildren": false,
                    "children": [
                        {
                            "id": 32402,
                            "name": "Наука и образование",
                            "sort": null,
                            "image": {
                                "dark": null,
                                "light": null
                            },
                            "isAccent": false,
                            "description": "Наука и образование",
                            "isTabbedChildren": false,
                            "children": [
                                
                            ]
                        },
                        {
                            "id": 32403,
                            "name": "Дом, досуг, хобби",
                            "sort": null,
                            "image": {
                                "dark": null,
                                "light": null
                            },
                            "isAccent": false,
                            "description": "Дом, досуг, хобби",
                            "isTabbedChildren": false,
                            "children": [
                                
                            ]
                        },
                        {
                            "id": 32404,
                            "name": "Эзотерика",
                            "sort": null,
                            "image": {
                                "dark": null,
                                "light": null
                            },
                            "isAccent": false,
                            "description": "Эзотерика",
                            "isTabbedChildren": false,
                            "children": [
                                
                            ]
                        },
                        {
                            "id": 32405,
                            "name": "Литература на иностранных языках",
                            "sort": null,
                            "image": {
                                "dark": null,
                                "light": null
                            },
                            "isAccent": false,
                            "description": "Литература на иностранных языках",
                            "isTabbedChildren": false,
                            "children": [
                                
                            ]
                        },
                        {
                            "id": 32406,
                            "name": "Бизнес-литература",
                            "sort": null,
                            "image": {
                                "dark": null,
                                "light": null
                            },
                            "isAccent": false,
                            "description": "Бизнес-литература",
                            "isTabbedChildren": false,
                            "children": [
                                
                            ]
                        },
                        {
                            "id": 32407,
                            "name": "Учебники и пособия",
                            "sort": null,
                            "image": {
                                "dark": null,
                                "light": null
                            },
                            "isAccent": false,
                            "description": "Учебники и пособия",
                            "isTabbedChildren": false,
                            "children": [
                                
                            ]
                        },
                        {
                            "id": 32408,
                            "name": "Религиозная литература",
                            "sort": null,
                            "image": {
                                "dark": null,
                                "light": null
                            },
                            "isAccent": false,
                            "description": "Религиозная литература",
                            "isTabbedChildren": false,
                            "children": [
                                
                            ]
                        },
                        {
                            "id": 32409,
                            "name": "Комиксы и графическая литература",
                            "sort": null,
                            "image": {
                                "dark": null,
                                "light": null
                            },
                            "isAccent": false,
                            "description": "Комиксы и графическая литература",
                            "isTabbedChildren": false,
                            "children": [
                                
                            ]
                        },
                        {
                            "id": 32311,
                            "name": "Детская литература",
                            "sort": null,
                            "image": {
                                "dark": {
                                    "pdf": "https://static.vlife.kz/icons/Smartphones.pdf",
                                    "svg": "https://static.vlife.kz/icons/car.svg"
                                },
                                "light": {
                                    "pdf": "https://static.vlife.kz/icons/Smartphones.pdf",
                                    "svg": "https://static.vlife.kz/icons/car.svg"
                                }
                            },
                            "isAccent": false,
                            "description": "Детская литература",
                            "isTabbedChildren": false,
                            "children": [
                                
                            ]
                        },
                        {
                            "id": 32312,
                            "name": "Искусство и культура",
                            "sort": null,
                            "image": {
                                "dark": {
                                    "pdf": "https://static.vlife.kz/icons/Smartphones.pdf",
                                    "svg": "https://static.vlife.kz/icons/car.svg"
                                },
                                "light": {
                                    "pdf": "https://static.vlife.kz/icons/Smartphones.pdf",
                                    "svg": "https://static.vlife.kz/icons/car.svg"
                                }
                            },
                            "isAccent": false,
                            "description": "Искусство и культура",
                            "isTabbedChildren": false,
                            "children": [
                                
                            ]
                        },
                        {
                            "id": 32313,
                            "name": "Компьютеры и интернет",
                            "sort": null,
                            "image": {
                                "dark": {
                                    "pdf": "https://static.vlife.kz/icons/Smartphones.pdf",
                                    "svg": "https://static.vlife.kz/icons/car.svg"
                                },
                                "light": {
                                    "pdf": "https://static.vlife.kz/icons/Smartphones.pdf",
                                    "svg": "https://static.vlife.kz/icons/car.svg"
                                }
                            },
                            "isAccent": false,
                            "description": "Компьютеры и интернет ",
                            "isTabbedChildren": false,
                            "children": [
                                
                            ]
                        },
                        {
                            "id": 32314,
                            "name": "Медицина",
                            "sort": null,
                            "image": {
                                "dark": {
                                    "pdf": "https://static.vlife.kz/icons/Smartphones.pdf",
                                    "svg": "https://static.vlife.kz/icons/car.svg"
                                },
                                "light": {
                                    "pdf": "https://static.vlife.kz/icons/Smartphones.pdf",
                                    "svg": "https://static.vlife.kz/icons/car.svg"
                                }
                            },
                            "isAccent": false,
                            "description": "Медицина ",
                            "isTabbedChildren": false,
                            "children": [
                                
                            ]
                        },
                        {
                            "id": 32315,
                            "name": "Психологическая литература",
                            "sort": null,
                            "image": {
                                "dark": {
                                    "pdf": "https://static.vlife.kz/icons/Smartphones.pdf",
                                    "svg": "https://static.vlife.kz/icons/car.svg"
                                },
                                "light": {
                                    "pdf": "https://static.vlife.kz/icons/Smartphones.pdf",
                                    "svg": "https://static.vlife.kz/icons/car.svg"
                                }
                            },
                            "isAccent": false,
                            "description": "Психологическая литература ",
                            "isTabbedChildren": false,
                            "children": [
                                
                            ]
                        },
                        {
                            "id": 32316,
                            "name": "Словари, энциклопедии",
                            "sort": null,
                            "image": {
                                "dark": {
                                    "pdf": "https://static.vlife.kz/icons/Smartphones.pdf",
                                    "svg": "https://static.vlife.kz/icons/car.svg"
                                },
                                "light": {
                                    "pdf": "https://static.vlife.kz/icons/Smartphones.pdf",
                                    "svg": "https://static.vlife.kz/icons/car.svg"
                                }
                            },
                            "isAccent": false,
                            "description": "Словари, энциклопедии ",
                            "isTabbedChildren": false,
                            "children": [
                                
                            ]
                        },
                        {
                            "id": 32317,
                            "name": "Художественная литература",
                            "sort": null,
                            "image": {
                                "dark": {
                                    "pdf": "https://static.vlife.kz/icons/Smartphones.pdf",
                                    "svg": "https://static.vlife.kz/icons/car.svg"
                                },
                                "light": {
                                    "pdf": "https://static.vlife.kz/icons/Smartphones.pdf",
                                    "svg": "https://static.vlife.kz/icons/car.svg"
                                }
                            },
                            "isAccent": false,
                            "description": "Художественная литература ",
                            "isTabbedChildren": false,
                            "children": [
                                
                            ]
                        },
                        {
                            "id": 32318,
                            "name": "Юридическая литература",
                            "sort": null,
                            "image": {
                                "dark": {
                                    "pdf": "https://static.vlife.kz/icons/Smartphones.pdf",
                                    "svg": "https://static.vlife.kz/icons/car.svg"
                                },
                                "light": {
                                    "pdf": "https://static.vlife.kz/icons/Smartphones.pdf",
                                    "svg": "https://static.vlife.kz/icons/car.svg"
                                }
                            },
                            "isAccent": false,
                            "description": "Юридическая литература ",
                            "isTabbedChildren": false,
                            "children": [
                                
                            ]
                        }
                    ]
                },
                {
                    "id": 32330,
                    "name": "Оптические приборы",
                    "sort": null,
                    "image": {
                        "dark": {
                            "pdf": "https://static.vlife.kz/icons/Smartphones.pdf",
                            "svg": "https://static.vlife.kz/icons/car.svg"
                        },
                        "light": {
                            "pdf": "https://static.vlife.kz/icons/Smartphones.pdf",
                            "svg": "https://static.vlife.kz/icons/car.svg"
                        }
                    },
                    "isAccent": false,
                    "description": "Оптические приборы",
                    "isTabbedChildren": false,
                    "children": [
                        {
                            "id": 32410,
                            "name": "Телескопы",
                            "sort": null,
                            "image": {
                                "dark": null,
                                "light": null
                            },
                            "isAccent": false,
                            "description": "Телескопы",
                            "isTabbedChildren": false,
                            "children": [
                                
                            ]
                        },
                        {
                            "id": 32411,
                            "name": "Бинокли и зрительные трубы",
                            "sort": null,
                            "image": {
                                "dark": null,
                                "light": null
                            },
                            "isAccent": false,
                            "description": "Бинокли и зрительные трубы",
                            "isTabbedChildren": false,
                            "children": [
                                
                            ]
                        },
                        {
                            "id": 32331,
                            "name": "Микроскопы",
                            "sort": null,
                            "image": {
                                "dark": {
                                    "pdf": "https://static.vlife.kz/icons/Smartphones.pdf",
                                    "svg": "https://static.vlife.kz/icons/car.svg"
                                },
                                "light": {
                                    "pdf": "https://static.vlife.kz/icons/Smartphones.pdf",
                                    "svg": "https://static.vlife.kz/icons/car.svg"
                                }
                            },
                            "isAccent": false,
                            "description": "Микроскопы",
                            "isTabbedChildren": false,
                            "children": [
                                
                            ]
                        }
                    ]
                },
                {
                    "id": 32332,
                    "name": "Рисование и творчество",
                    "sort": null,
                    "image": {
                        "dark": {
                            "pdf": "https://static.vlife.kz/icons/Smartphones.pdf",
                            "svg": "https://static.vlife.kz/icons/car.svg"
                        },
                        "light": {
                            "pdf": "https://static.vlife.kz/icons/Smartphones.pdf",
                            "svg": "https://static.vlife.kz/icons/car.svg"
                        }
                    },
                    "isAccent": false,
                    "description": "Рисование и творчество",
                    "isTabbedChildren": false,
                    "children": [
                        {
                            "id": 32417,
                            "name": "Художественные наборы",
                            "sort": null,
                            "image": {
                                "dark": null,
                                "light": null
                            },
                            "isAccent": false,
                            "description": "Художественные наборы",
                            "isTabbedChildren": false,
                            "children": [
                                
                            ]
                        },
                        {
                            "id": 32418,
                            "name": "Кинетический песок",
                            "sort": null,
                            "image": {
                                "dark": null,
                                "light": null
                            },
                            "isAccent": false,
                            "description": "Кинетический песок",
                            "isTabbedChildren": false,
                            "children": [
                                
                            ]
                        },
                        {
                            "id": 32419,
                            "name": "Сборные модели",
                            "sort": null,
                            "image": {
                                "dark": null,
                                "light": null
                            },
                            "isAccent": false,
                            "description": "Сборные модели",
                            "isTabbedChildren": false,
                            "children": [
                                
                            ]
                        },
                        {
                            "id": 32420,
                            "name": "Наборы для изготовления свечей",
                            "sort": null,
                            "image": {
                                "dark": null,
                                "light": null
                            },
                            "isAccent": false,
                            "description": "Наборы для изготовления свечей",
                            "isTabbedChildren": false,
                            "children": [
                                
                            ]
                        },
                        {
                            "id": 32421,
                            "name": "Наборы для вязания",
                            "sort": null,
                            "image": {
                                "dark": null,
                                "light": null
                            },
                            "isAccent": false,
                            "description": "Наборы для вязания",
                            "isTabbedChildren": false,
                            "children": [
                                
                            ]
                        },
                        {
                            "id": 32422,
                            "name": "Гравюры",
                            "sort": null,
                            "image": {
                                "dark": null,
                                "light": null
                            },
                            "isAccent": false,
                            "description": "Гравюры",
                            "isTabbedChildren": false,
                            "children": [
                                
                            ]
                        },
                        {
                            "id": 32423,
                            "name": "Картины из пайеток",
                            "sort": null,
                            "image": {
                                "dark": null,
                                "light": null
                            },
                            "isAccent": false,
                            "description": "Картины из пайеток",
                            "isTabbedChildren": false,
                            "children": [
                                
                            ]
                        },
                        {
                            "id": 32424,
                            "name": "Наборы для бисероплетения",
                            "sort": null,
                            "image": {
                                "dark": null,
                                "light": null
                            },
                            "isAccent": false,
                            "description": "Наборы для бисероплетения",
                            "isTabbedChildren": false,
                            "children": [
                                
                            ]
                        },
                        {
                            "id": 32425,
                            "name": "Картины из песка",
                            "sort": null,
                            "image": {
                                "dark": null,
                                "light": null
                            },
                            "isAccent": false,
                            "description": "Картины из песка",
                            "isTabbedChildren": false,
                            "children": [
                                
                            ]
                        },
                        {
                            "id": 32426,
                            "name": "Витражная роспись",
                            "sort": null,
                            "image": {
                                "dark": null,
                                "light": null
                            },
                            "isAccent": false,
                            "description": "Витражная роспись",
                            "isTabbedChildren": false,
                            "children": [
                                
                            ]
                        },
                        {
                            "id": 32427,
                            "name": "Наборы для росписи",
                            "sort": null,
                            "image": {
                                "dark": null,
                                "light": null
                            },
                            "isAccent": false,
                            "description": "Наборы для росписи",
                            "isTabbedChildren": false,
                            "children": [
                                
                            ]
                        },
                        {
                            "id": 32428,
                            "name": "Наклейки для творчества",
                            "sort": null,
                            "image": {
                                "dark": null,
                                "light": null
                            },
                            "isAccent": false,
                            "description": "Наклейки для творчества",
                            "isTabbedChildren": false,
                            "children": [
                                
                            ]
                        },
                        {
                            "id": 32429,
                            "name": "Наборы для шитья",
                            "sort": null,
                            "image": {
                                "dark": null,
                                "light": null
                            },
                            "isAccent": false,
                            "description": "Наборы для шитья",
                            "isTabbedChildren": false,
                            "children": [
                                
                            ]
                        },
                        {
                            "id": 32412,
                            "name": "Фломастеры",
                            "sort": null,
                            "image": {
                                "dark": null,
                                "light": null
                            },
                            "isAccent": false,
                            "description": "Фломастеры",
                            "isTabbedChildren": false,
                            "children": [
                                
                            ]
                        },
                        {
                            "id": 32413,
                            "name": "3D ручки",
                            "sort": null,
                            "image": {
                                "dark": null,
                                "light": null
                            },
                            "isAccent": false,
                            "description": "3D ручки",
                            "isTabbedChildren": false,
                            "children": [
                                
                            ]
                        },
                        {
                            "id": 32414,
                            "name": "Краски для рисования",
                            "sort": null,
                            "image": {
                                "dark": null,
                                "light": null
                            },
                            "isAccent": false,
                            "description": "Краски для рисования",
                            "isTabbedChildren": false,
                            "children": [
                                
                            ]
                        },
                        {
                            "id": 32415,
                            "name": "Алмазные мозаики",
                            "sort": null,
                            "image": {
                                "dark": null,
                                "light": null
                            },
                            "isAccent": false,
                            "description": "Алмазные мозаики",
                            "isTabbedChildren": false,
                            "children": [
                                
                            ]
                        },
                        {
                            "id": 32416,
                            "name": "Приборы для выжигания",
                            "sort": null,
                            "image": {
                                "dark": null,
                                "light": null
                            },
                            "isAccent": false,
                            "description": "Приборы для выжигания",
                            "isTabbedChildren": false,
                            "children": [
                                
                            ]
                        },
                        {
                            "id": 32430,
                            "name": "Пастель и мелки для рисования",
                            "sort": null,
                            "image": {
                                "dark": null,
                                "light": null
                            },
                            "isAccent": false,
                            "description": "Пастель и мелки для рисования",
                            "isTabbedChildren": false,
                            "children": [
                                
                            ]
                        },
                        {
                            "id": 32431,
                            "name": "Цветная бумага и фольга",
                            "sort": null,
                            "image": {
                                "dark": null,
                                "light": null
                            },
                            "isAccent": false,
                            "description": "Цветная бумага и фольга",
                            "isTabbedChildren": false,
                            "children": [
                                
                            ]
                        },
                        {
                            "id": 32335,
                            "name": "Картины по номерам",
                            "sort": null,
                            "image": {
                                "dark": {
                                    "pdf": "https://static.vlife.kz/icons/Smartphones.pdf",
                                    "svg": "https://static.vlife.kz/icons/car.svg"
                                },
                                "light": {
                                    "pdf": "https://static.vlife.kz/icons/Smartphones.pdf",
                                    "svg": "https://static.vlife.kz/icons/car.svg"
                                }
                            },
                            "isAccent": false,
                            "description": "Картины по номерам",
                            "isTabbedChildren": false,
                            "children": [
                                
                            ]
                        },
                        {
                            "id": 32336,
                            "name": "Кисти для рисования",
                            "sort": null,
                            "image": {
                                "dark": {
                                    "pdf": "https://static.vlife.kz/icons/Smartphones.pdf",
                                    "svg": "https://static.vlife.kz/icons/car.svg"
                                },
                                "light": {
                                    "pdf": "https://static.vlife.kz/icons/Smartphones.pdf",
                                    "svg": "https://static.vlife.kz/icons/car.svg"
                                }
                            },
                            "isAccent": false,
                            "description": "Кисти для рисования",
                            "isTabbedChildren": false,
                            "children": [
                                
                            ]
                        },
                        {
                            "id": 32333,
                            "name": "Цветные карандаши для рисования_x000d_",
                            "sort": null,
                            "image": {
                                "dark": {
                                    "pdf": "https://static.vlife.kz/icons/Smartphones.pdf",
                                    "svg": "https://static.vlife.kz/icons/car.svg"
                                },
                                "light": {
                                    "pdf": "https://static.vlife.kz/icons/Smartphones.pdf",
                                    "svg": "https://static.vlife.kz/icons/car.svg"
                                }
                            },
                            "isAccent": false,
                            "description": "Цветные карандаши для рисования_x000d_",
                            "isTabbedChildren": false,
                            "children": [
                                
                            ]
                        },
                        {
                            "id": 32334,
                            "name": "Альбомы для рисования",
                            "sort": null,
                            "image": {
                                "dark": {
                                    "pdf": "https://static.vlife.kz/icons/Smartphones.pdf",
                                    "svg": "https://static.vlife.kz/icons/car.svg"
                                },
                                "light": {
                                    "pdf": "https://static.vlife.kz/icons/Smartphones.pdf",
                                    "svg": "https://static.vlife.kz/icons/car.svg"
                                }
                            },
                            "isAccent": false,
                            "description": "Альбомы для рисования ",
                            "isTabbedChildren": false,
                            "children": [
                                
                            ]
                        },
                        {
                            "id": 32337,
                            "name": "Мольберты и доски для рисования",
                            "sort": null,
                            "image": {
                                "dark": {
                                    "pdf": "https://static.vlife.kz/icons/Smartphones.pdf",
                                    "svg": "https://static.vlife.kz/icons/car.svg"
                                },
                                "light": {
                                    "pdf": "https://static.vlife.kz/icons/Smartphones.pdf",
                                    "svg": "https://static.vlife.kz/icons/car.svg"
                                }
                            },
                            "isAccent": false,
                            "description": "Мольберты и доски для рисования ",
                            "isTabbedChildren": false,
                            "children": [
                                
                            ]
                        },
                        {
                            "id": 32338,
                            "name": "Пластилин",
                            "sort": null,
                            "image": {
                                "dark": {
                                    "pdf": "https://static.vlife.kz/icons/Smartphones.pdf",
                                    "svg": "https://static.vlife.kz/icons/car.svg"
                                },
                                "light": {
                                    "pdf": "https://static.vlife.kz/icons/Smartphones.pdf",
                                    "svg": "https://static.vlife.kz/icons/car.svg"
                                }
                            },
                            "isAccent": false,
                            "description": "Пластилин ",
                            "isTabbedChildren": false,
                            "children": [
                                
                            ]
                        },
                        {
                            "id": 32339,
                            "name": "Раскраски",
                            "sort": null,
                            "image": {
                                "dark": {
                                    "pdf": "https://static.vlife.kz/icons/Smartphones.pdf",
                                    "svg": "https://static.vlife.kz/icons/car.svg"
                                },
                                "light": {
                                    "pdf": "https://static.vlife.kz/icons/Smartphones.pdf",
                                    "svg": "https://static.vlife.kz/icons/car.svg"
                                }
                            },
                            "isAccent": false,
                            "description": "Раскраски ",
                            "isTabbedChildren": false,
                            "children": [
                                
                            ]
                        },
                        {
                            "id": 32340,
                            "name": "Холсты для рисования",
                            "sort": null,
                            "image": {
                                "dark": {
                                    "pdf": "https://static.vlife.kz/icons/Smartphones.pdf",
                                    "svg": "https://static.vlife.kz/icons/car.svg"
                                },
                                "light": {
                                    "pdf": "https://static.vlife.kz/icons/Smartphones.pdf",
                                    "svg": "https://static.vlife.kz/icons/car.svg"
                                }
                            },
                            "isAccent": false,
                            "description": "Холсты для рисования ",
                            "isTabbedChildren": false,
                            "children": [
                                
                            ]
                        }
                    ]
                }
            ]
        },
        {
            "id": 30994,
            "name": "Детские товары",
            "sort": 10,
            "image": {
                "dark": {
                    "pdf": "https://static.vlife.kz/pdf/market/Duck_2.pdf",
                    "svg": "https://static.vlife.kz/icons/vlife/market/Duck_2.svg"
                },
                "light": {
                    "pdf": "https://static.vlife.kz/pdf/market/Duck_2.pdf",
                    "svg": "https://static.vlife.kz/icons/vlife/market/Duck_2.svg"
                }
            },
            "isAccent": false,
            "description": "Детские товары ",
            "isTabbedChildren": false,
            "children": [
                {
                    "id": 31006,
                    "name": "Игрушки",
                    "sort": null,
                    "image": {
                        "dark": {
                            "pdf": "https://static.vlife.kz/icons/Smartphones.pdf",
                            "svg": "https://static.vlife.kz/icons/car.svg"
                        },
                        "light": {
                            "pdf": "https://static.vlife.kz/icons/Smartphones.pdf",
                            "svg": "https://static.vlife.kz/icons/car.svg"
                        }
                    },
                    "isAccent": false,
                    "description": "Игрушки",
                    "isTabbedChildren": false,
                    "children": [
                        {
                            "id": 31007,
                            "name": "Аксессуары для кукол",
                            "sort": null,
                            "image": {
                                "dark": {
                                    "pdf": "https://static.vlife.kz/icons/Smartphones.pdf",
                                    "svg": "https://static.vlife.kz/icons/car.svg"
                                },
                                "light": {
                                    "pdf": "https://static.vlife.kz/icons/Smartphones.pdf",
                                    "svg": "https://static.vlife.kz/icons/car.svg"
                                }
                            },
                            "isAccent": false,
                            "description": "Аксессуары для кукол ",
                            "isTabbedChildren": false,
                            "children": [
                                
                            ]
                        },
                        {
                            "id": 31008,
                            "name": "Игрушечные роботы и трансформеры",
                            "sort": null,
                            "image": {
                                "dark": {
                                    "pdf": "https://static.vlife.kz/icons/Smartphones.pdf",
                                    "svg": "https://static.vlife.kz/icons/car.svg"
                                },
                                "light": {
                                    "pdf": "https://static.vlife.kz/icons/Smartphones.pdf",
                                    "svg": "https://static.vlife.kz/icons/car.svg"
                                }
                            },
                            "isAccent": false,
                            "description": "Игрушечные роботы и трансформеры",
                            "isTabbedChildren": false,
                            "children": [
                                
                            ]
                        },
                        {
                            "id": 31009,
                            "name": "Игрушки для купания",
                            "sort": null,
                            "image": {
                                "dark": {
                                    "pdf": "https://static.vlife.kz/icons/Smartphones.pdf",
                                    "svg": "https://static.vlife.kz/icons/car.svg"
                                },
                                "light": {
                                    "pdf": "https://static.vlife.kz/icons/Smartphones.pdf",
                                    "svg": "https://static.vlife.kz/icons/car.svg"
                                }
                            },
                            "isAccent": false,
                            "description": "Игрушки для купания",
                            "isTabbedChildren": false,
                            "children": [
                                
                            ]
                        },
                        {
                            "id": 31010,
                            "name": "Конструкторы",
                            "sort": null,
                            "image": {
                                "dark": {
                                    "pdf": "https://static.vlife.kz/icons/Smartphones.pdf",
                                    "svg": "https://static.vlife.kz/icons/car.svg"
                                },
                                "light": {
                                    "pdf": "https://static.vlife.kz/icons/Smartphones.pdf",
                                    "svg": "https://static.vlife.kz/icons/car.svg"
                                }
                            },
                            "isAccent": false,
                            "description": "Конструкторы ",
                            "isTabbedChildren": false,
                            "children": [
                                
                            ]
                        },
                        {
                            "id": 31011,
                            "name": "Куклы",
                            "sort": null,
                            "image": {
                                "dark": {
                                    "pdf": "https://static.vlife.kz/icons/Smartphones.pdf",
                                    "svg": "https://static.vlife.kz/icons/car.svg"
                                },
                                "light": {
                                    "pdf": "https://static.vlife.kz/icons/Smartphones.pdf",
                                    "svg": "https://static.vlife.kz/icons/car.svg"
                                }
                            },
                            "isAccent": false,
                            "description": "Куклы ",
                            "isTabbedChildren": false,
                            "children": [
                                
                            ]
                        },
                        {
                            "id": 31012,
                            "name": "Модели машин",
                            "sort": null,
                            "image": {
                                "dark": {
                                    "pdf": "https://static.vlife.kz/icons/Smartphones.pdf",
                                    "svg": "https://static.vlife.kz/icons/car.svg"
                                },
                                "light": {
                                    "pdf": "https://static.vlife.kz/icons/Smartphones.pdf",
                                    "svg": "https://static.vlife.kz/icons/car.svg"
                                }
                            },
                            "isAccent": false,
                            "description": "Модели машин ",
                            "isTabbedChildren": false,
                            "children": [
                                
                            ]
                        },
                        {
                            "id": 31013,
                            "name": "Мягкие игрушки",
                            "sort": null,
                            "image": {
                                "dark": {
                                    "pdf": "https://static.vlife.kz/icons/Smartphones.pdf",
                                    "svg": "https://static.vlife.kz/icons/car.svg"
                                },
                                "light": {
                                    "pdf": "https://static.vlife.kz/icons/Smartphones.pdf",
                                    "svg": "https://static.vlife.kz/icons/car.svg"
                                }
                            },
                            "isAccent": false,
                            "description": "Мягкие игрушки",
                            "isTabbedChildren": false,
                            "children": [
                                
                            ]
                        },
                        {
                            "id": 31014,
                            "name": "Наборы игрушек",
                            "sort": null,
                            "image": {
                                "dark": {
                                    "pdf": "https://static.vlife.kz/icons/Smartphones.pdf",
                                    "svg": "https://static.vlife.kz/icons/car.svg"
                                },
                                "light": {
                                    "pdf": "https://static.vlife.kz/icons/Smartphones.pdf",
                                    "svg": "https://static.vlife.kz/icons/car.svg"
                                }
                            },
                            "isAccent": false,
                            "description": "Наборы игрушек",
                            "isTabbedChildren": false,
                            "children": [
                                
                            ]
                        },
                        {
                            "id": 31015,
                            "name": "Настольные игры",
                            "sort": null,
                            "image": {
                                "dark": {
                                    "pdf": "https://static.vlife.kz/icons/Smartphones.pdf",
                                    "svg": "https://static.vlife.kz/icons/car.svg"
                                },
                                "light": {
                                    "pdf": "https://static.vlife.kz/icons/Smartphones.pdf",
                                    "svg": "https://static.vlife.kz/icons/car.svg"
                                }
                            },
                            "isAccent": false,
                            "description": "Настольные игры",
                            "isTabbedChildren": false,
                            "children": [
                                
                            ]
                        },
                        {
                            "id": 31016,
                            "name": "Радиоуправляемые игрушки",
                            "sort": null,
                            "image": {
                                "dark": {
                                    "pdf": "https://static.vlife.kz/icons/Smartphones.pdf",
                                    "svg": "https://static.vlife.kz/icons/car.svg"
                                },
                                "light": {
                                    "pdf": "https://static.vlife.kz/icons/Smartphones.pdf",
                                    "svg": "https://static.vlife.kz/icons/car.svg"
                                }
                            },
                            "isAccent": false,
                            "description": "Радиоуправляемые игрушки ",
                            "isTabbedChildren": false,
                            "children": [
                                
                            ]
                        },
                        {
                            "id": 31017,
                            "name": "Развивающие игрушки",
                            "sort": null,
                            "image": {
                                "dark": {
                                    "pdf": "https://static.vlife.kz/icons/Smartphones.pdf",
                                    "svg": "https://static.vlife.kz/icons/car.svg"
                                },
                                "light": {
                                    "pdf": "https://static.vlife.kz/icons/Smartphones.pdf",
                                    "svg": "https://static.vlife.kz/icons/car.svg"
                                }
                            },
                            "isAccent": false,
                            "description": "Развивающие игрушки ",
                            "isTabbedChildren": false,
                            "children": [
                                
                            ]
                        },
                        {
                            "id": 31018,
                            "name": "Фигурки персонажей",
                            "sort": null,
                            "image": {
                                "dark": {
                                    "pdf": "https://static.vlife.kz/icons/Smartphones.pdf",
                                    "svg": "https://static.vlife.kz/icons/car.svg"
                                },
                                "light": {
                                    "pdf": "https://static.vlife.kz/icons/Smartphones.pdf",
                                    "svg": "https://static.vlife.kz/icons/car.svg"
                                }
                            },
                            "isAccent": false,
                            "description": "Фигурки персонажей",
                            "isTabbedChildren": false,
                            "children": [
                                
                            ]
                        }
                    ]
                },
                {
                    "id": 30995,
                    "name": "Детский активный отдых",
                    "sort": null,
                    "image": {
                        "dark": {
                            "pdf": "https://static.vlife.kz/icons/Smartphones.pdf",
                            "svg": "https://static.vlife.kz/icons/car.svg"
                        },
                        "light": {
                            "pdf": "https://static.vlife.kz/icons/Smartphones.pdf",
                            "svg": "https://static.vlife.kz/icons/car.svg"
                        }
                    },
                    "isAccent": false,
                    "description": "Детский активный отдых ",
                    "isTabbedChildren": false,
                    "children": [
                        {
                            "id": 30996,
                            "name": "Детские игровые домики и палатки",
                            "sort": null,
                            "image": {
                                "dark": {
                                    "pdf": "https://static.vlife.kz/icons/Smartphones.pdf",
                                    "svg": "https://static.vlife.kz/icons/car.svg"
                                },
                                "light": {
                                    "pdf": "https://static.vlife.kz/icons/Smartphones.pdf",
                                    "svg": "https://static.vlife.kz/icons/car.svg"
                                }
                            },
                            "isAccent": false,
                            "description": "Детские игровые домики и палатки",
                            "isTabbedChildren": false,
                            "children": [
                                
                            ]
                        },
                        {
                            "id": 30997,
                            "name": "Детские игровые коврики",
                            "sort": null,
                            "image": {
                                "dark": {
                                    "pdf": "https://static.vlife.kz/icons/Smartphones.pdf",
                                    "svg": "https://static.vlife.kz/icons/car.svg"
                                },
                                "light": {
                                    "pdf": "https://static.vlife.kz/icons/Smartphones.pdf",
                                    "svg": "https://static.vlife.kz/icons/car.svg"
                                }
                            },
                            "isAccent": false,
                            "description": "Детские игровые коврики ",
                            "isTabbedChildren": false,
                            "children": [
                                
                            ]
                        },
                        {
                            "id": 30998,
                            "name": "Детские песочницы",
                            "sort": null,
                            "image": {
                                "dark": {
                                    "pdf": "https://static.vlife.kz/icons/Smartphones.pdf",
                                    "svg": "https://static.vlife.kz/icons/car.svg"
                                },
                                "light": {
                                    "pdf": "https://static.vlife.kz/icons/Smartphones.pdf",
                                    "svg": "https://static.vlife.kz/icons/car.svg"
                                }
                            },
                            "isAccent": false,
                            "description": "Детские песочницы",
                            "isTabbedChildren": false,
                            "children": [
                                
                            ]
                        },
                        {
                            "id": 30999,
                            "name": "Игровые комплексы",
                            "sort": null,
                            "image": {
                                "dark": {
                                    "pdf": "https://static.vlife.kz/icons/Smartphones.pdf",
                                    "svg": "https://static.vlife.kz/icons/car.svg"
                                },
                                "light": {
                                    "pdf": "https://static.vlife.kz/icons/Smartphones.pdf",
                                    "svg": "https://static.vlife.kz/icons/car.svg"
                                }
                            },
                            "isAccent": false,
                            "description": "Игровые комплексы",
                            "isTabbedChildren": false,
                            "children": [
                                
                            ]
                        },
                        {
                            "id": 31000,
                            "name": "Надувные игрушки",
                            "sort": null,
                            "image": {
                                "dark": {
                                    "pdf": "https://static.vlife.kz/icons/Smartphones.pdf",
                                    "svg": "https://static.vlife.kz/icons/car.svg"
                                },
                                "light": {
                                    "pdf": "https://static.vlife.kz/icons/Smartphones.pdf",
                                    "svg": "https://static.vlife.kz/icons/car.svg"
                                }
                            },
                            "isAccent": false,
                            "description": "Надувные игрушки",
                            "isTabbedChildren": false,
                            "children": [
                                
                            ]
                        },
                        {
                            "id": 31001,
                            "name": "Надувные комплексы и батуты",
                            "sort": null,
                            "image": {
                                "dark": {
                                    "pdf": "https://static.vlife.kz/icons/Smartphones.pdf",
                                    "svg": "https://static.vlife.kz/icons/car.svg"
                                },
                                "light": {
                                    "pdf": "https://static.vlife.kz/icons/Smartphones.pdf",
                                    "svg": "https://static.vlife.kz/icons/car.svg"
                                }
                            },
                            "isAccent": false,
                            "description": "Надувные комплексы и батуты",
                            "isTabbedChildren": false,
                            "children": [
                                
                            ]
                        }
                    ]
                },
                {
                    "id": 31002,
                    "name": "Детское питание",
                    "sort": null,
                    "image": {
                        "dark": {
                            "pdf": "https://static.vlife.kz/icons/Smartphones.pdf",
                            "svg": "https://static.vlife.kz/icons/car.svg"
                        },
                        "light": {
                            "pdf": "https://static.vlife.kz/icons/Smartphones.pdf",
                            "svg": "https://static.vlife.kz/icons/car.svg"
                        }
                    },
                    "isAccent": false,
                    "description": "Детское питание",
                    "isTabbedChildren": false,
                    "children": [
                        {
                            "id": 31004,
                            "name": "Детское пюре",
                            "sort": null,
                            "image": {
                                "dark": {
                                    "pdf": "https://static.vlife.kz/icons/Smartphones.pdf",
                                    "svg": "https://static.vlife.kz/icons/car.svg"
                                },
                                "light": {
                                    "pdf": "https://static.vlife.kz/icons/Smartphones.pdf",
                                    "svg": "https://static.vlife.kz/icons/car.svg"
                                }
                            },
                            "isAccent": false,
                            "description": "Детское пюре ",
                            "isTabbedChildren": false,
                            "children": [
                                
                            ]
                        },
                        {
                            "id": 31005,
                            "name": "Молочные смеси",
                            "sort": null,
                            "image": {
                                "dark": {
                                    "pdf": "https://static.vlife.kz/icons/Smartphones.pdf",
                                    "svg": "https://static.vlife.kz/icons/car.svg"
                                },
                                "light": {
                                    "pdf": "https://static.vlife.kz/icons/Smartphones.pdf",
                                    "svg": "https://static.vlife.kz/icons/car.svg"
                                }
                            },
                            "isAccent": false,
                            "description": "Молочные смеси",
                            "isTabbedChildren": false,
                            "children": [
                                
                            ]
                        },
                        {
                            "id": 31003,
                            "name": "Детские каши",
                            "sort": null,
                            "image": {
                                "dark": {
                                    "pdf": "https://static.vlife.kz/icons/Smartphones.pdf",
                                    "svg": "https://static.vlife.kz/icons/car.svg"
                                },
                                "light": {
                                    "pdf": "https://static.vlife.kz/icons/Smartphones.pdf",
                                    "svg": "https://static.vlife.kz/icons/car.svg"
                                }
                            },
                            "isAccent": false,
                            "description": "Детские каши ",
                            "isTabbedChildren": false,
                            "children": [
                                
                            ]
                        }
                    ]
                },
                {
                    "id": 31019,
                    "name": "Письменные принадлежности",
                    "sort": null,
                    "image": {
                        "dark": {
                            "pdf": "https://static.vlife.kz/icons/Smartphones.pdf",
                            "svg": "https://static.vlife.kz/icons/car.svg"
                        },
                        "light": {
                            "pdf": "https://static.vlife.kz/icons/Smartphones.pdf",
                            "svg": "https://static.vlife.kz/icons/car.svg"
                        }
                    },
                    "isAccent": false,
                    "description": "Письменные принадлежности",
                    "isTabbedChildren": false,
                    "children": [
                        {
                            "id": 31020,
                            "name": "Карандаши чернографитные",
                            "sort": null,
                            "image": {
                                "dark": {
                                    "pdf": "https://static.vlife.kz/icons/Smartphones.pdf",
                                    "svg": "https://static.vlife.kz/icons/car.svg"
                                },
                                "light": {
                                    "pdf": "https://static.vlife.kz/icons/Smartphones.pdf",
                                    "svg": "https://static.vlife.kz/icons/car.svg"
                                }
                            },
                            "isAccent": false,
                            "description": "Карандаши чернографитные ",
                            "isTabbedChildren": false,
                            "children": [
                                
                            ]
                        },
                        {
                            "id": 31021,
                            "name": "Маркеры",
                            "sort": null,
                            "image": {
                                "dark": {
                                    "pdf": "https://static.vlife.kz/icons/Smartphones.pdf",
                                    "svg": "https://static.vlife.kz/icons/car.svg"
                                },
                                "light": {
                                    "pdf": "https://static.vlife.kz/icons/Smartphones.pdf",
                                    "svg": "https://static.vlife.kz/icons/car.svg"
                                }
                            },
                            "isAccent": false,
                            "description": "Маркеры",
                            "isTabbedChildren": false,
                            "children": [
                                
                            ]
                        }
                    ]
                },
                {
                    "id": 31022,
                    "name": "Прогулки и поездки",
                    "sort": null,
                    "image": {
                        "dark": {
                            "pdf": "https://static.vlife.kz/icons/Smartphones.pdf",
                            "svg": "https://static.vlife.kz/icons/car.svg"
                        },
                        "light": {
                            "pdf": "https://static.vlife.kz/icons/Smartphones.pdf",
                            "svg": "https://static.vlife.kz/icons/car.svg"
                        }
                    },
                    "isAccent": false,
                    "description": "Прогулки и поездки",
                    "isTabbedChildren": false,
                    "children": [
                        {
                            "id": 31023,
                            "name": "Аксессуары для колясок и автокресел",
                            "sort": null,
                            "image": {
                                "dark": {
                                    "pdf": "https://static.vlife.kz/icons/Smartphones.pdf",
                                    "svg": "https://static.vlife.kz/icons/car.svg"
                                },
                                "light": {
                                    "pdf": "https://static.vlife.kz/icons/Smartphones.pdf",
                                    "svg": "https://static.vlife.kz/icons/car.svg"
                                }
                            },
                            "isAccent": false,
                            "description": "Аксессуары для колясок и автокресел ",
                            "isTabbedChildren": false,
                            "children": [
                                
                            ]
                        },
                        {
                            "id": 31024,
                            "name": "Детские автокресла",
                            "sort": null,
                            "image": {
                                "dark": {
                                    "pdf": "https://static.vlife.kz/icons/Smartphones.pdf",
                                    "svg": "https://static.vlife.kz/icons/car.svg"
                                },
                                "light": {
                                    "pdf": "https://static.vlife.kz/icons/Smartphones.pdf",
                                    "svg": "https://static.vlife.kz/icons/car.svg"
                                }
                            },
                            "isAccent": false,
                            "description": "Детские автокресла",
                            "isTabbedChildren": false,
                            "children": [
                                
                            ]
                        },
                        {
                            "id": 31025,
                            "name": "Детские электромобили",
                            "sort": null,
                            "image": {
                                "dark": {
                                    "pdf": "https://static.vlife.kz/icons/Smartphones.pdf",
                                    "svg": "https://static.vlife.kz/icons/car.svg"
                                },
                                "light": {
                                    "pdf": "https://static.vlife.kz/icons/Smartphones.pdf",
                                    "svg": "https://static.vlife.kz/icons/car.svg"
                                }
                            },
                            "isAccent": false,
                            "description": "Детские электромобили ",
                            "isTabbedChildren": false,
                            "children": [
                                
                            ]
                        },
                        {
                            "id": 31026,
                            "name": "Каталки",
                            "sort": null,
                            "image": {
                                "dark": {
                                    "pdf": "https://static.vlife.kz/icons/Smartphones.pdf",
                                    "svg": "https://static.vlife.kz/icons/car.svg"
                                },
                                "light": {
                                    "pdf": "https://static.vlife.kz/icons/Smartphones.pdf",
                                    "svg": "https://static.vlife.kz/icons/car.svg"
                                }
                            },
                            "isAccent": false,
                            "description": "Каталки ",
                            "isTabbedChildren": false,
                            "children": [
                                
                            ]
                        },
                        {
                            "id": 31027,
                            "name": "Качели и шезлонги для малышей",
                            "sort": null,
                            "image": {
                                "dark": {
                                    "pdf": "https://static.vlife.kz/icons/Smartphones.pdf",
                                    "svg": "https://static.vlife.kz/icons/car.svg"
                                },
                                "light": {
                                    "pdf": "https://static.vlife.kz/icons/Smartphones.pdf",
                                    "svg": "https://static.vlife.kz/icons/car.svg"
                                }
                            },
                            "isAccent": false,
                            "description": "Качели и шезлонги для малышей ",
                            "isTabbedChildren": false,
                            "children": [
                                
                            ]
                        },
                        {
                            "id": 31028,
                            "name": "Коляски",
                            "sort": null,
                            "image": {
                                "dark": {
                                    "pdf": "https://static.vlife.kz/icons/Smartphones.pdf",
                                    "svg": "https://static.vlife.kz/icons/car.svg"
                                },
                                "light": {
                                    "pdf": "https://static.vlife.kz/icons/Smartphones.pdf",
                                    "svg": "https://static.vlife.kz/icons/car.svg"
                                }
                            },
                            "isAccent": false,
                            "description": "Коляски",
                            "isTabbedChildren": false,
                            "children": [
                                
                            ]
                        },
                        {
                            "id": 31029,
                            "name": "Люльки-переноски для малышей",
                            "sort": null,
                            "image": {
                                "dark": {
                                    "pdf": "https://static.vlife.kz/icons/Smartphones.pdf",
                                    "svg": "https://static.vlife.kz/icons/car.svg"
                                },
                                "light": {
                                    "pdf": "https://static.vlife.kz/icons/Smartphones.pdf",
                                    "svg": "https://static.vlife.kz/icons/car.svg"
                                }
                            },
                            "isAccent": false,
                            "description": "Люльки-переноски для малышей ",
                            "isTabbedChildren": false,
                            "children": [
                                
                            ]
                        },
                        {
                            "id": 31030,
                            "name": "Эргорюкзаки и кенгуру для малышей",
                            "sort": null,
                            "image": {
                                "dark": {
                                    "pdf": "https://static.vlife.kz/icons/Smartphones.pdf",
                                    "svg": "https://static.vlife.kz/icons/car.svg"
                                },
                                "light": {
                                    "pdf": "https://static.vlife.kz/icons/Smartphones.pdf",
                                    "svg": "https://static.vlife.kz/icons/car.svg"
                                }
                            },
                            "isAccent": false,
                            "description": "Эргорюкзаки и кенгуру для малышей",
                            "isTabbedChildren": false,
                            "children": [
                                
                            ]
                        }
                    ]
                },
                {
                    "id": 31031,
                    "name": "Товары для школы",
                    "sort": null,
                    "image": {
                        "dark": {
                            "pdf": "https://static.vlife.kz/icons/Smartphones.pdf",
                            "svg": "https://static.vlife.kz/icons/car.svg"
                        },
                        "light": {
                            "pdf": "https://static.vlife.kz/icons/Smartphones.pdf",
                            "svg": "https://static.vlife.kz/icons/car.svg"
                        }
                    },
                    "isAccent": false,
                    "description": "Товары для школы",
                    "isTabbedChildren": false,
                    "children": [
                        {
                            "id": 31032,
                            "name": "Школьные рюкзаки",
                            "sort": null,
                            "image": {
                                "dark": {
                                    "pdf": "https://static.vlife.kz/icons/Smartphones.pdf",
                                    "svg": "https://static.vlife.kz/icons/car.svg"
                                },
                                "light": {
                                    "pdf": "https://static.vlife.kz/icons/Smartphones.pdf",
                                    "svg": "https://static.vlife.kz/icons/car.svg"
                                }
                            },
                            "isAccent": false,
                            "description": "Школьные рюкзаки",
                            "isTabbedChildren": false,
                            "children": [
                                
                            ]
                        }
                    ]
                },
                {
                    "id": 31033,
                    "name": "Уход за ребенком",
                    "sort": null,
                    "image": {
                        "dark": {
                            "pdf": "https://static.vlife.kz/icons/Smartphones.pdf",
                            "svg": "https://static.vlife.kz/icons/car.svg"
                        },
                        "light": {
                            "pdf": "https://static.vlife.kz/icons/Smartphones.pdf",
                            "svg": "https://static.vlife.kz/icons/car.svg"
                        }
                    },
                    "isAccent": false,
                    "description": "Уход за ребенком",
                    "isTabbedChildren": false,
                    "children": [
                        {
                            "id": 31034,
                            "name": "Аспираторы для малышей",
                            "sort": null,
                            "image": {
                                "dark": {
                                    "pdf": "https://static.vlife.kz/icons/Smartphones.pdf",
                                    "svg": "https://static.vlife.kz/icons/car.svg"
                                },
                                "light": {
                                    "pdf": "https://static.vlife.kz/icons/Smartphones.pdf",
                                    "svg": "https://static.vlife.kz/icons/car.svg"
                                }
                            },
                            "isAccent": false,
                            "description": "Аспираторы для малышей ",
                            "isTabbedChildren": false,
                            "children": [
                                
                            ]
                        },
                        {
                            "id": 31035,
                            "name": "Бутылочки и аксессуары",
                            "sort": null,
                            "image": {
                                "dark": {
                                    "pdf": "https://static.vlife.kz/icons/Smartphones.pdf",
                                    "svg": "https://static.vlife.kz/icons/car.svg"
                                },
                                "light": {
                                    "pdf": "https://static.vlife.kz/icons/Smartphones.pdf",
                                    "svg": "https://static.vlife.kz/icons/car.svg"
                                }
                            },
                            "isAccent": false,
                            "description": "Бутылочки и аксессуары ",
                            "isTabbedChildren": false,
                            "children": [
                                
                            ]
                        },
                        {
                            "id": 31036,
                            "name": "Ванночки для малышей",
                            "sort": null,
                            "image": {
                                "dark": {
                                    "pdf": "https://static.vlife.kz/icons/Smartphones.pdf",
                                    "svg": "https://static.vlife.kz/icons/car.svg"
                                },
                                "light": {
                                    "pdf": "https://static.vlife.kz/icons/Smartphones.pdf",
                                    "svg": "https://static.vlife.kz/icons/car.svg"
                                }
                            },
                            "isAccent": false,
                            "description": "Ванночки для малышей ",
                            "isTabbedChildren": false,
                            "children": [
                                
                            ]
                        },
                        {
                            "id": 31037,
                            "name": "Видеоняни",
                            "sort": null,
                            "image": {
                                "dark": {
                                    "pdf": "https://static.vlife.kz/icons/Smartphones.pdf",
                                    "svg": "https://static.vlife.kz/icons/car.svg"
                                },
                                "light": {
                                    "pdf": "https://static.vlife.kz/icons/Smartphones.pdf",
                                    "svg": "https://static.vlife.kz/icons/car.svg"
                                }
                            },
                            "isAccent": false,
                            "description": "Видеоняни ",
                            "isTabbedChildren": false,
                            "children": [
                                
                            ]
                        },
                        {
                            "id": 31038,
                            "name": "Влажные салфетки для малышей",
                            "sort": null,
                            "image": {
                                "dark": {
                                    "pdf": "https://static.vlife.kz/icons/Smartphones.pdf",
                                    "svg": "https://static.vlife.kz/icons/car.svg"
                                },
                                "light": {
                                    "pdf": "https://static.vlife.kz/icons/Smartphones.pdf",
                                    "svg": "https://static.vlife.kz/icons/car.svg"
                                }
                            },
                            "isAccent": false,
                            "description": "Влажные салфетки для малышей ",
                            "isTabbedChildren": false,
                            "children": [
                                
                            ]
                        },
                        {
                            "id": 31039,
                            "name": "Горки и сиденья для ванн",
                            "sort": null,
                            "image": {
                                "dark": {
                                    "pdf": "https://static.vlife.kz/icons/Smartphones.pdf",
                                    "svg": "https://static.vlife.kz/icons/car.svg"
                                },
                                "light": {
                                    "pdf": "https://static.vlife.kz/icons/Smartphones.pdf",
                                    "svg": "https://static.vlife.kz/icons/car.svg"
                                }
                            },
                            "isAccent": false,
                            "description": "Горки и сиденья для ванн ",
                            "isTabbedChildren": false,
                            "children": [
                                
                            ]
                        },
                        {
                            "id": 31040,
                            "name": "Горшки и детские сиденья",
                            "sort": null,
                            "image": {
                                "dark": {
                                    "pdf": "https://static.vlife.kz/icons/Smartphones.pdf",
                                    "svg": "https://static.vlife.kz/icons/car.svg"
                                },
                                "light": {
                                    "pdf": "https://static.vlife.kz/icons/Smartphones.pdf",
                                    "svg": "https://static.vlife.kz/icons/car.svg"
                                }
                            },
                            "isAccent": false,
                            "description": "Горшки и детские сиденья ",
                            "isTabbedChildren": false,
                            "children": [
                                
                            ]
                        },
                        {
                            "id": 31041,
                            "name": "Круги и козырьки для купания",
                            "sort": null,
                            "image": {
                                "dark": {
                                    "pdf": "https://static.vlife.kz/icons/Smartphones.pdf",
                                    "svg": "https://static.vlife.kz/icons/car.svg"
                                },
                                "light": {
                                    "pdf": "https://static.vlife.kz/icons/Smartphones.pdf",
                                    "svg": "https://static.vlife.kz/icons/car.svg"
                                }
                            },
                            "isAccent": false,
                            "description": "Круги и козырьки для купания ",
                            "isTabbedChildren": false,
                            "children": [
                                
                            ]
                        },
                        {
                            "id": 31042,
                            "name": "Молокоотсосы",
                            "sort": null,
                            "image": {
                                "dark": {
                                    "pdf": "https://static.vlife.kz/icons/Smartphones.pdf",
                                    "svg": "https://static.vlife.kz/icons/car.svg"
                                },
                                "light": {
                                    "pdf": "https://static.vlife.kz/icons/Smartphones.pdf",
                                    "svg": "https://static.vlife.kz/icons/car.svg"
                                }
                            },
                            "isAccent": false,
                            "description": "Молокоотсосы ",
                            "isTabbedChildren": false,
                            "children": [
                                
                            ]
                        },
                        {
                            "id": 31043,
                            "name": "Небулайзеры",
                            "sort": null,
                            "image": {
                                "dark": {
                                    "pdf": "https://static.vlife.kz/icons/Smartphones.pdf",
                                    "svg": "https://static.vlife.kz/icons/car.svg"
                                },
                                "light": {
                                    "pdf": "https://static.vlife.kz/icons/Smartphones.pdf",
                                    "svg": "https://static.vlife.kz/icons/car.svg"
                                }
                            },
                            "isAccent": false,
                            "description": "Небулайзеры ",
                            "isTabbedChildren": false,
                            "children": [
                                
                            ]
                        },
                        {
                            "id": 31044,
                            "name": "Пеленальные столики и доски",
                            "sort": null,
                            "image": {
                                "dark": {
                                    "pdf": "https://static.vlife.kz/icons/Smartphones.pdf",
                                    "svg": "https://static.vlife.kz/icons/car.svg"
                                },
                                "light": {
                                    "pdf": "https://static.vlife.kz/icons/Smartphones.pdf",
                                    "svg": "https://static.vlife.kz/icons/car.svg"
                                }
                            },
                            "isAccent": false,
                            "description": "Пеленальные столики и доски ",
                            "isTabbedChildren": false,
                            "children": [
                                
                            ]
                        },
                        {
                            "id": 31045,
                            "name": "Пеленки для малышей",
                            "sort": null,
                            "image": {
                                "dark": {
                                    "pdf": "https://static.vlife.kz/icons/Smartphones.pdf",
                                    "svg": "https://static.vlife.kz/icons/car.svg"
                                },
                                "light": {
                                    "pdf": "https://static.vlife.kz/icons/Smartphones.pdf",
                                    "svg": "https://static.vlife.kz/icons/car.svg"
                                }
                            },
                            "isAccent": false,
                            "description": "Пеленки для малышей ",
                            "isTabbedChildren": false,
                            "children": [
                                
                            ]
                        },
                        {
                            "id": 31046,
                            "name": "Подгузники",
                            "sort": null,
                            "image": {
                                "dark": {
                                    "pdf": "https://static.vlife.kz/icons/Smartphones.pdf",
                                    "svg": "https://static.vlife.kz/icons/car.svg"
                                },
                                "light": {
                                    "pdf": "https://static.vlife.kz/icons/Smartphones.pdf",
                                    "svg": "https://static.vlife.kz/icons/car.svg"
                                }
                            },
                            "isAccent": false,
                            "description": "Подгузники ",
                            "isTabbedChildren": false,
                            "children": [
                                
                            ]
                        },
                        {
                            "id": 31047,
                            "name": "Подогреватели и стерилизаторы",
                            "sort": null,
                            "image": {
                                "dark": {
                                    "pdf": "https://static.vlife.kz/icons/Smartphones.pdf",
                                    "svg": "https://static.vlife.kz/icons/car.svg"
                                },
                                "light": {
                                    "pdf": "https://static.vlife.kz/icons/Smartphones.pdf",
                                    "svg": "https://static.vlife.kz/icons/car.svg"
                                }
                            },
                            "isAccent": false,
                            "description": "Подогреватели и стерилизаторы ",
                            "isTabbedChildren": false,
                            "children": [
                                
                            ]
                        },
                        {
                            "id": 31048,
                            "name": "Поильники для малышей",
                            "sort": null,
                            "image": {
                                "dark": {
                                    "pdf": "https://static.vlife.kz/icons/Smartphones.pdf",
                                    "svg": "https://static.vlife.kz/icons/car.svg"
                                },
                                "light": {
                                    "pdf": "https://static.vlife.kz/icons/Smartphones.pdf",
                                    "svg": "https://static.vlife.kz/icons/car.svg"
                                }
                            },
                            "isAccent": false,
                            "description": "Поильники для малышей ",
                            "isTabbedChildren": false,
                            "children": [
                                
                            ]
                        },
                        {
                            "id": 31049,
                            "name": "Посуда для малышей",
                            "sort": null,
                            "image": {
                                "dark": {
                                    "pdf": "https://static.vlife.kz/icons/Smartphones.pdf",
                                    "svg": "https://static.vlife.kz/icons/car.svg"
                                },
                                "light": {
                                    "pdf": "https://static.vlife.kz/icons/Smartphones.pdf",
                                    "svg": "https://static.vlife.kz/icons/car.svg"
                                }
                            },
                            "isAccent": false,
                            "description": "Посуда для малышей",
                            "isTabbedChildren": false,
                            "children": [
                                
                            ]
                        },
                        {
                            "id": 31050,
                            "name": "Присыпки и кремы под подгузник",
                            "sort": null,
                            "image": {
                                "dark": {
                                    "pdf": "https://static.vlife.kz/icons/Smartphones.pdf",
                                    "svg": "https://static.vlife.kz/icons/car.svg"
                                },
                                "light": {
                                    "pdf": "https://static.vlife.kz/icons/Smartphones.pdf",
                                    "svg": "https://static.vlife.kz/icons/car.svg"
                                }
                            },
                            "isAccent": false,
                            "description": "Присыпки и кремы под подгузник ",
                            "isTabbedChildren": false,
                            "children": [
                                
                            ]
                        },
                        {
                            "id": 31051,
                            "name": "Пустышки и аксессуары",
                            "sort": null,
                            "image": {
                                "dark": {
                                    "pdf": "https://static.vlife.kz/icons/Smartphones.pdf",
                                    "svg": "https://static.vlife.kz/icons/car.svg"
                                },
                                "light": {
                                    "pdf": "https://static.vlife.kz/icons/Smartphones.pdf",
                                    "svg": "https://static.vlife.kz/icons/car.svg"
                                }
                            },
                            "isAccent": false,
                            "description": "Пустышки и аксессуары ",
                            "isTabbedChildren": false,
                            "children": [
                                
                            ]
                        },
                        {
                            "id": 31052,
                            "name": "Радионяни",
                            "sort": null,
                            "image": {
                                "dark": {
                                    "pdf": "https://static.vlife.kz/icons/Smartphones.pdf",
                                    "svg": "https://static.vlife.kz/icons/car.svg"
                                },
                                "light": {
                                    "pdf": "https://static.vlife.kz/icons/Smartphones.pdf",
                                    "svg": "https://static.vlife.kz/icons/car.svg"
                                }
                            },
                            "isAccent": false,
                            "description": "Радионяни ",
                            "isTabbedChildren": false,
                            "children": [
                                
                            ]
                        },
                        {
                            "id": 31053,
                            "name": "Соски для бутылочек",
                            "sort": null,
                            "image": {
                                "dark": {
                                    "pdf": "https://static.vlife.kz/icons/Smartphones.pdf",
                                    "svg": "https://static.vlife.kz/icons/car.svg"
                                },
                                "light": {
                                    "pdf": "https://static.vlife.kz/icons/Smartphones.pdf",
                                    "svg": "https://static.vlife.kz/icons/car.svg"
                                }
                            },
                            "isAccent": false,
                            "description": "Соски для бутылочек",
                            "isTabbedChildren": false,
                            "children": [
                                
                            ]
                        },
                        {
                            "id": 31054,
                            "name": "Средства по уходу за кожей малышей",
                            "sort": null,
                            "image": {
                                "dark": {
                                    "pdf": "https://static.vlife.kz/icons/Smartphones.pdf",
                                    "svg": "https://static.vlife.kz/icons/car.svg"
                                },
                                "light": {
                                    "pdf": "https://static.vlife.kz/icons/Smartphones.pdf",
                                    "svg": "https://static.vlife.kz/icons/car.svg"
                                }
                            },
                            "isAccent": false,
                            "description": "Средства по уходу за кожей малышей ",
                            "isTabbedChildren": false,
                            "children": [
                                
                            ]
                        },
                        {
                            "id": 31055,
                            "name": "Стульчики для кормления",
                            "sort": null,
                            "image": {
                                "dark": {
                                    "pdf": "https://static.vlife.kz/icons/Smartphones.pdf",
                                    "svg": "https://static.vlife.kz/icons/car.svg"
                                },
                                "light": {
                                    "pdf": "https://static.vlife.kz/icons/Smartphones.pdf",
                                    "svg": "https://static.vlife.kz/icons/car.svg"
                                }
                            },
                            "isAccent": false,
                            "description": "Стульчики для кормления ",
                            "isTabbedChildren": false,
                            "children": [
                                
                            ]
                        },
                        {
                            "id": 31056,
                            "name": "Ходунки",
                            "sort": null,
                            "image": {
                                "dark": {
                                    "pdf": "https://static.vlife.kz/icons/Smartphones.pdf",
                                    "svg": "https://static.vlife.kz/icons/car.svg"
                                },
                                "light": {
                                    "pdf": "https://static.vlife.kz/icons/Smartphones.pdf",
                                    "svg": "https://static.vlife.kz/icons/car.svg"
                                }
                            },
                            "isAccent": false,
                            "description": "Ходунки ",
                            "isTabbedChildren": false,
                            "children": [
                                
                            ]
                        }
                    ]
                }
            ]
        },
        {
            "id": 31399,
            "name": "Мебель",
            "sort": 11,
            "image": {
                "dark": {
                    "pdf": "https://static.vlife.kz/pdf/market/Sofa_2.pdf",
                    "svg": "https://static.vlife.kz/icons/vlife/market/Sofa_2.svg"
                },
                "light": {
                    "pdf": "https://static.vlife.kz/pdf/market/Sofa_2.pdf",
                    "svg": "https://static.vlife.kz/icons/vlife/market/Sofa_2.svg"
                }
            },
            "isAccent": false,
            "description": "Мебель",
            "isTabbedChildren": false,
            "children": [
                {
                    "id": 31426,
                    "name": "Кухня",
                    "sort": null,
                    "image": {
                        "dark": {
                            "pdf": "https://static.vlife.kz/icons/Smartphones.pdf",
                            "svg": "https://static.vlife.kz/icons/car.svg"
                        },
                        "light": {
                            "pdf": "https://static.vlife.kz/icons/Smartphones.pdf",
                            "svg": "https://static.vlife.kz/icons/car.svg"
                        }
                    },
                    "isAccent": false,
                    "description": "Кухня ",
                    "isTabbedChildren": false,
                    "children": [
                        {
                            "id": 31427,
                            "name": "Кухонные гарнитуры",
                            "sort": null,
                            "image": {
                                "dark": {
                                    "pdf": "https://static.vlife.kz/icons/Smartphones.pdf",
                                    "svg": "https://static.vlife.kz/icons/car.svg"
                                },
                                "light": {
                                    "pdf": "https://static.vlife.kz/icons/Smartphones.pdf",
                                    "svg": "https://static.vlife.kz/icons/car.svg"
                                }
                            },
                            "isAccent": false,
                            "description": "Кухонные гарнитуры",
                            "isTabbedChildren": false,
                            "children": [
                                
                            ]
                        },
                        {
                            "id": 31428,
                            "name": "Кухонные столешницы",
                            "sort": null,
                            "image": {
                                "dark": {
                                    "pdf": "https://static.vlife.kz/icons/Smartphones.pdf",
                                    "svg": "https://static.vlife.kz/icons/car.svg"
                                },
                                "light": {
                                    "pdf": "https://static.vlife.kz/icons/Smartphones.pdf",
                                    "svg": "https://static.vlife.kz/icons/car.svg"
                                }
                            },
                            "isAccent": false,
                            "description": "Кухонные столешницы ",
                            "isTabbedChildren": false,
                            "children": [
                                
                            ]
                        },
                        {
                            "id": 31429,
                            "name": "Кухонные уголки",
                            "sort": null,
                            "image": {
                                "dark": {
                                    "pdf": "https://static.vlife.kz/icons/Smartphones.pdf",
                                    "svg": "https://static.vlife.kz/icons/car.svg"
                                },
                                "light": {
                                    "pdf": "https://static.vlife.kz/icons/Smartphones.pdf",
                                    "svg": "https://static.vlife.kz/icons/car.svg"
                                }
                            },
                            "isAccent": false,
                            "description": "Кухонные уголки ",
                            "isTabbedChildren": false,
                            "children": [
                                
                            ]
                        },
                        {
                            "id": 31430,
                            "name": "Кухонные шкафы",
                            "sort": null,
                            "image": {
                                "dark": {
                                    "pdf": "https://static.vlife.kz/icons/Smartphones.pdf",
                                    "svg": "https://static.vlife.kz/icons/car.svg"
                                },
                                "light": {
                                    "pdf": "https://static.vlife.kz/icons/Smartphones.pdf",
                                    "svg": "https://static.vlife.kz/icons/car.svg"
                                }
                            },
                            "isAccent": false,
                            "description": "Кухонные шкафы",
                            "isTabbedChildren": false,
                            "children": [
                                
                            ]
                        }
                    ]
                },
                {
                    "id": 31431,
                    "name": "Офис",
                    "sort": null,
                    "image": {
                        "dark": {
                            "pdf": "https://static.vlife.kz/icons/Smartphones.pdf",
                            "svg": "https://static.vlife.kz/icons/car.svg"
                        },
                        "light": {
                            "pdf": "https://static.vlife.kz/icons/Smartphones.pdf",
                            "svg": "https://static.vlife.kz/icons/car.svg"
                        }
                    },
                    "isAccent": false,
                    "description": "Офис ",
                    "isTabbedChildren": false,
                    "children": [
                        
                    ]
                },
                {
                    "id": 31448,
                    "name": "Стеллажи",
                    "sort": null,
                    "image": {
                        "dark": {
                            "pdf": "https://static.vlife.kz/icons/Smartphones.pdf",
                            "svg": "https://static.vlife.kz/icons/car.svg"
                        },
                        "light": {
                            "pdf": "https://static.vlife.kz/icons/Smartphones.pdf",
                            "svg": "https://static.vlife.kz/icons/car.svg"
                        }
                    },
                    "isAccent": false,
                    "description": "Стеллажи ",
                    "isTabbedChildren": false,
                    "children": [
                        {
                            "id": 31449,
                            "name": "Стеллажи",
                            "sort": null,
                            "image": {
                                "dark": {
                                    "pdf": "https://static.vlife.kz/icons/Smartphones.pdf",
                                    "svg": "https://static.vlife.kz/icons/car.svg"
                                },
                                "light": {
                                    "pdf": "https://static.vlife.kz/icons/Smartphones.pdf",
                                    "svg": "https://static.vlife.kz/icons/car.svg"
                                }
                            },
                            "isAccent": false,
                            "description": "Стеллажи ",
                            "isTabbedChildren": false,
                            "children": [
                                
                            ]
                        }
                    ]
                },
                {
                    "id": 31450,
                    "name": "Столы",
                    "sort": null,
                    "image": {
                        "dark": {
                            "pdf": "https://static.vlife.kz/icons/Smartphones.pdf",
                            "svg": "https://static.vlife.kz/icons/car.svg"
                        },
                        "light": {
                            "pdf": "https://static.vlife.kz/icons/Smartphones.pdf",
                            "svg": "https://static.vlife.kz/icons/car.svg"
                        }
                    },
                    "isAccent": false,
                    "description": "Столы ",
                    "isTabbedChildren": false,
                    "children": [
                        {
                            "id": 31451,
                            "name": "Журнальные столики",
                            "sort": null,
                            "image": {
                                "dark": {
                                    "pdf": "https://static.vlife.kz/icons/Smartphones.pdf",
                                    "svg": "https://static.vlife.kz/icons/car.svg"
                                },
                                "light": {
                                    "pdf": "https://static.vlife.kz/icons/Smartphones.pdf",
                                    "svg": "https://static.vlife.kz/icons/car.svg"
                                }
                            },
                            "isAccent": false,
                            "description": "Журнальные столики",
                            "isTabbedChildren": false,
                            "children": [
                                
                            ]
                        },
                        {
                            "id": 31452,
                            "name": "Компьютерные столы",
                            "sort": null,
                            "image": {
                                "dark": {
                                    "pdf": "https://static.vlife.kz/icons/Smartphones.pdf",
                                    "svg": "https://static.vlife.kz/icons/car.svg"
                                },
                                "light": {
                                    "pdf": "https://static.vlife.kz/icons/Smartphones.pdf",
                                    "svg": "https://static.vlife.kz/icons/car.svg"
                                }
                            },
                            "isAccent": false,
                            "description": "Компьютерные столы ",
                            "isTabbedChildren": false,
                            "children": [
                                
                            ]
                        },
                        {
                            "id": 31453,
                            "name": "Обеденные группы",
                            "sort": null,
                            "image": {
                                "dark": {
                                    "pdf": "https://static.vlife.kz/icons/Smartphones.pdf",
                                    "svg": "https://static.vlife.kz/icons/car.svg"
                                },
                                "light": {
                                    "pdf": "https://static.vlife.kz/icons/Smartphones.pdf",
                                    "svg": "https://static.vlife.kz/icons/car.svg"
                                }
                            },
                            "isAccent": false,
                            "description": "Обеденные группы",
                            "isTabbedChildren": false,
                            "children": [
                                
                            ]
                        },
                        {
                            "id": 31454,
                            "name": "Обеденные столы",
                            "sort": null,
                            "image": {
                                "dark": {
                                    "pdf": "https://static.vlife.kz/icons/Smartphones.pdf",
                                    "svg": "https://static.vlife.kz/icons/car.svg"
                                },
                                "light": {
                                    "pdf": "https://static.vlife.kz/icons/Smartphones.pdf",
                                    "svg": "https://static.vlife.kz/icons/car.svg"
                                }
                            },
                            "isAccent": false,
                            "description": "Обеденные столы",
                            "isTabbedChildren": false,
                            "children": [
                                
                            ]
                        },
                        {
                            "id": 31455,
                            "name": "Письменные столы",
                            "sort": null,
                            "image": {
                                "dark": {
                                    "pdf": "https://static.vlife.kz/icons/Smartphones.pdf",
                                    "svg": "https://static.vlife.kz/icons/car.svg"
                                },
                                "light": {
                                    "pdf": "https://static.vlife.kz/icons/Smartphones.pdf",
                                    "svg": "https://static.vlife.kz/icons/car.svg"
                                }
                            },
                            "isAccent": false,
                            "description": "Письменные столы",
                            "isTabbedChildren": false,
                            "children": [
                                
                            ]
                        }
                    ]
                },
                {
                    "id": 31400,
                    "name": "Ванная комната",
                    "sort": null,
                    "image": {
                        "dark": {
                            "pdf": "https://static.vlife.kz/icons/Smartphones.pdf",
                            "svg": "https://static.vlife.kz/icons/car.svg"
                        },
                        "light": {
                            "pdf": "https://static.vlife.kz/icons/Smartphones.pdf",
                            "svg": "https://static.vlife.kz/icons/car.svg"
                        }
                    },
                    "isAccent": false,
                    "description": "Ванная комната ",
                    "isTabbedChildren": false,
                    "children": [
                        {
                            "id": 31401,
                            "name": "Комплекты для ванной",
                            "sort": null,
                            "image": {
                                "dark": {
                                    "pdf": "https://static.vlife.kz/icons/Smartphones.pdf",
                                    "svg": "https://static.vlife.kz/icons/car.svg"
                                },
                                "light": {
                                    "pdf": "https://static.vlife.kz/icons/Smartphones.pdf",
                                    "svg": "https://static.vlife.kz/icons/car.svg"
                                }
                            },
                            "isAccent": false,
                            "description": "Комплекты для ванной ",
                            "isTabbedChildren": false,
                            "children": [
                                
                            ]
                        },
                        {
                            "id": 31402,
                            "name": "Тумбы под раковину",
                            "sort": null,
                            "image": {
                                "dark": {
                                    "pdf": "https://static.vlife.kz/icons/Smartphones.pdf",
                                    "svg": "https://static.vlife.kz/icons/car.svg"
                                },
                                "light": {
                                    "pdf": "https://static.vlife.kz/icons/Smartphones.pdf",
                                    "svg": "https://static.vlife.kz/icons/car.svg"
                                }
                            },
                            "isAccent": false,
                            "description": "Тумбы под раковину",
                            "isTabbedChildren": false,
                            "children": [
                                
                            ]
                        },
                        {
                            "id": 31403,
                            "name": "Шкафы в ванную",
                            "sort": null,
                            "image": {
                                "dark": {
                                    "pdf": "https://static.vlife.kz/icons/Smartphones.pdf",
                                    "svg": "https://static.vlife.kz/icons/car.svg"
                                },
                                "light": {
                                    "pdf": "https://static.vlife.kz/icons/Smartphones.pdf",
                                    "svg": "https://static.vlife.kz/icons/car.svg"
                                }
                            },
                            "isAccent": false,
                            "description": "Шкафы в ванную",
                            "isTabbedChildren": false,
                            "children": [
                                
                            ]
                        }
                    ]
                },
                {
                    "id": 31404,
                    "name": "Гостиная",
                    "sort": null,
                    "image": {
                        "dark": {
                            "pdf": "https://static.vlife.kz/icons/Smartphones.pdf",
                            "svg": "https://static.vlife.kz/icons/car.svg"
                        },
                        "light": {
                            "pdf": "https://static.vlife.kz/icons/Smartphones.pdf",
                            "svg": "https://static.vlife.kz/icons/car.svg"
                        }
                    },
                    "isAccent": false,
                    "description": "Гостиная ",
                    "isTabbedChildren": false,
                    "children": [
                        {
                            "id": 31407,
                            "name": "Диваны",
                            "sort": null,
                            "image": {
                                "dark": {
                                    "pdf": "https://static.vlife.kz/icons/Smartphones.pdf",
                                    "svg": "https://static.vlife.kz/icons/car.svg"
                                },
                                "light": {
                                    "pdf": "https://static.vlife.kz/icons/Smartphones.pdf",
                                    "svg": "https://static.vlife.kz/icons/car.svg"
                                }
                            },
                            "isAccent": false,
                            "description": "Диваны ",
                            "isTabbedChildren": false,
                            "children": [
                                
                            ]
                        },
                        {
                            "id": 31405,
                            "name": "Горки и стенки для гостиной",
                            "sort": null,
                            "image": {
                                "dark": {
                                    "pdf": "https://static.vlife.kz/icons/Smartphones.pdf",
                                    "svg": "https://static.vlife.kz/icons/car.svg"
                                },
                                "light": {
                                    "pdf": "https://static.vlife.kz/icons/Smartphones.pdf",
                                    "svg": "https://static.vlife.kz/icons/car.svg"
                                }
                            },
                            "isAccent": false,
                            "description": "Горки и стенки для гостиной ",
                            "isTabbedChildren": false,
                            "children": [
                                
                            ]
                        },
                        {
                            "id": 31406,
                            "name": "Гостиные гарнитуры",
                            "sort": null,
                            "image": {
                                "dark": {
                                    "pdf": "https://static.vlife.kz/icons/Smartphones.pdf",
                                    "svg": "https://static.vlife.kz/icons/car.svg"
                                },
                                "light": {
                                    "pdf": "https://static.vlife.kz/icons/Smartphones.pdf",
                                    "svg": "https://static.vlife.kz/icons/car.svg"
                                }
                            },
                            "isAccent": false,
                            "description": "Гостиные гарнитуры",
                            "isTabbedChildren": false,
                            "children": [
                                
                            ]
                        },
                        {
                            "id": 31408,
                            "name": "Комплекты для гостиной",
                            "sort": null,
                            "image": {
                                "dark": {
                                    "pdf": "https://static.vlife.kz/icons/Smartphones.pdf",
                                    "svg": "https://static.vlife.kz/icons/car.svg"
                                },
                                "light": {
                                    "pdf": "https://static.vlife.kz/icons/Smartphones.pdf",
                                    "svg": "https://static.vlife.kz/icons/car.svg"
                                }
                            },
                            "isAccent": false,
                            "description": "Комплекты для гостиной ",
                            "isTabbedChildren": false,
                            "children": [
                                
                            ]
                        },
                        {
                            "id": 31409,
                            "name": "Комплекты мягкой мебели",
                            "sort": null,
                            "image": {
                                "dark": {
                                    "pdf": "https://static.vlife.kz/icons/Smartphones.pdf",
                                    "svg": "https://static.vlife.kz/icons/car.svg"
                                },
                                "light": {
                                    "pdf": "https://static.vlife.kz/icons/Smartphones.pdf",
                                    "svg": "https://static.vlife.kz/icons/car.svg"
                                }
                            },
                            "isAccent": false,
                            "description": "Комплекты мягкой мебели ",
                            "isTabbedChildren": false,
                            "children": [
                                
                            ]
                        },
                        {
                            "id": 31410,
                            "name": "Надувная мебель",
                            "sort": null,
                            "image": {
                                "dark": {
                                    "pdf": "https://static.vlife.kz/icons/Smartphones.pdf",
                                    "svg": "https://static.vlife.kz/icons/car.svg"
                                },
                                "light": {
                                    "pdf": "https://static.vlife.kz/icons/Smartphones.pdf",
                                    "svg": "https://static.vlife.kz/icons/car.svg"
                                }
                            },
                            "isAccent": false,
                            "description": "Надувная мебель",
                            "isTabbedChildren": false,
                            "children": [
                                
                            ]
                        },
                        {
                            "id": 31411,
                            "name": "Пуфы",
                            "sort": null,
                            "image": {
                                "dark": {
                                    "pdf": "https://static.vlife.kz/icons/Smartphones.pdf",
                                    "svg": "https://static.vlife.kz/icons/car.svg"
                                },
                                "light": {
                                    "pdf": "https://static.vlife.kz/icons/Smartphones.pdf",
                                    "svg": "https://static.vlife.kz/icons/car.svg"
                                }
                            },
                            "isAccent": false,
                            "description": "Пуфы ",
                            "isTabbedChildren": false,
                            "children": [
                                
                            ]
                        },
                        {
                            "id": 31412,
                            "name": "Тв-тумбы",
                            "sort": null,
                            "image": {
                                "dark": {
                                    "pdf": "https://static.vlife.kz/icons/Smartphones.pdf",
                                    "svg": "https://static.vlife.kz/icons/car.svg"
                                },
                                "light": {
                                    "pdf": "https://static.vlife.kz/icons/Smartphones.pdf",
                                    "svg": "https://static.vlife.kz/icons/car.svg"
                                }
                            },
                            "isAccent": false,
                            "description": "Тв-тумбы ",
                            "isTabbedChildren": false,
                            "children": [
                                
                            ]
                        },
                        {
                            "id": 31413,
                            "name": "Шкафы-витрины",
                            "sort": null,
                            "image": {
                                "dark": {
                                    "pdf": "https://static.vlife.kz/icons/Smartphones.pdf",
                                    "svg": "https://static.vlife.kz/icons/car.svg"
                                },
                                "light": {
                                    "pdf": "https://static.vlife.kz/icons/Smartphones.pdf",
                                    "svg": "https://static.vlife.kz/icons/car.svg"
                                }
                            },
                            "isAccent": false,
                            "description": "Шкафы-витрины ",
                            "isTabbedChildren": false,
                            "children": [
                                
                            ]
                        }
                    ]
                },
                {
                    "id": 31414,
                    "name": "Детская комната",
                    "sort": null,
                    "image": {
                        "dark": {
                            "pdf": "https://static.vlife.kz/icons/Smartphones.pdf",
                            "svg": "https://static.vlife.kz/icons/car.svg"
                        },
                        "light": {
                            "pdf": "https://static.vlife.kz/icons/Smartphones.pdf",
                            "svg": "https://static.vlife.kz/icons/car.svg"
                        }
                    },
                    "isAccent": false,
                    "description": "Детская комната ",
                    "isTabbedChildren": false,
                    "children": [
                        {
                            "id": 31419,
                            "name": "Кроватки",
                            "sort": null,
                            "image": {
                                "dark": {
                                    "pdf": "https://static.vlife.kz/icons/Smartphones.pdf",
                                    "svg": "https://static.vlife.kz/icons/car.svg"
                                },
                                "light": {
                                    "pdf": "https://static.vlife.kz/icons/Smartphones.pdf",
                                    "svg": "https://static.vlife.kz/icons/car.svg"
                                }
                            },
                            "isAccent": false,
                            "description": "Кроватки ",
                            "isTabbedChildren": false,
                            "children": [
                                
                            ]
                        },
                        {
                            "id": 31415,
                            "name": "Балдахины и опоры для кроваток",
                            "sort": null,
                            "image": {
                                "dark": {
                                    "pdf": "https://static.vlife.kz/icons/Smartphones.pdf",
                                    "svg": "https://static.vlife.kz/icons/car.svg"
                                },
                                "light": {
                                    "pdf": "https://static.vlife.kz/icons/Smartphones.pdf",
                                    "svg": "https://static.vlife.kz/icons/car.svg"
                                }
                            },
                            "isAccent": false,
                            "description": "Балдахины и опоры для кроваток ",
                            "isTabbedChildren": false,
                            "children": [
                                
                            ]
                        },
                        {
                            "id": 31416,
                            "name": "Детские комоды",
                            "sort": null,
                            "image": {
                                "dark": {
                                    "pdf": "https://static.vlife.kz/icons/Smartphones.pdf",
                                    "svg": "https://static.vlife.kz/icons/car.svg"
                                },
                                "light": {
                                    "pdf": "https://static.vlife.kz/icons/Smartphones.pdf",
                                    "svg": "https://static.vlife.kz/icons/car.svg"
                                }
                            },
                            "isAccent": false,
                            "description": "Детские комоды",
                            "isTabbedChildren": false,
                            "children": [
                                
                            ]
                        },
                        {
                            "id": 31417,
                            "name": "Детские матрасы",
                            "sort": null,
                            "image": {
                                "dark": {
                                    "pdf": "https://static.vlife.kz/icons/Smartphones.pdf",
                                    "svg": "https://static.vlife.kz/icons/car.svg"
                                },
                                "light": {
                                    "pdf": "https://static.vlife.kz/icons/Smartphones.pdf",
                                    "svg": "https://static.vlife.kz/icons/car.svg"
                                }
                            },
                            "isAccent": false,
                            "description": "Детские матрасы",
                            "isTabbedChildren": false,
                            "children": [
                                
                            ]
                        },
                        {
                            "id": 31418,
                            "name": "Комплекты в детскую комнату",
                            "sort": null,
                            "image": {
                                "dark": {
                                    "pdf": "https://static.vlife.kz/icons/Smartphones.pdf",
                                    "svg": "https://static.vlife.kz/icons/car.svg"
                                },
                                "light": {
                                    "pdf": "https://static.vlife.kz/icons/Smartphones.pdf",
                                    "svg": "https://static.vlife.kz/icons/car.svg"
                                }
                            },
                            "isAccent": false,
                            "description": "Комплекты в детскую комнату",
                            "isTabbedChildren": false,
                            "children": [
                                
                            ]
                        },
                        {
                            "id": 31420,
                            "name": "Маятники для детских кроваток",
                            "sort": null,
                            "image": {
                                "dark": {
                                    "pdf": "https://static.vlife.kz/icons/Smartphones.pdf",
                                    "svg": "https://static.vlife.kz/icons/car.svg"
                                },
                                "light": {
                                    "pdf": "https://static.vlife.kz/icons/Smartphones.pdf",
                                    "svg": "https://static.vlife.kz/icons/car.svg"
                                }
                            },
                            "isAccent": false,
                            "description": "Маятники для детских кроваток ",
                            "isTabbedChildren": false,
                            "children": [
                                
                            ]
                        }
                    ]
                },
                {
                    "id": 31421,
                    "name": "Кресла и стулья",
                    "sort": null,
                    "image": {
                        "dark": {
                            "pdf": "https://static.vlife.kz/icons/Smartphones.pdf",
                            "svg": "https://static.vlife.kz/icons/car.svg"
                        },
                        "light": {
                            "pdf": "https://static.vlife.kz/icons/Smartphones.pdf",
                            "svg": "https://static.vlife.kz/icons/car.svg"
                        }
                    },
                    "isAccent": false,
                    "description": "Кресла и стулья ",
                    "isTabbedChildren": false,
                    "children": [
                        {
                            "id": 31422,
                            "name": "Компьютерные кресла",
                            "sort": null,
                            "image": {
                                "dark": {
                                    "pdf": "https://static.vlife.kz/icons/Smartphones.pdf",
                                    "svg": "https://static.vlife.kz/icons/car.svg"
                                },
                                "light": {
                                    "pdf": "https://static.vlife.kz/icons/Smartphones.pdf",
                                    "svg": "https://static.vlife.kz/icons/car.svg"
                                }
                            },
                            "isAccent": false,
                            "description": "Компьютерные кресла ",
                            "isTabbedChildren": false,
                            "children": [
                                
                            ]
                        },
                        {
                            "id": 31423,
                            "name": "Кресла",
                            "sort": null,
                            "image": {
                                "dark": {
                                    "pdf": "https://static.vlife.kz/icons/Smartphones.pdf",
                                    "svg": "https://static.vlife.kz/icons/car.svg"
                                },
                                "light": {
                                    "pdf": "https://static.vlife.kz/icons/Smartphones.pdf",
                                    "svg": "https://static.vlife.kz/icons/car.svg"
                                }
                            },
                            "isAccent": false,
                            "description": "Кресла ",
                            "isTabbedChildren": false,
                            "children": [
                                
                            ]
                        },
                        {
                            "id": 31424,
                            "name": "Кресла-мешки",
                            "sort": null,
                            "image": {
                                "dark": {
                                    "pdf": "https://static.vlife.kz/icons/Smartphones.pdf",
                                    "svg": "https://static.vlife.kz/icons/car.svg"
                                },
                                "light": {
                                    "pdf": "https://static.vlife.kz/icons/Smartphones.pdf",
                                    "svg": "https://static.vlife.kz/icons/car.svg"
                                }
                            },
                            "isAccent": false,
                            "description": "Кресла-мешки ",
                            "isTabbedChildren": false,
                            "children": [
                                
                            ]
                        },
                        {
                            "id": 31425,
                            "name": "Кухонные стулья",
                            "sort": null,
                            "image": {
                                "dark": {
                                    "pdf": "https://static.vlife.kz/icons/Smartphones.pdf",
                                    "svg": "https://static.vlife.kz/icons/car.svg"
                                },
                                "light": {
                                    "pdf": "https://static.vlife.kz/icons/Smartphones.pdf",
                                    "svg": "https://static.vlife.kz/icons/car.svg"
                                }
                            },
                            "isAccent": false,
                            "description": "Кухонные стулья",
                            "isTabbedChildren": false,
                            "children": [
                                
                            ]
                        }
                    ]
                },
                {
                    "id": 31433,
                    "name": "Полки навесные",
                    "sort": null,
                    "image": {
                        "dark": {
                            "pdf": "https://static.vlife.kz/icons/Smartphones.pdf",
                            "svg": "https://static.vlife.kz/icons/car.svg"
                        },
                        "light": {
                            "pdf": "https://static.vlife.kz/icons/Smartphones.pdf",
                            "svg": "https://static.vlife.kz/icons/car.svg"
                        }
                    },
                    "isAccent": false,
                    "description": "Полки навесные",
                    "isTabbedChildren": false,
                    "children": [
                        {
                            "id": 31434,
                            "name": "Полки навесные",
                            "sort": null,
                            "image": {
                                "dark": {
                                    "pdf": "https://static.vlife.kz/icons/Smartphones.pdf",
                                    "svg": "https://static.vlife.kz/icons/car.svg"
                                },
                                "light": {
                                    "pdf": "https://static.vlife.kz/icons/Smartphones.pdf",
                                    "svg": "https://static.vlife.kz/icons/car.svg"
                                }
                            },
                            "isAccent": false,
                            "description": "Полки навесные",
                            "isTabbedChildren": false,
                            "children": [
                                
                            ]
                        }
                    ]
                },
                {
                    "id": 31435,
                    "name": "Прихожая",
                    "sort": null,
                    "image": {
                        "dark": {
                            "pdf": "https://static.vlife.kz/icons/Smartphones.pdf",
                            "svg": "https://static.vlife.kz/icons/car.svg"
                        },
                        "light": {
                            "pdf": "https://static.vlife.kz/icons/Smartphones.pdf",
                            "svg": "https://static.vlife.kz/icons/car.svg"
                        }
                    },
                    "isAccent": false,
                    "description": "Прихожая ",
                    "isTabbedChildren": false,
                    "children": [
                        {
                            "id": 31436,
                            "name": "Вешалки в прихожую",
                            "sort": null,
                            "image": {
                                "dark": {
                                    "pdf": "https://static.vlife.kz/icons/Smartphones.pdf",
                                    "svg": "https://static.vlife.kz/icons/car.svg"
                                },
                                "light": {
                                    "pdf": "https://static.vlife.kz/icons/Smartphones.pdf",
                                    "svg": "https://static.vlife.kz/icons/car.svg"
                                }
                            },
                            "isAccent": false,
                            "description": "Вешалки в прихожую",
                            "isTabbedChildren": false,
                            "children": [
                                
                            ]
                        },
                        {
                            "id": 31437,
                            "name": "Комплекты для прихожей",
                            "sort": null,
                            "image": {
                                "dark": {
                                    "pdf": "https://static.vlife.kz/icons/Smartphones.pdf",
                                    "svg": "https://static.vlife.kz/icons/car.svg"
                                },
                                "light": {
                                    "pdf": "https://static.vlife.kz/icons/Smartphones.pdf",
                                    "svg": "https://static.vlife.kz/icons/car.svg"
                                }
                            },
                            "isAccent": false,
                            "description": "Комплекты для прихожей ",
                            "isTabbedChildren": false,
                            "children": [
                                
                            ]
                        },
                        {
                            "id": 31438,
                            "name": "Тумбы для обуви",
                            "sort": null,
                            "image": {
                                "dark": {
                                    "pdf": "https://static.vlife.kz/icons/Smartphones.pdf",
                                    "svg": "https://static.vlife.kz/icons/car.svg"
                                },
                                "light": {
                                    "pdf": "https://static.vlife.kz/icons/Smartphones.pdf",
                                    "svg": "https://static.vlife.kz/icons/car.svg"
                                }
                            },
                            "isAccent": false,
                            "description": "Тумбы для обуви",
                            "isTabbedChildren": false,
                            "children": [
                                
                            ]
                        },
                        {
                            "id": 31439,
                            "name": "Шкафы в прихожую",
                            "sort": null,
                            "image": {
                                "dark": {
                                    "pdf": "https://static.vlife.kz/icons/Smartphones.pdf",
                                    "svg": "https://static.vlife.kz/icons/car.svg"
                                },
                                "light": {
                                    "pdf": "https://static.vlife.kz/icons/Smartphones.pdf",
                                    "svg": "https://static.vlife.kz/icons/car.svg"
                                }
                            },
                            "isAccent": false,
                            "description": "Шкафы в прихожую",
                            "isTabbedChildren": false,
                            "children": [
                                
                            ]
                        }
                    ]
                },
                {
                    "id": 31440,
                    "name": "Спальня",
                    "sort": null,
                    "image": {
                        "dark": {
                            "pdf": "https://static.vlife.kz/icons/Smartphones.pdf",
                            "svg": "https://static.vlife.kz/icons/car.svg"
                        },
                        "light": {
                            "pdf": "https://static.vlife.kz/icons/Smartphones.pdf",
                            "svg": "https://static.vlife.kz/icons/car.svg"
                        }
                    },
                    "isAccent": false,
                    "description": "Спальня ",
                    "isTabbedChildren": false,
                    "children": [
                        {
                            "id": 31447,
                            "name": "Шкафы",
                            "sort": null,
                            "image": {
                                "dark": {
                                    "pdf": "https://static.vlife.kz/icons/Smartphones.pdf",
                                    "svg": "https://static.vlife.kz/icons/car.svg"
                                },
                                "light": {
                                    "pdf": "https://static.vlife.kz/icons/Smartphones.pdf",
                                    "svg": "https://static.vlife.kz/icons/car.svg"
                                }
                            },
                            "isAccent": false,
                            "description": "Шкафы ",
                            "isTabbedChildren": false,
                            "children": [
                                
                            ]
                        },
                        {
                            "id": 31441,
                            "name": "Комоды",
                            "sort": null,
                            "image": {
                                "dark": {
                                    "pdf": "https://static.vlife.kz/icons/Smartphones.pdf",
                                    "svg": "https://static.vlife.kz/icons/car.svg"
                                },
                                "light": {
                                    "pdf": "https://static.vlife.kz/icons/Smartphones.pdf",
                                    "svg": "https://static.vlife.kz/icons/car.svg"
                                }
                            },
                            "isAccent": false,
                            "description": "Комоды ",
                            "isTabbedChildren": false,
                            "children": [
                                
                            ]
                        },
                        {
                            "id": 31442,
                            "name": "Кровати",
                            "sort": null,
                            "image": {
                                "dark": {
                                    "pdf": "https://static.vlife.kz/icons/Smartphones.pdf",
                                    "svg": "https://static.vlife.kz/icons/car.svg"
                                },
                                "light": {
                                    "pdf": "https://static.vlife.kz/icons/Smartphones.pdf",
                                    "svg": "https://static.vlife.kz/icons/car.svg"
                                }
                            },
                            "isAccent": false,
                            "description": "Кровати ",
                            "isTabbedChildren": false,
                            "children": [
                                
                            ]
                        },
                        {
                            "id": 31443,
                            "name": "Матрасы",
                            "sort": null,
                            "image": {
                                "dark": {
                                    "pdf": "https://static.vlife.kz/icons/Smartphones.pdf",
                                    "svg": "https://static.vlife.kz/icons/car.svg"
                                },
                                "light": {
                                    "pdf": "https://static.vlife.kz/icons/Smartphones.pdf",
                                    "svg": "https://static.vlife.kz/icons/car.svg"
                                }
                            },
                            "isAccent": false,
                            "description": "Матрасы ",
                            "isTabbedChildren": false,
                            "children": [
                                
                            ]
                        },
                        {
                            "id": 31444,
                            "name": "Спальные гарнитуры",
                            "sort": null,
                            "image": {
                                "dark": {
                                    "pdf": "https://static.vlife.kz/icons/Smartphones.pdf",
                                    "svg": "https://static.vlife.kz/icons/car.svg"
                                },
                                "light": {
                                    "pdf": "https://static.vlife.kz/icons/Smartphones.pdf",
                                    "svg": "https://static.vlife.kz/icons/car.svg"
                                }
                            },
                            "isAccent": false,
                            "description": "Спальные гарнитуры",
                            "isTabbedChildren": false,
                            "children": [
                                
                            ]
                        },
                        {
                            "id": 31445,
                            "name": "Туалетные столики",
                            "sort": null,
                            "image": {
                                "dark": {
                                    "pdf": "https://static.vlife.kz/icons/Smartphones.pdf",
                                    "svg": "https://static.vlife.kz/icons/car.svg"
                                },
                                "light": {
                                    "pdf": "https://static.vlife.kz/icons/Smartphones.pdf",
                                    "svg": "https://static.vlife.kz/icons/car.svg"
                                }
                            },
                            "isAccent": false,
                            "description": "Туалетные столики",
                            "isTabbedChildren": false,
                            "children": [
                                
                            ]
                        },
                        {
                            "id": 31446,
                            "name": "Тумбы прикроватные",
                            "sort": null,
                            "image": {
                                "dark": {
                                    "pdf": "https://static.vlife.kz/icons/Smartphones.pdf",
                                    "svg": "https://static.vlife.kz/icons/car.svg"
                                },
                                "light": {
                                    "pdf": "https://static.vlife.kz/icons/Smartphones.pdf",
                                    "svg": "https://static.vlife.kz/icons/car.svg"
                                }
                            },
                            "isAccent": false,
                            "description": "Тумбы прикроватные ",
                            "isTabbedChildren": false,
                            "children": [
                                
                            ]
                        }
                    ]
                }
            ]
        },
        {
            "id": 32239,
            "name": "Украшения и аксессуары",
            "sort": 12,
            "image": {
                "dark": {
                    "pdf": "https://static.vlife.kz/pdf/market/Diamond_2.pdf",
                    "svg": "https://static.vlife.kz/icons/vlife/market/Diamond_2.svg"
                },
                "light": {
                    "pdf": "https://static.vlife.kz/pdf/market/Diamond_2.pdf",
                    "svg": "https://static.vlife.kz/icons/vlife/market/Diamond_2.svg"
                }
            },
            "isAccent": true,
            "description": "Украшения и аксессуары",
            "isTabbedChildren": false,
            "children": [
                {
                    "id": 32240,
                    "name": "Бижутерия",
                    "sort": null,
                    "image": {
                        "dark": {
                            "pdf": "https://static.vlife.kz/icons/Smartphones.pdf",
                            "svg": "https://static.vlife.kz/icons/car.svg"
                        },
                        "light": {
                            "pdf": "https://static.vlife.kz/icons/Smartphones.pdf",
                            "svg": "https://static.vlife.kz/icons/car.svg"
                        }
                    },
                    "isAccent": false,
                    "description": "Бижутерия",
                    "isTabbedChildren": false,
                    "children": [
                        {
                            "id": 32241,
                            "name": "Браслеты",
                            "sort": null,
                            "image": {
                                "dark": {
                                    "pdf": "https://static.vlife.kz/icons/Smartphones.pdf",
                                    "svg": "https://static.vlife.kz/icons/car.svg"
                                },
                                "light": {
                                    "pdf": "https://static.vlife.kz/icons/Smartphones.pdf",
                                    "svg": "https://static.vlife.kz/icons/car.svg"
                                }
                            },
                            "isAccent": false,
                            "description": "Браслеты",
                            "isTabbedChildren": false,
                            "children": [
                                
                            ]
                        },
                        {
                            "id": 32243,
                            "name": "Броши бижутерные",
                            "sort": null,
                            "image": {
                                "dark": {
                                    "pdf": "https://static.vlife.kz/icons/Smartphones.pdf",
                                    "svg": "https://static.vlife.kz/icons/car.svg"
                                },
                                "light": {
                                    "pdf": "https://static.vlife.kz/icons/Smartphones.pdf",
                                    "svg": "https://static.vlife.kz/icons/car.svg"
                                }
                            },
                            "isAccent": false,
                            "description": "Броши бижутерные",
                            "isTabbedChildren": false,
                            "children": [
                                
                            ]
                        },
                        {
                            "id": 32245,
                            "name": "Запонки и зажимы бижутерные",
                            "sort": null,
                            "image": {
                                "dark": {
                                    "pdf": "https://static.vlife.kz/icons/Smartphones.pdf",
                                    "svg": "https://static.vlife.kz/icons/car.svg"
                                },
                                "light": {
                                    "pdf": "https://static.vlife.kz/icons/Smartphones.pdf",
                                    "svg": "https://static.vlife.kz/icons/car.svg"
                                }
                            },
                            "isAccent": false,
                            "description": "Запонки и зажимы бижутерные",
                            "isTabbedChildren": false,
                            "children": [
                                
                            ]
                        },
                        {
                            "id": 32247,
                            "name": "Колье",
                            "sort": null,
                            "image": {
                                "dark": {
                                    "pdf": "https://static.vlife.kz/icons/Smartphones.pdf",
                                    "svg": "https://static.vlife.kz/icons/car.svg"
                                },
                                "light": {
                                    "pdf": "https://static.vlife.kz/icons/Smartphones.pdf",
                                    "svg": "https://static.vlife.kz/icons/car.svg"
                                }
                            },
                            "isAccent": false,
                            "description": "Колье",
                            "isTabbedChildren": false,
                            "children": [
                                
                            ]
                        },
                        {
                            "id": 32249,
                            "name": "Кольца",
                            "sort": null,
                            "image": {
                                "dark": {
                                    "pdf": "https://static.vlife.kz/icons/Smartphones.pdf",
                                    "svg": "https://static.vlife.kz/icons/car.svg"
                                },
                                "light": {
                                    "pdf": "https://static.vlife.kz/icons/Smartphones.pdf",
                                    "svg": "https://static.vlife.kz/icons/car.svg"
                                }
                            },
                            "isAccent": false,
                            "description": "Кольца",
                            "isTabbedChildren": false,
                            "children": [
                                
                            ]
                        },
                        {
                            "id": 32251,
                            "name": "Комплекты бижутерии",
                            "sort": null,
                            "image": {
                                "dark": {
                                    "pdf": "https://static.vlife.kz/icons/Smartphones.pdf",
                                    "svg": "https://static.vlife.kz/icons/car.svg"
                                },
                                "light": {
                                    "pdf": "https://static.vlife.kz/icons/Smartphones.pdf",
                                    "svg": "https://static.vlife.kz/icons/car.svg"
                                }
                            },
                            "isAccent": false,
                            "description": "Комплекты бижутерии",
                            "isTabbedChildren": false,
                            "children": [
                                
                            ]
                        },
                        {
                            "id": 32253,
                            "name": "Пирсинг бижутерный",
                            "sort": null,
                            "image": {
                                "dark": {
                                    "pdf": "https://static.vlife.kz/icons/Smartphones.pdf",
                                    "svg": "https://static.vlife.kz/icons/car.svg"
                                },
                                "light": {
                                    "pdf": "https://static.vlife.kz/icons/Smartphones.pdf",
                                    "svg": "https://static.vlife.kz/icons/car.svg"
                                }
                            },
                            "isAccent": false,
                            "description": "Пирсинг бижутерный",
                            "isTabbedChildren": false,
                            "children": [
                                
                            ]
                        },
                        {
                            "id": 32255,
                            "name": "Подвески и шармы бижутерные",
                            "sort": null,
                            "image": {
                                "dark": {
                                    "pdf": "https://static.vlife.kz/icons/Smartphones.pdf",
                                    "svg": "https://static.vlife.kz/icons/car.svg"
                                },
                                "light": {
                                    "pdf": "https://static.vlife.kz/icons/Smartphones.pdf",
                                    "svg": "https://static.vlife.kz/icons/car.svg"
                                }
                            },
                            "isAccent": false,
                            "description": "Подвески и шармы бижутерные",
                            "isTabbedChildren": false,
                            "children": [
                                
                            ]
                        },
                        {
                            "id": 32259,
                            "name": "Цепочки и бусы бижутерные",
                            "sort": null,
                            "image": {
                                "dark": {
                                    "pdf": "https://static.vlife.kz/icons/Smartphones.pdf",
                                    "svg": "https://static.vlife.kz/icons/car.svg"
                                },
                                "light": {
                                    "pdf": "https://static.vlife.kz/icons/Smartphones.pdf",
                                    "svg": "https://static.vlife.kz/icons/car.svg"
                                }
                            },
                            "isAccent": false,
                            "description": "Цепочки и бусы бижутерные",
                            "isTabbedChildren": false,
                            "children": [
                                
                            ]
                        },
                        {
                            "id": 32257,
                            "name": "Серьги бижутерные",
                            "sort": null,
                            "image": {
                                "dark": {
                                    "pdf": "https://static.vlife.kz/icons/Smartphones.pdf",
                                    "svg": "https://static.vlife.kz/icons/car.svg"
                                },
                                "light": {
                                    "pdf": "https://static.vlife.kz/icons/Smartphones.pdf",
                                    "svg": "https://static.vlife.kz/icons/car.svg"
                                }
                            },
                            "isAccent": false,
                            "description": "Серьги бижутерные",
                            "isTabbedChildren": false,
                            "children": [
                                
                            ]
                        }
                    ]
                },
                {
                    "id": 32261,
                    "name": "Часы",
                    "sort": null,
                    "image": {
                        "dark": {
                            "pdf": "https://static.vlife.kz/icons/Smartphones.pdf",
                            "svg": "https://static.vlife.kz/icons/car.svg"
                        },
                        "light": {
                            "pdf": "https://static.vlife.kz/icons/Smartphones.pdf",
                            "svg": "https://static.vlife.kz/icons/car.svg"
                        }
                    },
                    "isAccent": false,
                    "description": "Часы",
                    "isTabbedChildren": false,
                    "children": [
                        {
                            "id": 32262,
                            "name": "Часы без драгоценных камней",
                            "sort": null,
                            "image": {
                                "dark": {
                                    "pdf": "https://static.vlife.kz/icons/Smartphones.pdf",
                                    "svg": "https://static.vlife.kz/icons/car.svg"
                                },
                                "light": {
                                    "pdf": "https://static.vlife.kz/icons/Smartphones.pdf",
                                    "svg": "https://static.vlife.kz/icons/car.svg"
                                }
                            },
                            "isAccent": false,
                            "description": "Часы без драгоценных камней",
                            "isTabbedChildren": false,
                            "children": [
                                
                            ]
                        },
                        {
                            "id": 32267,
                            "name": "Часы с драгоценными камнями",
                            "sort": null,
                            "image": {
                                "dark": {
                                    "pdf": "https://static.vlife.kz/icons/Smartphones.pdf",
                                    "svg": "https://static.vlife.kz/icons/car.svg"
                                },
                                "light": {
                                    "pdf": "https://static.vlife.kz/icons/Smartphones.pdf",
                                    "svg": "https://static.vlife.kz/icons/car.svg"
                                }
                            },
                            "isAccent": false,
                            "description": "Часы с драгоценными камнями",
                            "isTabbedChildren": false,
                            "children": [
                                
                            ]
                        },
                        {
                            "id": 32272,
                            "name": "Регулярные часы",
                            "sort": null,
                            "image": {
                                "dark": {
                                    "pdf": "https://static.vlife.kz/icons/Smartphones.pdf",
                                    "svg": "https://static.vlife.kz/icons/car.svg"
                                },
                                "light": {
                                    "pdf": "https://static.vlife.kz/icons/Smartphones.pdf",
                                    "svg": "https://static.vlife.kz/icons/car.svg"
                                }
                            },
                            "isAccent": false,
                            "description": "Регулярные часы",
                            "isTabbedChildren": false,
                            "children": [
                                
                            ]
                        },
                        {
                            "id": 32273,
                            "name": "Сложные часы",
                            "sort": null,
                            "image": {
                                "dark": {
                                    "pdf": "https://static.vlife.kz/icons/Smartphones.pdf",
                                    "svg": "https://static.vlife.kz/icons/car.svg"
                                },
                                "light": {
                                    "pdf": "https://static.vlife.kz/icons/Smartphones.pdf",
                                    "svg": "https://static.vlife.kz/icons/car.svg"
                                }
                            },
                            "isAccent": false,
                            "description": "Сложные часы",
                            "isTabbedChildren": false,
                            "children": [
                                
                            ]
                        }
                    ]
                },
                {
                    "id": 32274,
                    "name": "Ювелирные украшения",
                    "sort": null,
                    "image": {
                        "dark": {
                            "pdf": "https://static.vlife.kz/icons/Smartphones.pdf",
                            "svg": "https://static.vlife.kz/icons/car.svg"
                        },
                        "light": {
                            "pdf": "https://static.vlife.kz/icons/Smartphones.pdf",
                            "svg": "https://static.vlife.kz/icons/car.svg"
                        }
                    },
                    "isAccent": false,
                    "description": "Ювелирные украшения",
                    "isTabbedChildren": false,
                    "children": [
                        {
                            "id": 32275,
                            "name": "Браслеты",
                            "sort": null,
                            "image": {
                                "dark": {
                                    "pdf": "https://static.vlife.kz/icons/Smartphones.pdf",
                                    "svg": "https://static.vlife.kz/icons/car.svg"
                                },
                                "light": {
                                    "pdf": "https://static.vlife.kz/icons/Smartphones.pdf",
                                    "svg": "https://static.vlife.kz/icons/car.svg"
                                }
                            },
                            "isAccent": false,
                            "description": "Браслеты",
                            "isTabbedChildren": false,
                            "children": [
                                
                            ]
                        },
                        {
                            "id": 32277,
                            "name": "Броши",
                            "sort": null,
                            "image": {
                                "dark": {
                                    "pdf": "https://static.vlife.kz/icons/Smartphones.pdf",
                                    "svg": "https://static.vlife.kz/icons/car.svg"
                                },
                                "light": {
                                    "pdf": "https://static.vlife.kz/icons/Smartphones.pdf",
                                    "svg": "https://static.vlife.kz/icons/car.svg"
                                }
                            },
                            "isAccent": false,
                            "description": "Броши",
                            "isTabbedChildren": false,
                            "children": [
                                
                            ]
                        },
                        {
                            "id": 32279,
                            "name": "Колье",
                            "sort": null,
                            "image": {
                                "dark": {
                                    "pdf": "https://static.vlife.kz/icons/Smartphones.pdf",
                                    "svg": "https://static.vlife.kz/icons/car.svg"
                                },
                                "light": {
                                    "pdf": "https://static.vlife.kz/icons/Smartphones.pdf",
                                    "svg": "https://static.vlife.kz/icons/car.svg"
                                }
                            },
                            "isAccent": false,
                            "description": "Колье",
                            "isTabbedChildren": false,
                            "children": [
                                
                            ]
                        },
                        {
                            "id": 32281,
                            "name": "Кольца",
                            "sort": null,
                            "image": {
                                "dark": {
                                    "pdf": "https://static.vlife.kz/icons/Smartphones.pdf",
                                    "svg": "https://static.vlife.kz/icons/car.svg"
                                },
                                "light": {
                                    "pdf": "https://static.vlife.kz/icons/Smartphones.pdf",
                                    "svg": "https://static.vlife.kz/icons/car.svg"
                                }
                            },
                            "isAccent": false,
                            "description": "Кольца",
                            "isTabbedChildren": false,
                            "children": [
                                
                            ]
                        },
                        {
                            "id": 32283,
                            "name": "Кольца-солитеры",
                            "sort": null,
                            "image": {
                                "dark": {
                                    "pdf": "https://static.vlife.kz/icons/Smartphones.pdf",
                                    "svg": "https://static.vlife.kz/icons/car.svg"
                                },
                                "light": {
                                    "pdf": "https://static.vlife.kz/icons/Smartphones.pdf",
                                    "svg": "https://static.vlife.kz/icons/car.svg"
                                }
                            },
                            "isAccent": false,
                            "description": "Кольца-солитеры",
                            "isTabbedChildren": false,
                            "children": [
                                
                            ]
                        },
                        {
                            "id": 32285,
                            "name": "Кулоны",
                            "sort": null,
                            "image": {
                                "dark": {
                                    "pdf": "https://static.vlife.kz/icons/Smartphones.pdf",
                                    "svg": "https://static.vlife.kz/icons/car.svg"
                                },
                                "light": {
                                    "pdf": "https://static.vlife.kz/icons/Smartphones.pdf",
                                    "svg": "https://static.vlife.kz/icons/car.svg"
                                }
                            },
                            "isAccent": false,
                            "description": "Кулоны",
                            "isTabbedChildren": false,
                            "children": [
                                
                            ]
                        },
                        {
                            "id": 32287,
                            "name": "Кулоны-солитеры",
                            "sort": null,
                            "image": {
                                "dark": {
                                    "pdf": "https://static.vlife.kz/icons/Smartphones.pdf",
                                    "svg": "https://static.vlife.kz/icons/car.svg"
                                },
                                "light": {
                                    "pdf": "https://static.vlife.kz/icons/Smartphones.pdf",
                                    "svg": "https://static.vlife.kz/icons/car.svg"
                                }
                            },
                            "isAccent": false,
                            "description": "Кулоны-солитеры",
                            "isTabbedChildren": false,
                            "children": [
                                
                            ]
                        },
                        {
                            "id": 32289,
                            "name": "Ожерелье",
                            "sort": null,
                            "image": {
                                "dark": {
                                    "pdf": "https://static.vlife.kz/icons/Smartphones.pdf",
                                    "svg": "https://static.vlife.kz/icons/car.svg"
                                },
                                "light": {
                                    "pdf": "https://static.vlife.kz/icons/Smartphones.pdf",
                                    "svg": "https://static.vlife.kz/icons/car.svg"
                                }
                            },
                            "isAccent": false,
                            "description": "Ожерелье",
                            "isTabbedChildren": false,
                            "children": [
                                
                            ]
                        },
                        {
                            "id": 32291,
                            "name": "Серьги",
                            "sort": null,
                            "image": {
                                "dark": {
                                    "pdf": "https://static.vlife.kz/icons/Smartphones.pdf",
                                    "svg": "https://static.vlife.kz/icons/car.svg"
                                },
                                "light": {
                                    "pdf": "https://static.vlife.kz/icons/Smartphones.pdf",
                                    "svg": "https://static.vlife.kz/icons/car.svg"
                                }
                            },
                            "isAccent": false,
                            "description": "Серьги",
                            "isTabbedChildren": false,
                            "children": [
                                
                            ]
                        },
                        {
                            "id": 32293,
                            "name": "Серьги-солитеры",
                            "sort": null,
                            "image": {
                                "dark": {
                                    "pdf": "https://static.vlife.kz/icons/Smartphones.pdf",
                                    "svg": "https://static.vlife.kz/icons/car.svg"
                                },
                                "light": {
                                    "pdf": "https://static.vlife.kz/icons/Smartphones.pdf",
                                    "svg": "https://static.vlife.kz/icons/car.svg"
                                }
                            },
                            "isAccent": false,
                            "description": "Серьги-солитеры",
                            "isTabbedChildren": false,
                            "children": [
                                
                            ]
                        },
                        {
                            "id": 32295,
                            "name": "Сотуары",
                            "sort": null,
                            "image": {
                                "dark": {
                                    "pdf": "https://static.vlife.kz/icons/Smartphones.pdf",
                                    "svg": "https://static.vlife.kz/icons/car.svg"
                                },
                                "light": {
                                    "pdf": "https://static.vlife.kz/icons/Smartphones.pdf",
                                    "svg": "https://static.vlife.kz/icons/car.svg"
                                }
                            },
                            "isAccent": false,
                            "description": "Сотуары",
                            "isTabbedChildren": false,
                            "children": [
                                
                            ]
                        },
                        {
                            "id": 32297,
                            "name": "Тиары",
                            "sort": null,
                            "image": {
                                "dark": {
                                    "pdf": "https://static.vlife.kz/icons/Smartphones.pdf",
                                    "svg": "https://static.vlife.kz/icons/car.svg"
                                },
                                "light": {
                                    "pdf": "https://static.vlife.kz/icons/Smartphones.pdf",
                                    "svg": "https://static.vlife.kz/icons/car.svg"
                                }
                            },
                            "isAccent": false,
                            "description": "Тиары",
                            "isTabbedChildren": false,
                            "children": [
                                
                            ]
                        },
                        {
                            "id": 32299,
                            "name": "Цепочки",
                            "sort": null,
                            "image": {
                                "dark": {
                                    "pdf": "https://static.vlife.kz/icons/Smartphones.pdf",
                                    "svg": "https://static.vlife.kz/icons/car.svg"
                                },
                                "light": {
                                    "pdf": "https://static.vlife.kz/icons/Smartphones.pdf",
                                    "svg": "https://static.vlife.kz/icons/car.svg"
                                }
                            },
                            "isAccent": false,
                            "description": "Цепочки",
                            "isTabbedChildren": false,
                            "children": [
                                
                            ]
                        },
                        {
                            "id": 32301,
                            "name": "Чармики",
                            "sort": null,
                            "image": {
                                "dark": {
                                    "pdf": "https://static.vlife.kz/icons/Smartphones.pdf",
                                    "svg": "https://static.vlife.kz/icons/car.svg"
                                },
                                "light": {
                                    "pdf": "https://static.vlife.kz/icons/Smartphones.pdf",
                                    "svg": "https://static.vlife.kz/icons/car.svg"
                                }
                            },
                            "isAccent": false,
                            "description": "Чармики",
                            "isTabbedChildren": false,
                            "children": [
                                
                            ]
                        },
                        {
                            "id": 32303,
                            "name": "Запонки",
                            "sort": null,
                            "image": {
                                "dark": {
                                    "pdf": "https://static.vlife.kz/icons/Smartphones.pdf",
                                    "svg": "https://static.vlife.kz/icons/car.svg"
                                },
                                "light": {
                                    "pdf": "https://static.vlife.kz/icons/Smartphones.pdf",
                                    "svg": "https://static.vlife.kz/icons/car.svg"
                                }
                            },
                            "isAccent": false,
                            "description": "Запонки",
                            "isTabbedChildren": false,
                            "children": [
                                
                            ]
                        },
                        {
                            "id": 32305,
                            "name": "Подвески",
                            "sort": null,
                            "image": {
                                "dark": {
                                    "pdf": "https://static.vlife.kz/icons/Smartphones.pdf",
                                    "svg": "https://static.vlife.kz/icons/car.svg"
                                },
                                "light": {
                                    "pdf": "https://static.vlife.kz/icons/Smartphones.pdf",
                                    "svg": "https://static.vlife.kz/icons/car.svg"
                                }
                            },
                            "isAccent": false,
                            "description": "Подвески",
                            "isTabbedChildren": false,
                            "children": [
                                
                            ]
                        },
                        {
                            "id": 32307,
                            "name": "Цепь",
                            "sort": null,
                            "image": {
                                "dark": {
                                    "pdf": "https://static.vlife.kz/icons/Smartphones.pdf",
                                    "svg": "https://static.vlife.kz/icons/car.svg"
                                },
                                "light": {
                                    "pdf": "https://static.vlife.kz/icons/Smartphones.pdf",
                                    "svg": "https://static.vlife.kz/icons/car.svg"
                                }
                            },
                            "isAccent": false,
                            "description": "Цепь",
                            "isTabbedChildren": false,
                            "children": [
                                
                            ]
                        }
                    ]
                }
            ]
        },
        {
            "id": 31057,
            "name": "Дом и сад",
            "sort": 13,
            "image": {
                "dark": {
                    "pdf": "https://static.vlife.kz/pdf/market/Shovel_2.pdf",
                    "svg": "https://static.vlife.kz/icons/vlife/market/Shovel_2.svg"
                },
                "light": {
                    "pdf": "https://static.vlife.kz/pdf/market/Shovel_2.pdf",
                    "svg": "https://static.vlife.kz/icons/vlife/market/Shovel_2.svg"
                }
            },
            "isAccent": false,
            "description": "Дом и сад",
            "isTabbedChildren": false,
            "children": [
                {
                    "id": 31058,
                    "name": "Авторские товары ручной работы",
                    "sort": null,
                    "image": {
                        "dark": {
                            "pdf": "https://static.vlife.kz/icons/Smartphones.pdf",
                            "svg": "https://static.vlife.kz/icons/car.svg"
                        },
                        "light": {
                            "pdf": "https://static.vlife.kz/icons/Smartphones.pdf",
                            "svg": "https://static.vlife.kz/icons/car.svg"
                        }
                    },
                    "isAccent": false,
                    "description": "Авторские товары ручной работы",
                    "isTabbedChildren": false,
                    "children": [
                        {
                            "id": 31059,
                            "name": "Авторские работы",
                            "sort": null,
                            "image": {
                                "dark": {
                                    "pdf": "https://static.vlife.kz/icons/Smartphones.pdf",
                                    "svg": "https://static.vlife.kz/icons/car.svg"
                                },
                                "light": {
                                    "pdf": "https://static.vlife.kz/icons/Smartphones.pdf",
                                    "svg": "https://static.vlife.kz/icons/car.svg"
                                }
                            },
                            "isAccent": false,
                            "description": "Авторские работы",
                            "isTabbedChildren": false,
                            "children": [
                                
                            ]
                        },
                        {
                            "id": 31060,
                            "name": "Вазы",
                            "sort": null,
                            "image": {
                                "dark": {
                                    "pdf": "https://static.vlife.kz/icons/Smartphones.pdf",
                                    "svg": "https://static.vlife.kz/icons/car.svg"
                                },
                                "light": {
                                    "pdf": "https://static.vlife.kz/icons/Smartphones.pdf",
                                    "svg": "https://static.vlife.kz/icons/car.svg"
                                }
                            },
                            "isAccent": false,
                            "description": "Вазы",
                            "isTabbedChildren": false,
                            "children": [
                                
                            ]
                        },
                        {
                            "id": 31061,
                            "name": "Галантерея",
                            "sort": null,
                            "image": {
                                "dark": {
                                    "pdf": "https://static.vlife.kz/icons/Smartphones.pdf",
                                    "svg": "https://static.vlife.kz/icons/car.svg"
                                },
                                "light": {
                                    "pdf": "https://static.vlife.kz/icons/Smartphones.pdf",
                                    "svg": "https://static.vlife.kz/icons/car.svg"
                                }
                            },
                            "isAccent": false,
                            "description": "Галантерея",
                            "isTabbedChildren": false,
                            "children": [
                                
                            ]
                        },
                        {
                            "id": 31062,
                            "name": "Картины",
                            "sort": null,
                            "image": {
                                "dark": {
                                    "pdf": "https://static.vlife.kz/icons/Smartphones.pdf",
                                    "svg": "https://static.vlife.kz/icons/car.svg"
                                },
                                "light": {
                                    "pdf": "https://static.vlife.kz/icons/Smartphones.pdf",
                                    "svg": "https://static.vlife.kz/icons/car.svg"
                                }
                            },
                            "isAccent": false,
                            "description": "Картины",
                            "isTabbedChildren": false,
                            "children": [
                                
                            ]
                        },
                        {
                            "id": 31063,
                            "name": "Колокольчики ручной работы",
                            "sort": null,
                            "image": {
                                "dark": {
                                    "pdf": "https://static.vlife.kz/icons/Smartphones.pdf",
                                    "svg": "https://static.vlife.kz/icons/car.svg"
                                },
                                "light": {
                                    "pdf": "https://static.vlife.kz/icons/Smartphones.pdf",
                                    "svg": "https://static.vlife.kz/icons/car.svg"
                                }
                            },
                            "isAccent": false,
                            "description": "Колокольчики ручной работы",
                            "isTabbedChildren": false,
                            "children": [
                                
                            ]
                        },
                        {
                            "id": 31064,
                            "name": "Открытки",
                            "sort": null,
                            "image": {
                                "dark": {
                                    "pdf": "https://static.vlife.kz/icons/Smartphones.pdf",
                                    "svg": "https://static.vlife.kz/icons/car.svg"
                                },
                                "light": {
                                    "pdf": "https://static.vlife.kz/icons/Smartphones.pdf",
                                    "svg": "https://static.vlife.kz/icons/car.svg"
                                }
                            },
                            "isAccent": false,
                            "description": "Открытки",
                            "isTabbedChildren": false,
                            "children": [
                                
                            ]
                        },
                        {
                            "id": 31065,
                            "name": "Панно",
                            "sort": null,
                            "image": {
                                "dark": {
                                    "pdf": "https://static.vlife.kz/icons/Smartphones.pdf",
                                    "svg": "https://static.vlife.kz/icons/car.svg"
                                },
                                "light": {
                                    "pdf": "https://static.vlife.kz/icons/Smartphones.pdf",
                                    "svg": "https://static.vlife.kz/icons/car.svg"
                                }
                            },
                            "isAccent": false,
                            "description": "Панно",
                            "isTabbedChildren": false,
                            "children": [
                                
                            ]
                        },
                        {
                            "id": 31066,
                            "name": "Подставки под бутылку",
                            "sort": null,
                            "image": {
                                "dark": {
                                    "pdf": "https://static.vlife.kz/icons/Smartphones.pdf",
                                    "svg": "https://static.vlife.kz/icons/car.svg"
                                },
                                "light": {
                                    "pdf": "https://static.vlife.kz/icons/Smartphones.pdf",
                                    "svg": "https://static.vlife.kz/icons/car.svg"
                                }
                            },
                            "isAccent": false,
                            "description": "Подставки под бутылку",
                            "isTabbedChildren": false,
                            "children": [
                                
                            ]
                        },
                        {
                            "id": 31067,
                            "name": "Статуэтки",
                            "sort": null,
                            "image": {
                                "dark": {
                                    "pdf": "https://static.vlife.kz/icons/Smartphones.pdf",
                                    "svg": "https://static.vlife.kz/icons/car.svg"
                                },
                                "light": {
                                    "pdf": "https://static.vlife.kz/icons/Smartphones.pdf",
                                    "svg": "https://static.vlife.kz/icons/car.svg"
                                }
                            },
                            "isAccent": false,
                            "description": "Статуэтки",
                            "isTabbedChildren": false,
                            "children": [
                                
                            ]
                        },
                        {
                            "id": 31068,
                            "name": "Украшения",
                            "sort": null,
                            "image": {
                                "dark": {
                                    "pdf": "https://static.vlife.kz/icons/Smartphones.pdf",
                                    "svg": "https://static.vlife.kz/icons/car.svg"
                                },
                                "light": {
                                    "pdf": "https://static.vlife.kz/icons/Smartphones.pdf",
                                    "svg": "https://static.vlife.kz/icons/car.svg"
                                }
                            },
                            "isAccent": false,
                            "description": "Украшения",
                            "isTabbedChildren": false,
                            "children": [
                                
                            ]
                        },
                        {
                            "id": 31069,
                            "name": "Шкатулки",
                            "sort": null,
                            "image": {
                                "dark": {
                                    "pdf": "https://static.vlife.kz/icons/Smartphones.pdf",
                                    "svg": "https://static.vlife.kz/icons/car.svg"
                                },
                                "light": {
                                    "pdf": "https://static.vlife.kz/icons/Smartphones.pdf",
                                    "svg": "https://static.vlife.kz/icons/car.svg"
                                }
                            },
                            "isAccent": false,
                            "description": "Шкатулки",
                            "isTabbedChildren": false,
                            "children": [
                                
                            ]
                        }
                    ]
                },
                {
                    "id": 31070,
                    "name": "Дача и сад",
                    "sort": null,
                    "image": {
                        "dark": {
                            "pdf": "https://static.vlife.kz/icons/Smartphones.pdf",
                            "svg": "https://static.vlife.kz/icons/car.svg"
                        },
                        "light": {
                            "pdf": "https://static.vlife.kz/icons/Smartphones.pdf",
                            "svg": "https://static.vlife.kz/icons/car.svg"
                        }
                    },
                    "isAccent": false,
                    "description": "Дача и сад",
                    "isTabbedChildren": false,
                    "children": [
                        {
                            "id": 31076,
                            "name": "Отдых и пикник",
                            "sort": null,
                            "image": {
                                "dark": {
                                    "pdf": "https://static.vlife.kz/icons/Smartphones.pdf",
                                    "svg": "https://static.vlife.kz/icons/car.svg"
                                },
                                "light": {
                                    "pdf": "https://static.vlife.kz/icons/Smartphones.pdf",
                                    "svg": "https://static.vlife.kz/icons/car.svg"
                                }
                            },
                            "isAccent": false,
                            "description": "Отдых и пикник",
                            "isTabbedChildren": false,
                            "children": [
                                
                            ]
                        },
                        {
                            "id": 31077,
                            "name": "Парники и теплицы",
                            "sort": null,
                            "image": {
                                "dark": {
                                    "pdf": "https://static.vlife.kz/icons/Smartphones.pdf",
                                    "svg": "https://static.vlife.kz/icons/car.svg"
                                },
                                "light": {
                                    "pdf": "https://static.vlife.kz/icons/Smartphones.pdf",
                                    "svg": "https://static.vlife.kz/icons/car.svg"
                                }
                            },
                            "isAccent": false,
                            "description": "Парники и теплицы",
                            "isTabbedChildren": false,
                            "children": [
                                
                            ]
                        },
                        {
                            "id": 31071,
                            "name": "Бассейны для дачи",
                            "sort": null,
                            "image": {
                                "dark": {
                                    "pdf": "https://static.vlife.kz/icons/Smartphones.pdf",
                                    "svg": "https://static.vlife.kz/icons/car.svg"
                                },
                                "light": {
                                    "pdf": "https://static.vlife.kz/icons/Smartphones.pdf",
                                    "svg": "https://static.vlife.kz/icons/car.svg"
                                }
                            },
                            "isAccent": false,
                            "description": "Бассейны для дачи",
                            "isTabbedChildren": false,
                            "children": [
                                
                            ]
                        },
                        {
                            "id": 31072,
                            "name": "Биотуалеты и септики",
                            "sort": null,
                            "image": {
                                "dark": {
                                    "pdf": "https://static.vlife.kz/icons/Smartphones.pdf",
                                    "svg": "https://static.vlife.kz/icons/car.svg"
                                },
                                "light": {
                                    "pdf": "https://static.vlife.kz/icons/Smartphones.pdf",
                                    "svg": "https://static.vlife.kz/icons/car.svg"
                                }
                            },
                            "isAccent": false,
                            "description": "Биотуалеты и септики",
                            "isTabbedChildren": false,
                            "children": [
                                
                            ]
                        },
                        {
                            "id": 31073,
                            "name": "Водоотвод и дренаж",
                            "sort": null,
                            "image": {
                                "dark": {
                                    "pdf": "https://static.vlife.kz/icons/Smartphones.pdf",
                                    "svg": "https://static.vlife.kz/icons/car.svg"
                                },
                                "light": {
                                    "pdf": "https://static.vlife.kz/icons/Smartphones.pdf",
                                    "svg": "https://static.vlife.kz/icons/car.svg"
                                }
                            },
                            "isAccent": false,
                            "description": "Водоотвод и дренаж",
                            "isTabbedChildren": false,
                            "children": [
                                
                            ]
                        },
                        {
                            "id": 31074,
                            "name": "Души и рукомойники",
                            "sort": null,
                            "image": {
                                "dark": {
                                    "pdf": "https://static.vlife.kz/icons/Smartphones.pdf",
                                    "svg": "https://static.vlife.kz/icons/car.svg"
                                },
                                "light": {
                                    "pdf": "https://static.vlife.kz/icons/Smartphones.pdf",
                                    "svg": "https://static.vlife.kz/icons/car.svg"
                                }
                            },
                            "isAccent": false,
                            "description": "Души и рукомойники",
                            "isTabbedChildren": false,
                            "children": [
                                
                            ]
                        },
                        {
                            "id": 31075,
                            "name": "Насосы для дачи",
                            "sort": null,
                            "image": {
                                "dark": {
                                    "pdf": "https://static.vlife.kz/icons/Smartphones.pdf",
                                    "svg": "https://static.vlife.kz/icons/car.svg"
                                },
                                "light": {
                                    "pdf": "https://static.vlife.kz/icons/Smartphones.pdf",
                                    "svg": "https://static.vlife.kz/icons/car.svg"
                                }
                            },
                            "isAccent": false,
                            "description": "Насосы для дачи",
                            "isTabbedChildren": false,
                            "children": [
                                
                            ]
                        },
                        {
                            "id": 31078,
                            "name": "Садовая мебель",
                            "sort": null,
                            "image": {
                                "dark": {
                                    "pdf": "https://static.vlife.kz/icons/Smartphones.pdf",
                                    "svg": "https://static.vlife.kz/icons/car.svg"
                                },
                                "light": {
                                    "pdf": "https://static.vlife.kz/icons/Smartphones.pdf",
                                    "svg": "https://static.vlife.kz/icons/car.svg"
                                }
                            },
                            "isAccent": false,
                            "description": "Садовая мебель",
                            "isTabbedChildren": false,
                            "children": [
                                
                            ]
                        },
                        {
                            "id": 31079,
                            "name": "Садовая техника",
                            "sort": null,
                            "image": {
                                "dark": {
                                    "pdf": "https://static.vlife.kz/icons/Smartphones.pdf",
                                    "svg": "https://static.vlife.kz/icons/car.svg"
                                },
                                "light": {
                                    "pdf": "https://static.vlife.kz/icons/Smartphones.pdf",
                                    "svg": "https://static.vlife.kz/icons/car.svg"
                                }
                            },
                            "isAccent": false,
                            "description": "Садовая техника",
                            "isTabbedChildren": false,
                            "children": [
                                
                            ]
                        },
                        {
                            "id": 31080,
                            "name": "Садовый декор",
                            "sort": null,
                            "image": {
                                "dark": {
                                    "pdf": "https://static.vlife.kz/icons/Smartphones.pdf",
                                    "svg": "https://static.vlife.kz/icons/car.svg"
                                },
                                "light": {
                                    "pdf": "https://static.vlife.kz/icons/Smartphones.pdf",
                                    "svg": "https://static.vlife.kz/icons/car.svg"
                                }
                            },
                            "isAccent": false,
                            "description": "Садовый декор",
                            "isTabbedChildren": false,
                            "children": [
                                
                            ]
                        },
                        {
                            "id": 31081,
                            "name": "Садовый инструмент",
                            "sort": null,
                            "image": {
                                "dark": {
                                    "pdf": "https://static.vlife.kz/icons/Smartphones.pdf",
                                    "svg": "https://static.vlife.kz/icons/car.svg"
                                },
                                "light": {
                                    "pdf": "https://static.vlife.kz/icons/Smartphones.pdf",
                                    "svg": "https://static.vlife.kz/icons/car.svg"
                                }
                            },
                            "isAccent": false,
                            "description": "Садовый инструмент",
                            "isTabbedChildren": false,
                            "children": [
                                
                            ]
                        },
                        {
                            "id": 31082,
                            "name": "Товары для полива",
                            "sort": null,
                            "image": {
                                "dark": {
                                    "pdf": "https://static.vlife.kz/icons/Smartphones.pdf",
                                    "svg": "https://static.vlife.kz/icons/car.svg"
                                },
                                "light": {
                                    "pdf": "https://static.vlife.kz/icons/Smartphones.pdf",
                                    "svg": "https://static.vlife.kz/icons/car.svg"
                                }
                            },
                            "isAccent": false,
                            "description": "Товары для полива",
                            "isTabbedChildren": false,
                            "children": [
                                
                            ]
                        },
                        {
                            "id": 31083,
                            "name": "Товары для фермеров",
                            "sort": null,
                            "image": {
                                "dark": {
                                    "pdf": "https://static.vlife.kz/icons/Smartphones.pdf",
                                    "svg": "https://static.vlife.kz/icons/car.svg"
                                },
                                "light": {
                                    "pdf": "https://static.vlife.kz/icons/Smartphones.pdf",
                                    "svg": "https://static.vlife.kz/icons/car.svg"
                                }
                            },
                            "isAccent": false,
                            "description": "Товары для фермеров",
                            "isTabbedChildren": false,
                            "children": [
                                
                            ]
                        },
                        {
                            "id": 31084,
                            "name": "Уборка снега",
                            "sort": null,
                            "image": {
                                "dark": {
                                    "pdf": "https://static.vlife.kz/icons/Smartphones.pdf",
                                    "svg": "https://static.vlife.kz/icons/car.svg"
                                },
                                "light": {
                                    "pdf": "https://static.vlife.kz/icons/Smartphones.pdf",
                                    "svg": "https://static.vlife.kz/icons/car.svg"
                                }
                            },
                            "isAccent": false,
                            "description": "Уборка снега",
                            "isTabbedChildren": false,
                            "children": [
                                
                            ]
                        }
                    ]
                },
                {
                    "id": 31085,
                    "name": "Декор и интерьер",
                    "sort": null,
                    "image": {
                        "dark": {
                            "pdf": "https://static.vlife.kz/icons/Smartphones.pdf",
                            "svg": "https://static.vlife.kz/icons/car.svg"
                        },
                        "light": {
                            "pdf": "https://static.vlife.kz/icons/Smartphones.pdf",
                            "svg": "https://static.vlife.kz/icons/car.svg"
                        }
                    },
                    "isAccent": false,
                    "description": "Декор и интерьер",
                    "isTabbedChildren": false,
                    "children": [
                        {
                            "id": 31086,
                            "name": "Ароматы для дома",
                            "sort": null,
                            "image": {
                                "dark": {
                                    "pdf": "https://static.vlife.kz/icons/Smartphones.pdf",
                                    "svg": "https://static.vlife.kz/icons/car.svg"
                                },
                                "light": {
                                    "pdf": "https://static.vlife.kz/icons/Smartphones.pdf",
                                    "svg": "https://static.vlife.kz/icons/car.svg"
                                }
                            },
                            "isAccent": false,
                            "description": "Ароматы для дома",
                            "isTabbedChildren": false,
                            "children": [
                                
                            ]
                        },
                        {
                            "id": 31087,
                            "name": "Держатели, подставки и подносы",
                            "sort": null,
                            "image": {
                                "dark": {
                                    "pdf": "https://static.vlife.kz/icons/Smartphones.pdf",
                                    "svg": "https://static.vlife.kz/icons/car.svg"
                                },
                                "light": {
                                    "pdf": "https://static.vlife.kz/icons/Smartphones.pdf",
                                    "svg": "https://static.vlife.kz/icons/car.svg"
                                }
                            },
                            "isAccent": false,
                            "description": "Держатели, подставки и подносы",
                            "isTabbedChildren": false,
                            "children": [
                                
                            ]
                        },
                        {
                            "id": 31088,
                            "name": "Защитные коврики для пола",
                            "sort": null,
                            "image": {
                                "dark": {
                                    "pdf": "https://static.vlife.kz/icons/Smartphones.pdf",
                                    "svg": "https://static.vlife.kz/icons/car.svg"
                                },
                                "light": {
                                    "pdf": "https://static.vlife.kz/icons/Smartphones.pdf",
                                    "svg": "https://static.vlife.kz/icons/car.svg"
                                }
                            },
                            "isAccent": false,
                            "description": "Защитные коврики для пола",
                            "isTabbedChildren": false,
                            "children": [
                                
                            ]
                        },
                        {
                            "id": 31089,
                            "name": "Зеркала",
                            "sort": null,
                            "image": {
                                "dark": {
                                    "pdf": "https://static.vlife.kz/icons/Smartphones.pdf",
                                    "svg": "https://static.vlife.kz/icons/car.svg"
                                },
                                "light": {
                                    "pdf": "https://static.vlife.kz/icons/Smartphones.pdf",
                                    "svg": "https://static.vlife.kz/icons/car.svg"
                                }
                            },
                            "isAccent": false,
                            "description": "Зеркала",
                            "isTabbedChildren": false,
                            "children": [
                                
                            ]
                        },
                        {
                            "id": 31090,
                            "name": "Иконы",
                            "sort": null,
                            "image": {
                                "dark": {
                                    "pdf": "https://static.vlife.kz/icons/Smartphones.pdf",
                                    "svg": "https://static.vlife.kz/icons/car.svg"
                                },
                                "light": {
                                    "pdf": "https://static.vlife.kz/icons/Smartphones.pdf",
                                    "svg": "https://static.vlife.kz/icons/car.svg"
                                }
                            },
                            "isAccent": false,
                            "description": "Иконы",
                            "isTabbedChildren": false,
                            "children": [
                                
                            ]
                        },
                        {
                            "id": 31091,
                            "name": "Картины и панно",
                            "sort": null,
                            "image": {
                                "dark": {
                                    "pdf": "https://static.vlife.kz/icons/Smartphones.pdf",
                                    "svg": "https://static.vlife.kz/icons/car.svg"
                                },
                                "light": {
                                    "pdf": "https://static.vlife.kz/icons/Smartphones.pdf",
                                    "svg": "https://static.vlife.kz/icons/car.svg"
                                }
                            },
                            "isAccent": false,
                            "description": "Картины и панно",
                            "isTabbedChildren": false,
                            "children": [
                                
                            ]
                        },
                        {
                            "id": 31092,
                            "name": "Ковры и ковровые дорожки",
                            "sort": null,
                            "image": {
                                "dark": {
                                    "pdf": "https://static.vlife.kz/icons/Smartphones.pdf",
                                    "svg": "https://static.vlife.kz/icons/car.svg"
                                },
                                "light": {
                                    "pdf": "https://static.vlife.kz/icons/Smartphones.pdf",
                                    "svg": "https://static.vlife.kz/icons/car.svg"
                                }
                            },
                            "isAccent": false,
                            "description": "Ковры и ковровые дорожки",
                            "isTabbedChildren": false,
                            "children": [
                                
                            ]
                        },
                        {
                            "id": 31093,
                            "name": "Копилки",
                            "sort": null,
                            "image": {
                                "dark": {
                                    "pdf": "https://static.vlife.kz/icons/Smartphones.pdf",
                                    "svg": "https://static.vlife.kz/icons/car.svg"
                                },
                                "light": {
                                    "pdf": "https://static.vlife.kz/icons/Smartphones.pdf",
                                    "svg": "https://static.vlife.kz/icons/car.svg"
                                }
                            },
                            "isAccent": false,
                            "description": "Копилки",
                            "isTabbedChildren": false,
                            "children": [
                                
                            ]
                        },
                        {
                            "id": 31094,
                            "name": "Оформление интерьера",
                            "sort": null,
                            "image": {
                                "dark": {
                                    "pdf": "https://static.vlife.kz/icons/Smartphones.pdf",
                                    "svg": "https://static.vlife.kz/icons/car.svg"
                                },
                                "light": {
                                    "pdf": "https://static.vlife.kz/icons/Smartphones.pdf",
                                    "svg": "https://static.vlife.kz/icons/car.svg"
                                }
                            },
                            "isAccent": false,
                            "description": "Оформление интерьера",
                            "isTabbedChildren": false,
                            "children": [
                                
                            ]
                        },
                        {
                            "id": 31095,
                            "name": "Ритуальные товары",
                            "sort": null,
                            "image": {
                                "dark": {
                                    "pdf": "https://static.vlife.kz/icons/Smartphones.pdf",
                                    "svg": "https://static.vlife.kz/icons/car.svg"
                                },
                                "light": {
                                    "pdf": "https://static.vlife.kz/icons/Smartphones.pdf",
                                    "svg": "https://static.vlife.kz/icons/car.svg"
                                }
                            },
                            "isAccent": false,
                            "description": "Ритуальные товары",
                            "isTabbedChildren": false,
                            "children": [
                                
                            ]
                        },
                        {
                            "id": 31096,
                            "name": "Свечи и подсвечники",
                            "sort": null,
                            "image": {
                                "dark": {
                                    "pdf": "https://static.vlife.kz/icons/Smartphones.pdf",
                                    "svg": "https://static.vlife.kz/icons/car.svg"
                                },
                                "light": {
                                    "pdf": "https://static.vlife.kz/icons/Smartphones.pdf",
                                    "svg": "https://static.vlife.kz/icons/car.svg"
                                }
                            },
                            "isAccent": false,
                            "description": "Свечи и подсвечники",
                            "isTabbedChildren": false,
                            "children": [
                                
                            ]
                        },
                        {
                            "id": 31097,
                            "name": "Сувениры",
                            "sort": null,
                            "image": {
                                "dark": {
                                    "pdf": "https://static.vlife.kz/icons/Smartphones.pdf",
                                    "svg": "https://static.vlife.kz/icons/car.svg"
                                },
                                "light": {
                                    "pdf": "https://static.vlife.kz/icons/Smartphones.pdf",
                                    "svg": "https://static.vlife.kz/icons/car.svg"
                                }
                            },
                            "isAccent": false,
                            "description": "Сувениры",
                            "isTabbedChildren": false,
                            "children": [
                                
                            ]
                        },
                        {
                            "id": 31098,
                            "name": "Таблички, номера и крючки",
                            "sort": null,
                            "image": {
                                "dark": {
                                    "pdf": "https://static.vlife.kz/icons/Smartphones.pdf",
                                    "svg": "https://static.vlife.kz/icons/car.svg"
                                },
                                "light": {
                                    "pdf": "https://static.vlife.kz/icons/Smartphones.pdf",
                                    "svg": "https://static.vlife.kz/icons/car.svg"
                                }
                            },
                            "isAccent": false,
                            "description": "Таблички, номера и крючки",
                            "isTabbedChildren": false,
                            "children": [
                                
                            ]
                        },
                        {
                            "id": 31099,
                            "name": "Товары для курения",
                            "sort": null,
                            "image": {
                                "dark": {
                                    "pdf": "https://static.vlife.kz/icons/Smartphones.pdf",
                                    "svg": "https://static.vlife.kz/icons/car.svg"
                                },
                                "light": {
                                    "pdf": "https://static.vlife.kz/icons/Smartphones.pdf",
                                    "svg": "https://static.vlife.kz/icons/car.svg"
                                }
                            },
                            "isAccent": false,
                            "description": "Товары для курения",
                            "isTabbedChildren": false,
                            "children": [
                                
                            ]
                        },
                        {
                            "id": 31100,
                            "name": "Фоторамки и фотоальбомы",
                            "sort": null,
                            "image": {
                                "dark": {
                                    "pdf": "https://static.vlife.kz/icons/Smartphones.pdf",
                                    "svg": "https://static.vlife.kz/icons/car.svg"
                                },
                                "light": {
                                    "pdf": "https://static.vlife.kz/icons/Smartphones.pdf",
                                    "svg": "https://static.vlife.kz/icons/car.svg"
                                }
                            },
                            "isAccent": false,
                            "description": "Фоторамки и фотоальбомы",
                            "isTabbedChildren": false,
                            "children": [
                                
                            ]
                        },
                        {
                            "id": 31101,
                            "name": "Часы и метеостанции",
                            "sort": null,
                            "image": {
                                "dark": {
                                    "pdf": "https://static.vlife.kz/icons/Smartphones.pdf",
                                    "svg": "https://static.vlife.kz/icons/car.svg"
                                },
                                "light": {
                                    "pdf": "https://static.vlife.kz/icons/Smartphones.pdf",
                                    "svg": "https://static.vlife.kz/icons/car.svg"
                                }
                            },
                            "isAccent": false,
                            "description": "Часы и метеостанции",
                            "isTabbedChildren": false,
                            "children": [
                                
                            ]
                        },
                        {
                            "id": 31102,
                            "name": "Шторы и портьеры",
                            "sort": null,
                            "image": {
                                "dark": {
                                    "pdf": "https://static.vlife.kz/icons/Smartphones.pdf",
                                    "svg": "https://static.vlife.kz/icons/car.svg"
                                },
                                "light": {
                                    "pdf": "https://static.vlife.kz/icons/Smartphones.pdf",
                                    "svg": "https://static.vlife.kz/icons/car.svg"
                                }
                            },
                            "isAccent": false,
                            "description": "Шторы и портьеры",
                            "isTabbedChildren": false,
                            "children": [
                                
                            ]
                        }
                    ]
                },
                {
                    "id": 31103,
                    "name": "Освещение",
                    "sort": null,
                    "image": {
                        "dark": {
                            "pdf": "https://static.vlife.kz/icons/Smartphones.pdf",
                            "svg": "https://static.vlife.kz/icons/car.svg"
                        },
                        "light": {
                            "pdf": "https://static.vlife.kz/icons/Smartphones.pdf",
                            "svg": "https://static.vlife.kz/icons/car.svg"
                        }
                    },
                    "isAccent": false,
                    "description": "Освещение",
                    "isTabbedChildren": false,
                    "children": [
                        {
                            "id": 31108,
                            "name": "Настенные светильники",
                            "sort": null,
                            "image": {
                                "dark": {
                                    "pdf": "https://static.vlife.kz/icons/Smartphones.pdf",
                                    "svg": "https://static.vlife.kz/icons/car.svg"
                                },
                                "light": {
                                    "pdf": "https://static.vlife.kz/icons/Smartphones.pdf",
                                    "svg": "https://static.vlife.kz/icons/car.svg"
                                }
                            },
                            "isAccent": false,
                            "description": "Настенные светильники",
                            "isTabbedChildren": false,
                            "children": [
                                
                            ]
                        },
                        {
                            "id": 31104,
                            "name": "Аксессуары для освещения",
                            "sort": null,
                            "image": {
                                "dark": {
                                    "pdf": "https://static.vlife.kz/icons/Smartphones.pdf",
                                    "svg": "https://static.vlife.kz/icons/car.svg"
                                },
                                "light": {
                                    "pdf": "https://static.vlife.kz/icons/Smartphones.pdf",
                                    "svg": "https://static.vlife.kz/icons/car.svg"
                                }
                            },
                            "isAccent": false,
                            "description": "Аксессуары для освещения",
                            "isTabbedChildren": false,
                            "children": [
                                
                            ]
                        },
                        {
                            "id": 31105,
                            "name": "Гирлянды",
                            "sort": null,
                            "image": {
                                "dark": {
                                    "pdf": "https://static.vlife.kz/icons/Smartphones.pdf",
                                    "svg": "https://static.vlife.kz/icons/car.svg"
                                },
                                "light": {
                                    "pdf": "https://static.vlife.kz/icons/Smartphones.pdf",
                                    "svg": "https://static.vlife.kz/icons/car.svg"
                                }
                            },
                            "isAccent": false,
                            "description": "Гирлянды",
                            "isTabbedChildren": false,
                            "children": [
                                
                            ]
                        },
                        {
                            "id": 31106,
                            "name": "Лампочки",
                            "sort": null,
                            "image": {
                                "dark": {
                                    "pdf": "https://static.vlife.kz/icons/Smartphones.pdf",
                                    "svg": "https://static.vlife.kz/icons/car.svg"
                                },
                                "light": {
                                    "pdf": "https://static.vlife.kz/icons/Smartphones.pdf",
                                    "svg": "https://static.vlife.kz/icons/car.svg"
                                }
                            },
                            "isAccent": false,
                            "description": "Лампочки",
                            "isTabbedChildren": false,
                            "children": [
                                
                            ]
                        },
                        {
                            "id": 31107,
                            "name": "Напольные и настольные светильники",
                            "sort": null,
                            "image": {
                                "dark": {
                                    "pdf": "https://static.vlife.kz/icons/Smartphones.pdf",
                                    "svg": "https://static.vlife.kz/icons/car.svg"
                                },
                                "light": {
                                    "pdf": "https://static.vlife.kz/icons/Smartphones.pdf",
                                    "svg": "https://static.vlife.kz/icons/car.svg"
                                }
                            },
                            "isAccent": false,
                            "description": "Напольные и настольные светильники",
                            "isTabbedChildren": false,
                            "children": [
                                
                            ]
                        },
                        {
                            "id": 31109,
                            "name": "Потолочные и подвесные светильники",
                            "sort": null,
                            "image": {
                                "dark": {
                                    "pdf": "https://static.vlife.kz/icons/Smartphones.pdf",
                                    "svg": "https://static.vlife.kz/icons/car.svg"
                                },
                                "light": {
                                    "pdf": "https://static.vlife.kz/icons/Smartphones.pdf",
                                    "svg": "https://static.vlife.kz/icons/car.svg"
                                }
                            },
                            "isAccent": false,
                            "description": "Потолочные и подвесные светильники",
                            "isTabbedChildren": false,
                            "children": [
                                
                            ]
                        },
                        {
                            "id": 31110,
                            "name": "Прожекторы",
                            "sort": null,
                            "image": {
                                "dark": {
                                    "pdf": "https://static.vlife.kz/icons/Smartphones.pdf",
                                    "svg": "https://static.vlife.kz/icons/car.svg"
                                },
                                "light": {
                                    "pdf": "https://static.vlife.kz/icons/Smartphones.pdf",
                                    "svg": "https://static.vlife.kz/icons/car.svg"
                                }
                            },
                            "isAccent": false,
                            "description": "Прожекторы",
                            "isTabbedChildren": false,
                            "children": [
                                
                            ]
                        },
                        {
                            "id": 31111,
                            "name": "Светильники для сауны",
                            "sort": null,
                            "image": {
                                "dark": {
                                    "pdf": "https://static.vlife.kz/icons/Smartphones.pdf",
                                    "svg": "https://static.vlife.kz/icons/car.svg"
                                },
                                "light": {
                                    "pdf": "https://static.vlife.kz/icons/Smartphones.pdf",
                                    "svg": "https://static.vlife.kz/icons/car.svg"
                                }
                            },
                            "isAccent": false,
                            "description": "Светильники для сауны",
                            "isTabbedChildren": false,
                            "children": [
                                
                            ]
                        },
                        {
                            "id": 31112,
                            "name": "Споты и трековые светильники",
                            "sort": null,
                            "image": {
                                "dark": {
                                    "pdf": "https://static.vlife.kz/icons/Smartphones.pdf",
                                    "svg": "https://static.vlife.kz/icons/car.svg"
                                },
                                "light": {
                                    "pdf": "https://static.vlife.kz/icons/Smartphones.pdf",
                                    "svg": "https://static.vlife.kz/icons/car.svg"
                                }
                            },
                            "isAccent": false,
                            "description": "Споты и трековые светильники",
                            "isTabbedChildren": false,
                            "children": [
                                
                            ]
                        },
                        {
                            "id": 31113,
                            "name": "Уличные светильники",
                            "sort": null,
                            "image": {
                                "dark": {
                                    "pdf": "https://static.vlife.kz/icons/Smartphones.pdf",
                                    "svg": "https://static.vlife.kz/icons/car.svg"
                                },
                                "light": {
                                    "pdf": "https://static.vlife.kz/icons/Smartphones.pdf",
                                    "svg": "https://static.vlife.kz/icons/car.svg"
                                }
                            },
                            "isAccent": false,
                            "description": "Уличные светильники",
                            "isTabbedChildren": false,
                            "children": [
                                
                            ]
                        }
                    ]
                },
                {
                    "id": 31114,
                    "name": "Посуда",
                    "sort": null,
                    "image": {
                        "dark": {
                            "pdf": "https://static.vlife.kz/icons/Smartphones.pdf",
                            "svg": "https://static.vlife.kz/icons/car.svg"
                        },
                        "light": {
                            "pdf": "https://static.vlife.kz/icons/Smartphones.pdf",
                            "svg": "https://static.vlife.kz/icons/car.svg"
                        }
                    },
                    "isAccent": false,
                    "description": "Посуда",
                    "isTabbedChildren": false,
                    "children": [
                        {
                            "id": 32439,
                            "name": "Сковороды",
                            "sort": null,
                            "image": {
                                "dark": null,
                                "light": null
                            },
                            "isAccent": false,
                            "description": "Сковороды",
                            "isTabbedChildren": false,
                            "children": [
                                
                            ]
                        },
                        {
                            "id": 32440,
                            "name": "Кастрюли и ковши",
                            "sort": null,
                            "image": {
                                "dark": null,
                                "light": null
                            },
                            "isAccent": false,
                            "description": "Кастрюли и ковши",
                            "isTabbedChildren": false,
                            "children": [
                                
                            ]
                        },
                        {
                            "id": 32441,
                            "name": "Ножи и наборы ножей",
                            "sort": null,
                            "image": {
                                "dark": null,
                                "light": null
                            },
                            "isAccent": false,
                            "description": "Ножи и наборы ножей",
                            "isTabbedChildren": false,
                            "children": [
                                
                            ]
                        },
                        {
                            "id": 32442,
                            "name": "Фильтры для воды",
                            "sort": null,
                            "image": {
                                "dark": null,
                                "light": null
                            },
                            "isAccent": false,
                            "description": "Фильтры для воды",
                            "isTabbedChildren": false,
                            "children": [
                                
                            ]
                        },
                        {
                            "id": 32443,
                            "name": "Наборы посуды",
                            "sort": null,
                            "image": {
                                "dark": null,
                                "light": null
                            },
                            "isAccent": false,
                            "description": "Наборы посуды",
                            "isTabbedChildren": false,
                            "children": [
                                
                            ]
                        },
                        {
                            "id": 32444,
                            "name": "Контейнеры и ланч-боксы",
                            "sort": null,
                            "image": {
                                "dark": null,
                                "light": null
                            },
                            "isAccent": false,
                            "description": "Контейнеры и ланч-боксы",
                            "isTabbedChildren": false,
                            "children": [
                                
                            ]
                        },
                        {
                            "id": 32445,
                            "name": "Сервизы",
                            "sort": null,
                            "image": {
                                "dark": null,
                                "light": null
                            },
                            "isAccent": false,
                            "description": "Сервизы",
                            "isTabbedChildren": false,
                            "children": [
                                
                            ]
                        },
                        {
                            "id": 32446,
                            "name": "Казаны",
                            "sort": null,
                            "image": {
                                "dark": null,
                                "light": null
                            },
                            "isAccent": false,
                            "description": "Казаны",
                            "isTabbedChildren": false,
                            "children": [
                                
                            ]
                        },
                        {
                            "id": 32447,
                            "name": "Столовые приборы",
                            "sort": null,
                            "image": {
                                "dark": null,
                                "light": null
                            },
                            "isAccent": false,
                            "description": "Столовые приборы",
                            "isTabbedChildren": false,
                            "children": [
                                
                            ]
                        },
                        {
                            "id": 32448,
                            "name": "Формы для выпечки и противни",
                            "sort": null,
                            "image": {
                                "dark": null,
                                "light": null
                            },
                            "isAccent": false,
                            "description": "Формы для выпечки и противни",
                            "isTabbedChildren": false,
                            "children": [
                                
                            ]
                        },
                        {
                            "id": 32449,
                            "name": "Блюда и салатники",
                            "sort": null,
                            "image": {
                                "dark": null,
                                "light": null
                            },
                            "isAccent": false,
                            "description": "Блюда и салатники",
                            "isTabbedChildren": false,
                            "children": [
                                
                            ]
                        },
                        {
                            "id": 32450,
                            "name": "Сменные картриджи для водяных фильтров",
                            "sort": null,
                            "image": {
                                "dark": null,
                                "light": null
                            },
                            "isAccent": false,
                            "description": "Сменные картриджи для водяных фильтров",
                            "isTabbedChildren": false,
                            "children": [
                                
                            ]
                        },
                        {
                            "id": 32451,
                            "name": "Тарелки",
                            "sort": null,
                            "image": {
                                "dark": null,
                                "light": null
                            },
                            "isAccent": false,
                            "description": "Тарелки",
                            "isTabbedChildren": false,
                            "children": [
                                
                            ]
                        },
                        {
                            "id": 32455,
                            "name": "Крышки",
                            "sort": null,
                            "image": {
                                "dark": null,
                                "light": null
                            },
                            "isAccent": false,
                            "description": "Крышки",
                            "isTabbedChildren": false,
                            "children": [
                                
                            ]
                        },
                        {
                            "id": 32452,
                            "name": "Емкости для хранения продуктов",
                            "sort": null,
                            "image": {
                                "dark": null,
                                "light": null
                            },
                            "isAccent": false,
                            "description": "Емкости для хранения продуктов",
                            "isTabbedChildren": false,
                            "children": [
                                
                            ]
                        },
                        {
                            "id": 32453,
                            "name": "Овощерезки и терки",
                            "sort": null,
                            "image": {
                                "dark": null,
                                "light": null
                            },
                            "isAccent": false,
                            "description": "Овощерезки и терки",
                            "isTabbedChildren": false,
                            "children": [
                                
                            ]
                        },
                        {
                            "id": 32454,
                            "name": "Разделочные доски",
                            "sort": null,
                            "image": {
                                "dark": null,
                                "light": null
                            },
                            "isAccent": false,
                            "description": "Разделочные доски",
                            "isTabbedChildren": false,
                            "children": [
                                
                            ]
                        },
                        {
                            "id": 32456,
                            "name": "Дуршлаги и миски",
                            "sort": null,
                            "image": {
                                "dark": null,
                                "light": null
                            },
                            "isAccent": false,
                            "description": "Дуршлаги и миски",
                            "isTabbedChildren": false,
                            "children": [
                                
                            ]
                        },
                        {
                            "id": 32457,
                            "name": "Точилки для ножей",
                            "sort": null,
                            "image": {
                                "dark": null,
                                "light": null
                            },
                            "isAccent": false,
                            "description": "Точилки для ножей",
                            "isTabbedChildren": false,
                            "children": [
                                
                            ]
                        },
                        {
                            "id": 32458,
                            "name": "Лапшерезки",
                            "sort": null,
                            "image": {
                                "dark": null,
                                "light": null
                            },
                            "isAccent": false,
                            "description": "Лапшерезки",
                            "isTabbedChildren": false,
                            "children": [
                                
                            ]
                        },
                        {
                            "id": 32459,
                            "name": "Хлебницы и корзины для хлеба",
                            "sort": null,
                            "image": {
                                "dark": null,
                                "light": null
                            },
                            "isAccent": false,
                            "description": "Хлебницы и корзины для хлеба",
                            "isTabbedChildren": false,
                            "children": [
                                
                            ]
                        },
                        {
                            "id": 32460,
                            "name": "Подносы",
                            "sort": null,
                            "image": {
                                "dark": null,
                                "light": null
                            },
                            "isAccent": false,
                            "description": "Подносы",
                            "isTabbedChildren": false,
                            "children": [
                                
                            ]
                        },
                        {
                            "id": 32461,
                            "name": "Мерные емкости и сита",
                            "sort": null,
                            "image": {
                                "dark": null,
                                "light": null
                            },
                            "isAccent": false,
                            "description": "Мерные емкости и сита",
                            "isTabbedChildren": false,
                            "children": [
                                
                            ]
                        },
                        {
                            "id": 32462,
                            "name": "Предметы сервировки",
                            "sort": null,
                            "image": {
                                "dark": null,
                                "light": null
                            },
                            "isAccent": false,
                            "description": "Предметы сервировки",
                            "isTabbedChildren": false,
                            "children": [
                                
                            ]
                        },
                        {
                            "id": 32463,
                            "name": "Подставки и держатели для посуды",
                            "sort": null,
                            "image": {
                                "dark": null,
                                "light": null
                            },
                            "isAccent": false,
                            "description": "Подставки и держатели для посуды",
                            "isTabbedChildren": false,
                            "children": [
                                
                            ]
                        },
                        {
                            "id": 32464,
                            "name": "Термосы и термокружки",
                            "sort": null,
                            "image": {
                                "dark": null,
                                "light": null
                            },
                            "isAccent": false,
                            "description": "Термосы и термокружки",
                            "isTabbedChildren": false,
                            "children": [
                                
                            ]
                        },
                        {
                            "id": 31115,
                            "name": "Бар",
                            "sort": null,
                            "image": {
                                "dark": {
                                    "pdf": "https://static.vlife.kz/icons/Smartphones.pdf",
                                    "svg": "https://static.vlife.kz/icons/car.svg"
                                },
                                "light": {
                                    "pdf": "https://static.vlife.kz/icons/Smartphones.pdf",
                                    "svg": "https://static.vlife.kz/icons/car.svg"
                                }
                            },
                            "isAccent": false,
                            "description": "Бар",
                            "isTabbedChildren": false,
                            "children": [
                                
                            ]
                        },
                        {
                            "id": 31116,
                            "name": "Декоративная посуда",
                            "sort": null,
                            "image": {
                                "dark": {
                                    "pdf": "https://static.vlife.kz/icons/Smartphones.pdf",
                                    "svg": "https://static.vlife.kz/icons/car.svg"
                                },
                                "light": {
                                    "pdf": "https://static.vlife.kz/icons/Smartphones.pdf",
                                    "svg": "https://static.vlife.kz/icons/car.svg"
                                }
                            },
                            "isAccent": false,
                            "description": "Декоративная посуда",
                            "isTabbedChildren": false,
                            "children": [
                                
                            ]
                        },
                        {
                            "id": 31117,
                            "name": "Детская посуда",
                            "sort": null,
                            "image": {
                                "dark": {
                                    "pdf": "https://static.vlife.kz/icons/Smartphones.pdf",
                                    "svg": "https://static.vlife.kz/icons/car.svg"
                                },
                                "light": {
                                    "pdf": "https://static.vlife.kz/icons/Smartphones.pdf",
                                    "svg": "https://static.vlife.kz/icons/car.svg"
                                }
                            },
                            "isAccent": false,
                            "description": "Детская посуда",
                            "isTabbedChildren": false,
                            "children": [
                                
                            ]
                        },
                        {
                            "id": 31118,
                            "name": "Кружки, стаканы и бокалы",
                            "sort": null,
                            "image": {
                                "dark": {
                                    "pdf": "https://static.vlife.kz/icons/Smartphones.pdf",
                                    "svg": "https://static.vlife.kz/icons/car.svg"
                                },
                                "light": {
                                    "pdf": "https://static.vlife.kz/icons/Smartphones.pdf",
                                    "svg": "https://static.vlife.kz/icons/car.svg"
                                }
                            },
                            "isAccent": false,
                            "description": "Кружки, стаканы и бокалы",
                            "isTabbedChildren": false,
                            "children": [
                                
                            ]
                        },
                        {
                            "id": 31119,
                            "name": "Кухонные принадлежности",
                            "sort": null,
                            "image": {
                                "dark": {
                                    "pdf": "https://static.vlife.kz/icons/Smartphones.pdf",
                                    "svg": "https://static.vlife.kz/icons/car.svg"
                                },
                                "light": {
                                    "pdf": "https://static.vlife.kz/icons/Smartphones.pdf",
                                    "svg": "https://static.vlife.kz/icons/car.svg"
                                }
                            },
                            "isAccent": false,
                            "description": "Кухонные принадлежности",
                            "isTabbedChildren": false,
                            "children": [
                                
                            ]
                        },
                        {
                            "id": 31120,
                            "name": "Кухонный текстиль",
                            "sort": null,
                            "image": {
                                "dark": {
                                    "pdf": "https://static.vlife.kz/icons/Smartphones.pdf",
                                    "svg": "https://static.vlife.kz/icons/car.svg"
                                },
                                "light": {
                                    "pdf": "https://static.vlife.kz/icons/Smartphones.pdf",
                                    "svg": "https://static.vlife.kz/icons/car.svg"
                                }
                            },
                            "isAccent": false,
                            "description": "Кухонный текстиль",
                            "isTabbedChildren": false,
                            "children": [
                                
                            ]
                        },
                        {
                            "id": 31121,
                            "name": "Ножи и разделочные доски",
                            "sort": null,
                            "image": {
                                "dark": {
                                    "pdf": "https://static.vlife.kz/icons/Smartphones.pdf",
                                    "svg": "https://static.vlife.kz/icons/car.svg"
                                },
                                "light": {
                                    "pdf": "https://static.vlife.kz/icons/Smartphones.pdf",
                                    "svg": "https://static.vlife.kz/icons/car.svg"
                                }
                            },
                            "isAccent": false,
                            "description": "Ножи и разделочные доски",
                            "isTabbedChildren": false,
                            "children": [
                                
                            ]
                        },
                        {
                            "id": 31122,
                            "name": "Одноразовая посуда",
                            "sort": null,
                            "image": {
                                "dark": {
                                    "pdf": "https://static.vlife.kz/icons/Smartphones.pdf",
                                    "svg": "https://static.vlife.kz/icons/car.svg"
                                },
                                "light": {
                                    "pdf": "https://static.vlife.kz/icons/Smartphones.pdf",
                                    "svg": "https://static.vlife.kz/icons/car.svg"
                                }
                            },
                            "isAccent": false,
                            "description": "Одноразовая посуда",
                            "isTabbedChildren": false,
                            "children": [
                                
                            ]
                        },
                        {
                            "id": 31123,
                            "name": "Посуда для приготовления",
                            "sort": null,
                            "image": {
                                "dark": {
                                    "pdf": "https://static.vlife.kz/icons/Smartphones.pdf",
                                    "svg": "https://static.vlife.kz/icons/car.svg"
                                },
                                "light": {
                                    "pdf": "https://static.vlife.kz/icons/Smartphones.pdf",
                                    "svg": "https://static.vlife.kz/icons/car.svg"
                                }
                            },
                            "isAccent": false,
                            "description": "Посуда для приготовления",
                            "isTabbedChildren": false,
                            "children": [
                                
                            ]
                        },
                        {
                            "id": 31124,
                            "name": "Посуда для туризма",
                            "sort": null,
                            "image": {
                                "dark": {
                                    "pdf": "https://static.vlife.kz/icons/Smartphones.pdf",
                                    "svg": "https://static.vlife.kz/icons/car.svg"
                                },
                                "light": {
                                    "pdf": "https://static.vlife.kz/icons/Smartphones.pdf",
                                    "svg": "https://static.vlife.kz/icons/car.svg"
                                }
                            },
                            "isAccent": false,
                            "description": "Посуда для туризма",
                            "isTabbedChildren": false,
                            "children": [
                                
                            ]
                        },
                        {
                            "id": 31125,
                            "name": "Столовая посуда",
                            "sort": null,
                            "image": {
                                "dark": {
                                    "pdf": "https://static.vlife.kz/icons/Smartphones.pdf",
                                    "svg": "https://static.vlife.kz/icons/car.svg"
                                },
                                "light": {
                                    "pdf": "https://static.vlife.kz/icons/Smartphones.pdf",
                                    "svg": "https://static.vlife.kz/icons/car.svg"
                                }
                            },
                            "isAccent": false,
                            "description": "Столовая посуда",
                            "isTabbedChildren": false,
                            "children": [
                                
                            ]
                        },
                        {
                            "id": 31126,
                            "name": "Столовые приборы",
                            "sort": null,
                            "image": {
                                "dark": {
                                    "pdf": "https://static.vlife.kz/icons/Smartphones.pdf",
                                    "svg": "https://static.vlife.kz/icons/car.svg"
                                },
                                "light": {
                                    "pdf": "https://static.vlife.kz/icons/Smartphones.pdf",
                                    "svg": "https://static.vlife.kz/icons/car.svg"
                                }
                            },
                            "isAccent": false,
                            "description": "Столовые приборы",
                            "isTabbedChildren": false,
                            "children": [
                                
                            ]
                        },
                        {
                            "id": 31127,
                            "name": "Термосы и термокружки",
                            "sort": null,
                            "image": {
                                "dark": {
                                    "pdf": "https://static.vlife.kz/icons/Smartphones.pdf",
                                    "svg": "https://static.vlife.kz/icons/car.svg"
                                },
                                "light": {
                                    "pdf": "https://static.vlife.kz/icons/Smartphones.pdf",
                                    "svg": "https://static.vlife.kz/icons/car.svg"
                                }
                            },
                            "isAccent": false,
                            "description": "Термосы и термокружки",
                            "isTabbedChildren": false,
                            "children": [
                                
                            ]
                        },
                        {
                            "id": 31128,
                            "name": "Товары для консервирования",
                            "sort": null,
                            "image": {
                                "dark": {
                                    "pdf": "https://static.vlife.kz/icons/Smartphones.pdf",
                                    "svg": "https://static.vlife.kz/icons/car.svg"
                                },
                                "light": {
                                    "pdf": "https://static.vlife.kz/icons/Smartphones.pdf",
                                    "svg": "https://static.vlife.kz/icons/car.svg"
                                }
                            },
                            "isAccent": false,
                            "description": "Товары для консервирования",
                            "isTabbedChildren": false,
                            "children": [
                                
                            ]
                        },
                        {
                            "id": 31129,
                            "name": "Фильтры для воды",
                            "sort": null,
                            "image": {
                                "dark": {
                                    "pdf": "https://static.vlife.kz/icons/Smartphones.pdf",
                                    "svg": "https://static.vlife.kz/icons/car.svg"
                                },
                                "light": {
                                    "pdf": "https://static.vlife.kz/icons/Smartphones.pdf",
                                    "svg": "https://static.vlife.kz/icons/car.svg"
                                }
                            },
                            "isAccent": false,
                            "description": "Фильтры для воды",
                            "isTabbedChildren": false,
                            "children": [
                                
                            ]
                        },
                        {
                            "id": 31130,
                            "name": "Хранение продуктов",
                            "sort": null,
                            "image": {
                                "dark": {
                                    "pdf": "https://static.vlife.kz/icons/Smartphones.pdf",
                                    "svg": "https://static.vlife.kz/icons/car.svg"
                                },
                                "light": {
                                    "pdf": "https://static.vlife.kz/icons/Smartphones.pdf",
                                    "svg": "https://static.vlife.kz/icons/car.svg"
                                }
                            },
                            "isAccent": false,
                            "description": "Хранение продуктов",
                            "isTabbedChildren": false,
                            "children": [
                                
                            ]
                        },
                        {
                            "id": 31131,
                            "name": "Чайники и кофейники",
                            "sort": null,
                            "image": {
                                "dark": {
                                    "pdf": "https://static.vlife.kz/icons/Smartphones.pdf",
                                    "svg": "https://static.vlife.kz/icons/car.svg"
                                },
                                "light": {
                                    "pdf": "https://static.vlife.kz/icons/Smartphones.pdf",
                                    "svg": "https://static.vlife.kz/icons/car.svg"
                                }
                            },
                            "isAccent": false,
                            "description": "Чайники и кофейники",
                            "isTabbedChildren": false,
                            "children": [
                                
                            ]
                        }
                    ]
                },
                {
                    "id": 31132,
                    "name": "Текстиль",
                    "sort": null,
                    "image": {
                        "dark": {
                            "pdf": "https://static.vlife.kz/icons/Smartphones.pdf",
                            "svg": "https://static.vlife.kz/icons/car.svg"
                        },
                        "light": {
                            "pdf": "https://static.vlife.kz/icons/Smartphones.pdf",
                            "svg": "https://static.vlife.kz/icons/car.svg"
                        }
                    },
                    "isAccent": false,
                    "description": "Текстиль",
                    "isTabbedChildren": false,
                    "children": [
                        {
                            "id": 31136,
                            "name": "Одеяла",
                            "sort": null,
                            "image": {
                                "dark": {
                                    "pdf": "https://static.vlife.kz/icons/Smartphones.pdf",
                                    "svg": "https://static.vlife.kz/icons/car.svg"
                                },
                                "light": {
                                    "pdf": "https://static.vlife.kz/icons/Smartphones.pdf",
                                    "svg": "https://static.vlife.kz/icons/car.svg"
                                }
                            },
                            "isAccent": false,
                            "description": "Одеяла",
                            "isTabbedChildren": false,
                            "children": [
                                
                            ]
                        },
                        {
                            "id": 31133,
                            "name": "Ковры и ковровые дорожки",
                            "sort": null,
                            "image": {
                                "dark": {
                                    "pdf": "https://static.vlife.kz/icons/Smartphones.pdf",
                                    "svg": "https://static.vlife.kz/icons/car.svg"
                                },
                                "light": {
                                    "pdf": "https://static.vlife.kz/icons/Smartphones.pdf",
                                    "svg": "https://static.vlife.kz/icons/car.svg"
                                }
                            },
                            "isAccent": false,
                            "description": "Ковры и ковровые дорожки",
                            "isTabbedChildren": false,
                            "children": [
                                
                            ]
                        },
                        {
                            "id": 31134,
                            "name": "Кухонный текстиль",
                            "sort": null,
                            "image": {
                                "dark": {
                                    "pdf": "https://static.vlife.kz/icons/Smartphones.pdf",
                                    "svg": "https://static.vlife.kz/icons/car.svg"
                                },
                                "light": {
                                    "pdf": "https://static.vlife.kz/icons/Smartphones.pdf",
                                    "svg": "https://static.vlife.kz/icons/car.svg"
                                }
                            },
                            "isAccent": false,
                            "description": "Кухонный текстиль",
                            "isTabbedChildren": false,
                            "children": [
                                
                            ]
                        },
                        {
                            "id": 31135,
                            "name": "Наматрасники и чехлы для матрасов",
                            "sort": null,
                            "image": {
                                "dark": {
                                    "pdf": "https://static.vlife.kz/icons/Smartphones.pdf",
                                    "svg": "https://static.vlife.kz/icons/car.svg"
                                },
                                "light": {
                                    "pdf": "https://static.vlife.kz/icons/Smartphones.pdf",
                                    "svg": "https://static.vlife.kz/icons/car.svg"
                                }
                            },
                            "isAccent": false,
                            "description": "Наматрасники и чехлы для матрасов",
                            "isTabbedChildren": false,
                            "children": [
                                
                            ]
                        },
                        {
                            "id": 31137,
                            "name": "Пледы и покрывала",
                            "sort": null,
                            "image": {
                                "dark": {
                                    "pdf": "https://static.vlife.kz/icons/Smartphones.pdf",
                                    "svg": "https://static.vlife.kz/icons/car.svg"
                                },
                                "light": {
                                    "pdf": "https://static.vlife.kz/icons/Smartphones.pdf",
                                    "svg": "https://static.vlife.kz/icons/car.svg"
                                }
                            },
                            "isAccent": false,
                            "description": "Пледы и покрывала",
                            "isTabbedChildren": false,
                            "children": [
                                
                            ]
                        },
                        {
                            "id": 31138,
                            "name": "Подушки",
                            "sort": null,
                            "image": {
                                "dark": {
                                    "pdf": "https://static.vlife.kz/icons/Smartphones.pdf",
                                    "svg": "https://static.vlife.kz/icons/car.svg"
                                },
                                "light": {
                                    "pdf": "https://static.vlife.kz/icons/Smartphones.pdf",
                                    "svg": "https://static.vlife.kz/icons/car.svg"
                                }
                            },
                            "isAccent": false,
                            "description": "Подушки",
                            "isTabbedChildren": false,
                            "children": [
                                
                            ]
                        },
                        {
                            "id": 31139,
                            "name": "Полотенца",
                            "sort": null,
                            "image": {
                                "dark": {
                                    "pdf": "https://static.vlife.kz/icons/Smartphones.pdf",
                                    "svg": "https://static.vlife.kz/icons/car.svg"
                                },
                                "light": {
                                    "pdf": "https://static.vlife.kz/icons/Smartphones.pdf",
                                    "svg": "https://static.vlife.kz/icons/car.svg"
                                }
                            },
                            "isAccent": false,
                            "description": "Полотенца",
                            "isTabbedChildren": false,
                            "children": [
                                
                            ]
                        },
                        {
                            "id": 31140,
                            "name": "Постельное белье",
                            "sort": null,
                            "image": {
                                "dark": {
                                    "pdf": "https://static.vlife.kz/icons/Smartphones.pdf",
                                    "svg": "https://static.vlife.kz/icons/car.svg"
                                },
                                "light": {
                                    "pdf": "https://static.vlife.kz/icons/Smartphones.pdf",
                                    "svg": "https://static.vlife.kz/icons/car.svg"
                                }
                            },
                            "isAccent": false,
                            "description": "Постельное белье",
                            "isTabbedChildren": false,
                            "children": [
                                
                            ]
                        },
                        {
                            "id": 31141,
                            "name": "Текстиль с электроподогревом",
                            "sort": null,
                            "image": {
                                "dark": {
                                    "pdf": "https://static.vlife.kz/icons/Smartphones.pdf",
                                    "svg": "https://static.vlife.kz/icons/car.svg"
                                },
                                "light": {
                                    "pdf": "https://static.vlife.kz/icons/Smartphones.pdf",
                                    "svg": "https://static.vlife.kz/icons/car.svg"
                                }
                            },
                            "isAccent": false,
                            "description": "Текстиль с электроподогревом",
                            "isTabbedChildren": false,
                            "children": [
                                
                            ]
                        },
                        {
                            "id": 31142,
                            "name": "Чехлы для мебели",
                            "sort": null,
                            "image": {
                                "dark": {
                                    "pdf": "https://static.vlife.kz/icons/Smartphones.pdf",
                                    "svg": "https://static.vlife.kz/icons/car.svg"
                                },
                                "light": {
                                    "pdf": "https://static.vlife.kz/icons/Smartphones.pdf",
                                    "svg": "https://static.vlife.kz/icons/car.svg"
                                }
                            },
                            "isAccent": false,
                            "description": "Чехлы для мебели",
                            "isTabbedChildren": false,
                            "children": [
                                
                            ]
                        },
                        {
                            "id": 31143,
                            "name": "Шторы и карнизы",
                            "sort": null,
                            "image": {
                                "dark": {
                                    "pdf": "https://static.vlife.kz/icons/Smartphones.pdf",
                                    "svg": "https://static.vlife.kz/icons/car.svg"
                                },
                                "light": {
                                    "pdf": "https://static.vlife.kz/icons/Smartphones.pdf",
                                    "svg": "https://static.vlife.kz/icons/car.svg"
                                }
                            },
                            "isAccent": false,
                            "description": "Шторы и карнизы",
                            "isTabbedChildren": false,
                            "children": [
                                
                            ]
                        }
                    ]
                },
                {
                    "id": 31144,
                    "name": "Товары для бани и сауны",
                    "sort": null,
                    "image": {
                        "dark": {
                            "pdf": "https://static.vlife.kz/icons/Smartphones.pdf",
                            "svg": "https://static.vlife.kz/icons/car.svg"
                        },
                        "light": {
                            "pdf": "https://static.vlife.kz/icons/Smartphones.pdf",
                            "svg": "https://static.vlife.kz/icons/car.svg"
                        }
                    },
                    "isAccent": false,
                    "description": "Товары для бани и сауны",
                    "isTabbedChildren": false,
                    "children": [
                        {
                            "id": 31145,
                            "name": "Банный текстиль",
                            "sort": null,
                            "image": {
                                "dark": {
                                    "pdf": "https://static.vlife.kz/icons/Smartphones.pdf",
                                    "svg": "https://static.vlife.kz/icons/car.svg"
                                },
                                "light": {
                                    "pdf": "https://static.vlife.kz/icons/Smartphones.pdf",
                                    "svg": "https://static.vlife.kz/icons/car.svg"
                                }
                            },
                            "isAccent": false,
                            "description": "Банный текстиль",
                            "isTabbedChildren": false,
                            "children": [
                                
                            ]
                        },
                        {
                            "id": 31146,
                            "name": "Ведра и кадки",
                            "sort": null,
                            "image": {
                                "dark": {
                                    "pdf": "https://static.vlife.kz/icons/Smartphones.pdf",
                                    "svg": "https://static.vlife.kz/icons/car.svg"
                                },
                                "light": {
                                    "pdf": "https://static.vlife.kz/icons/Smartphones.pdf",
                                    "svg": "https://static.vlife.kz/icons/car.svg"
                                }
                            },
                            "isAccent": false,
                            "description": "Ведра и кадки",
                            "isTabbedChildren": false,
                            "children": [
                                
                            ]
                        },
                        {
                            "id": 31147,
                            "name": "Веники для бань",
                            "sort": null,
                            "image": {
                                "dark": {
                                    "pdf": "https://static.vlife.kz/icons/Smartphones.pdf",
                                    "svg": "https://static.vlife.kz/icons/car.svg"
                                },
                                "light": {
                                    "pdf": "https://static.vlife.kz/icons/Smartphones.pdf",
                                    "svg": "https://static.vlife.kz/icons/car.svg"
                                }
                            },
                            "isAccent": false,
                            "description": "Веники для бань",
                            "isTabbedChildren": false,
                            "children": [
                                
                            ]
                        },
                        {
                            "id": 31148,
                            "name": "Запарки и ароматизаторы",
                            "sort": null,
                            "image": {
                                "dark": {
                                    "pdf": "https://static.vlife.kz/icons/Smartphones.pdf",
                                    "svg": "https://static.vlife.kz/icons/car.svg"
                                },
                                "light": {
                                    "pdf": "https://static.vlife.kz/icons/Smartphones.pdf",
                                    "svg": "https://static.vlife.kz/icons/car.svg"
                                }
                            },
                            "isAccent": false,
                            "description": "Запарки и ароматизаторы",
                            "isTabbedChildren": false,
                            "children": [
                                
                            ]
                        },
                        {
                            "id": 31149,
                            "name": "Ковши и черпаки",
                            "sort": null,
                            "image": {
                                "dark": {
                                    "pdf": "https://static.vlife.kz/icons/Smartphones.pdf",
                                    "svg": "https://static.vlife.kz/icons/car.svg"
                                },
                                "light": {
                                    "pdf": "https://static.vlife.kz/icons/Smartphones.pdf",
                                    "svg": "https://static.vlife.kz/icons/car.svg"
                                }
                            },
                            "isAccent": false,
                            "description": "Ковши и черпаки",
                            "isTabbedChildren": false,
                            "children": [
                                
                            ]
                        },
                        {
                            "id": 31150,
                            "name": "Обливные устройства",
                            "sort": null,
                            "image": {
                                "dark": {
                                    "pdf": "https://static.vlife.kz/icons/Smartphones.pdf",
                                    "svg": "https://static.vlife.kz/icons/car.svg"
                                },
                                "light": {
                                    "pdf": "https://static.vlife.kz/icons/Smartphones.pdf",
                                    "svg": "https://static.vlife.kz/icons/car.svg"
                                }
                            },
                            "isAccent": false,
                            "description": "Обливные устройства",
                            "isTabbedChildren": false,
                            "children": [
                                
                            ]
                        },
                        {
                            "id": 31151,
                            "name": "Полки и скамьи",
                            "sort": null,
                            "image": {
                                "dark": {
                                    "pdf": "https://static.vlife.kz/icons/Smartphones.pdf",
                                    "svg": "https://static.vlife.kz/icons/car.svg"
                                },
                                "light": {
                                    "pdf": "https://static.vlife.kz/icons/Smartphones.pdf",
                                    "svg": "https://static.vlife.kz/icons/car.svg"
                                }
                            },
                            "isAccent": false,
                            "description": "Полки и скамьи",
                            "isTabbedChildren": false,
                            "children": [
                                
                            ]
                        },
                        {
                            "id": 31152,
                            "name": "Предметы интерьера бани",
                            "sort": null,
                            "image": {
                                "dark": {
                                    "pdf": "https://static.vlife.kz/icons/Smartphones.pdf",
                                    "svg": "https://static.vlife.kz/icons/car.svg"
                                },
                                "light": {
                                    "pdf": "https://static.vlife.kz/icons/Smartphones.pdf",
                                    "svg": "https://static.vlife.kz/icons/car.svg"
                                }
                            },
                            "isAccent": false,
                            "description": "Предметы интерьера бани",
                            "isTabbedChildren": false,
                            "children": [
                                
                            ]
                        },
                        {
                            "id": 31153,
                            "name": "Соль для бани",
                            "sort": null,
                            "image": {
                                "dark": {
                                    "pdf": "https://static.vlife.kz/icons/Smartphones.pdf",
                                    "svg": "https://static.vlife.kz/icons/car.svg"
                                },
                                "light": {
                                    "pdf": "https://static.vlife.kz/icons/Smartphones.pdf",
                                    "svg": "https://static.vlife.kz/icons/car.svg"
                                }
                            },
                            "isAccent": false,
                            "description": "Соль для бани",
                            "isTabbedChildren": false,
                            "children": [
                                
                            ]
                        },
                        {
                            "id": 31154,
                            "name": "Шайки и ушаты",
                            "sort": null,
                            "image": {
                                "dark": {
                                    "pdf": "https://static.vlife.kz/icons/Smartphones.pdf",
                                    "svg": "https://static.vlife.kz/icons/car.svg"
                                },
                                "light": {
                                    "pdf": "https://static.vlife.kz/icons/Smartphones.pdf",
                                    "svg": "https://static.vlife.kz/icons/car.svg"
                                }
                            },
                            "isAccent": false,
                            "description": "Шайки и ушаты",
                            "isTabbedChildren": false,
                            "children": [
                                
                            ]
                        }
                    ]
                },
                {
                    "id": 31155,
                    "name": "Товары для праздников",
                    "sort": null,
                    "image": {
                        "dark": {
                            "pdf": "https://static.vlife.kz/icons/Smartphones.pdf",
                            "svg": "https://static.vlife.kz/icons/car.svg"
                        },
                        "light": {
                            "pdf": "https://static.vlife.kz/icons/Smartphones.pdf",
                            "svg": "https://static.vlife.kz/icons/car.svg"
                        }
                    },
                    "isAccent": false,
                    "description": "Товары для праздников",
                    "isTabbedChildren": false,
                    "children": [
                        {
                            "id": 31156,
                            "name": "Аксессуары для детских праздников",
                            "sort": null,
                            "image": {
                                "dark": {
                                    "pdf": "https://static.vlife.kz/icons/Smartphones.pdf",
                                    "svg": "https://static.vlife.kz/icons/car.svg"
                                },
                                "light": {
                                    "pdf": "https://static.vlife.kz/icons/Smartphones.pdf",
                                    "svg": "https://static.vlife.kz/icons/car.svg"
                                }
                            },
                            "isAccent": false,
                            "description": "Аксессуары для детских праздников",
                            "isTabbedChildren": false,
                            "children": [
                                
                            ]
                        },
                        {
                            "id": 31157,
                            "name": "Воздушные шары",
                            "sort": null,
                            "image": {
                                "dark": {
                                    "pdf": "https://static.vlife.kz/icons/Smartphones.pdf",
                                    "svg": "https://static.vlife.kz/icons/car.svg"
                                },
                                "light": {
                                    "pdf": "https://static.vlife.kz/icons/Smartphones.pdf",
                                    "svg": "https://static.vlife.kz/icons/car.svg"
                                }
                            },
                            "isAccent": false,
                            "description": "Воздушные шары",
                            "isTabbedChildren": false,
                            "children": [
                                
                            ]
                        },
                        {
                            "id": 31158,
                            "name": "Ёлки искусственные",
                            "sort": null,
                            "image": {
                                "dark": {
                                    "pdf": "https://static.vlife.kz/icons/Smartphones.pdf",
                                    "svg": "https://static.vlife.kz/icons/car.svg"
                                },
                                "light": {
                                    "pdf": "https://static.vlife.kz/icons/Smartphones.pdf",
                                    "svg": "https://static.vlife.kz/icons/car.svg"
                                }
                            },
                            "isAccent": false,
                            "description": "Ёлки искусственные",
                            "isTabbedChildren": false,
                            "children": [
                                
                            ]
                        },
                        {
                            "id": 31159,
                            "name": "Ёлочные украшения",
                            "sort": null,
                            "image": {
                                "dark": {
                                    "pdf": "https://static.vlife.kz/icons/Smartphones.pdf",
                                    "svg": "https://static.vlife.kz/icons/car.svg"
                                },
                                "light": {
                                    "pdf": "https://static.vlife.kz/icons/Smartphones.pdf",
                                    "svg": "https://static.vlife.kz/icons/car.svg"
                                }
                            },
                            "isAccent": false,
                            "description": "Ёлочные украшения",
                            "isTabbedChildren": false,
                            "children": [
                                
                            ]
                        },
                        {
                            "id": 31160,
                            "name": "Искусственный снег",
                            "sort": null,
                            "image": {
                                "dark": {
                                    "pdf": "https://static.vlife.kz/icons/Smartphones.pdf",
                                    "svg": "https://static.vlife.kz/icons/car.svg"
                                },
                                "light": {
                                    "pdf": "https://static.vlife.kz/icons/Smartphones.pdf",
                                    "svg": "https://static.vlife.kz/icons/car.svg"
                                }
                            },
                            "isAccent": false,
                            "description": "Искусственный снег",
                            "isTabbedChildren": false,
                            "children": [
                                
                            ]
                        },
                        {
                            "id": 31161,
                            "name": "Карнавальные товары",
                            "sort": null,
                            "image": {
                                "dark": {
                                    "pdf": "https://static.vlife.kz/icons/Smartphones.pdf",
                                    "svg": "https://static.vlife.kz/icons/car.svg"
                                },
                                "light": {
                                    "pdf": "https://static.vlife.kz/icons/Smartphones.pdf",
                                    "svg": "https://static.vlife.kz/icons/car.svg"
                                }
                            },
                            "isAccent": false,
                            "description": "Карнавальные товары",
                            "isTabbedChildren": false,
                            "children": [
                                
                            ]
                        },
                        {
                            "id": 31162,
                            "name": "Китайские фонарики",
                            "sort": null,
                            "image": {
                                "dark": {
                                    "pdf": "https://static.vlife.kz/icons/Smartphones.pdf",
                                    "svg": "https://static.vlife.kz/icons/car.svg"
                                },
                                "light": {
                                    "pdf": "https://static.vlife.kz/icons/Smartphones.pdf",
                                    "svg": "https://static.vlife.kz/icons/car.svg"
                                }
                            },
                            "isAccent": false,
                            "description": "Китайские фонарики",
                            "isTabbedChildren": false,
                            "children": [
                                
                            ]
                        },
                        {
                            "id": 31163,
                            "name": "Краски холи",
                            "sort": null,
                            "image": {
                                "dark": {
                                    "pdf": "https://static.vlife.kz/icons/Smartphones.pdf",
                                    "svg": "https://static.vlife.kz/icons/car.svg"
                                },
                                "light": {
                                    "pdf": "https://static.vlife.kz/icons/Smartphones.pdf",
                                    "svg": "https://static.vlife.kz/icons/car.svg"
                                }
                            },
                            "isAccent": false,
                            "description": "Краски холи",
                            "isTabbedChildren": false,
                            "children": [
                                
                            ]
                        },
                        {
                            "id": 31164,
                            "name": "Мыльные пузыри",
                            "sort": null,
                            "image": {
                                "dark": {
                                    "pdf": "https://static.vlife.kz/icons/Smartphones.pdf",
                                    "svg": "https://static.vlife.kz/icons/car.svg"
                                },
                                "light": {
                                    "pdf": "https://static.vlife.kz/icons/Smartphones.pdf",
                                    "svg": "https://static.vlife.kz/icons/car.svg"
                                }
                            },
                            "isAccent": false,
                            "description": "Мыльные пузыри",
                            "isTabbedChildren": false,
                            "children": [
                                
                            ]
                        },
                        {
                            "id": 31165,
                            "name": "Награды и кубки",
                            "sort": null,
                            "image": {
                                "dark": {
                                    "pdf": "https://static.vlife.kz/icons/Smartphones.pdf",
                                    "svg": "https://static.vlife.kz/icons/car.svg"
                                },
                                "light": {
                                    "pdf": "https://static.vlife.kz/icons/Smartphones.pdf",
                                    "svg": "https://static.vlife.kz/icons/car.svg"
                                }
                            },
                            "isAccent": false,
                            "description": "Награды и кубки",
                            "isTabbedChildren": false,
                            "children": [
                                
                            ]
                        },
                        {
                            "id": 31166,
                            "name": "Открытки и конверты",
                            "sort": null,
                            "image": {
                                "dark": {
                                    "pdf": "https://static.vlife.kz/icons/Smartphones.pdf",
                                    "svg": "https://static.vlife.kz/icons/car.svg"
                                },
                                "light": {
                                    "pdf": "https://static.vlife.kz/icons/Smartphones.pdf",
                                    "svg": "https://static.vlife.kz/icons/car.svg"
                                }
                            },
                            "isAccent": false,
                            "description": "Открытки и конверты",
                            "isTabbedChildren": false,
                            "children": [
                                
                            ]
                        },
                        {
                            "id": 31167,
                            "name": "Пиньяты",
                            "sort": null,
                            "image": {
                                "dark": {
                                    "pdf": "https://static.vlife.kz/icons/Smartphones.pdf",
                                    "svg": "https://static.vlife.kz/icons/car.svg"
                                },
                                "light": {
                                    "pdf": "https://static.vlife.kz/icons/Smartphones.pdf",
                                    "svg": "https://static.vlife.kz/icons/car.svg"
                                }
                            },
                            "isAccent": false,
                            "description": "Пиньяты",
                            "isTabbedChildren": false,
                            "children": [
                                
                            ]
                        },
                        {
                            "id": 31168,
                            "name": "Подарочная упаковка",
                            "sort": null,
                            "image": {
                                "dark": {
                                    "pdf": "https://static.vlife.kz/icons/Smartphones.pdf",
                                    "svg": "https://static.vlife.kz/icons/car.svg"
                                },
                                "light": {
                                    "pdf": "https://static.vlife.kz/icons/Smartphones.pdf",
                                    "svg": "https://static.vlife.kz/icons/car.svg"
                                }
                            },
                            "isAccent": false,
                            "description": "Подарочная упаковка",
                            "isTabbedChildren": false,
                            "children": [
                                
                            ]
                        },
                        {
                            "id": 31169,
                            "name": "Подставки для ёлки",
                            "sort": null,
                            "image": {
                                "dark": {
                                    "pdf": "https://static.vlife.kz/icons/Smartphones.pdf",
                                    "svg": "https://static.vlife.kz/icons/car.svg"
                                },
                                "light": {
                                    "pdf": "https://static.vlife.kz/icons/Smartphones.pdf",
                                    "svg": "https://static.vlife.kz/icons/car.svg"
                                }
                            },
                            "isAccent": false,
                            "description": "Подставки для ёлки",
                            "isTabbedChildren": false,
                            "children": [
                                
                            ]
                        },
                        {
                            "id": 31170,
                            "name": "Праздничный декор",
                            "sort": null,
                            "image": {
                                "dark": {
                                    "pdf": "https://static.vlife.kz/icons/Smartphones.pdf",
                                    "svg": "https://static.vlife.kz/icons/car.svg"
                                },
                                "light": {
                                    "pdf": "https://static.vlife.kz/icons/Smartphones.pdf",
                                    "svg": "https://static.vlife.kz/icons/car.svg"
                                }
                            },
                            "isAccent": false,
                            "description": "Праздничный декор",
                            "isTabbedChildren": false,
                            "children": [
                                
                            ]
                        },
                        {
                            "id": 31171,
                            "name": "Свадебные товары",
                            "sort": null,
                            "image": {
                                "dark": {
                                    "pdf": "https://static.vlife.kz/icons/Smartphones.pdf",
                                    "svg": "https://static.vlife.kz/icons/car.svg"
                                },
                                "light": {
                                    "pdf": "https://static.vlife.kz/icons/Smartphones.pdf",
                                    "svg": "https://static.vlife.kz/icons/car.svg"
                                }
                            },
                            "isAccent": false,
                            "description": "Свадебные товары",
                            "isTabbedChildren": false,
                            "children": [
                                
                            ]
                        },
                        {
                            "id": 31172,
                            "name": "Свечи для торта",
                            "sort": null,
                            "image": {
                                "dark": {
                                    "pdf": "https://static.vlife.kz/icons/Smartphones.pdf",
                                    "svg": "https://static.vlife.kz/icons/car.svg"
                                },
                                "light": {
                                    "pdf": "https://static.vlife.kz/icons/Smartphones.pdf",
                                    "svg": "https://static.vlife.kz/icons/car.svg"
                                }
                            },
                            "isAccent": false,
                            "description": "Свечи для торта",
                            "isTabbedChildren": false,
                            "children": [
                                
                            ]
                        },
                        {
                            "id": 31173,
                            "name": "Товары к пасхе",
                            "sort": null,
                            "image": {
                                "dark": {
                                    "pdf": "https://static.vlife.kz/icons/Smartphones.pdf",
                                    "svg": "https://static.vlife.kz/icons/car.svg"
                                },
                                "light": {
                                    "pdf": "https://static.vlife.kz/icons/Smartphones.pdf",
                                    "svg": "https://static.vlife.kz/icons/car.svg"
                                }
                            },
                            "isAccent": false,
                            "description": "Товары к пасхе",
                            "isTabbedChildren": false,
                            "children": [
                                
                            ]
                        },
                        {
                            "id": 31174,
                            "name": "Топперы для торта",
                            "sort": null,
                            "image": {
                                "dark": {
                                    "pdf": "https://static.vlife.kz/icons/Smartphones.pdf",
                                    "svg": "https://static.vlife.kz/icons/car.svg"
                                },
                                "light": {
                                    "pdf": "https://static.vlife.kz/icons/Smartphones.pdf",
                                    "svg": "https://static.vlife.kz/icons/car.svg"
                                }
                            },
                            "isAccent": false,
                            "description": "Топперы для торта",
                            "isTabbedChildren": false,
                            "children": [
                                
                            ]
                        },
                        {
                            "id": 31175,
                            "name": "Фейерверки и салюты",
                            "sort": null,
                            "image": {
                                "dark": {
                                    "pdf": "https://static.vlife.kz/icons/Smartphones.pdf",
                                    "svg": "https://static.vlife.kz/icons/car.svg"
                                },
                                "light": {
                                    "pdf": "https://static.vlife.kz/icons/Smartphones.pdf",
                                    "svg": "https://static.vlife.kz/icons/car.svg"
                                }
                            },
                            "isAccent": false,
                            "description": "Фейерверки и салюты",
                            "isTabbedChildren": false,
                            "children": [
                                
                            ]
                        },
                        {
                            "id": 31176,
                            "name": "Фотобутафория",
                            "sort": null,
                            "image": {
                                "dark": {
                                    "pdf": "https://static.vlife.kz/icons/Smartphones.pdf",
                                    "svg": "https://static.vlife.kz/icons/car.svg"
                                },
                                "light": {
                                    "pdf": "https://static.vlife.kz/icons/Smartphones.pdf",
                                    "svg": "https://static.vlife.kz/icons/car.svg"
                                }
                            },
                            "isAccent": false,
                            "description": "Фотобутафория",
                            "isTabbedChildren": false,
                            "children": [
                                
                            ]
                        },
                        {
                            "id": 31177,
                            "name": "Хлопушки, конфетти и серпантин",
                            "sort": null,
                            "image": {
                                "dark": {
                                    "pdf": "https://static.vlife.kz/icons/Smartphones.pdf",
                                    "svg": "https://static.vlife.kz/icons/car.svg"
                                },
                                "light": {
                                    "pdf": "https://static.vlife.kz/icons/Smartphones.pdf",
                                    "svg": "https://static.vlife.kz/icons/car.svg"
                                }
                            },
                            "isAccent": false,
                            "description": "Хлопушки, конфетти и серпантин",
                            "isTabbedChildren": false,
                            "children": [
                                
                            ]
                        }
                    ]
                },
                {
                    "id": 31178,
                    "name": "Хозяйственные товары",
                    "sort": null,
                    "image": {
                        "dark": {
                            "pdf": "https://static.vlife.kz/icons/Smartphones.pdf",
                            "svg": "https://static.vlife.kz/icons/car.svg"
                        },
                        "light": {
                            "pdf": "https://static.vlife.kz/icons/Smartphones.pdf",
                            "svg": "https://static.vlife.kz/icons/car.svg"
                        }
                    },
                    "isAccent": false,
                    "description": "Хозяйственные товары",
                    "isTabbedChildren": false,
                    "children": [
                        {
                            "id": 31187,
                            "name": "Сумки-тележки",
                            "sort": null,
                            "image": {
                                "dark": {
                                    "pdf": "https://static.vlife.kz/icons/Smartphones.pdf",
                                    "svg": "https://static.vlife.kz/icons/car.svg"
                                },
                                "light": {
                                    "pdf": "https://static.vlife.kz/icons/Smartphones.pdf",
                                    "svg": "https://static.vlife.kz/icons/car.svg"
                                }
                            },
                            "isAccent": false,
                            "description": "Сумки-тележки",
                            "isTabbedChildren": false,
                            "children": [
                                
                            ]
                        },
                        {
                            "id": 31179,
                            "name": "Аксессуары для ванной",
                            "sort": null,
                            "image": {
                                "dark": {
                                    "pdf": "https://static.vlife.kz/icons/Smartphones.pdf",
                                    "svg": "https://static.vlife.kz/icons/car.svg"
                                },
                                "light": {
                                    "pdf": "https://static.vlife.kz/icons/Smartphones.pdf",
                                    "svg": "https://static.vlife.kz/icons/car.svg"
                                }
                            },
                            "isAccent": false,
                            "description": "Аксессуары для ванной",
                            "isTabbedChildren": false,
                            "children": [
                                
                            ]
                        },
                        {
                            "id": 31180,
                            "name": "Аксессуары для стирки",
                            "sort": null,
                            "image": {
                                "dark": {
                                    "pdf": "https://static.vlife.kz/icons/Smartphones.pdf",
                                    "svg": "https://static.vlife.kz/icons/car.svg"
                                },
                                "light": {
                                    "pdf": "https://static.vlife.kz/icons/Smartphones.pdf",
                                    "svg": "https://static.vlife.kz/icons/car.svg"
                                }
                            },
                            "isAccent": false,
                            "description": "Аксессуары для стирки",
                            "isTabbedChildren": false,
                            "children": [
                                
                            ]
                        },
                        {
                            "id": 31181,
                            "name": "Безмены и весы",
                            "sort": null,
                            "image": {
                                "dark": {
                                    "pdf": "https://static.vlife.kz/icons/Smartphones.pdf",
                                    "svg": "https://static.vlife.kz/icons/car.svg"
                                },
                                "light": {
                                    "pdf": "https://static.vlife.kz/icons/Smartphones.pdf",
                                    "svg": "https://static.vlife.kz/icons/car.svg"
                                }
                            },
                            "isAccent": false,
                            "description": "Безмены и весы",
                            "isTabbedChildren": false,
                            "children": [
                                
                            ]
                        },
                        {
                            "id": 31182,
                            "name": "Бумажная продукция для дома",
                            "sort": null,
                            "image": {
                                "dark": {
                                    "pdf": "https://static.vlife.kz/icons/Smartphones.pdf",
                                    "svg": "https://static.vlife.kz/icons/car.svg"
                                },
                                "light": {
                                    "pdf": "https://static.vlife.kz/icons/Smartphones.pdf",
                                    "svg": "https://static.vlife.kz/icons/car.svg"
                                }
                            },
                            "isAccent": false,
                            "description": "Бумажная продукция для дома",
                            "isTabbedChildren": false,
                            "children": [
                                
                            ]
                        },
                        {
                            "id": 31183,
                            "name": "Инвентарь для уборки",
                            "sort": null,
                            "image": {
                                "dark": {
                                    "pdf": "https://static.vlife.kz/icons/Smartphones.pdf",
                                    "svg": "https://static.vlife.kz/icons/car.svg"
                                },
                                "light": {
                                    "pdf": "https://static.vlife.kz/icons/Smartphones.pdf",
                                    "svg": "https://static.vlife.kz/icons/car.svg"
                                }
                            },
                            "isAccent": false,
                            "description": "Инвентарь для уборки",
                            "isTabbedChildren": false,
                            "children": [
                                
                            ]
                        },
                        {
                            "id": 31184,
                            "name": "Лестницы",
                            "sort": null,
                            "image": {
                                "dark": {
                                    "pdf": "https://static.vlife.kz/icons/Smartphones.pdf",
                                    "svg": "https://static.vlife.kz/icons/car.svg"
                                },
                                "light": {
                                    "pdf": "https://static.vlife.kz/icons/Smartphones.pdf",
                                    "svg": "https://static.vlife.kz/icons/car.svg"
                                }
                            },
                            "isAccent": false,
                            "description": "Лестницы",
                            "isTabbedChildren": false,
                            "children": [
                                
                            ]
                        },
                        {
                            "id": 31185,
                            "name": "Мусорные ведра и баки",
                            "sort": null,
                            "image": {
                                "dark": {
                                    "pdf": "https://static.vlife.kz/icons/Smartphones.pdf",
                                    "svg": "https://static.vlife.kz/icons/car.svg"
                                },
                                "light": {
                                    "pdf": "https://static.vlife.kz/icons/Smartphones.pdf",
                                    "svg": "https://static.vlife.kz/icons/car.svg"
                                }
                            },
                            "isAccent": false,
                            "description": "Мусорные ведра и баки",
                            "isTabbedChildren": false,
                            "children": [
                                
                            ]
                        },
                        {
                            "id": 31186,
                            "name": "Сумки хозяйственные",
                            "sort": null,
                            "image": {
                                "dark": {
                                    "pdf": "https://static.vlife.kz/icons/Smartphones.pdf",
                                    "svg": "https://static.vlife.kz/icons/car.svg"
                                },
                                "light": {
                                    "pdf": "https://static.vlife.kz/icons/Smartphones.pdf",
                                    "svg": "https://static.vlife.kz/icons/car.svg"
                                }
                            },
                            "isAccent": false,
                            "description": "Сумки хозяйственные",
                            "isTabbedChildren": false,
                            "children": [
                                
                            ]
                        },
                        {
                            "id": 31188,
                            "name": "Упаковочные пленки",
                            "sort": null,
                            "image": {
                                "dark": {
                                    "pdf": "https://static.vlife.kz/icons/Smartphones.pdf",
                                    "svg": "https://static.vlife.kz/icons/car.svg"
                                },
                                "light": {
                                    "pdf": "https://static.vlife.kz/icons/Smartphones.pdf",
                                    "svg": "https://static.vlife.kz/icons/car.svg"
                                }
                            },
                            "isAccent": false,
                            "description": "Упаковочные пленки",
                            "isTabbedChildren": false,
                            "children": [
                                
                            ]
                        },
                        {
                            "id": 31189,
                            "name": "Уход за одеждой и обувью",
                            "sort": null,
                            "image": {
                                "dark": {
                                    "pdf": "https://static.vlife.kz/icons/Smartphones.pdf",
                                    "svg": "https://static.vlife.kz/icons/car.svg"
                                },
                                "light": {
                                    "pdf": "https://static.vlife.kz/icons/Smartphones.pdf",
                                    "svg": "https://static.vlife.kz/icons/car.svg"
                                }
                            },
                            "isAccent": false,
                            "description": "Уход за одеждой и обувью",
                            "isTabbedChildren": false,
                            "children": [
                                
                            ]
                        }
                    ]
                },
                {
                    "id": 31190,
                    "name": "Хранение вещей",
                    "sort": null,
                    "image": {
                        "dark": {
                            "pdf": "https://static.vlife.kz/icons/Smartphones.pdf",
                            "svg": "https://static.vlife.kz/icons/car.svg"
                        },
                        "light": {
                            "pdf": "https://static.vlife.kz/icons/Smartphones.pdf",
                            "svg": "https://static.vlife.kz/icons/car.svg"
                        }
                    },
                    "isAccent": false,
                    "description": "Хранение вещей",
                    "isTabbedChildren": false,
                    "children": [
                        {
                            "id": 31191,
                            "name": "Баки для белья",
                            "sort": null,
                            "image": {
                                "dark": {
                                    "pdf": "https://static.vlife.kz/icons/Smartphones.pdf",
                                    "svg": "https://static.vlife.kz/icons/car.svg"
                                },
                                "light": {
                                    "pdf": "https://static.vlife.kz/icons/Smartphones.pdf",
                                    "svg": "https://static.vlife.kz/icons/car.svg"
                                }
                            },
                            "isAccent": false,
                            "description": "Баки для белья",
                            "isTabbedChildren": false,
                            "children": [
                                
                            ]
                        },
                        {
                            "id": 31192,
                            "name": "Вакуумные пакеты",
                            "sort": null,
                            "image": {
                                "dark": {
                                    "pdf": "https://static.vlife.kz/icons/Smartphones.pdf",
                                    "svg": "https://static.vlife.kz/icons/car.svg"
                                },
                                "light": {
                                    "pdf": "https://static.vlife.kz/icons/Smartphones.pdf",
                                    "svg": "https://static.vlife.kz/icons/car.svg"
                                }
                            },
                            "isAccent": false,
                            "description": "Вакуумные пакеты",
                            "isTabbedChildren": false,
                            "children": [
                                
                            ]
                        },
                        {
                            "id": 31193,
                            "name": "Вешалки",
                            "sort": null,
                            "image": {
                                "dark": {
                                    "pdf": "https://static.vlife.kz/icons/Smartphones.pdf",
                                    "svg": "https://static.vlife.kz/icons/car.svg"
                                },
                                "light": {
                                    "pdf": "https://static.vlife.kz/icons/Smartphones.pdf",
                                    "svg": "https://static.vlife.kz/icons/car.svg"
                                }
                            },
                            "isAccent": false,
                            "description": "Вешалки",
                            "isTabbedChildren": false,
                            "children": [
                                
                            ]
                        },
                        {
                            "id": 31194,
                            "name": "Держатели и подставки для зонтов",
                            "sort": null,
                            "image": {
                                "dark": {
                                    "pdf": "https://static.vlife.kz/icons/Smartphones.pdf",
                                    "svg": "https://static.vlife.kz/icons/car.svg"
                                },
                                "light": {
                                    "pdf": "https://static.vlife.kz/icons/Smartphones.pdf",
                                    "svg": "https://static.vlife.kz/icons/car.svg"
                                }
                            },
                            "isAccent": false,
                            "description": "Держатели и подставки для зонтов",
                            "isTabbedChildren": false,
                            "children": [
                                
                            ]
                        },
                        {
                            "id": 31195,
                            "name": "Держатели хозяйственные",
                            "sort": null,
                            "image": {
                                "dark": {
                                    "pdf": "https://static.vlife.kz/icons/Smartphones.pdf",
                                    "svg": "https://static.vlife.kz/icons/car.svg"
                                },
                                "light": {
                                    "pdf": "https://static.vlife.kz/icons/Smartphones.pdf",
                                    "svg": "https://static.vlife.kz/icons/car.svg"
                                }
                            },
                            "isAccent": false,
                            "description": "Держатели хозяйственные",
                            "isTabbedChildren": false,
                            "children": [
                                
                            ]
                        },
                        {
                            "id": 31196,
                            "name": "Коробки и контейнеры",
                            "sort": null,
                            "image": {
                                "dark": {
                                    "pdf": "https://static.vlife.kz/icons/Smartphones.pdf",
                                    "svg": "https://static.vlife.kz/icons/car.svg"
                                },
                                "light": {
                                    "pdf": "https://static.vlife.kz/icons/Smartphones.pdf",
                                    "svg": "https://static.vlife.kz/icons/car.svg"
                                }
                            },
                            "isAccent": false,
                            "description": "Коробки и контейнеры",
                            "isTabbedChildren": false,
                            "children": [
                                
                            ]
                        },
                        {
                            "id": 31197,
                            "name": "Органайзеры и разделители",
                            "sort": null,
                            "image": {
                                "dark": {
                                    "pdf": "https://static.vlife.kz/icons/Smartphones.pdf",
                                    "svg": "https://static.vlife.kz/icons/car.svg"
                                },
                                "light": {
                                    "pdf": "https://static.vlife.kz/icons/Smartphones.pdf",
                                    "svg": "https://static.vlife.kz/icons/car.svg"
                                }
                            },
                            "isAccent": false,
                            "description": "Органайзеры и разделители",
                            "isTabbedChildren": false,
                            "children": [
                                
                            ]
                        },
                        {
                            "id": 31198,
                            "name": "Стойки для одежды",
                            "sort": null,
                            "image": {
                                "dark": {
                                    "pdf": "https://static.vlife.kz/icons/Smartphones.pdf",
                                    "svg": "https://static.vlife.kz/icons/car.svg"
                                },
                                "light": {
                                    "pdf": "https://static.vlife.kz/icons/Smartphones.pdf",
                                    "svg": "https://static.vlife.kz/icons/car.svg"
                                }
                            },
                            "isAccent": false,
                            "description": "Стойки для одежды",
                            "isTabbedChildren": false,
                            "children": [
                                
                            ]
                        },
                        {
                            "id": 31199,
                            "name": "Чехлы для обуви",
                            "sort": null,
                            "image": {
                                "dark": {
                                    "pdf": "https://static.vlife.kz/icons/Smartphones.pdf",
                                    "svg": "https://static.vlife.kz/icons/car.svg"
                                },
                                "light": {
                                    "pdf": "https://static.vlife.kz/icons/Smartphones.pdf",
                                    "svg": "https://static.vlife.kz/icons/car.svg"
                                }
                            },
                            "isAccent": false,
                            "description": "Чехлы для обуви",
                            "isTabbedChildren": false,
                            "children": [
                                
                            ]
                        },
                        {
                            "id": 31200,
                            "name": "Чехлы для одежды",
                            "sort": null,
                            "image": {
                                "dark": {
                                    "pdf": "https://static.vlife.kz/icons/Smartphones.pdf",
                                    "svg": "https://static.vlife.kz/icons/car.svg"
                                },
                                "light": {
                                    "pdf": "https://static.vlife.kz/icons/Smartphones.pdf",
                                    "svg": "https://static.vlife.kz/icons/car.svg"
                                }
                            },
                            "isAccent": false,
                            "description": "Чехлы для одежды",
                            "isTabbedChildren": false,
                            "children": [
                                
                            ]
                        }
                    ]
                },
                {
                    "id": 31201,
                    "name": "Цветы и растения",
                    "sort": null,
                    "image": {
                        "dark": {
                            "pdf": "https://static.vlife.kz/icons/Smartphones.pdf",
                            "svg": "https://static.vlife.kz/icons/car.svg"
                        },
                        "light": {
                            "pdf": "https://static.vlife.kz/icons/Smartphones.pdf",
                            "svg": "https://static.vlife.kz/icons/car.svg"
                        }
                    },
                    "isAccent": false,
                    "description": "Цветы и растения",
                    "isTabbedChildren": false,
                    "children": [
                        {
                            "id": 31202,
                            "name": "Горшки и кашпо",
                            "sort": null,
                            "image": {
                                "dark": {
                                    "pdf": "https://static.vlife.kz/icons/Smartphones.pdf",
                                    "svg": "https://static.vlife.kz/icons/car.svg"
                                },
                                "light": {
                                    "pdf": "https://static.vlife.kz/icons/Smartphones.pdf",
                                    "svg": "https://static.vlife.kz/icons/car.svg"
                                }
                            },
                            "isAccent": false,
                            "description": "Горшки и кашпо",
                            "isTabbedChildren": false,
                            "children": [
                                
                            ]
                        },
                        {
                            "id": 31203,
                            "name": "Грунты и удобрения",
                            "sort": null,
                            "image": {
                                "dark": {
                                    "pdf": "https://static.vlife.kz/icons/Smartphones.pdf",
                                    "svg": "https://static.vlife.kz/icons/car.svg"
                                },
                                "light": {
                                    "pdf": "https://static.vlife.kz/icons/Smartphones.pdf",
                                    "svg": "https://static.vlife.kz/icons/car.svg"
                                }
                            },
                            "isAccent": false,
                            "description": "Грунты и удобрения",
                            "isTabbedChildren": false,
                            "children": [
                                
                            ]
                        },
                        {
                            "id": 31204,
                            "name": "Защита и уход за растениями",
                            "sort": null,
                            "image": {
                                "dark": {
                                    "pdf": "https://static.vlife.kz/icons/Smartphones.pdf",
                                    "svg": "https://static.vlife.kz/icons/car.svg"
                                },
                                "light": {
                                    "pdf": "https://static.vlife.kz/icons/Smartphones.pdf",
                                    "svg": "https://static.vlife.kz/icons/car.svg"
                                }
                            },
                            "isAccent": false,
                            "description": "Защита и уход за растениями",
                            "isTabbedChildren": false,
                            "children": [
                                
                            ]
                        },
                        {
                            "id": 31205,
                            "name": "Корзины для цветов",
                            "sort": null,
                            "image": {
                                "dark": {
                                    "pdf": "https://static.vlife.kz/icons/Smartphones.pdf",
                                    "svg": "https://static.vlife.kz/icons/car.svg"
                                },
                                "light": {
                                    "pdf": "https://static.vlife.kz/icons/Smartphones.pdf",
                                    "svg": "https://static.vlife.kz/icons/car.svg"
                                }
                            },
                            "isAccent": false,
                            "description": "Корзины для цветов",
                            "isTabbedChildren": false,
                            "children": [
                                
                            ]
                        },
                        {
                            "id": 31206,
                            "name": "Лейки и опрыскиватели",
                            "sort": null,
                            "image": {
                                "dark": {
                                    "pdf": "https://static.vlife.kz/icons/Smartphones.pdf",
                                    "svg": "https://static.vlife.kz/icons/car.svg"
                                },
                                "light": {
                                    "pdf": "https://static.vlife.kz/icons/Smartphones.pdf",
                                    "svg": "https://static.vlife.kz/icons/car.svg"
                                }
                            },
                            "isAccent": false,
                            "description": "Лейки и опрыскиватели",
                            "isTabbedChildren": false,
                            "children": [
                                
                            ]
                        },
                        {
                            "id": 31207,
                            "name": "Подставки и крепления для растений",
                            "sort": null,
                            "image": {
                                "dark": {
                                    "pdf": "https://static.vlife.kz/icons/Smartphones.pdf",
                                    "svg": "https://static.vlife.kz/icons/car.svg"
                                },
                                "light": {
                                    "pdf": "https://static.vlife.kz/icons/Smartphones.pdf",
                                    "svg": "https://static.vlife.kz/icons/car.svg"
                                }
                            },
                            "isAccent": false,
                            "description": "Подставки и крепления для растений",
                            "isTabbedChildren": false,
                            "children": [
                                
                            ]
                        },
                        {
                            "id": 31208,
                            "name": "Семена и саженцы",
                            "sort": null,
                            "image": {
                                "dark": {
                                    "pdf": "https://static.vlife.kz/icons/Smartphones.pdf",
                                    "svg": "https://static.vlife.kz/icons/car.svg"
                                },
                                "light": {
                                    "pdf": "https://static.vlife.kz/icons/Smartphones.pdf",
                                    "svg": "https://static.vlife.kz/icons/car.svg"
                                }
                            },
                            "isAccent": false,
                            "description": "Семена и саженцы",
                            "isTabbedChildren": false,
                            "children": [
                                
                            ]
                        },
                        {
                            "id": 31209,
                            "name": "Цветы",
                            "sort": null,
                            "image": {
                                "dark": {
                                    "pdf": "https://static.vlife.kz/icons/Smartphones.pdf",
                                    "svg": "https://static.vlife.kz/icons/car.svg"
                                },
                                "light": {
                                    "pdf": "https://static.vlife.kz/icons/Smartphones.pdf",
                                    "svg": "https://static.vlife.kz/icons/car.svg"
                                }
                            },
                            "isAccent": false,
                            "description": "Цветы",
                            "isTabbedChildren": false,
                            "children": [
                                
                            ]
                        }
                    ]
                }
            ]
        },
        {
            "id": 31210,
            "name": "Здоровье и гигиена",
            "sort": 14,
            "image": {
                "dark": {
                    "pdf": "https://static.vlife.kz/pdf/market/Hospital_2.pdf",
                    "svg": "https://static.vlife.kz/icons/vlife/market/Hospital_2.svg"
                },
                "light": {
                    "pdf": "https://static.vlife.kz/pdf/market/Hospital_2.pdf",
                    "svg": "https://static.vlife.kz/icons/vlife/market/Hospital_2.svg"
                }
            },
            "isAccent": false,
            "description": "Здоровье и гигиена",
            "isTabbedChildren": false,
            "children": [
                {
                    "id": 31211,
                    "name": "Дезинфицирующие средства",
                    "sort": null,
                    "image": {
                        "dark": {
                            "pdf": "https://static.vlife.kz/icons/Smartphones.pdf",
                            "svg": "https://static.vlife.kz/icons/car.svg"
                        },
                        "light": {
                            "pdf": "https://static.vlife.kz/icons/Smartphones.pdf",
                            "svg": "https://static.vlife.kz/icons/car.svg"
                        }
                    },
                    "isAccent": false,
                    "description": "Дезинфицирующие средства",
                    "isTabbedChildren": false,
                    "children": [
                        {
                            "id": 31212,
                            "name": "Антисептики для рук",
                            "sort": null,
                            "image": {
                                "dark": {
                                    "pdf": "https://static.vlife.kz/icons/Smartphones.pdf",
                                    "svg": "https://static.vlife.kz/icons/car.svg"
                                },
                                "light": {
                                    "pdf": "https://static.vlife.kz/icons/Smartphones.pdf",
                                    "svg": "https://static.vlife.kz/icons/car.svg"
                                }
                            },
                            "isAccent": false,
                            "description": "Антисептики для рук",
                            "isTabbedChildren": false,
                            "children": [
                                
                            ]
                        },
                        {
                            "id": 31213,
                            "name": "Средства для обработки поверхностей",
                            "sort": null,
                            "image": {
                                "dark": {
                                    "pdf": "https://static.vlife.kz/icons/Smartphones.pdf",
                                    "svg": "https://static.vlife.kz/icons/car.svg"
                                },
                                "light": {
                                    "pdf": "https://static.vlife.kz/icons/Smartphones.pdf",
                                    "svg": "https://static.vlife.kz/icons/car.svg"
                                }
                            },
                            "isAccent": false,
                            "description": "Средства для обработки поверхностей",
                            "isTabbedChildren": false,
                            "children": [
                                
                            ]
                        }
                    ]
                },
                {
                    "id": 31214,
                    "name": "Массажеры",
                    "sort": null,
                    "image": {
                        "dark": {
                            "pdf": "https://static.vlife.kz/icons/Smartphones.pdf",
                            "svg": "https://static.vlife.kz/icons/car.svg"
                        },
                        "light": {
                            "pdf": "https://static.vlife.kz/icons/Smartphones.pdf",
                            "svg": "https://static.vlife.kz/icons/car.svg"
                        }
                    },
                    "isAccent": false,
                    "description": "Массажеры",
                    "isTabbedChildren": false,
                    "children": [
                        {
                            "id": 31215,
                            "name": "Вибромассажеры",
                            "sort": null,
                            "image": {
                                "dark": {
                                    "pdf": "https://static.vlife.kz/icons/Smartphones.pdf",
                                    "svg": "https://static.vlife.kz/icons/car.svg"
                                },
                                "light": {
                                    "pdf": "https://static.vlife.kz/icons/Smartphones.pdf",
                                    "svg": "https://static.vlife.kz/icons/car.svg"
                                }
                            },
                            "isAccent": false,
                            "description": "Вибромассажеры",
                            "isTabbedChildren": false,
                            "children": [
                                
                            ]
                        },
                        {
                            "id": 31216,
                            "name": "Гидромассажеры",
                            "sort": null,
                            "image": {
                                "dark": {
                                    "pdf": "https://static.vlife.kz/icons/Smartphones.pdf",
                                    "svg": "https://static.vlife.kz/icons/car.svg"
                                },
                                "light": {
                                    "pdf": "https://static.vlife.kz/icons/Smartphones.pdf",
                                    "svg": "https://static.vlife.kz/icons/car.svg"
                                }
                            },
                            "isAccent": false,
                            "description": "Гидромассажеры ",
                            "isTabbedChildren": false,
                            "children": [
                                
                            ]
                        },
                        {
                            "id": 31217,
                            "name": "Массажные кресла",
                            "sort": null,
                            "image": {
                                "dark": {
                                    "pdf": "https://static.vlife.kz/icons/Smartphones.pdf",
                                    "svg": "https://static.vlife.kz/icons/car.svg"
                                },
                                "light": {
                                    "pdf": "https://static.vlife.kz/icons/Smartphones.pdf",
                                    "svg": "https://static.vlife.kz/icons/car.svg"
                                }
                            },
                            "isAccent": false,
                            "description": "Массажные кресла",
                            "isTabbedChildren": false,
                            "children": [
                                
                            ]
                        },
                        {
                            "id": 31218,
                            "name": "Массажные столы",
                            "sort": null,
                            "image": {
                                "dark": {
                                    "pdf": "https://static.vlife.kz/icons/Smartphones.pdf",
                                    "svg": "https://static.vlife.kz/icons/car.svg"
                                },
                                "light": {
                                    "pdf": "https://static.vlife.kz/icons/Smartphones.pdf",
                                    "svg": "https://static.vlife.kz/icons/car.svg"
                                }
                            },
                            "isAccent": false,
                            "description": "Массажные столы",
                            "isTabbedChildren": false,
                            "children": [
                                
                            ]
                        }
                    ]
                },
                {
                    "id": 31219,
                    "name": "Средства и предметы гигиены",
                    "sort": null,
                    "image": {
                        "dark": {
                            "pdf": "https://static.vlife.kz/icons/Smartphones.pdf",
                            "svg": "https://static.vlife.kz/icons/car.svg"
                        },
                        "light": {
                            "pdf": "https://static.vlife.kz/icons/Smartphones.pdf",
                            "svg": "https://static.vlife.kz/icons/car.svg"
                        }
                    },
                    "isAccent": false,
                    "description": "Средства и предметы гигиены",
                    "isTabbedChildren": false,
                    "children": [
                        {
                            "id": 31220,
                            "name": "Бумажные салфетки и платочки",
                            "sort": null,
                            "image": {
                                "dark": {
                                    "pdf": "https://static.vlife.kz/icons/Smartphones.pdf",
                                    "svg": "https://static.vlife.kz/icons/car.svg"
                                },
                                "light": {
                                    "pdf": "https://static.vlife.kz/icons/Smartphones.pdf",
                                    "svg": "https://static.vlife.kz/icons/car.svg"
                                }
                            },
                            "isAccent": false,
                            "description": "Бумажные салфетки и платочки ",
                            "isTabbedChildren": false,
                            "children": [
                                
                            ]
                        },
                        {
                            "id": 31221,
                            "name": "Ватные палочки и диски",
                            "sort": null,
                            "image": {
                                "dark": {
                                    "pdf": "https://static.vlife.kz/icons/Smartphones.pdf",
                                    "svg": "https://static.vlife.kz/icons/car.svg"
                                },
                                "light": {
                                    "pdf": "https://static.vlife.kz/icons/Smartphones.pdf",
                                    "svg": "https://static.vlife.kz/icons/car.svg"
                                }
                            },
                            "isAccent": false,
                            "description": "Ватные палочки и диски ",
                            "isTabbedChildren": false,
                            "children": [
                                
                            ]
                        },
                        {
                            "id": 31222,
                            "name": "Влажные салфетки",
                            "sort": null,
                            "image": {
                                "dark": {
                                    "pdf": "https://static.vlife.kz/icons/Smartphones.pdf",
                                    "svg": "https://static.vlife.kz/icons/car.svg"
                                },
                                "light": {
                                    "pdf": "https://static.vlife.kz/icons/Smartphones.pdf",
                                    "svg": "https://static.vlife.kz/icons/car.svg"
                                }
                            },
                            "isAccent": false,
                            "description": "Влажные салфетки",
                            "isTabbedChildren": false,
                            "children": [
                                
                            ]
                        },
                        {
                            "id": 31223,
                            "name": "Гигиенические прокладки и тампоны",
                            "sort": null,
                            "image": {
                                "dark": {
                                    "pdf": "https://static.vlife.kz/icons/Smartphones.pdf",
                                    "svg": "https://static.vlife.kz/icons/car.svg"
                                },
                                "light": {
                                    "pdf": "https://static.vlife.kz/icons/Smartphones.pdf",
                                    "svg": "https://static.vlife.kz/icons/car.svg"
                                }
                            },
                            "isAccent": false,
                            "description": "Гигиенические прокладки и тампоны ",
                            "isTabbedChildren": false,
                            "children": [
                                
                            ]
                        },
                        {
                            "id": 31224,
                            "name": "Туалетная бумага",
                            "sort": null,
                            "image": {
                                "dark": {
                                    "pdf": "https://static.vlife.kz/icons/Smartphones.pdf",
                                    "svg": "https://static.vlife.kz/icons/car.svg"
                                },
                                "light": {
                                    "pdf": "https://static.vlife.kz/icons/Smartphones.pdf",
                                    "svg": "https://static.vlife.kz/icons/car.svg"
                                }
                            },
                            "isAccent": false,
                            "description": "Туалетная бумага",
                            "isTabbedChildren": false,
                            "children": [
                                
                            ]
                        }
                    ]
                },
                {
                    "id": 31225,
                    "name": "Средства по уходу за больными",
                    "sort": null,
                    "image": {
                        "dark": {
                            "pdf": "https://static.vlife.kz/icons/Smartphones.pdf",
                            "svg": "https://static.vlife.kz/icons/car.svg"
                        },
                        "light": {
                            "pdf": "https://static.vlife.kz/icons/Smartphones.pdf",
                            "svg": "https://static.vlife.kz/icons/car.svg"
                        }
                    },
                    "isAccent": false,
                    "description": "Средства по уходу за больными",
                    "isTabbedChildren": false,
                    "children": [
                        {
                            "id": 31226,
                            "name": "Подгузники для взрослых",
                            "sort": null,
                            "image": {
                                "dark": {
                                    "pdf": "https://static.vlife.kz/icons/Smartphones.pdf",
                                    "svg": "https://static.vlife.kz/icons/car.svg"
                                },
                                "light": {
                                    "pdf": "https://static.vlife.kz/icons/Smartphones.pdf",
                                    "svg": "https://static.vlife.kz/icons/car.svg"
                                }
                            },
                            "isAccent": false,
                            "description": "Подгузники для взрослых ",
                            "isTabbedChildren": false,
                            "children": [
                                
                            ]
                        },
                        {
                            "id": 31227,
                            "name": "Прокладки урологические",
                            "sort": null,
                            "image": {
                                "dark": {
                                    "pdf": "https://static.vlife.kz/icons/Smartphones.pdf",
                                    "svg": "https://static.vlife.kz/icons/car.svg"
                                },
                                "light": {
                                    "pdf": "https://static.vlife.kz/icons/Smartphones.pdf",
                                    "svg": "https://static.vlife.kz/icons/car.svg"
                                }
                            },
                            "isAccent": false,
                            "description": "Прокладки урологические",
                            "isTabbedChildren": false,
                            "children": [
                                
                            ]
                        }
                    ]
                },
                {
                    "id": 31228,
                    "name": "Техника для красоты",
                    "sort": null,
                    "image": {
                        "dark": {
                            "pdf": "https://static.vlife.kz/icons/Smartphones.pdf",
                            "svg": "https://static.vlife.kz/icons/car.svg"
                        },
                        "light": {
                            "pdf": "https://static.vlife.kz/icons/Smartphones.pdf",
                            "svg": "https://static.vlife.kz/icons/car.svg"
                        }
                    },
                    "isAccent": false,
                    "description": "Техника для красоты",
                    "isTabbedChildren": false,
                    "children": [
                        {
                            "id": 31229,
                            "name": "Машинки для стрижки волос",
                            "sort": null,
                            "image": {
                                "dark": {
                                    "pdf": "https://static.vlife.kz/icons/Smartphones.pdf",
                                    "svg": "https://static.vlife.kz/icons/car.svg"
                                },
                                "light": {
                                    "pdf": "https://static.vlife.kz/icons/Smartphones.pdf",
                                    "svg": "https://static.vlife.kz/icons/car.svg"
                                }
                            },
                            "isAccent": false,
                            "description": "Машинки для стрижки волос ",
                            "isTabbedChildren": false,
                            "children": [
                                
                            ]
                        },
                        {
                            "id": 31230,
                            "name": "Напольные весы",
                            "sort": null,
                            "image": {
                                "dark": {
                                    "pdf": "https://static.vlife.kz/icons/Smartphones.pdf",
                                    "svg": "https://static.vlife.kz/icons/car.svg"
                                },
                                "light": {
                                    "pdf": "https://static.vlife.kz/icons/Smartphones.pdf",
                                    "svg": "https://static.vlife.kz/icons/car.svg"
                                }
                            },
                            "isAccent": false,
                            "description": "Напольные весы",
                            "isTabbedChildren": false,
                            "children": [
                                
                            ]
                        },
                        {
                            "id": 31231,
                            "name": "Ножницы парикмахерские",
                            "sort": null,
                            "image": {
                                "dark": {
                                    "pdf": "https://static.vlife.kz/icons/Smartphones.pdf",
                                    "svg": "https://static.vlife.kz/icons/car.svg"
                                },
                                "light": {
                                    "pdf": "https://static.vlife.kz/icons/Smartphones.pdf",
                                    "svg": "https://static.vlife.kz/icons/car.svg"
                                }
                            },
                            "isAccent": false,
                            "description": "Ножницы парикмахерские ",
                            "isTabbedChildren": false,
                            "children": [
                                
                            ]
                        },
                        {
                            "id": 31232,
                            "name": "Приборы для очищения лица",
                            "sort": null,
                            "image": {
                                "dark": {
                                    "pdf": "https://static.vlife.kz/icons/Smartphones.pdf",
                                    "svg": "https://static.vlife.kz/icons/car.svg"
                                },
                                "light": {
                                    "pdf": "https://static.vlife.kz/icons/Smartphones.pdf",
                                    "svg": "https://static.vlife.kz/icons/car.svg"
                                }
                            },
                            "isAccent": false,
                            "description": "Приборы для очищения лица ",
                            "isTabbedChildren": false,
                            "children": [
                                
                            ]
                        },
                        {
                            "id": 31233,
                            "name": "Приборы для ухода за телом",
                            "sort": null,
                            "image": {
                                "dark": {
                                    "pdf": "https://static.vlife.kz/icons/Smartphones.pdf",
                                    "svg": "https://static.vlife.kz/icons/car.svg"
                                },
                                "light": {
                                    "pdf": "https://static.vlife.kz/icons/Smartphones.pdf",
                                    "svg": "https://static.vlife.kz/icons/car.svg"
                                }
                            },
                            "isAccent": false,
                            "description": "Приборы для ухода за телом ",
                            "isTabbedChildren": false,
                            "children": [
                                
                            ]
                        },
                        {
                            "id": 31234,
                            "name": "Товары для укладки волос",
                            "sort": null,
                            "image": {
                                "dark": {
                                    "pdf": "https://static.vlife.kz/icons/Smartphones.pdf",
                                    "svg": "https://static.vlife.kz/icons/car.svg"
                                },
                                "light": {
                                    "pdf": "https://static.vlife.kz/icons/Smartphones.pdf",
                                    "svg": "https://static.vlife.kz/icons/car.svg"
                                }
                            },
                            "isAccent": false,
                            "description": "Товары для укладки волос ",
                            "isTabbedChildren": false,
                            "children": [
                                
                            ]
                        },
                        {
                            "id": 31235,
                            "name": "Электробигуди",
                            "sort": null,
                            "image": {
                                "dark": {
                                    "pdf": "https://static.vlife.kz/icons/Smartphones.pdf",
                                    "svg": "https://static.vlife.kz/icons/car.svg"
                                },
                                "light": {
                                    "pdf": "https://static.vlife.kz/icons/Smartphones.pdf",
                                    "svg": "https://static.vlife.kz/icons/car.svg"
                                }
                            },
                            "isAccent": false,
                            "description": "Электробигуди ",
                            "isTabbedChildren": false,
                            "children": [
                                
                            ]
                        },
                        {
                            "id": 31236,
                            "name": "Электробритвы",
                            "sort": null,
                            "image": {
                                "dark": {
                                    "pdf": "https://static.vlife.kz/icons/Smartphones.pdf",
                                    "svg": "https://static.vlife.kz/icons/car.svg"
                                },
                                "light": {
                                    "pdf": "https://static.vlife.kz/icons/Smartphones.pdf",
                                    "svg": "https://static.vlife.kz/icons/car.svg"
                                }
                            },
                            "isAccent": false,
                            "description": "Электробритвы ",
                            "isTabbedChildren": false,
                            "children": [
                                
                            ]
                        },
                        {
                            "id": 31237,
                            "name": "Эпиляторы",
                            "sort": null,
                            "image": {
                                "dark": {
                                    "pdf": "https://static.vlife.kz/icons/Smartphones.pdf",
                                    "svg": "https://static.vlife.kz/icons/car.svg"
                                },
                                "light": {
                                    "pdf": "https://static.vlife.kz/icons/Smartphones.pdf",
                                    "svg": "https://static.vlife.kz/icons/car.svg"
                                }
                            },
                            "isAccent": false,
                            "description": "Эпиляторы",
                            "isTabbedChildren": false,
                            "children": [
                                
                            ]
                        }
                    ]
                },
                {
                    "id": 31238,
                    "name": "Товары для здоровья",
                    "sort": null,
                    "image": {
                        "dark": {
                            "pdf": "https://static.vlife.kz/icons/Smartphones.pdf",
                            "svg": "https://static.vlife.kz/icons/car.svg"
                        },
                        "light": {
                            "pdf": "https://static.vlife.kz/icons/Smartphones.pdf",
                            "svg": "https://static.vlife.kz/icons/car.svg"
                        }
                    },
                    "isAccent": false,
                    "description": "Товары для здоровья",
                    "isTabbedChildren": false,
                    "children": [
                        {
                            "id": 31239,
                            "name": "Алкотестеры",
                            "sort": null,
                            "image": {
                                "dark": {
                                    "pdf": "https://static.vlife.kz/icons/Smartphones.pdf",
                                    "svg": "https://static.vlife.kz/icons/car.svg"
                                },
                                "light": {
                                    "pdf": "https://static.vlife.kz/icons/Smartphones.pdf",
                                    "svg": "https://static.vlife.kz/icons/car.svg"
                                }
                            },
                            "isAccent": false,
                            "description": "Алкотестеры ",
                            "isTabbedChildren": false,
                            "children": [
                                
                            ]
                        },
                        {
                            "id": 31240,
                            "name": "Бинты эластичные",
                            "sort": null,
                            "image": {
                                "dark": {
                                    "pdf": "https://static.vlife.kz/icons/Smartphones.pdf",
                                    "svg": "https://static.vlife.kz/icons/car.svg"
                                },
                                "light": {
                                    "pdf": "https://static.vlife.kz/icons/Smartphones.pdf",
                                    "svg": "https://static.vlife.kz/icons/car.svg"
                                }
                            },
                            "isAccent": false,
                            "description": "Бинты эластичные",
                            "isTabbedChildren": false,
                            "children": [
                                
                            ]
                        },
                        {
                            "id": 31241,
                            "name": "Витамины и бад",
                            "sort": null,
                            "image": {
                                "dark": {
                                    "pdf": "https://static.vlife.kz/icons/Smartphones.pdf",
                                    "svg": "https://static.vlife.kz/icons/car.svg"
                                },
                                "light": {
                                    "pdf": "https://static.vlife.kz/icons/Smartphones.pdf",
                                    "svg": "https://static.vlife.kz/icons/car.svg"
                                }
                            },
                            "isAccent": false,
                            "description": "Витамины и бад",
                            "isTabbedChildren": false,
                            "children": [
                                
                            ]
                        },
                        {
                            "id": 31242,
                            "name": "Компрессионный трикотаж",
                            "sort": null,
                            "image": {
                                "dark": {
                                    "pdf": "https://static.vlife.kz/icons/Smartphones.pdf",
                                    "svg": "https://static.vlife.kz/icons/car.svg"
                                },
                                "light": {
                                    "pdf": "https://static.vlife.kz/icons/Smartphones.pdf",
                                    "svg": "https://static.vlife.kz/icons/car.svg"
                                }
                            },
                            "isAccent": false,
                            "description": "Компрессионный трикотаж ",
                            "isTabbedChildren": false,
                            "children": [
                                
                            ]
                        },
                        {
                            "id": 31243,
                            "name": "Контактные линзы",
                            "sort": null,
                            "image": {
                                "dark": {
                                    "pdf": "https://static.vlife.kz/icons/Smartphones.pdf",
                                    "svg": "https://static.vlife.kz/icons/car.svg"
                                },
                                "light": {
                                    "pdf": "https://static.vlife.kz/icons/Smartphones.pdf",
                                    "svg": "https://static.vlife.kz/icons/car.svg"
                                }
                            },
                            "isAccent": false,
                            "description": "Контактные линзы",
                            "isTabbedChildren": false,
                            "children": [
                                
                            ]
                        },
                        {
                            "id": 31244,
                            "name": "Медицинские глюкометры и анализаторы крови",
                            "sort": null,
                            "image": {
                                "dark": {
                                    "pdf": "https://static.vlife.kz/icons/Smartphones.pdf",
                                    "svg": "https://static.vlife.kz/icons/car.svg"
                                },
                                "light": {
                                    "pdf": "https://static.vlife.kz/icons/Smartphones.pdf",
                                    "svg": "https://static.vlife.kz/icons/car.svg"
                                }
                            },
                            "isAccent": false,
                            "description": "Медицинские глюкометры и анализаторы крови",
                            "isTabbedChildren": false,
                            "children": [
                                
                            ]
                        },
                        {
                            "id": 31245,
                            "name": "Медицинские термометры",
                            "sort": null,
                            "image": {
                                "dark": {
                                    "pdf": "https://static.vlife.kz/icons/Smartphones.pdf",
                                    "svg": "https://static.vlife.kz/icons/car.svg"
                                },
                                "light": {
                                    "pdf": "https://static.vlife.kz/icons/Smartphones.pdf",
                                    "svg": "https://static.vlife.kz/icons/car.svg"
                                }
                            },
                            "isAccent": false,
                            "description": "Медицинские термометры ",
                            "isTabbedChildren": false,
                            "children": [
                                
                            ]
                        },
                        {
                            "id": 31246,
                            "name": "Оправы для очков",
                            "sort": null,
                            "image": {
                                "dark": {
                                    "pdf": "https://static.vlife.kz/icons/Smartphones.pdf",
                                    "svg": "https://static.vlife.kz/icons/car.svg"
                                },
                                "light": {
                                    "pdf": "https://static.vlife.kz/icons/Smartphones.pdf",
                                    "svg": "https://static.vlife.kz/icons/car.svg"
                                }
                            },
                            "isAccent": false,
                            "description": "Оправы для очков",
                            "isTabbedChildren": false,
                            "children": [
                                
                            ]
                        },
                        {
                            "id": 31247,
                            "name": "Ортопедические корсеты и корректоры осанки",
                            "sort": null,
                            "image": {
                                "dark": {
                                    "pdf": "https://static.vlife.kz/icons/Smartphones.pdf",
                                    "svg": "https://static.vlife.kz/icons/car.svg"
                                },
                                "light": {
                                    "pdf": "https://static.vlife.kz/icons/Smartphones.pdf",
                                    "svg": "https://static.vlife.kz/icons/car.svg"
                                }
                            },
                            "isAccent": false,
                            "description": "Ортопедические корсеты и корректоры осанки",
                            "isTabbedChildren": false,
                            "children": [
                                
                            ]
                        },
                        {
                            "id": 31248,
                            "name": "Растворы для линз",
                            "sort": null,
                            "image": {
                                "dark": {
                                    "pdf": "https://static.vlife.kz/icons/Smartphones.pdf",
                                    "svg": "https://static.vlife.kz/icons/car.svg"
                                },
                                "light": {
                                    "pdf": "https://static.vlife.kz/icons/Smartphones.pdf",
                                    "svg": "https://static.vlife.kz/icons/car.svg"
                                }
                            },
                            "isAccent": false,
                            "description": "Растворы для линз",
                            "isTabbedChildren": false,
                            "children": [
                                
                            ]
                        },
                        {
                            "id": 31249,
                            "name": "Тонометры",
                            "sort": null,
                            "image": {
                                "dark": {
                                    "pdf": "https://static.vlife.kz/icons/Smartphones.pdf",
                                    "svg": "https://static.vlife.kz/icons/car.svg"
                                },
                                "light": {
                                    "pdf": "https://static.vlife.kz/icons/Smartphones.pdf",
                                    "svg": "https://static.vlife.kz/icons/car.svg"
                                }
                            },
                            "isAccent": false,
                            "description": "Тонометры",
                            "isTabbedChildren": false,
                            "children": [
                                
                            ]
                        }
                    ]
                },
                {
                    "id": 31250,
                    "name": "Уход за полостью рта",
                    "sort": null,
                    "image": {
                        "dark": {
                            "pdf": "https://static.vlife.kz/icons/Smartphones.pdf",
                            "svg": "https://static.vlife.kz/icons/car.svg"
                        },
                        "light": {
                            "pdf": "https://static.vlife.kz/icons/Smartphones.pdf",
                            "svg": "https://static.vlife.kz/icons/car.svg"
                        }
                    },
                    "isAccent": false,
                    "description": "Уход за полостью рта",
                    "isTabbedChildren": false,
                    "children": [
                        {
                            "id": 31252,
                            "name": "Зубные щетки",
                            "sort": null,
                            "image": {
                                "dark": {
                                    "pdf": "https://static.vlife.kz/icons/Smartphones.pdf",
                                    "svg": "https://static.vlife.kz/icons/car.svg"
                                },
                                "light": {
                                    "pdf": "https://static.vlife.kz/icons/Smartphones.pdf",
                                    "svg": "https://static.vlife.kz/icons/car.svg"
                                }
                            },
                            "isAccent": false,
                            "description": "Зубные щетки ",
                            "isTabbedChildren": false,
                            "children": [
                                
                            ]
                        },
                        {
                            "id": 31251,
                            "name": "Зубные пасты",
                            "sort": null,
                            "image": {
                                "dark": {
                                    "pdf": "https://static.vlife.kz/icons/Smartphones.pdf",
                                    "svg": "https://static.vlife.kz/icons/car.svg"
                                },
                                "light": {
                                    "pdf": "https://static.vlife.kz/icons/Smartphones.pdf",
                                    "svg": "https://static.vlife.kz/icons/car.svg"
                                }
                            },
                            "isAccent": false,
                            "description": "Зубные пасты ",
                            "isTabbedChildren": false,
                            "children": [
                                
                            ]
                        },
                        {
                            "id": 31253,
                            "name": "Ирригаторы",
                            "sort": null,
                            "image": {
                                "dark": {
                                    "pdf": "https://static.vlife.kz/icons/Smartphones.pdf",
                                    "svg": "https://static.vlife.kz/icons/car.svg"
                                },
                                "light": {
                                    "pdf": "https://static.vlife.kz/icons/Smartphones.pdf",
                                    "svg": "https://static.vlife.kz/icons/car.svg"
                                }
                            },
                            "isAccent": false,
                            "description": "Ирригаторы ",
                            "isTabbedChildren": false,
                            "children": [
                                
                            ]
                        },
                        {
                            "id": 31254,
                            "name": "Насадки для электрических зубных щеток",
                            "sort": null,
                            "image": {
                                "dark": {
                                    "pdf": "https://static.vlife.kz/icons/Smartphones.pdf",
                                    "svg": "https://static.vlife.kz/icons/car.svg"
                                },
                                "light": {
                                    "pdf": "https://static.vlife.kz/icons/Smartphones.pdf",
                                    "svg": "https://static.vlife.kz/icons/car.svg"
                                }
                            },
                            "isAccent": false,
                            "description": "Насадки для электрических зубных щеток ",
                            "isTabbedChildren": false,
                            "children": [
                                
                            ]
                        },
                        {
                            "id": 31255,
                            "name": "Ополаскиватели для полости рта",
                            "sort": null,
                            "image": {
                                "dark": {
                                    "pdf": "https://static.vlife.kz/icons/Smartphones.pdf",
                                    "svg": "https://static.vlife.kz/icons/car.svg"
                                },
                                "light": {
                                    "pdf": "https://static.vlife.kz/icons/Smartphones.pdf",
                                    "svg": "https://static.vlife.kz/icons/car.svg"
                                }
                            },
                            "isAccent": false,
                            "description": "Ополаскиватели для полости рта ",
                            "isTabbedChildren": false,
                            "children": [
                                
                            ]
                        },
                        {
                            "id": 31256,
                            "name": "Электрические зубные щетки",
                            "sort": null,
                            "image": {
                                "dark": {
                                    "pdf": "https://static.vlife.kz/icons/Smartphones.pdf",
                                    "svg": "https://static.vlife.kz/icons/car.svg"
                                },
                                "light": {
                                    "pdf": "https://static.vlife.kz/icons/Smartphones.pdf",
                                    "svg": "https://static.vlife.kz/icons/car.svg"
                                }
                            },
                            "isAccent": false,
                            "description": "Электрические зубные щетки",
                            "isTabbedChildren": false,
                            "children": [
                                
                            ]
                        }
                    ]
                }
            ]
        },
        {
            "id": 32064,
            "name": "Строительство и ремонт",
            "sort": 15,
            "image": {
                "dark": {
                    "pdf": "https://static.vlife.kz/pdf/market/Paint_Roller_2.pdf",
                    "svg": "https://static.vlife.kz/icons/vlife/market/Paint_Roller_2.svg"
                },
                "light": {
                    "pdf": "https://static.vlife.kz/pdf/market/Paint_Roller_2.pdf",
                    "svg": "https://static.vlife.kz/icons/vlife/market/Paint_Roller_2.svg"
                }
            },
            "isAccent": false,
            "description": "Строительство и ремонт",
            "isTabbedChildren": false,
            "children": [
                {
                    "id": 32083,
                    "name": "Инструменты",
                    "sort": null,
                    "image": {
                        "dark": {
                            "pdf": "https://static.vlife.kz/icons/Smartphones.pdf",
                            "svg": "https://static.vlife.kz/icons/car.svg"
                        },
                        "light": {
                            "pdf": "https://static.vlife.kz/icons/Smartphones.pdf",
                            "svg": "https://static.vlife.kz/icons/car.svg"
                        }
                    },
                    "isAccent": false,
                    "description": "Инструменты",
                    "isTabbedChildren": false,
                    "children": [
                        {
                            "id": 32104,
                            "name": "Электрорубанки",
                            "sort": null,
                            "image": {
                                "dark": {
                                    "pdf": "https://static.vlife.kz/icons/Smartphones.pdf",
                                    "svg": "https://static.vlife.kz/icons/car.svg"
                                },
                                "light": {
                                    "pdf": "https://static.vlife.kz/icons/Smartphones.pdf",
                                    "svg": "https://static.vlife.kz/icons/car.svg"
                                }
                            },
                            "isAccent": false,
                            "description": "Электрорубанки ",
                            "isTabbedChildren": false,
                            "children": [
                                
                            ]
                        },
                        {
                            "id": 32084,
                            "name": "Аккумуляторные отвертки",
                            "sort": null,
                            "image": {
                                "dark": {
                                    "pdf": "https://static.vlife.kz/icons/Smartphones.pdf",
                                    "svg": "https://static.vlife.kz/icons/car.svg"
                                },
                                "light": {
                                    "pdf": "https://static.vlife.kz/icons/Smartphones.pdf",
                                    "svg": "https://static.vlife.kz/icons/car.svg"
                                }
                            },
                            "isAccent": false,
                            "description": "Аккумуляторные отвертки ",
                            "isTabbedChildren": false,
                            "children": [
                                
                            ]
                        },
                        {
                            "id": 32085,
                            "name": "Болгарки",
                            "sort": null,
                            "image": {
                                "dark": {
                                    "pdf": "https://static.vlife.kz/icons/Smartphones.pdf",
                                    "svg": "https://static.vlife.kz/icons/car.svg"
                                },
                                "light": {
                                    "pdf": "https://static.vlife.kz/icons/Smartphones.pdf",
                                    "svg": "https://static.vlife.kz/icons/car.svg"
                                }
                            },
                            "isAccent": false,
                            "description": "Болгарки ",
                            "isTabbedChildren": false,
                            "children": [
                                
                            ]
                        },
                        {
                            "id": 32086,
                            "name": "Граверы",
                            "sort": null,
                            "image": {
                                "dark": {
                                    "pdf": "https://static.vlife.kz/icons/Smartphones.pdf",
                                    "svg": "https://static.vlife.kz/icons/car.svg"
                                },
                                "light": {
                                    "pdf": "https://static.vlife.kz/icons/Smartphones.pdf",
                                    "svg": "https://static.vlife.kz/icons/car.svg"
                                }
                            },
                            "isAccent": false,
                            "description": "Граверы ",
                            "isTabbedChildren": false,
                            "children": [
                                
                            ]
                        },
                        {
                            "id": 32087,
                            "name": "Дисковые пилы",
                            "sort": null,
                            "image": {
                                "dark": {
                                    "pdf": "https://static.vlife.kz/icons/Smartphones.pdf",
                                    "svg": "https://static.vlife.kz/icons/car.svg"
                                },
                                "light": {
                                    "pdf": "https://static.vlife.kz/icons/Smartphones.pdf",
                                    "svg": "https://static.vlife.kz/icons/car.svg"
                                }
                            },
                            "isAccent": false,
                            "description": "Дисковые пилы ",
                            "isTabbedChildren": false,
                            "children": [
                                
                            ]
                        },
                        {
                            "id": 32088,
                            "name": "Дрели и шуруповерты",
                            "sort": null,
                            "image": {
                                "dark": {
                                    "pdf": "https://static.vlife.kz/icons/Smartphones.pdf",
                                    "svg": "https://static.vlife.kz/icons/car.svg"
                                },
                                "light": {
                                    "pdf": "https://static.vlife.kz/icons/Smartphones.pdf",
                                    "svg": "https://static.vlife.kz/icons/car.svg"
                                }
                            },
                            "isAccent": false,
                            "description": "Дрели и шуруповерты ",
                            "isTabbedChildren": false,
                            "children": [
                                
                            ]
                        },
                        {
                            "id": 32089,
                            "name": "Клеевые пистолеты",
                            "sort": null,
                            "image": {
                                "dark": {
                                    "pdf": "https://static.vlife.kz/icons/Smartphones.pdf",
                                    "svg": "https://static.vlife.kz/icons/car.svg"
                                },
                                "light": {
                                    "pdf": "https://static.vlife.kz/icons/Smartphones.pdf",
                                    "svg": "https://static.vlife.kz/icons/car.svg"
                                }
                            },
                            "isAccent": false,
                            "description": "Клеевые пистолеты",
                            "isTabbedChildren": false,
                            "children": [
                                
                            ]
                        },
                        {
                            "id": 32090,
                            "name": "Ленточные пилы",
                            "sort": null,
                            "image": {
                                "dark": {
                                    "pdf": "https://static.vlife.kz/icons/Smartphones.pdf",
                                    "svg": "https://static.vlife.kz/icons/car.svg"
                                },
                                "light": {
                                    "pdf": "https://static.vlife.kz/icons/Smartphones.pdf",
                                    "svg": "https://static.vlife.kz/icons/car.svg"
                                }
                            },
                            "isAccent": false,
                            "description": "Ленточные пилы ",
                            "isTabbedChildren": false,
                            "children": [
                                
                            ]
                        },
                        {
                            "id": 32091,
                            "name": "Ленточные шлифовальные машины",
                            "sort": null,
                            "image": {
                                "dark": {
                                    "pdf": "https://static.vlife.kz/icons/Smartphones.pdf",
                                    "svg": "https://static.vlife.kz/icons/car.svg"
                                },
                                "light": {
                                    "pdf": "https://static.vlife.kz/icons/Smartphones.pdf",
                                    "svg": "https://static.vlife.kz/icons/car.svg"
                                }
                            },
                            "isAccent": false,
                            "description": "Ленточные шлифовальные машины ",
                            "isTabbedChildren": false,
                            "children": [
                                
                            ]
                        },
                        {
                            "id": 32092,
                            "name": "Наборы инструментов",
                            "sort": null,
                            "image": {
                                "dark": {
                                    "pdf": "https://static.vlife.kz/icons/Smartphones.pdf",
                                    "svg": "https://static.vlife.kz/icons/car.svg"
                                },
                                "light": {
                                    "pdf": "https://static.vlife.kz/icons/Smartphones.pdf",
                                    "svg": "https://static.vlife.kz/icons/car.svg"
                                }
                            },
                            "isAccent": false,
                            "description": "Наборы инструментов ",
                            "isTabbedChildren": false,
                            "children": [
                                
                            ]
                        },
                        {
                            "id": 32093,
                            "name": "Отбойные молотки",
                            "sort": null,
                            "image": {
                                "dark": {
                                    "pdf": "https://static.vlife.kz/icons/Smartphones.pdf",
                                    "svg": "https://static.vlife.kz/icons/car.svg"
                                },
                                "light": {
                                    "pdf": "https://static.vlife.kz/icons/Smartphones.pdf",
                                    "svg": "https://static.vlife.kz/icons/car.svg"
                                }
                            },
                            "isAccent": false,
                            "description": "Отбойные молотки",
                            "isTabbedChildren": false,
                            "children": [
                                
                            ]
                        },
                        {
                            "id": 32094,
                            "name": "Перфораторы",
                            "sort": null,
                            "image": {
                                "dark": {
                                    "pdf": "https://static.vlife.kz/icons/Smartphones.pdf",
                                    "svg": "https://static.vlife.kz/icons/car.svg"
                                },
                                "light": {
                                    "pdf": "https://static.vlife.kz/icons/Smartphones.pdf",
                                    "svg": "https://static.vlife.kz/icons/car.svg"
                                }
                            },
                            "isAccent": false,
                            "description": "Перфораторы ",
                            "isTabbedChildren": false,
                            "children": [
                                
                            ]
                        },
                        {
                            "id": 32095,
                            "name": "Плиткорезы",
                            "sort": null,
                            "image": {
                                "dark": {
                                    "pdf": "https://static.vlife.kz/icons/Smartphones.pdf",
                                    "svg": "https://static.vlife.kz/icons/car.svg"
                                },
                                "light": {
                                    "pdf": "https://static.vlife.kz/icons/Smartphones.pdf",
                                    "svg": "https://static.vlife.kz/icons/car.svg"
                                }
                            },
                            "isAccent": false,
                            "description": "Плиткорезы ",
                            "isTabbedChildren": false,
                            "children": [
                                
                            ]
                        },
                        {
                            "id": 32096,
                            "name": "Плоскошлифовальные машины",
                            "sort": null,
                            "image": {
                                "dark": {
                                    "pdf": "https://static.vlife.kz/icons/Smartphones.pdf",
                                    "svg": "https://static.vlife.kz/icons/car.svg"
                                },
                                "light": {
                                    "pdf": "https://static.vlife.kz/icons/Smartphones.pdf",
                                    "svg": "https://static.vlife.kz/icons/car.svg"
                                }
                            },
                            "isAccent": false,
                            "description": "Плоскошлифовальные машины ",
                            "isTabbedChildren": false,
                            "children": [
                                
                            ]
                        },
                        {
                            "id": 32097,
                            "name": "Реноваторы",
                            "sort": null,
                            "image": {
                                "dark": {
                                    "pdf": "https://static.vlife.kz/icons/Smartphones.pdf",
                                    "svg": "https://static.vlife.kz/icons/car.svg"
                                },
                                "light": {
                                    "pdf": "https://static.vlife.kz/icons/Smartphones.pdf",
                                    "svg": "https://static.vlife.kz/icons/car.svg"
                                }
                            },
                            "isAccent": false,
                            "description": "Реноваторы ",
                            "isTabbedChildren": false,
                            "children": [
                                
                            ]
                        },
                        {
                            "id": 32098,
                            "name": "Сабельные пилы",
                            "sort": null,
                            "image": {
                                "dark": {
                                    "pdf": "https://static.vlife.kz/icons/Smartphones.pdf",
                                    "svg": "https://static.vlife.kz/icons/car.svg"
                                },
                                "light": {
                                    "pdf": "https://static.vlife.kz/icons/Smartphones.pdf",
                                    "svg": "https://static.vlife.kz/icons/car.svg"
                                }
                            },
                            "isAccent": false,
                            "description": "Сабельные пилы ",
                            "isTabbedChildren": false,
                            "children": [
                                
                            ]
                        },
                        {
                            "id": 32099,
                            "name": "Строительные фены",
                            "sort": null,
                            "image": {
                                "dark": {
                                    "pdf": "https://static.vlife.kz/icons/Smartphones.pdf",
                                    "svg": "https://static.vlife.kz/icons/car.svg"
                                },
                                "light": {
                                    "pdf": "https://static.vlife.kz/icons/Smartphones.pdf",
                                    "svg": "https://static.vlife.kz/icons/car.svg"
                                }
                            },
                            "isAccent": false,
                            "description": "Строительные фены",
                            "isTabbedChildren": false,
                            "children": [
                                
                            ]
                        },
                        {
                            "id": 32100,
                            "name": "Фрезеры",
                            "sort": null,
                            "image": {
                                "dark": {
                                    "pdf": "https://static.vlife.kz/icons/Smartphones.pdf",
                                    "svg": "https://static.vlife.kz/icons/car.svg"
                                },
                                "light": {
                                    "pdf": "https://static.vlife.kz/icons/Smartphones.pdf",
                                    "svg": "https://static.vlife.kz/icons/car.svg"
                                }
                            },
                            "isAccent": false,
                            "description": "Фрезеры ",
                            "isTabbedChildren": false,
                            "children": [
                                
                            ]
                        },
                        {
                            "id": 32101,
                            "name": "Цепные пилы",
                            "sort": null,
                            "image": {
                                "dark": {
                                    "pdf": "https://static.vlife.kz/icons/Smartphones.pdf",
                                    "svg": "https://static.vlife.kz/icons/car.svg"
                                },
                                "light": {
                                    "pdf": "https://static.vlife.kz/icons/Smartphones.pdf",
                                    "svg": "https://static.vlife.kz/icons/car.svg"
                                }
                            },
                            "isAccent": false,
                            "description": "Цепные пилы ",
                            "isTabbedChildren": false,
                            "children": [
                                
                            ]
                        },
                        {
                            "id": 32102,
                            "name": "Штроборезы",
                            "sort": null,
                            "image": {
                                "dark": {
                                    "pdf": "https://static.vlife.kz/icons/Smartphones.pdf",
                                    "svg": "https://static.vlife.kz/icons/car.svg"
                                },
                                "light": {
                                    "pdf": "https://static.vlife.kz/icons/Smartphones.pdf",
                                    "svg": "https://static.vlife.kz/icons/car.svg"
                                }
                            },
                            "isAccent": false,
                            "description": "Штроборезы ",
                            "isTabbedChildren": false,
                            "children": [
                                
                            ]
                        },
                        {
                            "id": 32103,
                            "name": "Электролобзики",
                            "sort": null,
                            "image": {
                                "dark": {
                                    "pdf": "https://static.vlife.kz/icons/Smartphones.pdf",
                                    "svg": "https://static.vlife.kz/icons/car.svg"
                                },
                                "light": {
                                    "pdf": "https://static.vlife.kz/icons/Smartphones.pdf",
                                    "svg": "https://static.vlife.kz/icons/car.svg"
                                }
                            },
                            "isAccent": false,
                            "description": "Электролобзики",
                            "isTabbedChildren": false,
                            "children": [
                                
                            ]
                        }
                    ]
                },
                {
                    "id": 32065,
                    "name": "Двери",
                    "sort": null,
                    "image": {
                        "dark": {
                            "pdf": "https://static.vlife.kz/icons/Smartphones.pdf",
                            "svg": "https://static.vlife.kz/icons/car.svg"
                        },
                        "light": {
                            "pdf": "https://static.vlife.kz/icons/Smartphones.pdf",
                            "svg": "https://static.vlife.kz/icons/car.svg"
                        }
                    },
                    "isAccent": false,
                    "description": "Двери",
                    "isTabbedChildren": false,
                    "children": [
                        {
                            "id": 32066,
                            "name": "Входные двери",
                            "sort": null,
                            "image": {
                                "dark": {
                                    "pdf": "https://static.vlife.kz/icons/Smartphones.pdf",
                                    "svg": "https://static.vlife.kz/icons/car.svg"
                                },
                                "light": {
                                    "pdf": "https://static.vlife.kz/icons/Smartphones.pdf",
                                    "svg": "https://static.vlife.kz/icons/car.svg"
                                }
                            },
                            "isAccent": false,
                            "description": "Входные двери ",
                            "isTabbedChildren": false,
                            "children": [
                                
                            ]
                        },
                        {
                            "id": 32067,
                            "name": "Межкомнатные двери",
                            "sort": null,
                            "image": {
                                "dark": {
                                    "pdf": "https://static.vlife.kz/icons/Smartphones.pdf",
                                    "svg": "https://static.vlife.kz/icons/car.svg"
                                },
                                "light": {
                                    "pdf": "https://static.vlife.kz/icons/Smartphones.pdf",
                                    "svg": "https://static.vlife.kz/icons/car.svg"
                                }
                            },
                            "isAccent": false,
                            "description": "Межкомнатные двери",
                            "isTabbedChildren": false,
                            "children": [
                                
                            ]
                        }
                    ]
                },
                {
                    "id": 32068,
                    "name": "Измерительные инструменты",
                    "sort": null,
                    "image": {
                        "dark": {
                            "pdf": "https://static.vlife.kz/icons/Smartphones.pdf",
                            "svg": "https://static.vlife.kz/icons/car.svg"
                        },
                        "light": {
                            "pdf": "https://static.vlife.kz/icons/Smartphones.pdf",
                            "svg": "https://static.vlife.kz/icons/car.svg"
                        }
                    },
                    "isAccent": false,
                    "description": "Измерительные инструменты",
                    "isTabbedChildren": false,
                    "children": [
                        {
                            "id": 32069,
                            "name": "Гигрометры и влагомеры",
                            "sort": null,
                            "image": {
                                "dark": {
                                    "pdf": "https://static.vlife.kz/icons/Smartphones.pdf",
                                    "svg": "https://static.vlife.kz/icons/car.svg"
                                },
                                "light": {
                                    "pdf": "https://static.vlife.kz/icons/Smartphones.pdf",
                                    "svg": "https://static.vlife.kz/icons/car.svg"
                                }
                            },
                            "isAccent": false,
                            "description": "Гигрометры и влагомеры ",
                            "isTabbedChildren": false,
                            "children": [
                                
                            ]
                        },
                        {
                            "id": 32070,
                            "name": "Дальномеры",
                            "sort": null,
                            "image": {
                                "dark": {
                                    "pdf": "https://static.vlife.kz/icons/Smartphones.pdf",
                                    "svg": "https://static.vlife.kz/icons/car.svg"
                                },
                                "light": {
                                    "pdf": "https://static.vlife.kz/icons/Smartphones.pdf",
                                    "svg": "https://static.vlife.kz/icons/car.svg"
                                }
                            },
                            "isAccent": false,
                            "description": "Дальномеры ",
                            "isTabbedChildren": false,
                            "children": [
                                
                            ]
                        },
                        {
                            "id": 32071,
                            "name": "Детекторы проводки, труб и конструкций",
                            "sort": null,
                            "image": {
                                "dark": {
                                    "pdf": "https://static.vlife.kz/icons/Smartphones.pdf",
                                    "svg": "https://static.vlife.kz/icons/car.svg"
                                },
                                "light": {
                                    "pdf": "https://static.vlife.kz/icons/Smartphones.pdf",
                                    "svg": "https://static.vlife.kz/icons/car.svg"
                                }
                            },
                            "isAccent": false,
                            "description": "Детекторы проводки, труб и конструкций",
                            "isTabbedChildren": false,
                            "children": [
                                
                            ]
                        },
                        {
                            "id": 32072,
                            "name": "Измерительные рулетки",
                            "sort": null,
                            "image": {
                                "dark": {
                                    "pdf": "https://static.vlife.kz/icons/Smartphones.pdf",
                                    "svg": "https://static.vlife.kz/icons/car.svg"
                                },
                                "light": {
                                    "pdf": "https://static.vlife.kz/icons/Smartphones.pdf",
                                    "svg": "https://static.vlife.kz/icons/car.svg"
                                }
                            },
                            "isAccent": false,
                            "description": "Измерительные рулетки ",
                            "isTabbedChildren": false,
                            "children": [
                                
                            ]
                        },
                        {
                            "id": 32073,
                            "name": "Лазерные уровни",
                            "sort": null,
                            "image": {
                                "dark": {
                                    "pdf": "https://static.vlife.kz/icons/Smartphones.pdf",
                                    "svg": "https://static.vlife.kz/icons/car.svg"
                                },
                                "light": {
                                    "pdf": "https://static.vlife.kz/icons/Smartphones.pdf",
                                    "svg": "https://static.vlife.kz/icons/car.svg"
                                }
                            },
                            "isAccent": false,
                            "description": "Лазерные уровни",
                            "isTabbedChildren": false,
                            "children": [
                                
                            ]
                        },
                        {
                            "id": 32074,
                            "name": "Мультиметры",
                            "sort": null,
                            "image": {
                                "dark": {
                                    "pdf": "https://static.vlife.kz/icons/Smartphones.pdf",
                                    "svg": "https://static.vlife.kz/icons/car.svg"
                                },
                                "light": {
                                    "pdf": "https://static.vlife.kz/icons/Smartphones.pdf",
                                    "svg": "https://static.vlife.kz/icons/car.svg"
                                }
                            },
                            "isAccent": false,
                            "description": "Мультиметры ",
                            "isTabbedChildren": false,
                            "children": [
                                
                            ]
                        },
                        {
                            "id": 32075,
                            "name": "Оптические нивелиры",
                            "sort": null,
                            "image": {
                                "dark": {
                                    "pdf": "https://static.vlife.kz/icons/Smartphones.pdf",
                                    "svg": "https://static.vlife.kz/icons/car.svg"
                                },
                                "light": {
                                    "pdf": "https://static.vlife.kz/icons/Smartphones.pdf",
                                    "svg": "https://static.vlife.kz/icons/car.svg"
                                }
                            },
                            "isAccent": false,
                            "description": "Оптические нивелиры ",
                            "isTabbedChildren": false,
                            "children": [
                                
                            ]
                        },
                        {
                            "id": 32076,
                            "name": "Пирометры и тепловизоры",
                            "sort": null,
                            "image": {
                                "dark": {
                                    "pdf": "https://static.vlife.kz/icons/Smartphones.pdf",
                                    "svg": "https://static.vlife.kz/icons/car.svg"
                                },
                                "light": {
                                    "pdf": "https://static.vlife.kz/icons/Smartphones.pdf",
                                    "svg": "https://static.vlife.kz/icons/car.svg"
                                }
                            },
                            "isAccent": false,
                            "description": "Пирометры и тепловизоры ",
                            "isTabbedChildren": false,
                            "children": [
                                
                            ]
                        },
                        {
                            "id": 32077,
                            "name": "Ручные уровни",
                            "sort": null,
                            "image": {
                                "dark": {
                                    "pdf": "https://static.vlife.kz/icons/Smartphones.pdf",
                                    "svg": "https://static.vlife.kz/icons/car.svg"
                                },
                                "light": {
                                    "pdf": "https://static.vlife.kz/icons/Smartphones.pdf",
                                    "svg": "https://static.vlife.kz/icons/car.svg"
                                }
                            },
                            "isAccent": false,
                            "description": "Ручные уровни ",
                            "isTabbedChildren": false,
                            "children": [
                                
                            ]
                        },
                        {
                            "id": 32078,
                            "name": "Счетчики воды",
                            "sort": null,
                            "image": {
                                "dark": {
                                    "pdf": "https://static.vlife.kz/icons/Smartphones.pdf",
                                    "svg": "https://static.vlife.kz/icons/car.svg"
                                },
                                "light": {
                                    "pdf": "https://static.vlife.kz/icons/Smartphones.pdf",
                                    "svg": "https://static.vlife.kz/icons/car.svg"
                                }
                            },
                            "isAccent": false,
                            "description": "Счетчики воды ",
                            "isTabbedChildren": false,
                            "children": [
                                
                            ]
                        },
                        {
                            "id": 32079,
                            "name": "Толщиномеры",
                            "sort": null,
                            "image": {
                                "dark": {
                                    "pdf": "https://static.vlife.kz/icons/Smartphones.pdf",
                                    "svg": "https://static.vlife.kz/icons/car.svg"
                                },
                                "light": {
                                    "pdf": "https://static.vlife.kz/icons/Smartphones.pdf",
                                    "svg": "https://static.vlife.kz/icons/car.svg"
                                }
                            },
                            "isAccent": false,
                            "description": "Толщиномеры ",
                            "isTabbedChildren": false,
                            "children": [
                                
                            ]
                        },
                        {
                            "id": 32080,
                            "name": "Угломеры и уклономеры",
                            "sort": null,
                            "image": {
                                "dark": {
                                    "pdf": "https://static.vlife.kz/icons/Smartphones.pdf",
                                    "svg": "https://static.vlife.kz/icons/car.svg"
                                },
                                "light": {
                                    "pdf": "https://static.vlife.kz/icons/Smartphones.pdf",
                                    "svg": "https://static.vlife.kz/icons/car.svg"
                                }
                            },
                            "isAccent": false,
                            "description": "Угломеры и уклономеры ",
                            "isTabbedChildren": false,
                            "children": [
                                
                            ]
                        },
                        {
                            "id": 32081,
                            "name": "Штангенциркули",
                            "sort": null,
                            "image": {
                                "dark": {
                                    "pdf": "https://static.vlife.kz/icons/Smartphones.pdf",
                                    "svg": "https://static.vlife.kz/icons/car.svg"
                                },
                                "light": {
                                    "pdf": "https://static.vlife.kz/icons/Smartphones.pdf",
                                    "svg": "https://static.vlife.kz/icons/car.svg"
                                }
                            },
                            "isAccent": false,
                            "description": "Штангенциркули ",
                            "isTabbedChildren": false,
                            "children": [
                                
                            ]
                        },
                        {
                            "id": 32082,
                            "name": "Штативы для нивелиров",
                            "sort": null,
                            "image": {
                                "dark": {
                                    "pdf": "https://static.vlife.kz/icons/Smartphones.pdf",
                                    "svg": "https://static.vlife.kz/icons/car.svg"
                                },
                                "light": {
                                    "pdf": "https://static.vlife.kz/icons/Smartphones.pdf",
                                    "svg": "https://static.vlife.kz/icons/car.svg"
                                }
                            },
                            "isAccent": false,
                            "description": "Штативы для нивелиров",
                            "isTabbedChildren": false,
                            "children": [
                                
                            ]
                        }
                    ]
                },
                {
                    "id": 32105,
                    "name": "Лакокрасочные материалы",
                    "sort": null,
                    "image": {
                        "dark": {
                            "pdf": "https://static.vlife.kz/icons/Smartphones.pdf",
                            "svg": "https://static.vlife.kz/icons/car.svg"
                        },
                        "light": {
                            "pdf": "https://static.vlife.kz/icons/Smartphones.pdf",
                            "svg": "https://static.vlife.kz/icons/car.svg"
                        }
                    },
                    "isAccent": false,
                    "description": "Лакокрасочные материалы",
                    "isTabbedChildren": false,
                    "children": [
                        {
                            "id": 32106,
                            "name": "Строительные краски",
                            "sort": null,
                            "image": {
                                "dark": {
                                    "pdf": "https://static.vlife.kz/icons/Smartphones.pdf",
                                    "svg": "https://static.vlife.kz/icons/car.svg"
                                },
                                "light": {
                                    "pdf": "https://static.vlife.kz/icons/Smartphones.pdf",
                                    "svg": "https://static.vlife.kz/icons/car.svg"
                                }
                            },
                            "isAccent": false,
                            "description": "Строительные краски ",
                            "isTabbedChildren": false,
                            "children": [
                                
                            ]
                        },
                        {
                            "id": 32107,
                            "name": "Строительные эмали",
                            "sort": null,
                            "image": {
                                "dark": {
                                    "pdf": "https://static.vlife.kz/icons/Smartphones.pdf",
                                    "svg": "https://static.vlife.kz/icons/car.svg"
                                },
                                "light": {
                                    "pdf": "https://static.vlife.kz/icons/Smartphones.pdf",
                                    "svg": "https://static.vlife.kz/icons/car.svg"
                                }
                            },
                            "isAccent": false,
                            "description": "Строительные эмали",
                            "isTabbedChildren": false,
                            "children": [
                                
                            ]
                        }
                    ]
                },
                {
                    "id": 32108,
                    "name": "Напольные покрытия",
                    "sort": null,
                    "image": {
                        "dark": {
                            "pdf": "https://static.vlife.kz/icons/Smartphones.pdf",
                            "svg": "https://static.vlife.kz/icons/car.svg"
                        },
                        "light": {
                            "pdf": "https://static.vlife.kz/icons/Smartphones.pdf",
                            "svg": "https://static.vlife.kz/icons/car.svg"
                        }
                    },
                    "isAccent": false,
                    "description": "Напольные покрытия",
                    "isTabbedChildren": false,
                    "children": [
                        {
                            "id": 32109,
                            "name": "Ламинат",
                            "sort": null,
                            "image": {
                                "dark": {
                                    "pdf": "https://static.vlife.kz/icons/Smartphones.pdf",
                                    "svg": "https://static.vlife.kz/icons/car.svg"
                                },
                                "light": {
                                    "pdf": "https://static.vlife.kz/icons/Smartphones.pdf",
                                    "svg": "https://static.vlife.kz/icons/car.svg"
                                }
                            },
                            "isAccent": false,
                            "description": "Ламинат",
                            "isTabbedChildren": false,
                            "children": [
                                
                            ]
                        }
                    ]
                },
                {
                    "id": 32110,
                    "name": "Оснастка для инструмента",
                    "sort": null,
                    "image": {
                        "dark": {
                            "pdf": "https://static.vlife.kz/icons/Smartphones.pdf",
                            "svg": "https://static.vlife.kz/icons/car.svg"
                        },
                        "light": {
                            "pdf": "https://static.vlife.kz/icons/Smartphones.pdf",
                            "svg": "https://static.vlife.kz/icons/car.svg"
                        }
                    },
                    "isAccent": false,
                    "description": "Оснастка для инструмента",
                    "isTabbedChildren": false,
                    "children": [
                        {
                            "id": 32111,
                            "name": "Аккумуляторы для инструментов",
                            "sort": null,
                            "image": {
                                "dark": {
                                    "pdf": "https://static.vlife.kz/icons/Smartphones.pdf",
                                    "svg": "https://static.vlife.kz/icons/car.svg"
                                },
                                "light": {
                                    "pdf": "https://static.vlife.kz/icons/Smartphones.pdf",
                                    "svg": "https://static.vlife.kz/icons/car.svg"
                                }
                            },
                            "isAccent": false,
                            "description": "Аккумуляторы для инструментов ",
                            "isTabbedChildren": false,
                            "children": [
                                
                            ]
                        },
                        {
                            "id": 32112,
                            "name": "Зарядные устройства для инструментов",
                            "sort": null,
                            "image": {
                                "dark": {
                                    "pdf": "https://static.vlife.kz/icons/Smartphones.pdf",
                                    "svg": "https://static.vlife.kz/icons/car.svg"
                                },
                                "light": {
                                    "pdf": "https://static.vlife.kz/icons/Smartphones.pdf",
                                    "svg": "https://static.vlife.kz/icons/car.svg"
                                }
                            },
                            "isAccent": false,
                            "description": "Зарядные устройства для инструментов ",
                            "isTabbedChildren": false,
                            "children": [
                                
                            ]
                        },
                        {
                            "id": 32113,
                            "name": "Отрезные диски",
                            "sort": null,
                            "image": {
                                "dark": {
                                    "pdf": "https://static.vlife.kz/icons/Smartphones.pdf",
                                    "svg": "https://static.vlife.kz/icons/car.svg"
                                },
                                "light": {
                                    "pdf": "https://static.vlife.kz/icons/Smartphones.pdf",
                                    "svg": "https://static.vlife.kz/icons/car.svg"
                                }
                            },
                            "isAccent": false,
                            "description": "Отрезные диски",
                            "isTabbedChildren": false,
                            "children": [
                                
                            ]
                        },
                        {
                            "id": 32114,
                            "name": "Пильные диски",
                            "sort": null,
                            "image": {
                                "dark": {
                                    "pdf": "https://static.vlife.kz/icons/Smartphones.pdf",
                                    "svg": "https://static.vlife.kz/icons/car.svg"
                                },
                                "light": {
                                    "pdf": "https://static.vlife.kz/icons/Smartphones.pdf",
                                    "svg": "https://static.vlife.kz/icons/car.svg"
                                }
                            },
                            "isAccent": false,
                            "description": "Пильные диски ",
                            "isTabbedChildren": false,
                            "children": [
                                
                            ]
                        },
                        {
                            "id": 32115,
                            "name": "Проволока для сварки",
                            "sort": null,
                            "image": {
                                "dark": {
                                    "pdf": "https://static.vlife.kz/icons/Smartphones.pdf",
                                    "svg": "https://static.vlife.kz/icons/car.svg"
                                },
                                "light": {
                                    "pdf": "https://static.vlife.kz/icons/Smartphones.pdf",
                                    "svg": "https://static.vlife.kz/icons/car.svg"
                                }
                            },
                            "isAccent": false,
                            "description": "Проволока для сварки ",
                            "isTabbedChildren": false,
                            "children": [
                                
                            ]
                        },
                        {
                            "id": 32116,
                            "name": "Электроды для сварки",
                            "sort": null,
                            "image": {
                                "dark": {
                                    "pdf": "https://static.vlife.kz/icons/Smartphones.pdf",
                                    "svg": "https://static.vlife.kz/icons/car.svg"
                                },
                                "light": {
                                    "pdf": "https://static.vlife.kz/icons/Smartphones.pdf",
                                    "svg": "https://static.vlife.kz/icons/car.svg"
                                }
                            },
                            "isAccent": false,
                            "description": "Электроды для сварки",
                            "isTabbedChildren": false,
                            "children": [
                                
                            ]
                        }
                    ]
                },
                {
                    "id": 32117,
                    "name": "Отделочные материалы",
                    "sort": null,
                    "image": {
                        "dark": {
                            "pdf": "https://static.vlife.kz/icons/Smartphones.pdf",
                            "svg": "https://static.vlife.kz/icons/car.svg"
                        },
                        "light": {
                            "pdf": "https://static.vlife.kz/icons/Smartphones.pdf",
                            "svg": "https://static.vlife.kz/icons/car.svg"
                        }
                    },
                    "isAccent": false,
                    "description": "Отделочные материалы",
                    "isTabbedChildren": false,
                    "children": [
                        {
                            "id": 32118,
                            "name": "Гипсокартон",
                            "sort": null,
                            "image": {
                                "dark": {
                                    "pdf": "https://static.vlife.kz/icons/Smartphones.pdf",
                                    "svg": "https://static.vlife.kz/icons/car.svg"
                                },
                                "light": {
                                    "pdf": "https://static.vlife.kz/icons/Smartphones.pdf",
                                    "svg": "https://static.vlife.kz/icons/car.svg"
                                }
                            },
                            "isAccent": false,
                            "description": "Гипсокартон ",
                            "isTabbedChildren": false,
                            "children": [
                                
                            ]
                        },
                        {
                            "id": 32119,
                            "name": "Обои",
                            "sort": null,
                            "image": {
                                "dark": {
                                    "pdf": "https://static.vlife.kz/icons/Smartphones.pdf",
                                    "svg": "https://static.vlife.kz/icons/car.svg"
                                },
                                "light": {
                                    "pdf": "https://static.vlife.kz/icons/Smartphones.pdf",
                                    "svg": "https://static.vlife.kz/icons/car.svg"
                                }
                            },
                            "isAccent": false,
                            "description": "Обои ",
                            "isTabbedChildren": false,
                            "children": [
                                
                            ]
                        },
                        {
                            "id": 32120,
                            "name": "Плитка из керамогранита",
                            "sort": null,
                            "image": {
                                "dark": {
                                    "pdf": "https://static.vlife.kz/icons/Smartphones.pdf",
                                    "svg": "https://static.vlife.kz/icons/car.svg"
                                },
                                "light": {
                                    "pdf": "https://static.vlife.kz/icons/Smartphones.pdf",
                                    "svg": "https://static.vlife.kz/icons/car.svg"
                                }
                            },
                            "isAccent": false,
                            "description": "Плитка из керамогранита",
                            "isTabbedChildren": false,
                            "children": [
                                
                            ]
                        }
                    ]
                },
                {
                    "id": 32121,
                    "name": "Ручные инструменты",
                    "sort": null,
                    "image": {
                        "dark": {
                            "pdf": "https://static.vlife.kz/icons/Smartphones.pdf",
                            "svg": "https://static.vlife.kz/icons/car.svg"
                        },
                        "light": {
                            "pdf": "https://static.vlife.kz/icons/Smartphones.pdf",
                            "svg": "https://static.vlife.kz/icons/car.svg"
                        }
                    },
                    "isAccent": false,
                    "description": "Ручные инструменты",
                    "isTabbedChildren": false,
                    "children": [
                        {
                            "id": 32122,
                            "name": "Верстаки",
                            "sort": null,
                            "image": {
                                "dark": {
                                    "pdf": "https://static.vlife.kz/icons/Smartphones.pdf",
                                    "svg": "https://static.vlife.kz/icons/car.svg"
                                },
                                "light": {
                                    "pdf": "https://static.vlife.kz/icons/Smartphones.pdf",
                                    "svg": "https://static.vlife.kz/icons/car.svg"
                                }
                            },
                            "isAccent": false,
                            "description": "Верстаки ",
                            "isTabbedChildren": false,
                            "children": [
                                
                            ]
                        },
                        {
                            "id": 32123,
                            "name": "Лопаты",
                            "sort": null,
                            "image": {
                                "dark": {
                                    "pdf": "https://static.vlife.kz/icons/Smartphones.pdf",
                                    "svg": "https://static.vlife.kz/icons/car.svg"
                                },
                                "light": {
                                    "pdf": "https://static.vlife.kz/icons/Smartphones.pdf",
                                    "svg": "https://static.vlife.kz/icons/car.svg"
                                }
                            },
                            "isAccent": false,
                            "description": "Лопаты ",
                            "isTabbedChildren": false,
                            "children": [
                                
                            ]
                        },
                        {
                            "id": 32124,
                            "name": "Молотки и кувалды",
                            "sort": null,
                            "image": {
                                "dark": {
                                    "pdf": "https://static.vlife.kz/icons/Smartphones.pdf",
                                    "svg": "https://static.vlife.kz/icons/car.svg"
                                },
                                "light": {
                                    "pdf": "https://static.vlife.kz/icons/Smartphones.pdf",
                                    "svg": "https://static.vlife.kz/icons/car.svg"
                                }
                            },
                            "isAccent": false,
                            "description": "Молотки и кувалды",
                            "isTabbedChildren": false,
                            "children": [
                                
                            ]
                        },
                        {
                            "id": 32125,
                            "name": "Отвертки",
                            "sort": null,
                            "image": {
                                "dark": {
                                    "pdf": "https://static.vlife.kz/icons/Smartphones.pdf",
                                    "svg": "https://static.vlife.kz/icons/car.svg"
                                },
                                "light": {
                                    "pdf": "https://static.vlife.kz/icons/Smartphones.pdf",
                                    "svg": "https://static.vlife.kz/icons/car.svg"
                                }
                            },
                            "isAccent": false,
                            "description": "Отвертки ",
                            "isTabbedChildren": false,
                            "children": [
                                
                            ]
                        },
                        {
                            "id": 32126,
                            "name": "Плоскогубцы и пассатижи",
                            "sort": null,
                            "image": {
                                "dark": {
                                    "pdf": "https://static.vlife.kz/icons/Smartphones.pdf",
                                    "svg": "https://static.vlife.kz/icons/car.svg"
                                },
                                "light": {
                                    "pdf": "https://static.vlife.kz/icons/Smartphones.pdf",
                                    "svg": "https://static.vlife.kz/icons/car.svg"
                                }
                            },
                            "isAccent": false,
                            "description": "Плоскогубцы и пассатижи ",
                            "isTabbedChildren": false,
                            "children": [
                                
                            ]
                        },
                        {
                            "id": 32127,
                            "name": "Ручные пилы и ножовки",
                            "sort": null,
                            "image": {
                                "dark": {
                                    "pdf": "https://static.vlife.kz/icons/Smartphones.pdf",
                                    "svg": "https://static.vlife.kz/icons/car.svg"
                                },
                                "light": {
                                    "pdf": "https://static.vlife.kz/icons/Smartphones.pdf",
                                    "svg": "https://static.vlife.kz/icons/car.svg"
                                }
                            },
                            "isAccent": false,
                            "description": "Ручные пилы и ножовки ",
                            "isTabbedChildren": false,
                            "children": [
                                
                            ]
                        },
                        {
                            "id": 32128,
                            "name": "Снегоуборочные лопаты",
                            "sort": null,
                            "image": {
                                "dark": {
                                    "pdf": "https://static.vlife.kz/icons/Smartphones.pdf",
                                    "svg": "https://static.vlife.kz/icons/car.svg"
                                },
                                "light": {
                                    "pdf": "https://static.vlife.kz/icons/Smartphones.pdf",
                                    "svg": "https://static.vlife.kz/icons/car.svg"
                                }
                            },
                            "isAccent": false,
                            "description": "Снегоуборочные лопаты ",
                            "isTabbedChildren": false,
                            "children": [
                                
                            ]
                        },
                        {
                            "id": 32129,
                            "name": "Топоры",
                            "sort": null,
                            "image": {
                                "dark": {
                                    "pdf": "https://static.vlife.kz/icons/Smartphones.pdf",
                                    "svg": "https://static.vlife.kz/icons/car.svg"
                                },
                                "light": {
                                    "pdf": "https://static.vlife.kz/icons/Smartphones.pdf",
                                    "svg": "https://static.vlife.kz/icons/car.svg"
                                }
                            },
                            "isAccent": false,
                            "description": "Топоры ",
                            "isTabbedChildren": false,
                            "children": [
                                
                            ]
                        },
                        {
                            "id": 32130,
                            "name": "Трубогибы",
                            "sort": null,
                            "image": {
                                "dark": {
                                    "pdf": "https://static.vlife.kz/icons/Smartphones.pdf",
                                    "svg": "https://static.vlife.kz/icons/car.svg"
                                },
                                "light": {
                                    "pdf": "https://static.vlife.kz/icons/Smartphones.pdf",
                                    "svg": "https://static.vlife.kz/icons/car.svg"
                                }
                            },
                            "isAccent": false,
                            "description": "Трубогибы",
                            "isTabbedChildren": false,
                            "children": [
                                
                            ]
                        }
                    ]
                },
                {
                    "id": 32131,
                    "name": "Сантехника",
                    "sort": null,
                    "image": {
                        "dark": {
                            "pdf": "https://static.vlife.kz/icons/Smartphones.pdf",
                            "svg": "https://static.vlife.kz/icons/car.svg"
                        },
                        "light": {
                            "pdf": "https://static.vlife.kz/icons/Smartphones.pdf",
                            "svg": "https://static.vlife.kz/icons/car.svg"
                        }
                    },
                    "isAccent": false,
                    "description": "Сантехника",
                    "isTabbedChildren": false,
                    "children": [
                        {
                            "id": 32132,
                            "name": "Ванны",
                            "sort": null,
                            "image": {
                                "dark": {
                                    "pdf": "https://static.vlife.kz/icons/Smartphones.pdf",
                                    "svg": "https://static.vlife.kz/icons/car.svg"
                                },
                                "light": {
                                    "pdf": "https://static.vlife.kz/icons/Smartphones.pdf",
                                    "svg": "https://static.vlife.kz/icons/car.svg"
                                }
                            },
                            "isAccent": false,
                            "description": "Ванны ",
                            "isTabbedChildren": false,
                            "children": [
                                
                            ]
                        },
                        {
                            "id": 32133,
                            "name": "Душевые кабины",
                            "sort": null,
                            "image": {
                                "dark": {
                                    "pdf": "https://static.vlife.kz/icons/Smartphones.pdf",
                                    "svg": "https://static.vlife.kz/icons/car.svg"
                                },
                                "light": {
                                    "pdf": "https://static.vlife.kz/icons/Smartphones.pdf",
                                    "svg": "https://static.vlife.kz/icons/car.svg"
                                }
                            },
                            "isAccent": false,
                            "description": "Душевые кабины",
                            "isTabbedChildren": false,
                            "children": [
                                
                            ]
                        },
                        {
                            "id": 32134,
                            "name": "Душевые ограждения",
                            "sort": null,
                            "image": {
                                "dark": {
                                    "pdf": "https://static.vlife.kz/icons/Smartphones.pdf",
                                    "svg": "https://static.vlife.kz/icons/car.svg"
                                },
                                "light": {
                                    "pdf": "https://static.vlife.kz/icons/Smartphones.pdf",
                                    "svg": "https://static.vlife.kz/icons/car.svg"
                                }
                            },
                            "isAccent": false,
                            "description": "Душевые ограждения ",
                            "isTabbedChildren": false,
                            "children": [
                                
                            ]
                        },
                        {
                            "id": 32135,
                            "name": "Души и душевые гарнитуры",
                            "sort": null,
                            "image": {
                                "dark": {
                                    "pdf": "https://static.vlife.kz/icons/Smartphones.pdf",
                                    "svg": "https://static.vlife.kz/icons/car.svg"
                                },
                                "light": {
                                    "pdf": "https://static.vlife.kz/icons/Smartphones.pdf",
                                    "svg": "https://static.vlife.kz/icons/car.svg"
                                }
                            },
                            "isAccent": false,
                            "description": "Души и душевые гарнитуры ",
                            "isTabbedChildren": false,
                            "children": [
                                
                            ]
                        },
                        {
                            "id": 32136,
                            "name": "Инсталляции для унитазов",
                            "sort": null,
                            "image": {
                                "dark": {
                                    "pdf": "https://static.vlife.kz/icons/Smartphones.pdf",
                                    "svg": "https://static.vlife.kz/icons/car.svg"
                                },
                                "light": {
                                    "pdf": "https://static.vlife.kz/icons/Smartphones.pdf",
                                    "svg": "https://static.vlife.kz/icons/car.svg"
                                }
                            },
                            "isAccent": false,
                            "description": "Инсталляции для унитазов ",
                            "isTabbedChildren": false,
                            "children": [
                                
                            ]
                        },
                        {
                            "id": 32137,
                            "name": "Кухонные мойки",
                            "sort": null,
                            "image": {
                                "dark": {
                                    "pdf": "https://static.vlife.kz/icons/Smartphones.pdf",
                                    "svg": "https://static.vlife.kz/icons/car.svg"
                                },
                                "light": {
                                    "pdf": "https://static.vlife.kz/icons/Smartphones.pdf",
                                    "svg": "https://static.vlife.kz/icons/car.svg"
                                }
                            },
                            "isAccent": false,
                            "description": "Кухонные мойки",
                            "isTabbedChildren": false,
                            "children": [
                                
                            ]
                        },
                        {
                            "id": 32138,
                            "name": "Раковины",
                            "sort": null,
                            "image": {
                                "dark": {
                                    "pdf": "https://static.vlife.kz/icons/Smartphones.pdf",
                                    "svg": "https://static.vlife.kz/icons/car.svg"
                                },
                                "light": {
                                    "pdf": "https://static.vlife.kz/icons/Smartphones.pdf",
                                    "svg": "https://static.vlife.kz/icons/car.svg"
                                }
                            },
                            "isAccent": false,
                            "description": "Раковины ",
                            "isTabbedChildren": false,
                            "children": [
                                
                            ]
                        },
                        {
                            "id": 32139,
                            "name": "Сифоны и трапы",
                            "sort": null,
                            "image": {
                                "dark": {
                                    "pdf": "https://static.vlife.kz/icons/Smartphones.pdf",
                                    "svg": "https://static.vlife.kz/icons/car.svg"
                                },
                                "light": {
                                    "pdf": "https://static.vlife.kz/icons/Smartphones.pdf",
                                    "svg": "https://static.vlife.kz/icons/car.svg"
                                }
                            },
                            "isAccent": false,
                            "description": "Сифоны и трапы ",
                            "isTabbedChildren": false,
                            "children": [
                                
                            ]
                        },
                        {
                            "id": 32140,
                            "name": "Смесители",
                            "sort": null,
                            "image": {
                                "dark": {
                                    "pdf": "https://static.vlife.kz/icons/Smartphones.pdf",
                                    "svg": "https://static.vlife.kz/icons/car.svg"
                                },
                                "light": {
                                    "pdf": "https://static.vlife.kz/icons/Smartphones.pdf",
                                    "svg": "https://static.vlife.kz/icons/car.svg"
                                }
                            },
                            "isAccent": false,
                            "description": "Смесители ",
                            "isTabbedChildren": false,
                            "children": [
                                
                            ]
                        },
                        {
                            "id": 32141,
                            "name": "Сушилки для рук",
                            "sort": null,
                            "image": {
                                "dark": {
                                    "pdf": "https://static.vlife.kz/icons/Smartphones.pdf",
                                    "svg": "https://static.vlife.kz/icons/car.svg"
                                },
                                "light": {
                                    "pdf": "https://static.vlife.kz/icons/Smartphones.pdf",
                                    "svg": "https://static.vlife.kz/icons/car.svg"
                                }
                            },
                            "isAccent": false,
                            "description": "Сушилки для рук ",
                            "isTabbedChildren": false,
                            "children": [
                                
                            ]
                        },
                        {
                            "id": 32142,
                            "name": "Унитазы",
                            "sort": null,
                            "image": {
                                "dark": {
                                    "pdf": "https://static.vlife.kz/icons/Smartphones.pdf",
                                    "svg": "https://static.vlife.kz/icons/car.svg"
                                },
                                "light": {
                                    "pdf": "https://static.vlife.kz/icons/Smartphones.pdf",
                                    "svg": "https://static.vlife.kz/icons/car.svg"
                                }
                            },
                            "isAccent": false,
                            "description": "Унитазы",
                            "isTabbedChildren": false,
                            "children": [
                                
                            ]
                        }
                    ]
                },
                {
                    "id": 32143,
                    "name": "Системы отопления",
                    "sort": null,
                    "image": {
                        "dark": {
                            "pdf": "https://static.vlife.kz/icons/Smartphones.pdf",
                            "svg": "https://static.vlife.kz/icons/car.svg"
                        },
                        "light": {
                            "pdf": "https://static.vlife.kz/icons/Smartphones.pdf",
                            "svg": "https://static.vlife.kz/icons/car.svg"
                        }
                    },
                    "isAccent": false,
                    "description": "Системы отопления",
                    "isTabbedChildren": false,
                    "children": [
                        {
                            "id": 32144,
                            "name": "Полотенцесушители",
                            "sort": null,
                            "image": {
                                "dark": {
                                    "pdf": "https://static.vlife.kz/icons/Smartphones.pdf",
                                    "svg": "https://static.vlife.kz/icons/car.svg"
                                },
                                "light": {
                                    "pdf": "https://static.vlife.kz/icons/Smartphones.pdf",
                                    "svg": "https://static.vlife.kz/icons/car.svg"
                                }
                            },
                            "isAccent": false,
                            "description": "Полотенцесушители",
                            "isTabbedChildren": false,
                            "children": [
                                
                            ]
                        },
                        {
                            "id": 32145,
                            "name": "Радиаторы отопления",
                            "sort": null,
                            "image": {
                                "dark": {
                                    "pdf": "https://static.vlife.kz/icons/Smartphones.pdf",
                                    "svg": "https://static.vlife.kz/icons/car.svg"
                                },
                                "light": {
                                    "pdf": "https://static.vlife.kz/icons/Smartphones.pdf",
                                    "svg": "https://static.vlife.kz/icons/car.svg"
                                }
                            },
                            "isAccent": false,
                            "description": "Радиаторы отопления ",
                            "isTabbedChildren": false,
                            "children": [
                                
                            ]
                        },
                        {
                            "id": 32146,
                            "name": "Электрокамины",
                            "sort": null,
                            "image": {
                                "dark": {
                                    "pdf": "https://static.vlife.kz/icons/Smartphones.pdf",
                                    "svg": "https://static.vlife.kz/icons/car.svg"
                                },
                                "light": {
                                    "pdf": "https://static.vlife.kz/icons/Smartphones.pdf",
                                    "svg": "https://static.vlife.kz/icons/car.svg"
                                }
                            },
                            "isAccent": false,
                            "description": "Электрокамины",
                            "isTabbedChildren": false,
                            "children": [
                                
                            ]
                        }
                    ]
                },
                {
                    "id": 32147,
                    "name": "Строительное оборудование",
                    "sort": null,
                    "image": {
                        "dark": {
                            "pdf": "https://static.vlife.kz/icons/Smartphones.pdf",
                            "svg": "https://static.vlife.kz/icons/car.svg"
                        },
                        "light": {
                            "pdf": "https://static.vlife.kz/icons/Smartphones.pdf",
                            "svg": "https://static.vlife.kz/icons/car.svg"
                        }
                    },
                    "isAccent": false,
                    "description": "Строительное оборудование ",
                    "isTabbedChildren": false,
                    "children": [
                        {
                            "id": 32148,
                            "name": "Аппараты для плазменной резки",
                            "sort": null,
                            "image": {
                                "dark": {
                                    "pdf": "https://static.vlife.kz/icons/Smartphones.pdf",
                                    "svg": "https://static.vlife.kz/icons/car.svg"
                                },
                                "light": {
                                    "pdf": "https://static.vlife.kz/icons/Smartphones.pdf",
                                    "svg": "https://static.vlife.kz/icons/car.svg"
                                }
                            },
                            "isAccent": false,
                            "description": "Аппараты для плазменной резки",
                            "isTabbedChildren": false,
                            "children": [
                                
                            ]
                        },
                        {
                            "id": 32149,
                            "name": "Аппараты для сварки пластиковых труб",
                            "sort": null,
                            "image": {
                                "dark": {
                                    "pdf": "https://static.vlife.kz/icons/Smartphones.pdf",
                                    "svg": "https://static.vlife.kz/icons/car.svg"
                                },
                                "light": {
                                    "pdf": "https://static.vlife.kz/icons/Smartphones.pdf",
                                    "svg": "https://static.vlife.kz/icons/car.svg"
                                }
                            },
                            "isAccent": false,
                            "description": "Аппараты для сварки пластиковых труб ",
                            "isTabbedChildren": false,
                            "children": [
                                
                            ]
                        },
                        {
                            "id": 32150,
                            "name": "Аппараты для точечной сварки",
                            "sort": null,
                            "image": {
                                "dark": {
                                    "pdf": "https://static.vlife.kz/icons/Smartphones.pdf",
                                    "svg": "https://static.vlife.kz/icons/car.svg"
                                },
                                "light": {
                                    "pdf": "https://static.vlife.kz/icons/Smartphones.pdf",
                                    "svg": "https://static.vlife.kz/icons/car.svg"
                                }
                            },
                            "isAccent": false,
                            "description": "Аппараты для точечной сварки ",
                            "isTabbedChildren": false,
                            "children": [
                                
                            ]
                        },
                        {
                            "id": 32151,
                            "name": "Бетономешалки",
                            "sort": null,
                            "image": {
                                "dark": {
                                    "pdf": "https://static.vlife.kz/icons/Smartphones.pdf",
                                    "svg": "https://static.vlife.kz/icons/car.svg"
                                },
                                "light": {
                                    "pdf": "https://static.vlife.kz/icons/Smartphones.pdf",
                                    "svg": "https://static.vlife.kz/icons/car.svg"
                                }
                            },
                            "isAccent": false,
                            "description": "Бетономешалки ",
                            "isTabbedChildren": false,
                            "children": [
                                
                            ]
                        },
                        {
                            "id": 32152,
                            "name": "Воздушные компрессоры",
                            "sort": null,
                            "image": {
                                "dark": {
                                    "pdf": "https://static.vlife.kz/icons/Smartphones.pdf",
                                    "svg": "https://static.vlife.kz/icons/car.svg"
                                },
                                "light": {
                                    "pdf": "https://static.vlife.kz/icons/Smartphones.pdf",
                                    "svg": "https://static.vlife.kz/icons/car.svg"
                                }
                            },
                            "isAccent": false,
                            "description": "Воздушные компрессоры ",
                            "isTabbedChildren": false,
                            "children": [
                                
                            ]
                        },
                        {
                            "id": 32153,
                            "name": "Гвоздезабивные пистолеты и скобозабиватели",
                            "sort": null,
                            "image": {
                                "dark": {
                                    "pdf": "https://static.vlife.kz/icons/Smartphones.pdf",
                                    "svg": "https://static.vlife.kz/icons/car.svg"
                                },
                                "light": {
                                    "pdf": "https://static.vlife.kz/icons/Smartphones.pdf",
                                    "svg": "https://static.vlife.kz/icons/car.svg"
                                }
                            },
                            "isAccent": false,
                            "description": "Гвоздезабивные пистолеты и скобозабиватели ",
                            "isTabbedChildren": false,
                            "children": [
                                
                            ]
                        },
                        {
                            "id": 32154,
                            "name": "Краскопульты",
                            "sort": null,
                            "image": {
                                "dark": {
                                    "pdf": "https://static.vlife.kz/icons/Smartphones.pdf",
                                    "svg": "https://static.vlife.kz/icons/car.svg"
                                },
                                "light": {
                                    "pdf": "https://static.vlife.kz/icons/Smartphones.pdf",
                                    "svg": "https://static.vlife.kz/icons/car.svg"
                                }
                            },
                            "isAccent": false,
                            "description": "Краскопульты ",
                            "isTabbedChildren": false,
                            "children": [
                                
                            ]
                        },
                        {
                            "id": 32155,
                            "name": "Маски и очки для сварки",
                            "sort": null,
                            "image": {
                                "dark": {
                                    "pdf": "https://static.vlife.kz/icons/Smartphones.pdf",
                                    "svg": "https://static.vlife.kz/icons/car.svg"
                                },
                                "light": {
                                    "pdf": "https://static.vlife.kz/icons/Smartphones.pdf",
                                    "svg": "https://static.vlife.kz/icons/car.svg"
                                }
                            },
                            "isAccent": false,
                            "description": "Маски и очки для сварки ",
                            "isTabbedChildren": false,
                            "children": [
                                
                            ]
                        },
                        {
                            "id": 32156,
                            "name": "Мотобуры",
                            "sort": null,
                            "image": {
                                "dark": {
                                    "pdf": "https://static.vlife.kz/icons/Smartphones.pdf",
                                    "svg": "https://static.vlife.kz/icons/car.svg"
                                },
                                "light": {
                                    "pdf": "https://static.vlife.kz/icons/Smartphones.pdf",
                                    "svg": "https://static.vlife.kz/icons/car.svg"
                                }
                            },
                            "isAccent": false,
                            "description": "Мотобуры ",
                            "isTabbedChildren": false,
                            "children": [
                                
                            ]
                        },
                        {
                            "id": 32157,
                            "name": "Сварочные аппараты",
                            "sort": null,
                            "image": {
                                "dark": {
                                    "pdf": "https://static.vlife.kz/icons/Smartphones.pdf",
                                    "svg": "https://static.vlife.kz/icons/car.svg"
                                },
                                "light": {
                                    "pdf": "https://static.vlife.kz/icons/Smartphones.pdf",
                                    "svg": "https://static.vlife.kz/icons/car.svg"
                                }
                            },
                            "isAccent": false,
                            "description": "Сварочные аппараты",
                            "isTabbedChildren": false,
                            "children": [
                                
                            ]
                        },
                        {
                            "id": 32158,
                            "name": "Сверлильные станки",
                            "sort": null,
                            "image": {
                                "dark": {
                                    "pdf": "https://static.vlife.kz/icons/Smartphones.pdf",
                                    "svg": "https://static.vlife.kz/icons/car.svg"
                                },
                                "light": {
                                    "pdf": "https://static.vlife.kz/icons/Smartphones.pdf",
                                    "svg": "https://static.vlife.kz/icons/car.svg"
                                }
                            },
                            "isAccent": false,
                            "description": "Сверлильные станки",
                            "isTabbedChildren": false,
                            "children": [
                                
                            ]
                        },
                        {
                            "id": 32159,
                            "name": "Строительные глубинные вибраторы",
                            "sort": null,
                            "image": {
                                "dark": {
                                    "pdf": "https://static.vlife.kz/icons/Smartphones.pdf",
                                    "svg": "https://static.vlife.kz/icons/car.svg"
                                },
                                "light": {
                                    "pdf": "https://static.vlife.kz/icons/Smartphones.pdf",
                                    "svg": "https://static.vlife.kz/icons/car.svg"
                                }
                            },
                            "isAccent": false,
                            "description": "Строительные глубинные вибраторы ",
                            "isTabbedChildren": false,
                            "children": [
                                
                            ]
                        },
                        {
                            "id": 32160,
                            "name": "Строительные лестницы и стремянки",
                            "sort": null,
                            "image": {
                                "dark": {
                                    "pdf": "https://static.vlife.kz/icons/Smartphones.pdf",
                                    "svg": "https://static.vlife.kz/icons/car.svg"
                                },
                                "light": {
                                    "pdf": "https://static.vlife.kz/icons/Smartphones.pdf",
                                    "svg": "https://static.vlife.kz/icons/car.svg"
                                }
                            },
                            "isAccent": false,
                            "description": "Строительные лестницы и стремянки ",
                            "isTabbedChildren": false,
                            "children": [
                                
                            ]
                        },
                        {
                            "id": 32161,
                            "name": "Строительные пылесосы",
                            "sort": null,
                            "image": {
                                "dark": {
                                    "pdf": "https://static.vlife.kz/icons/Smartphones.pdf",
                                    "svg": "https://static.vlife.kz/icons/car.svg"
                                },
                                "light": {
                                    "pdf": "https://static.vlife.kz/icons/Smartphones.pdf",
                                    "svg": "https://static.vlife.kz/icons/car.svg"
                                }
                            },
                            "isAccent": false,
                            "description": "Строительные пылесосы ",
                            "isTabbedChildren": false,
                            "children": [
                                
                            ]
                        },
                        {
                            "id": 32162,
                            "name": "Сумки и ящики для инструментов",
                            "sort": null,
                            "image": {
                                "dark": {
                                    "pdf": "https://static.vlife.kz/icons/Smartphones.pdf",
                                    "svg": "https://static.vlife.kz/icons/car.svg"
                                },
                                "light": {
                                    "pdf": "https://static.vlife.kz/icons/Smartphones.pdf",
                                    "svg": "https://static.vlife.kz/icons/car.svg"
                                }
                            },
                            "isAccent": false,
                            "description": "Сумки и ящики для инструментов ",
                            "isTabbedChildren": false,
                            "children": [
                                
                            ]
                        },
                        {
                            "id": 32163,
                            "name": "Тележки и тачки",
                            "sort": null,
                            "image": {
                                "dark": {
                                    "pdf": "https://static.vlife.kz/icons/Smartphones.pdf",
                                    "svg": "https://static.vlife.kz/icons/car.svg"
                                },
                                "light": {
                                    "pdf": "https://static.vlife.kz/icons/Smartphones.pdf",
                                    "svg": "https://static.vlife.kz/icons/car.svg"
                                }
                            },
                            "isAccent": false,
                            "description": "Тележки и тачки ",
                            "isTabbedChildren": false,
                            "children": [
                                
                            ]
                        },
                        {
                            "id": 32164,
                            "name": "Точильные станки",
                            "sort": null,
                            "image": {
                                "dark": {
                                    "pdf": "https://static.vlife.kz/icons/Smartphones.pdf",
                                    "svg": "https://static.vlife.kz/icons/car.svg"
                                },
                                "light": {
                                    "pdf": "https://static.vlife.kz/icons/Smartphones.pdf",
                                    "svg": "https://static.vlife.kz/icons/car.svg"
                                }
                            },
                            "isAccent": false,
                            "description": "Точильные станки",
                            "isTabbedChildren": false,
                            "children": [
                                
                            ]
                        },
                        {
                            "id": 32165,
                            "name": "Фуговальные и рейсмусовые станки",
                            "sort": null,
                            "image": {
                                "dark": {
                                    "pdf": "https://static.vlife.kz/icons/Smartphones.pdf",
                                    "svg": "https://static.vlife.kz/icons/car.svg"
                                },
                                "light": {
                                    "pdf": "https://static.vlife.kz/icons/Smartphones.pdf",
                                    "svg": "https://static.vlife.kz/icons/car.svg"
                                }
                            },
                            "isAccent": false,
                            "description": "Фуговальные и рейсмусовые станки",
                            "isTabbedChildren": false,
                            "children": [
                                
                            ]
                        },
                        {
                            "id": 32166,
                            "name": "Электрические паяльники и паяльные станции",
                            "sort": null,
                            "image": {
                                "dark": {
                                    "pdf": "https://static.vlife.kz/icons/Smartphones.pdf",
                                    "svg": "https://static.vlife.kz/icons/car.svg"
                                },
                                "light": {
                                    "pdf": "https://static.vlife.kz/icons/Smartphones.pdf",
                                    "svg": "https://static.vlife.kz/icons/car.svg"
                                }
                            },
                            "isAccent": false,
                            "description": "Электрические паяльники и паяльные станции",
                            "isTabbedChildren": false,
                            "children": [
                                
                            ]
                        }
                    ]
                },
                {
                    "id": 32167,
                    "name": "Строительные смеси",
                    "sort": null,
                    "image": {
                        "dark": {
                            "pdf": "https://static.vlife.kz/icons/Smartphones.pdf",
                            "svg": "https://static.vlife.kz/icons/car.svg"
                        },
                        "light": {
                            "pdf": "https://static.vlife.kz/icons/Smartphones.pdf",
                            "svg": "https://static.vlife.kz/icons/car.svg"
                        }
                    },
                    "isAccent": false,
                    "description": "Строительные смеси",
                    "isTabbedChildren": false,
                    "children": [
                        {
                            "id": 32170,
                            "name": "Цемент",
                            "sort": null,
                            "image": {
                                "dark": {
                                    "pdf": "https://static.vlife.kz/icons/Smartphones.pdf",
                                    "svg": "https://static.vlife.kz/icons/car.svg"
                                },
                                "light": {
                                    "pdf": "https://static.vlife.kz/icons/Smartphones.pdf",
                                    "svg": "https://static.vlife.kz/icons/car.svg"
                                }
                            },
                            "isAccent": false,
                            "description": "Цемент ",
                            "isTabbedChildren": false,
                            "children": [
                                
                            ]
                        },
                        {
                            "id": 32168,
                            "name": "Строительные затирки",
                            "sort": null,
                            "image": {
                                "dark": {
                                    "pdf": "https://static.vlife.kz/icons/Smartphones.pdf",
                                    "svg": "https://static.vlife.kz/icons/car.svg"
                                },
                                "light": {
                                    "pdf": "https://static.vlife.kz/icons/Smartphones.pdf",
                                    "svg": "https://static.vlife.kz/icons/car.svg"
                                }
                            },
                            "isAccent": false,
                            "description": "Строительные затирки ",
                            "isTabbedChildren": false,
                            "children": [
                                
                            ]
                        },
                        {
                            "id": 32169,
                            "name": "Сухие смеси для пола",
                            "sort": null,
                            "image": {
                                "dark": {
                                    "pdf": "https://static.vlife.kz/icons/Smartphones.pdf",
                                    "svg": "https://static.vlife.kz/icons/car.svg"
                                },
                                "light": {
                                    "pdf": "https://static.vlife.kz/icons/Smartphones.pdf",
                                    "svg": "https://static.vlife.kz/icons/car.svg"
                                }
                            },
                            "isAccent": false,
                            "description": "Сухие смеси для пола ",
                            "isTabbedChildren": false,
                            "children": [
                                
                            ]
                        },
                        {
                            "id": 32171,
                            "name": "Шпатлевочные смеси",
                            "sort": null,
                            "image": {
                                "dark": {
                                    "pdf": "https://static.vlife.kz/icons/Smartphones.pdf",
                                    "svg": "https://static.vlife.kz/icons/car.svg"
                                },
                                "light": {
                                    "pdf": "https://static.vlife.kz/icons/Smartphones.pdf",
                                    "svg": "https://static.vlife.kz/icons/car.svg"
                                }
                            },
                            "isAccent": false,
                            "description": "Шпатлевочные смеси ",
                            "isTabbedChildren": false,
                            "children": [
                                
                            ]
                        },
                        {
                            "id": 32172,
                            "name": "Штукатурки",
                            "sort": null,
                            "image": {
                                "dark": {
                                    "pdf": "https://static.vlife.kz/icons/Smartphones.pdf",
                                    "svg": "https://static.vlife.kz/icons/car.svg"
                                },
                                "light": {
                                    "pdf": "https://static.vlife.kz/icons/Smartphones.pdf",
                                    "svg": "https://static.vlife.kz/icons/car.svg"
                                }
                            },
                            "isAccent": false,
                            "description": "Штукатурки",
                            "isTabbedChildren": false,
                            "children": [
                                
                            ]
                        }
                    ]
                }
            ]
        },
        {
            "id": 32194,
            "name": "Товары для животных",
            "sort": 16,
            "image": {
                "dark": {
                    "pdf": "https://static.vlife.kz/pdf/market/Dog_Bowl_2.pdf",
                    "svg": "https://static.vlife.kz/icons/vlife/market/Dog_Bowl_2.svg"
                },
                "light": {
                    "pdf": "https://static.vlife.kz/pdf/market/Dog_Bowl_2.pdf",
                    "svg": "https://static.vlife.kz/icons/vlife/market/Dog_Bowl_2.svg"
                }
            },
            "isAccent": false,
            "description": "Товары для животных",
            "isTabbedChildren": false,
            "children": [
                {
                    "id": 32195,
                    "name": "Товары для грызунов",
                    "sort": null,
                    "image": {
                        "dark": {
                            "pdf": "https://static.vlife.kz/icons/Smartphones.pdf",
                            "svg": "https://static.vlife.kz/icons/car.svg"
                        },
                        "light": {
                            "pdf": "https://static.vlife.kz/icons/Smartphones.pdf",
                            "svg": "https://static.vlife.kz/icons/car.svg"
                        }
                    },
                    "isAccent": false,
                    "description": "Товары для грызунов",
                    "isTabbedChildren": false,
                    "children": [
                        {
                            "id": 32196,
                            "name": "Клетки и домики для грызунов",
                            "sort": null,
                            "image": {
                                "dark": {
                                    "pdf": "https://static.vlife.kz/icons/Smartphones.pdf",
                                    "svg": "https://static.vlife.kz/icons/car.svg"
                                },
                                "light": {
                                    "pdf": "https://static.vlife.kz/icons/Smartphones.pdf",
                                    "svg": "https://static.vlife.kz/icons/car.svg"
                                }
                            },
                            "isAccent": false,
                            "description": "Клетки и домики для грызунов ",
                            "isTabbedChildren": false,
                            "children": [
                                
                            ]
                        },
                        {
                            "id": 32197,
                            "name": "Корма для грызунов",
                            "sort": null,
                            "image": {
                                "dark": {
                                    "pdf": "https://static.vlife.kz/icons/Smartphones.pdf",
                                    "svg": "https://static.vlife.kz/icons/car.svg"
                                },
                                "light": {
                                    "pdf": "https://static.vlife.kz/icons/Smartphones.pdf",
                                    "svg": "https://static.vlife.kz/icons/car.svg"
                                }
                            },
                            "isAccent": false,
                            "description": "Корма для грызунов",
                            "isTabbedChildren": false,
                            "children": [
                                
                            ]
                        }
                    ]
                },
                {
                    "id": 32198,
                    "name": "Товары для домашнего скота",
                    "sort": null,
                    "image": {
                        "dark": {
                            "pdf": "https://static.vlife.kz/icons/Smartphones.pdf",
                            "svg": "https://static.vlife.kz/icons/car.svg"
                        },
                        "light": {
                            "pdf": "https://static.vlife.kz/icons/Smartphones.pdf",
                            "svg": "https://static.vlife.kz/icons/car.svg"
                        }
                    },
                    "isAccent": false,
                    "description": "Товары для домашнего скота",
                    "isTabbedChildren": false,
                    "children": [
                        {
                            "id": 32199,
                            "name": "Доильные аппараты",
                            "sort": null,
                            "image": {
                                "dark": {
                                    "pdf": "https://static.vlife.kz/icons/Smartphones.pdf",
                                    "svg": "https://static.vlife.kz/icons/car.svg"
                                },
                                "light": {
                                    "pdf": "https://static.vlife.kz/icons/Smartphones.pdf",
                                    "svg": "https://static.vlife.kz/icons/car.svg"
                                }
                            },
                            "isAccent": false,
                            "description": "Доильные аппараты",
                            "isTabbedChildren": false,
                            "children": [
                                
                            ]
                        }
                    ]
                },
                {
                    "id": 32200,
                    "name": "Товары для кошек",
                    "sort": null,
                    "image": {
                        "dark": {
                            "pdf": "https://static.vlife.kz/icons/Smartphones.pdf",
                            "svg": "https://static.vlife.kz/icons/car.svg"
                        },
                        "light": {
                            "pdf": "https://static.vlife.kz/icons/Smartphones.pdf",
                            "svg": "https://static.vlife.kz/icons/car.svg"
                        }
                    },
                    "isAccent": false,
                    "description": "Товары для кошек",
                    "isTabbedChildren": false,
                    "children": [
                        {
                            "id": 32201,
                            "name": "Влажные корма для кошек",
                            "sort": null,
                            "image": {
                                "dark": {
                                    "pdf": "https://static.vlife.kz/icons/Smartphones.pdf",
                                    "svg": "https://static.vlife.kz/icons/car.svg"
                                },
                                "light": {
                                    "pdf": "https://static.vlife.kz/icons/Smartphones.pdf",
                                    "svg": "https://static.vlife.kz/icons/car.svg"
                                }
                            },
                            "isAccent": false,
                            "description": "Влажные корма для кошек ",
                            "isTabbedChildren": false,
                            "children": [
                                
                            ]
                        },
                        {
                            "id": 32202,
                            "name": "Коврики для мисок и лотков",
                            "sort": null,
                            "image": {
                                "dark": {
                                    "pdf": "https://static.vlife.kz/icons/Smartphones.pdf",
                                    "svg": "https://static.vlife.kz/icons/car.svg"
                                },
                                "light": {
                                    "pdf": "https://static.vlife.kz/icons/Smartphones.pdf",
                                    "svg": "https://static.vlife.kz/icons/car.svg"
                                }
                            },
                            "isAccent": false,
                            "description": "Коврики для мисок и лотков ",
                            "isTabbedChildren": false,
                            "children": [
                                
                            ]
                        },
                        {
                            "id": 32203,
                            "name": "Когтеточки для кошек",
                            "sort": null,
                            "image": {
                                "dark": {
                                    "pdf": "https://static.vlife.kz/icons/Smartphones.pdf",
                                    "svg": "https://static.vlife.kz/icons/car.svg"
                                },
                                "light": {
                                    "pdf": "https://static.vlife.kz/icons/Smartphones.pdf",
                                    "svg": "https://static.vlife.kz/icons/car.svg"
                                }
                            },
                            "isAccent": false,
                            "description": "Когтеточки для кошек ",
                            "isTabbedChildren": false,
                            "children": [
                                
                            ]
                        },
                        {
                            "id": 32204,
                            "name": "Лакомства для кошек",
                            "sort": null,
                            "image": {
                                "dark": {
                                    "pdf": "https://static.vlife.kz/icons/Smartphones.pdf",
                                    "svg": "https://static.vlife.kz/icons/car.svg"
                                },
                                "light": {
                                    "pdf": "https://static.vlife.kz/icons/Smartphones.pdf",
                                    "svg": "https://static.vlife.kz/icons/car.svg"
                                }
                            },
                            "isAccent": false,
                            "description": "Лакомства для кошек ",
                            "isTabbedChildren": false,
                            "children": [
                                
                            ]
                        },
                        {
                            "id": 32205,
                            "name": "Лотки для кошек",
                            "sort": null,
                            "image": {
                                "dark": {
                                    "pdf": "https://static.vlife.kz/icons/Smartphones.pdf",
                                    "svg": "https://static.vlife.kz/icons/car.svg"
                                },
                                "light": {
                                    "pdf": "https://static.vlife.kz/icons/Smartphones.pdf",
                                    "svg": "https://static.vlife.kz/icons/car.svg"
                                }
                            },
                            "isAccent": false,
                            "description": "Лотки для кошек",
                            "isTabbedChildren": false,
                            "children": [
                                
                            ]
                        },
                        {
                            "id": 32206,
                            "name": "Миски и поилки для кошек",
                            "sort": null,
                            "image": {
                                "dark": {
                                    "pdf": "https://static.vlife.kz/icons/Smartphones.pdf",
                                    "svg": "https://static.vlife.kz/icons/car.svg"
                                },
                                "light": {
                                    "pdf": "https://static.vlife.kz/icons/Smartphones.pdf",
                                    "svg": "https://static.vlife.kz/icons/car.svg"
                                }
                            },
                            "isAccent": false,
                            "description": "Миски и поилки для кошек ",
                            "isTabbedChildren": false,
                            "children": [
                                
                            ]
                        },
                        {
                            "id": 32207,
                            "name": "Наполнители для кошачьего туалета",
                            "sort": null,
                            "image": {
                                "dark": {
                                    "pdf": "https://static.vlife.kz/icons/Smartphones.pdf",
                                    "svg": "https://static.vlife.kz/icons/car.svg"
                                },
                                "light": {
                                    "pdf": "https://static.vlife.kz/icons/Smartphones.pdf",
                                    "svg": "https://static.vlife.kz/icons/car.svg"
                                }
                            },
                            "isAccent": false,
                            "description": "Наполнители для кошачьего туалета",
                            "isTabbedChildren": false,
                            "children": [
                                
                            ]
                        },
                        {
                            "id": 32208,
                            "name": "Совки для лотка",
                            "sort": null,
                            "image": {
                                "dark": {
                                    "pdf": "https://static.vlife.kz/icons/Smartphones.pdf",
                                    "svg": "https://static.vlife.kz/icons/car.svg"
                                },
                                "light": {
                                    "pdf": "https://static.vlife.kz/icons/Smartphones.pdf",
                                    "svg": "https://static.vlife.kz/icons/car.svg"
                                }
                            },
                            "isAccent": false,
                            "description": "Совки для лотка ",
                            "isTabbedChildren": false,
                            "children": [
                                
                            ]
                        },
                        {
                            "id": 32209,
                            "name": "Сухие корма для кошек",
                            "sort": null,
                            "image": {
                                "dark": {
                                    "pdf": "https://static.vlife.kz/icons/Smartphones.pdf",
                                    "svg": "https://static.vlife.kz/icons/car.svg"
                                },
                                "light": {
                                    "pdf": "https://static.vlife.kz/icons/Smartphones.pdf",
                                    "svg": "https://static.vlife.kz/icons/car.svg"
                                }
                            },
                            "isAccent": false,
                            "description": "Сухие корма для кошек ",
                            "isTabbedChildren": false,
                            "children": [
                                
                            ]
                        },
                        {
                            "id": 32210,
                            "name": "Шлейки и ошейники для животных",
                            "sort": null,
                            "image": {
                                "dark": {
                                    "pdf": "https://static.vlife.kz/icons/Smartphones.pdf",
                                    "svg": "https://static.vlife.kz/icons/car.svg"
                                },
                                "light": {
                                    "pdf": "https://static.vlife.kz/icons/Smartphones.pdf",
                                    "svg": "https://static.vlife.kz/icons/car.svg"
                                }
                            },
                            "isAccent": false,
                            "description": "Шлейки и ошейники для животных",
                            "isTabbedChildren": false,
                            "children": [
                                
                            ]
                        }
                    ]
                },
                {
                    "id": 32211,
                    "name": "Товары для птиц",
                    "sort": null,
                    "image": {
                        "dark": {
                            "pdf": "https://static.vlife.kz/icons/Smartphones.pdf",
                            "svg": "https://static.vlife.kz/icons/car.svg"
                        },
                        "light": {
                            "pdf": "https://static.vlife.kz/icons/Smartphones.pdf",
                            "svg": "https://static.vlife.kz/icons/car.svg"
                        }
                    },
                    "isAccent": false,
                    "description": "Товары для птиц",
                    "isTabbedChildren": false,
                    "children": [
                        {
                            "id": 32212,
                            "name": "Аксессуары для клеток",
                            "sort": null,
                            "image": {
                                "dark": {
                                    "pdf": "https://static.vlife.kz/icons/Smartphones.pdf",
                                    "svg": "https://static.vlife.kz/icons/car.svg"
                                },
                                "light": {
                                    "pdf": "https://static.vlife.kz/icons/Smartphones.pdf",
                                    "svg": "https://static.vlife.kz/icons/car.svg"
                                }
                            },
                            "isAccent": false,
                            "description": "Аксессуары для клеток ",
                            "isTabbedChildren": false,
                            "children": [
                                
                            ]
                        },
                        {
                            "id": 32213,
                            "name": "Клетки и домики для птиц",
                            "sort": null,
                            "image": {
                                "dark": {
                                    "pdf": "https://static.vlife.kz/icons/Smartphones.pdf",
                                    "svg": "https://static.vlife.kz/icons/car.svg"
                                },
                                "light": {
                                    "pdf": "https://static.vlife.kz/icons/Smartphones.pdf",
                                    "svg": "https://static.vlife.kz/icons/car.svg"
                                }
                            },
                            "isAccent": false,
                            "description": "Клетки и домики для птиц ",
                            "isTabbedChildren": false,
                            "children": [
                                
                            ]
                        },
                        {
                            "id": 32214,
                            "name": "Корма для птиц",
                            "sort": null,
                            "image": {
                                "dark": {
                                    "pdf": "https://static.vlife.kz/icons/Smartphones.pdf",
                                    "svg": "https://static.vlife.kz/icons/car.svg"
                                },
                                "light": {
                                    "pdf": "https://static.vlife.kz/icons/Smartphones.pdf",
                                    "svg": "https://static.vlife.kz/icons/car.svg"
                                }
                            },
                            "isAccent": false,
                            "description": "Корма для птиц",
                            "isTabbedChildren": false,
                            "children": [
                                
                            ]
                        }
                    ]
                },
                {
                    "id": 32215,
                    "name": "Товары для рыб и рептилий",
                    "sort": null,
                    "image": {
                        "dark": {
                            "pdf": "https://static.vlife.kz/icons/Smartphones.pdf",
                            "svg": "https://static.vlife.kz/icons/car.svg"
                        },
                        "light": {
                            "pdf": "https://static.vlife.kz/icons/Smartphones.pdf",
                            "svg": "https://static.vlife.kz/icons/car.svg"
                        }
                    },
                    "isAccent": false,
                    "description": "Товары для рыб и рептилий",
                    "isTabbedChildren": false,
                    "children": [
                        {
                            "id": 32216,
                            "name": "Аквариумы",
                            "sort": null,
                            "image": {
                                "dark": {
                                    "pdf": "https://static.vlife.kz/icons/Smartphones.pdf",
                                    "svg": "https://static.vlife.kz/icons/car.svg"
                                },
                                "light": {
                                    "pdf": "https://static.vlife.kz/icons/Smartphones.pdf",
                                    "svg": "https://static.vlife.kz/icons/car.svg"
                                }
                            },
                            "isAccent": false,
                            "description": "Аквариумы ",
                            "isTabbedChildren": false,
                            "children": [
                                
                            ]
                        },
                        {
                            "id": 32217,
                            "name": "Измерительные приборы для аквариумов и террариумов",
                            "sort": null,
                            "image": {
                                "dark": {
                                    "pdf": "https://static.vlife.kz/icons/Smartphones.pdf",
                                    "svg": "https://static.vlife.kz/icons/car.svg"
                                },
                                "light": {
                                    "pdf": "https://static.vlife.kz/icons/Smartphones.pdf",
                                    "svg": "https://static.vlife.kz/icons/car.svg"
                                }
                            },
                            "isAccent": false,
                            "description": "Измерительные приборы для аквариумов и террариумов ",
                            "isTabbedChildren": false,
                            "children": [
                                
                            ]
                        },
                        {
                            "id": 32218,
                            "name": "Компрессоры для аквариумов",
                            "sort": null,
                            "image": {
                                "dark": {
                                    "pdf": "https://static.vlife.kz/icons/Smartphones.pdf",
                                    "svg": "https://static.vlife.kz/icons/car.svg"
                                },
                                "light": {
                                    "pdf": "https://static.vlife.kz/icons/Smartphones.pdf",
                                    "svg": "https://static.vlife.kz/icons/car.svg"
                                }
                            },
                            "isAccent": false,
                            "description": "Компрессоры для аквариумов ",
                            "isTabbedChildren": false,
                            "children": [
                                
                            ]
                        },
                        {
                            "id": 32219,
                            "name": "Корма для рыб и рептилий",
                            "sort": null,
                            "image": {
                                "dark": {
                                    "pdf": "https://static.vlife.kz/icons/Smartphones.pdf",
                                    "svg": "https://static.vlife.kz/icons/car.svg"
                                },
                                "light": {
                                    "pdf": "https://static.vlife.kz/icons/Smartphones.pdf",
                                    "svg": "https://static.vlife.kz/icons/car.svg"
                                }
                            },
                            "isAccent": false,
                            "description": "Корма для рыб и рептилий ",
                            "isTabbedChildren": false,
                            "children": [
                                
                            ]
                        },
                        {
                            "id": 32220,
                            "name": "Наполнители для аквариумных фильтров",
                            "sort": null,
                            "image": {
                                "dark": {
                                    "pdf": "https://static.vlife.kz/icons/Smartphones.pdf",
                                    "svg": "https://static.vlife.kz/icons/car.svg"
                                },
                                "light": {
                                    "pdf": "https://static.vlife.kz/icons/Smartphones.pdf",
                                    "svg": "https://static.vlife.kz/icons/car.svg"
                                }
                            },
                            "isAccent": false,
                            "description": "Наполнители для аквариумных фильтров ",
                            "isTabbedChildren": false,
                            "children": [
                                
                            ]
                        },
                        {
                            "id": 32221,
                            "name": "Освещение для аквариумов",
                            "sort": null,
                            "image": {
                                "dark": {
                                    "pdf": "https://static.vlife.kz/icons/Smartphones.pdf",
                                    "svg": "https://static.vlife.kz/icons/car.svg"
                                },
                                "light": {
                                    "pdf": "https://static.vlife.kz/icons/Smartphones.pdf",
                                    "svg": "https://static.vlife.kz/icons/car.svg"
                                }
                            },
                            "isAccent": false,
                            "description": "Освещение для аквариумов ",
                            "isTabbedChildren": false,
                            "children": [
                                
                            ]
                        },
                        {
                            "id": 32222,
                            "name": "Помпы для аквариумов",
                            "sort": null,
                            "image": {
                                "dark": {
                                    "pdf": "https://static.vlife.kz/icons/Smartphones.pdf",
                                    "svg": "https://static.vlife.kz/icons/car.svg"
                                },
                                "light": {
                                    "pdf": "https://static.vlife.kz/icons/Smartphones.pdf",
                                    "svg": "https://static.vlife.kz/icons/car.svg"
                                }
                            },
                            "isAccent": false,
                            "description": "Помпы для аквариумов ",
                            "isTabbedChildren": false,
                            "children": [
                                
                            ]
                        },
                        {
                            "id": 32223,
                            "name": "Сифоны для аквариумов",
                            "sort": null,
                            "image": {
                                "dark": {
                                    "pdf": "https://static.vlife.kz/icons/Smartphones.pdf",
                                    "svg": "https://static.vlife.kz/icons/car.svg"
                                },
                                "light": {
                                    "pdf": "https://static.vlife.kz/icons/Smartphones.pdf",
                                    "svg": "https://static.vlife.kz/icons/car.svg"
                                }
                            },
                            "isAccent": false,
                            "description": "Сифоны для аквариумов ",
                            "isTabbedChildren": false,
                            "children": [
                                
                            ]
                        },
                        {
                            "id": 32224,
                            "name": "Терморегуляция для аквариумов",
                            "sort": null,
                            "image": {
                                "dark": {
                                    "pdf": "https://static.vlife.kz/icons/Smartphones.pdf",
                                    "svg": "https://static.vlife.kz/icons/car.svg"
                                },
                                "light": {
                                    "pdf": "https://static.vlife.kz/icons/Smartphones.pdf",
                                    "svg": "https://static.vlife.kz/icons/car.svg"
                                }
                            },
                            "isAccent": false,
                            "description": "Терморегуляция для аквариумов ",
                            "isTabbedChildren": false,
                            "children": [
                                
                            ]
                        },
                        {
                            "id": 32225,
                            "name": "Фильтры для аквариумов",
                            "sort": null,
                            "image": {
                                "dark": {
                                    "pdf": "https://static.vlife.kz/icons/Smartphones.pdf",
                                    "svg": "https://static.vlife.kz/icons/car.svg"
                                },
                                "light": {
                                    "pdf": "https://static.vlife.kz/icons/Smartphones.pdf",
                                    "svg": "https://static.vlife.kz/icons/car.svg"
                                }
                            },
                            "isAccent": false,
                            "description": "Фильтры для аквариумов",
                            "isTabbedChildren": false,
                            "children": [
                                
                            ]
                        }
                    ]
                },
                {
                    "id": 32226,
                    "name": "Товары для собак",
                    "sort": null,
                    "image": {
                        "dark": {
                            "pdf": "https://static.vlife.kz/icons/Smartphones.pdf",
                            "svg": "https://static.vlife.kz/icons/car.svg"
                        },
                        "light": {
                            "pdf": "https://static.vlife.kz/icons/Smartphones.pdf",
                            "svg": "https://static.vlife.kz/icons/car.svg"
                        }
                    },
                    "isAccent": false,
                    "description": "Товары для собак",
                    "isTabbedChildren": false,
                    "children": [
                        {
                            "id": 32237,
                            "name": "Поводки",
                            "sort": null,
                            "image": {
                                "dark": {
                                    "pdf": "https://static.vlife.kz/icons/Smartphones.pdf",
                                    "svg": "https://static.vlife.kz/icons/car.svg"
                                },
                                "light": {
                                    "pdf": "https://static.vlife.kz/icons/Smartphones.pdf",
                                    "svg": "https://static.vlife.kz/icons/car.svg"
                                }
                            },
                            "isAccent": false,
                            "description": "Поводки ",
                            "isTabbedChildren": false,
                            "children": [
                                
                            ]
                        },
                        {
                            "id": 32238,
                            "name": "Сухие корма для собак",
                            "sort": null,
                            "image": {
                                "dark": {
                                    "pdf": "https://static.vlife.kz/icons/Smartphones.pdf",
                                    "svg": "https://static.vlife.kz/icons/car.svg"
                                },
                                "light": {
                                    "pdf": "https://static.vlife.kz/icons/Smartphones.pdf",
                                    "svg": "https://static.vlife.kz/icons/car.svg"
                                }
                            },
                            "isAccent": false,
                            "description": "Сухие корма для собак ",
                            "isTabbedChildren": false,
                            "children": [
                                
                            ]
                        },
                        {
                            "id": 32231,
                            "name": "Груминг",
                            "sort": null,
                            "image": {
                                "dark": {
                                    "pdf": "https://static.vlife.kz/icons/Smartphones.pdf",
                                    "svg": "https://static.vlife.kz/icons/car.svg"
                                },
                                "light": {
                                    "pdf": "https://static.vlife.kz/icons/Smartphones.pdf",
                                    "svg": "https://static.vlife.kz/icons/car.svg"
                                }
                            },
                            "isAccent": false,
                            "description": "Груминг ",
                            "isTabbedChildren": false,
                            "children": [
                                
                            ]
                        },
                        {
                            "id": 32235,
                            "name": "Лежаки и домики для собак",
                            "sort": null,
                            "image": {
                                "dark": {
                                    "pdf": "https://static.vlife.kz/icons/Smartphones.pdf",
                                    "svg": "https://static.vlife.kz/icons/car.svg"
                                },
                                "light": {
                                    "pdf": "https://static.vlife.kz/icons/Smartphones.pdf",
                                    "svg": "https://static.vlife.kz/icons/car.svg"
                                }
                            },
                            "isAccent": false,
                            "description": "Лежаки и домики для собак ",
                            "isTabbedChildren": false,
                            "children": [
                                
                            ]
                        },
                        {
                            "id": 32227,
                            "name": "Витамины и добавки для животных",
                            "sort": null,
                            "image": {
                                "dark": {
                                    "pdf": "https://static.vlife.kz/icons/Smartphones.pdf",
                                    "svg": "https://static.vlife.kz/icons/car.svg"
                                },
                                "light": {
                                    "pdf": "https://static.vlife.kz/icons/Smartphones.pdf",
                                    "svg": "https://static.vlife.kz/icons/car.svg"
                                }
                            },
                            "isAccent": false,
                            "description": "Витамины и добавки для животных ",
                            "isTabbedChildren": false,
                            "children": [
                                
                            ]
                        },
                        {
                            "id": 32228,
                            "name": "Влажные корма для собак",
                            "sort": null,
                            "image": {
                                "dark": {
                                    "pdf": "https://static.vlife.kz/icons/Smartphones.pdf",
                                    "svg": "https://static.vlife.kz/icons/car.svg"
                                },
                                "light": {
                                    "pdf": "https://static.vlife.kz/icons/Smartphones.pdf",
                                    "svg": "https://static.vlife.kz/icons/car.svg"
                                }
                            },
                            "isAccent": false,
                            "description": "Влажные корма для собак ",
                            "isTabbedChildren": false,
                            "children": [
                                
                            ]
                        },
                        {
                            "id": 32229,
                            "name": "Вольеры и будки",
                            "sort": null,
                            "image": {
                                "dark": {
                                    "pdf": "https://static.vlife.kz/icons/Smartphones.pdf",
                                    "svg": "https://static.vlife.kz/icons/car.svg"
                                },
                                "light": {
                                    "pdf": "https://static.vlife.kz/icons/Smartphones.pdf",
                                    "svg": "https://static.vlife.kz/icons/car.svg"
                                }
                            },
                            "isAccent": false,
                            "description": "Вольеры и будки ",
                            "isTabbedChildren": false,
                            "children": [
                                
                            ]
                        },
                        {
                            "id": 32230,
                            "name": "Гигиена и уход за животными",
                            "sort": null,
                            "image": {
                                "dark": {
                                    "pdf": "https://static.vlife.kz/icons/Smartphones.pdf",
                                    "svg": "https://static.vlife.kz/icons/car.svg"
                                },
                                "light": {
                                    "pdf": "https://static.vlife.kz/icons/Smartphones.pdf",
                                    "svg": "https://static.vlife.kz/icons/car.svg"
                                }
                            },
                            "isAccent": false,
                            "description": "Гигиена и уход за животными ",
                            "isTabbedChildren": false,
                            "children": [
                                
                            ]
                        },
                        {
                            "id": 32232,
                            "name": "Дверцы и перегородки для животных",
                            "sort": null,
                            "image": {
                                "dark": {
                                    "pdf": "https://static.vlife.kz/icons/Smartphones.pdf",
                                    "svg": "https://static.vlife.kz/icons/car.svg"
                                },
                                "light": {
                                    "pdf": "https://static.vlife.kz/icons/Smartphones.pdf",
                                    "svg": "https://static.vlife.kz/icons/car.svg"
                                }
                            },
                            "isAccent": false,
                            "description": "Дверцы и перегородки для животных ",
                            "isTabbedChildren": false,
                            "children": [
                                
                            ]
                        },
                        {
                            "id": 32233,
                            "name": "Игрушки для питомцев",
                            "sort": null,
                            "image": {
                                "dark": {
                                    "pdf": "https://static.vlife.kz/icons/Smartphones.pdf",
                                    "svg": "https://static.vlife.kz/icons/car.svg"
                                },
                                "light": {
                                    "pdf": "https://static.vlife.kz/icons/Smartphones.pdf",
                                    "svg": "https://static.vlife.kz/icons/car.svg"
                                }
                            },
                            "isAccent": false,
                            "description": "Игрушки для питомцев ",
                            "isTabbedChildren": false,
                            "children": [
                                
                            ]
                        },
                        {
                            "id": 32234,
                            "name": "Лакомства для собак",
                            "sort": null,
                            "image": {
                                "dark": {
                                    "pdf": "https://static.vlife.kz/icons/Smartphones.pdf",
                                    "svg": "https://static.vlife.kz/icons/car.svg"
                                },
                                "light": {
                                    "pdf": "https://static.vlife.kz/icons/Smartphones.pdf",
                                    "svg": "https://static.vlife.kz/icons/car.svg"
                                }
                            },
                            "isAccent": false,
                            "description": "Лакомства для собак",
                            "isTabbedChildren": false,
                            "children": [
                                
                            ]
                        },
                        {
                            "id": 32236,
                            "name": "Переноски для собак",
                            "sort": null,
                            "image": {
                                "dark": {
                                    "pdf": "https://static.vlife.kz/icons/Smartphones.pdf",
                                    "svg": "https://static.vlife.kz/icons/car.svg"
                                },
                                "light": {
                                    "pdf": "https://static.vlife.kz/icons/Smartphones.pdf",
                                    "svg": "https://static.vlife.kz/icons/car.svg"
                                }
                            },
                            "isAccent": false,
                            "description": "Переноски для собак",
                            "isTabbedChildren": false,
                            "children": [
                                
                            ]
                        }
                    ]
                }
            ]
        }
    ],
    "timestamp": 1603778657118
}
30886
{
    "total": 0,
    "content": [
        {
            "id": 30886,
            "parentId": 30884,
            "weight": null,
            "names": {
                "cn": "盖章",
                "en": "Stamped",
                "kk": "Штампталған",
                "ru": "Штампованные",
                "zh": "盖章"
            },
            "attributes": [
                
            ]
        }
    ],
    "pageNumber": 0,
    "totalPages": 0
}
{
  "categoryId" : 30886,
  "groupId" : 0,
  "name" : "\u0018yj����",
  "productCode" : "\u0018yj����",
  "vendorCode" : "\u0018yj����",
  "price" : "4444",
  "brand" : "\u0018yj����",
  "attributes" : [ {
    "attributeId" : null,
    "attributeValueId" : null,
    "status" : null,
    "value" : null,
    "value1" : "value",
    "selected" : null,
    "required" : true
  }, {
    "attributeId" : null,
    "attributeValueId" : null,
    "status" : null,
    "value" : null,
    "value1" : "value1",
    "selected" : null,
    "required" : true
  } ],
  "stockIds" : [ 560 ]
}
{
    "id": 17460,
    "name": "?yj����",
    "groupId": 0,
    "categoryId": 30886,
    "dateCreated": "2020-10-27T06:14:38.629+0000",
    "vendorCode": "?yj����",
    "description": "?yj����",
    "productCode": null,
    "presentationUrl": null,
    "price": 4444,
    "stockIds": [
        560
    ],
    "attributes": [
        
    ],
    "itemImages": null,
    "brand": "?yj����"
}
{
    "id": 17460,
    "name": "?yj����",
    "groupId": 0,
    "categoryId": 30886,
    "dateCreated": "2020-10-27T06:14:38.629+0000",
    "vendorCode": "?yj����",
    "description": "?yj����",
    "productCode": null,
    "presentationUrl": null,
    "price": 4444,
    "stockIds": [
        560
    ],
    "attributes": [
        
    ],
    "itemImages": null,
    "brand": "?yj����"
}

Draft items status updated to moderation!
Draft items status updated to moderation!
]]></system-out>
  <system-err><![CDATA[]]></system-err>
</testsuite>
