<?xml version="1.0" encoding="UTF-8"?>
<testsuite name="market.tests.ApiTest" tests="3" skipped="0" failures="0" errors="0" timestamp="2020-10-21T10:25:28" hostname="MacBook-Pro-Daniar.local" time="4.383">
  <properties/>
  <testcase name="GetMerchant()" classname="market.tests.ApiTest" time="1.968"/>
  <testcase name="CreationOfStock()" classname="market.tests.ApiTest" time="1.405"/>
  <testcase name="GetListOfStock()" classname="market.tests.ApiTest" time="1.001"/>
  <system-out><![CDATA[{
    "accessToken": "eyJhbGciOiJSUzI1NiIsInR5cCIgOiAiSldUIiwia2lkIiA6ICJOZnc0c2ZCTjd1cHo0LUttRFVvTE8zWUpweThLX3BnNHZpWUNkdnpXZEZFIn0.eyJqdGkiOiI0MzFlMzc0My01MzJmLTRmZjYtYmI2Yi05YWZlMTEyODE0MzIiLCJleHAiOjE2MDMzMTkxMzEsIm5iZiI6MCwiaWF0IjoxNjAzMjc1OTMxLCJpc3MiOiJodHRwczovL2tleWNsb2FrLnRlc3QudmxpZmUua3ovYXV0aC9yZWFsbXMvU3ByaW5nQm9vdERldiIsImF1ZCI6ImFjY291bnQiLCJzdWIiOiIzMzBlZjEyYy0yN2EzLTRiZTMtODNiNy0xMzMxNzQ2NzIyODgiLCJ0eXAiOiJCZWFyZXIiLCJhenAiOiJsb2dpbi1hcHAiLCJhdXRoX3RpbWUiOjAsInNlc3Npb25fc3RhdGUiOiJlOGVjYWQ4YS1iZThjLTQ0YTktYWQ1MS1lMTFhYzY3OWMxZDMiLCJhY3IiOiIxIiwicmVhbG1fYWNjZXNzIjp7InJvbGVzIjpbIm1hcmtldF9tb2RlcmF0b3IiLCJvZmZsaW5lX2FjY2VzcyIsIm1hcmtldF9jb250cmFjdF9tYW5hZ2VyIiwibWVyY2hhbnQiLCJ1bWFfYXV0aG9yaXphdGlvbiJdfSwicmVzb3VyY2VfYWNjZXNzIjp7ImFjY291bnQiOnsicm9sZXMiOlsibWFuYWdlLWFjY291bnQiLCJtYW5hZ2UtYWNjb3VudC1saW5rcyIsInZpZXctcHJvZmlsZSJdfX0sInNjb3BlIjoiZW1haWwgcHJvZmlsZSIsImVtYWlsX3ZlcmlmaWVkIjpmYWxzZSwicHJlZmVycmVkX3VzZXJuYW1lIjoibW9kZXJhdG9yQGNvZGV2aWUua3oifQ.0PeNulUV4tcb6F7KjiaJmNQ9STlSLLuNTe7hyJAkdda7VCghXbtEjHgqLmomuCli-meeb0AZI6dHmG0y-RQWAdnqTtto1L96cEYGMehpaidyGgQaZmsE1USoWHJ4LpohGeDRWkgDOd8FhDRT1bV4VFAqqWQ3gde-YlxQPdgFdcmNZQX4kfqM42njfD8c_BijOMdLsYd7lwaNedX1pw8P41INahqfqK-LWqmLwq8sIA1qOZ8U3A5Sb027eNcF4EipnhJ_u7y8EudP-1zek11aRkkmXczEBDQTmmaHdjFnQCxpCKG4W8RvGpDMJ4_JHgiXSDIseKaeAidCJ-eZqvuRvw",
    "expiresIn": 43200,
    "refreshExpiresIn": 86400,
    "refreshToken": "eyJhbGciOiJIUzI1NiIsInR5cCIgOiAiSldUIiwia2lkIiA6ICIwMTQ4MTY0YS0yZWYwLTQ0ZjEtOTYxYi05ZWY5YTFlNjdjOTcifQ.eyJqdGkiOiJhYzMwZjkyNi0zOTRjLTQzNGMtYmUxZS0yNjhmNmI4ODhhMDIiLCJleHAiOjE2MDMzNjIzMzEsIm5iZiI6MCwiaWF0IjoxNjAzMjc1OTMxLCJpc3MiOiJodHRwczovL2tleWNsb2FrLnRlc3QudmxpZmUua3ovYXV0aC9yZWFsbXMvU3ByaW5nQm9vdERldiIsImF1ZCI6Imh0dHBzOi8va2V5Y2xvYWsudGVzdC52bGlmZS5rei9hdXRoL3JlYWxtcy9TcHJpbmdCb290RGV2Iiwic3ViIjoiMzMwZWYxMmMtMjdhMy00YmUzLTgzYjctMTMzMTc0NjcyMjg4IiwidHlwIjoiUmVmcmVzaCIsImF6cCI6ImxvZ2luLWFwcCIsImF1dGhfdGltZSI6MCwic2Vzc2lvbl9zdGF0ZSI6ImU4ZWNhZDhhLWJlOGMtNDRhOS1hZDUxLWUxMWFjNjc5YzFkMyIsInJlYWxtX2FjY2VzcyI6eyJyb2xlcyI6WyJtYXJrZXRfbW9kZXJhdG9yIiwib2ZmbGluZV9hY2Nlc3MiLCJtYXJrZXRfY29udHJhY3RfbWFuYWdlciIsIm1lcmNoYW50IiwidW1hX2F1dGhvcml6YXRpb24iXX0sInJlc291cmNlX2FjY2VzcyI6eyJhY2NvdW50Ijp7InJvbGVzIjpbIm1hbmFnZS1hY2NvdW50IiwibWFuYWdlLWFjY291bnQtbGlua3MiLCJ2aWV3LXByb2ZpbGUiXX19LCJzY29wZSI6ImVtYWlsIHByb2ZpbGUifQ.FpNLr6laBAp6y8GsXPyDXVnMrW8npyf27DLjlCBdTB0",
    "refreshTokenExpDate": "2020-10-22T10:25:31.102Z",
    "tokenType": "bearer",
    "sessionState": "e8ecad8a-be8c-44a9-ad51-e11ac679c1d3",
    "scope": "email profile"
}
{
  "active" : true,
  "address" : {
    "city" : "Almaty",
    "cityId" : 2,
    "country" : "Kazakhstan",
    "flat" : 110,
    "house" : 150,
    "street" : "Абая"
  },
  "buildingType" : "buildingType",
  "cityDto" : {
    "code" : "code",
    "countryCode" : "countryCode",
    "countryName" : "countryName",
    "id" : 4,
    "map" : {
      "latitude" : 0.0,
      "longitude" : 0.0
    }
  },
  "merchantId" : 234,
  "storeName" : "StoreName213",
  "phone" : "77029203758",
  "pickupAvailable" : true,
  "schedule" : [ {
    "day" : "MONDAY",
    "fromTime" : "07:00",
    "isAllDay" : true,
    "isDayOff" : true,
    "toTime" : "21:00"
  }, {
    "day" : "TUESDAY",
    "fromTime" : "07:00",
    "isAllDay" : true,
    "isDayOff" : true,
    "toTime" : "21:00"
  }, {
    "day" : "WEDNESDAY",
    "fromTime" : "07:00",
    "isAllDay" : true,
    "isDayOff" : true,
    "toTime" : "21:00"
  }, {
    "day" : "THURSDAY",
    "fromTime" : "07:00",
    "isAllDay" : true,
    "isDayOff" : true,
    "toTime" : "21:00"
  }, {
    "day" : "FRIDAY",
    "fromTime" : "07:00",
    "isAllDay" : true,
    "isDayOff" : true,
    "toTime" : "21:00"
  }, {
    "day" : "SATURDAY",
    "fromTime" : "07:00",
    "isAllDay" : true,
    "isDayOff" : true,
    "toTime" : "21:00"
  }, {
    "day" : "SUNDAY",
    "fromTime" : "07:00",
    "isAllDay" : true,
    "isDayOff" : true,
    "toTime" : "21:00"
  } ]
}
{
    "id": 471,
    "name": "Stock34",
    "storeName": "StoreName213",
    "cityDto": {
        "id": 4,
        "code": "AKTOBE",
        "name": "Актобе",
        "countryName": "Казахстан",
        "countryCode": "KAZ",
        "map": {
            "latitude": 50.260961,
            "longitude": 57.218668
        }
    },
    "merchantId": 234,
    "address": {
        "country": "Kazakhstan",
        "cityId": 2,
        "city": "Almaty",
        "street": "Абая",
        "house": "150",
        "flat": "110"
    },
    "map": null,
    "schedule": [
        {
            "day": "MONDAY",
            "isDayOff": true,
            "isAllDay": true,
            "fromTime": "07:00",
            "toTime": "21:00"
        },
        {
            "day": "TUESDAY",
            "isDayOff": true,
            "isAllDay": true,
            "fromTime": "07:00",
            "toTime": "21:00"
        },
        {
            "day": "WEDNESDAY",
            "isDayOff": true,
            "isAllDay": true,
            "fromTime": "07:00",
            "toTime": "21:00"
        },
        {
            "day": "THURSDAY",
            "isDayOff": true,
            "isAllDay": true,
            "fromTime": "07:00",
            "toTime": "21:00"
        },
        {
            "day": "FRIDAY",
            "isDayOff": true,
            "isAllDay": true,
            "fromTime": "07:00",
            "toTime": "21:00"
        },
        {
            "day": "SATURDAY",
            "isDayOff": true,
            "isAllDay": true,
            "fromTime": "07:00",
            "toTime": "21:00"
        },
        {
            "day": "SUNDAY",
            "isDayOff": true,
            "isAllDay": true,
            "fromTime": "07:00",
            "toTime": "21:00"
        }
    ],
    "pickupAvailable": true,
    "buildingType": "buildingType",
    "phone": "+7 (702)-920-37-58",
    "active": true
}
{
    "total": 34,
    "content": [
        {
            "id": 397,
            "name": "Stock1",
            "storeName": "Мастер-товары",
            "cityDto": {
                "id": 2,
                "code": "ALMATY",
                "name": "Алматы",
                "countryName": "Казахстан",
                "countryCode": "KAZ",
                "map": {
                    "latitude": 43.238293,
                    "longitude": 76.945465
                }
            },
            "merchantId": 234,
            "address": {
                "country": "Kazakhstan",
                "cityId": null,
                "city": "Алматы",
                "street": "улица Фонвизина",
                "house": "17А",
                "flat": ""
            },
            "map": {
                "latitude": 43.238293,
                "longitude": 76.945465
            },
            "schedule": [
                {
                    "day": "MONDAY",
                    "isDayOff": false,
                    "isAllDay": false,
                    "fromTime": "08:00",
                    "toTime": "20:00"
                },
                {
                    "day": "TUESDAY",
                    "isDayOff": false,
                    "isAllDay": false,
                    "fromTime": "08:00",
                    "toTime": "20:00"
                },
                {
                    "day": "WEDNESDAY",
                    "isDayOff": false,
                    "isAllDay": false,
                    "fromTime": "08:00",
                    "toTime": "20:00"
                },
                {
                    "day": "THURSDAY",
                    "isDayOff": false,
                    "isAllDay": false,
                    "fromTime": "08:00",
                    "toTime": "20:00"
                },
                {
                    "day": "FRIDAY",
                    "isDayOff": false,
                    "isAllDay": false,
                    "fromTime": "08:00",
                    "toTime": "20:00"
                },
                {
                    "day": "SATURDAY",
                    "isDayOff": true,
                    "isAllDay": false,
                    "fromTime": "08:00",
                    "toTime": "20:00"
                },
                {
                    "day": "SUNDAY",
                    "isDayOff": false,
                    "isAllDay": false,
                    "fromTime": "08:00",
                    "toTime": "20:00"
                }
            ],
            "pickupAvailable": true,
            "buildingType": "БЦ Koktem Towers 2",
            "phone": "",
            "active": true
        },
        {
            "id": 398,
            "name": "Stock2",
            "storeName": "PP2",
            "cityDto": {
                "id": 2,
                "code": "ALMATY",
                "name": "Алматы",
                "countryName": "Казахстан",
                "countryCode": "KAZ",
                "map": {
                    "latitude": 43.238293,
                    "longitude": 76.945465
                }
            },
            "merchantId": 234,
            "address": {
                "country": "Kazakhstan",
                "cityId": null,
                "city": "Алматы",
                "street": "улица Шевченко",
                "house": "154",
                "flat": "13"
            },
            "map": {
                "latitude": 43.238293,
                "longitude": 76.945465
            },
            "schedule": [
                {
                    "day": "MONDAY",
                    "isDayOff": false,
                    "isAllDay": false,
                    "fromTime": "08:00",
                    "toTime": "20:00"
                },
                {
                    "day": "TUESDAY",
                    "isDayOff": false,
                    "isAllDay": false,
                    "fromTime": "08:00",
                    "toTime": "20:00"
                },
                {
                    "day": "WEDNESDAY",
                    "isDayOff": false,
                    "isAllDay": false,
                    "fromTime": "08:00",
                    "toTime": "20:00"
                },
                {
                    "day": "THURSDAY",
                    "isDayOff": false,
                    "isAllDay": false,
                    "fromTime": "08:00",
                    "toTime": "20:00"
                },
                {
                    "day": "FRIDAY",
                    "isDayOff": false,
                    "isAllDay": false,
                    "fromTime": "08:00",
                    "toTime": "20:00"
                },
                {
                    "day": "SATURDAY",
                    "isDayOff": true,
                    "isAllDay": false,
                    "fromTime": "08:00",
                    "toTime": "20:00"
                },
                {
                    "day": "SUNDAY",
                    "isDayOff": true,
                    "isAllDay": false,
                    "fromTime": "08:00",
                    "toTime": "20:00"
                }
            ],
            "pickupAvailable": true,
            "buildingType": "ТРЦ",
            "phone": "",
            "active": true
        },
        {
            "id": 399,
            "name": "Stock3",
            "storeName": "PP6",
            "cityDto": {
                "id": 3,
                "code": "AKTAU",
                "name": "Актау",
                "countryName": "Казахстан",
                "countryCode": "KAZ",
                "map": {
                    "latitude": 43.659469,
                    "longitude": 51.167441
                }
            },
            "merchantId": 234,
            "address": {
                "country": "Kazakhstan",
                "cityId": null,
                "city": "Актау",
                "street": "улица Абая",
                "house": "7",
                "flat": "12"
            },
            "map": {
                "latitude": 43.659469,
                "longitude": 51.167441
            },
            "schedule": [
                {
                    "day": "MONDAY",
                    "isDayOff": false,
                    "isAllDay": false,
                    "fromTime": "08:00",
                    "toTime": "20:00"
                },
                {
                    "day": "TUESDAY",
                    "isDayOff": false,
                    "isAllDay": false,
                    "fromTime": "08:00",
                    "toTime": "20:00"
                },
                {
                    "day": "WEDNESDAY",
                    "isDayOff": false,
                    "isAllDay": false,
                    "fromTime": "08:00",
                    "toTime": "20:00"
                },
                {
                    "day": "THURSDAY",
                    "isDayOff": false,
                    "isAllDay": false,
                    "fromTime": "08:00",
                    "toTime": "20:00"
                },
                {
                    "day": "FRIDAY",
                    "isDayOff": false,
                    "isAllDay": false,
                    "fromTime": "08:00",
                    "toTime": "20:00"
                },
                {
                    "day": "SATURDAY",
                    "isDayOff": true,
                    "isAllDay": false,
                    "fromTime": "08:00",
                    "toTime": "20:00"
                },
                {
                    "day": "SUNDAY",
                    "isDayOff": true,
                    "isAllDay": false,
                    "fromTime": "08:00",
                    "toTime": "20:00"
                }
            ],
            "pickupAvailable": true,
            "buildingType": "1212",
            "phone": "77052066012",
            "active": true
        },
        {
            "id": 400,
            "name": "Stock4",
            "storeName": "PP1",
            "cityDto": {
                "id": 4,
                "code": "AKTOBE",
                "name": "Актобе",
                "countryName": "Казахстан",
                "countryCode": "KAZ",
                "map": {
                    "latitude": 50.260961,
                    "longitude": 57.218668
                }
            },
            "merchantId": 234,
            "address": {
                "country": "Kazakhstan",
                "cityId": null,
                "city": "Актобе",
                "street": "улица Абая",
                "house": "8",
                "flat": "123"
            },
            "map": {
                "latitude": 50.260961,
                "longitude": 57.218668
            },
            "schedule": [
                {
                    "day": "MONDAY",
                    "isDayOff": true,
                    "isAllDay": false,
                    "fromTime": "08:00",
                    "toTime": "20:00"
                },
                {
                    "day": "TUESDAY",
                    "isDayOff": false,
                    "isAllDay": false,
                    "fromTime": "08:00",
                    "toTime": "20:00"
                },
                {
                    "day": "WEDNESDAY",
                    "isDayOff": true,
                    "isAllDay": false,
                    "fromTime": "08:00",
                    "toTime": "20:00"
                },
                {
                    "day": "THURSDAY",
                    "isDayOff": false,
                    "isAllDay": false,
                    "fromTime": "08:00",
                    "toTime": "20:00"
                },
                {
                    "day": "FRIDAY",
                    "isDayOff": false,
                    "isAllDay": false,
                    "fromTime": "08:00",
                    "toTime": "19:00"
                },
                {
                    "day": "SATURDAY",
                    "isDayOff": true,
                    "isAllDay": false,
                    "fromTime": "08:00",
                    "toTime": "20:00"
                },
                {
                    "day": "SUNDAY",
                    "isDayOff": true,
                    "isAllDay": false,
                    "fromTime": "08:00",
                    "toTime": "20:00"
                }
            ],
            "pickupAvailable": true,
            "buildingType": "ТД",
            "phone": "77052066012",
            "active": true
        },
        {
            "id": 416,
            "name": "Stock5",
            "storeName": null,
            "cityDto": {
                "id": 4,
                "code": "AKTOBE",
                "name": "Актобе",
                "countryName": "Казахстан",
                "countryCode": "KAZ",
                "map": {
                    "latitude": 50.260961,
                    "longitude": 57.218668
                }
            },
            "merchantId": 234,
            "address": {
                "country": "Kazakhstan",
                "cityId": 2,
                "city": "Almaty",
                "street": "Абая",
                "house": "150",
                "flat": "110"
            },
            "map": null,
            "schedule": [
                {
                    "day": "MONDAY",
                    "isDayOff": true,
                    "isAllDay": true,
                    "fromTime": "07:00",
                    "toTime": "21:00"
                },
                {
                    "day": "TUESDAY",
                    "isDayOff": true,
                    "isAllDay": true,
                    "fromTime": "07:00",
                    "toTime": "21:00"
                },
                {
                    "day": "WEDNESDAY",
                    "isDayOff": true,
                    "isAllDay": true,
                    "fromTime": "07:00",
                    "toTime": "21:00"
                },
                {
                    "day": "THURSDAY",
                    "isDayOff": true,
                    "isAllDay": true,
                    "fromTime": "07:00",
                    "toTime": "21:00"
                },
                {
                    "day": "FRIDAY",
                    "isDayOff": true,
                    "isAllDay": true,
                    "fromTime": "07:00",
                    "toTime": "21:00"
                },
                {
                    "day": "SATURDAY",
                    "isDayOff": true,
                    "isAllDay": true,
                    "fromTime": "07:00",
                    "toTime": "21:00"
                },
                {
                    "day": "SUNDAY",
                    "isDayOff": true,
                    "isAllDay": true,
                    "fromTime": "07:00",
                    "toTime": "21:00"
                }
            ],
            "pickupAvailable": true,
            "buildingType": "string",
            "phone": "77029203758",
            "active": true
        },
        {
            "id": 421,
            "name": "Stock6",
            "storeName": null,
            "cityDto": {
                "id": 4,
                "code": "AKTOBE",
                "name": "Актобе",
                "countryName": "Казахстан",
                "countryCode": "KAZ",
                "map": {
                    "latitude": 50.260961,
                    "longitude": 57.218668
                }
            },
            "merchantId": 234,
            "address": {
                "country": "Kazakhstan",
                "cityId": 2,
                "city": "Almaty",
                "street": "Абая",
                "house": "150",
                "flat": "110"
            },
            "map": null,
            "schedule": [
                {
                    "day": "MONDAY",
                    "isDayOff": true,
                    "isAllDay": true,
                    "fromTime": "07:00",
                    "toTime": "21:00"
                },
                {
                    "day": "TUESDAY",
                    "isDayOff": true,
                    "isAllDay": true,
                    "fromTime": "07:00",
                    "toTime": "21:00"
                },
                {
                    "day": "WEDNESDAY",
                    "isDayOff": true,
                    "isAllDay": true,
                    "fromTime": "07:00",
                    "toTime": "21:00"
                },
                {
                    "day": "THURSDAY",
                    "isDayOff": true,
                    "isAllDay": true,
                    "fromTime": "07:00",
                    "toTime": "21:00"
                },
                {
                    "day": "FRIDAY",
                    "isDayOff": true,
                    "isAllDay": true,
                    "fromTime": "07:00",
                    "toTime": "21:00"
                },
                {
                    "day": "SATURDAY",
                    "isDayOff": true,
                    "isAllDay": true,
                    "fromTime": "07:00",
                    "toTime": "21:00"
                },
                {
                    "day": "SUNDAY",
                    "isDayOff": true,
                    "isAllDay": true,
                    "fromTime": "07:00",
                    "toTime": "21:00"
                }
            ],
            "pickupAvailable": true,
            "buildingType": "string",
            "phone": "77029203758",
            "active": true
        },
        {
            "id": 422,
            "name": "Stock7",
            "storeName": null,
            "cityDto": {
                "id": 4,
                "code": "AKTOBE",
                "name": "Актобе",
                "countryName": "Казахстан",
                "countryCode": "KAZ",
                "map": {
                    "latitude": 50.260961,
                    "longitude": 57.218668
                }
            },
            "merchantId": 234,
            "address": {
                "country": "Kazakhstan",
                "cityId": 2,
                "city": "Almaty",
                "street": "Абая",
                "house": "150",
                "flat": "110"
            },
            "map": null,
            "schedule": [
                {
                    "day": "MONDAY",
                    "isDayOff": true,
                    "isAllDay": true,
                    "fromTime": "07:00",
                    "toTime": "21:00"
                },
                {
                    "day": "TUESDAY",
                    "isDayOff": true,
                    "isAllDay": true,
                    "fromTime": "07:00",
                    "toTime": "21:00"
                },
                {
                    "day": "WEDNESDAY",
                    "isDayOff": true,
                    "isAllDay": true,
                    "fromTime": "07:00",
                    "toTime": "21:00"
                },
                {
                    "day": "THURSDAY",
                    "isDayOff": true,
                    "isAllDay": true,
                    "fromTime": "07:00",
                    "toTime": "21:00"
                },
                {
                    "day": "FRIDAY",
                    "isDayOff": true,
                    "isAllDay": true,
                    "fromTime": "07:00",
                    "toTime": "21:00"
                },
                {
                    "day": "SATURDAY",
                    "isDayOff": true,
                    "isAllDay": true,
                    "fromTime": "07:00",
                    "toTime": "21:00"
                },
                {
                    "day": "SUNDAY",
                    "isDayOff": true,
                    "isAllDay": true,
                    "fromTime": "07:00",
                    "toTime": "21:00"
                }
            ],
            "pickupAvailable": true,
            "buildingType": "string",
            "phone": "77029203758",
            "active": true
        },
        {
            "id": 424,
            "name": "Stock8",
            "storeName": null,
            "cityDto": {
                "id": 4,
                "code": "AKTOBE",
                "name": "Актобе",
                "countryName": "Казахстан",
                "countryCode": "KAZ",
                "map": {
                    "latitude": 50.260961,
                    "longitude": 57.218668
                }
            },
            "merchantId": 234,
            "address": {
                "country": "Kazakhstan",
                "cityId": 2,
                "city": "Almaty",
                "street": "Абая",
                "house": "150",
                "flat": "110"
            },
            "map": null,
            "schedule": [
                {
                    "day": "MONDAY",
                    "isDayOff": true,
                    "isAllDay": true,
                    "fromTime": "07:00",
                    "toTime": "21:00"
                },
                {
                    "day": "TUESDAY",
                    "isDayOff": true,
                    "isAllDay": true,
                    "fromTime": "07:00",
                    "toTime": "21:00"
                },
                {
                    "day": "WEDNESDAY",
                    "isDayOff": true,
                    "isAllDay": true,
                    "fromTime": "07:00",
                    "toTime": "21:00"
                },
                {
                    "day": "THURSDAY",
                    "isDayOff": true,
                    "isAllDay": true,
                    "fromTime": "07:00",
                    "toTime": "21:00"
                },
                {
                    "day": "FRIDAY",
                    "isDayOff": true,
                    "isAllDay": true,
                    "fromTime": "07:00",
                    "toTime": "21:00"
                },
                {
                    "day": "SATURDAY",
                    "isDayOff": true,
                    "isAllDay": true,
                    "fromTime": "07:00",
                    "toTime": "21:00"
                },
                {
                    "day": "SUNDAY",
                    "isDayOff": true,
                    "isAllDay": true,
                    "fromTime": "07:00",
                    "toTime": "21:00"
                }
            ],
            "pickupAvailable": true,
            "buildingType": "string",
            "phone": "77029203758",
            "active": true
        },
        {
            "id": 435,
            "name": "Stock9",
            "storeName": null,
            "cityDto": {
                "id": 4,
                "code": "AKTOBE",
                "name": "Актобе",
                "countryName": "Казахстан",
                "countryCode": "KAZ",
                "map": {
                    "latitude": 50.260961,
                    "longitude": 57.218668
                }
            },
            "merchantId": 234,
            "address": {
                "country": "Kazakhstan",
                "cityId": 2,
                "city": "Almaty",
                "street": "Абая",
                "house": "150",
                "flat": "110"
            },
            "map": null,
            "schedule": [
                {
                    "day": "MONDAY",
                    "isDayOff": true,
                    "isAllDay": true,
                    "fromTime": "07:00",
                    "toTime": "21:00"
                },
                {
                    "day": "TUESDAY",
                    "isDayOff": true,
                    "isAllDay": true,
                    "fromTime": "07:00",
                    "toTime": "21:00"
                },
                {
                    "day": "WEDNESDAY",
                    "isDayOff": true,
                    "isAllDay": true,
                    "fromTime": "07:00",
                    "toTime": "21:00"
                },
                {
                    "day": "THURSDAY",
                    "isDayOff": true,
                    "isAllDay": true,
                    "fromTime": "07:00",
                    "toTime": "21:00"
                },
                {
                    "day": "FRIDAY",
                    "isDayOff": true,
                    "isAllDay": true,
                    "fromTime": "07:00",
                    "toTime": "21:00"
                },
                {
                    "day": "SATURDAY",
                    "isDayOff": true,
                    "isAllDay": true,
                    "fromTime": "07:00",
                    "toTime": "21:00"
                },
                {
                    "day": "SUNDAY",
                    "isDayOff": true,
                    "isAllDay": true,
                    "fromTime": "07:00",
                    "toTime": "21:00"
                }
            ],
            "pickupAvailable": true,
            "buildingType": "string",
            "phone": "77029203758",
            "active": true
        },
        {
            "id": 436,
            "name": "Stock10",
            "storeName": "Stock11",
            "cityDto": {
                "id": 4,
                "code": "AKTOBE",
                "name": "Актобе",
                "countryName": "Казахстан",
                "countryCode": "KAZ",
                "map": {
                    "latitude": 50.260961,
                    "longitude": 57.218668
                }
            },
            "merchantId": 234,
            "address": {
                "country": "Kazakhstan",
                "cityId": 2,
                "city": "Almaty",
                "street": "Абая",
                "house": "150",
                "flat": "110"
            },
            "map": null,
            "schedule": [
                {
                    "day": "MONDAY",
                    "isDayOff": true,
                    "isAllDay": true,
                    "fromTime": "07:00",
                    "toTime": "21:00"
                },
                {
                    "day": "TUESDAY",
                    "isDayOff": true,
                    "isAllDay": true,
                    "fromTime": "07:00",
                    "toTime": "21:00"
                },
                {
                    "day": "WEDNESDAY",
                    "isDayOff": true,
                    "isAllDay": true,
                    "fromTime": "07:00",
                    "toTime": "21:00"
                },
                {
                    "day": "THURSDAY",
                    "isDayOff": true,
                    "isAllDay": true,
                    "fromTime": "07:00",
                    "toTime": "21:00"
                },
                {
                    "day": "FRIDAY",
                    "isDayOff": true,
                    "isAllDay": true,
                    "fromTime": "07:00",
                    "toTime": "21:00"
                },
                {
                    "day": "SATURDAY",
                    "isDayOff": true,
                    "isAllDay": true,
                    "fromTime": "07:00",
                    "toTime": "21:00"
                },
                {
                    "day": "SUNDAY",
                    "isDayOff": true,
                    "isAllDay": true,
                    "fromTime": "07:00",
                    "toTime": "21:00"
                }
            ],
            "pickupAvailable": true,
            "buildingType": "string",
            "phone": "77029203758",
            "active": true
        }
    ],
    "pageNumber": 0,
    "totalPages": 4
}
]]></system-out>
  <system-err><![CDATA[]]></system-err>
</testsuite>
