<?xml version="1.0" encoding="UTF-8"?>
<testsuite name="market.tests.ApiTest" tests="1" skipped="0" failures="0" errors="0" timestamp="2020-10-26T19:28:06" hostname="MacBook-Pro-Daniar.local" time="1.844">
  <properties/>
  <testcase name="GetMerchant()" classname="market.tests.ApiTest" time="1.844"/>
  <system-out><![CDATA[{
    "accessToken": "eyJhbGciOiJSUzI1NiIsInR5cCIgOiAiSldUIiwia2lkIiA6ICJOZnc0c2ZCTjd1cHo0LUttRFVvTE8zWUpweThLX3BnNHZpWUNkdnpXZEZFIn0.eyJqdGkiOiJmNmQyZjhmNC1lZGI4LTRhYjAtYjMxNS1mMTRjMTBhZjE5YmUiLCJleHAiOjE2MDYzMzI0ODUsIm5iZiI6MCwiaWF0IjoxNjAzNzQwNDg1LCJpc3MiOiJodHRwczovL2tleWNsb2FrLnRlc3QudmxpZmUua3ovYXV0aC9yZWFsbXMvU3ByaW5nQm9vdERldiIsImF1ZCI6ImFjY291bnQiLCJzdWIiOiIzMzBlZjEyYy0yN2EzLTRiZTMtODNiNy0xMzMxNzQ2NzIyODgiLCJ0eXAiOiJCZWFyZXIiLCJhenAiOiJsb2dpbi1hcHAiLCJhdXRoX3RpbWUiOjAsInNlc3Npb25fc3RhdGUiOiIxOTYzZGM3NS1jYmEzLTQxMzMtYjVkNS05NWE2NjQ5ODU5MTUiLCJhY3IiOiIxIiwicmVhbG1fYWNjZXNzIjp7InJvbGVzIjpbIm1hcmtldF9tb2RlcmF0b3IiLCJvZmZsaW5lX2FjY2VzcyIsIm1hcmtldF9jb250cmFjdF9tYW5hZ2VyIiwibWVyY2hhbnQiLCJ1bWFfYXV0aG9yaXphdGlvbiJdfSwicmVzb3VyY2VfYWNjZXNzIjp7ImFjY291bnQiOnsicm9sZXMiOlsibWFuYWdlLWFjY291bnQiLCJtYW5hZ2UtYWNjb3VudC1saW5rcyIsInZpZXctcHJvZmlsZSJdfX0sInNjb3BlIjoiZW1haWwgcHJvZmlsZSIsImVtYWlsX3ZlcmlmaWVkIjpmYWxzZSwicHJlZmVycmVkX3VzZXJuYW1lIjoibW9kZXJhdG9yQGNvZGV2aWUua3oifQ.zDM79LZRWaRgX3RX7EO3B6aK3K3efqZPfedWrwScNYav6gTPEvUv6NTin3ol6zyVG_omracUV3gALQRgkRh6uJzDPn6Nbxx-heElytK0AB7neyWg1r535jvdYcDVHyw9gpYZNEvESbpW9lnuaYxosfiqecy_owFnlEh9bz8f3f_cXf6LNbKNspQSjMRR7rX1PkKwEqauO7DkPb-tlBRXwEGh1tQ3KhDXspXBbI2h5ww0TwW92WZEATUdeaRn_0iZeDXqRe9yJId1xWxUZYdvF3dW6vG8maYtK4E3tf966asS1OJ_1MuEZl2h3GiRLs1ntjzzMbPvNR5Cnv3pXWEJrw",
    "expiresIn": 2592000,
    "refreshExpiresIn": 3888000,
    "refreshToken": "eyJhbGciOiJIUzI1NiIsInR5cCIgOiAiSldUIiwia2lkIiA6ICIwMTQ4MTY0YS0yZWYwLTQ0ZjEtOTYxYi05ZWY5YTFlNjdjOTcifQ.eyJqdGkiOiI0MWI3NzRiNC1iNjU1LTQ2NzItYjMwYy00ZjdhZDM4YjQ0M2EiLCJleHAiOjE2MDc2Mjg0ODUsIm5iZiI6MCwiaWF0IjoxNjAzNzQwNDg1LCJpc3MiOiJodHRwczovL2tleWNsb2FrLnRlc3QudmxpZmUua3ovYXV0aC9yZWFsbXMvU3ByaW5nQm9vdERldiIsImF1ZCI6Imh0dHBzOi8va2V5Y2xvYWsudGVzdC52bGlmZS5rei9hdXRoL3JlYWxtcy9TcHJpbmdCb290RGV2Iiwic3ViIjoiMzMwZWYxMmMtMjdhMy00YmUzLTgzYjctMTMzMTc0NjcyMjg4IiwidHlwIjoiUmVmcmVzaCIsImF6cCI6ImxvZ2luLWFwcCIsImF1dGhfdGltZSI6MCwic2Vzc2lvbl9zdGF0ZSI6IjE5NjNkYzc1LWNiYTMtNDEzMy1iNWQ1LTk1YTY2NDk4NTkxNSIsInJlYWxtX2FjY2VzcyI6eyJyb2xlcyI6WyJtYXJrZXRfbW9kZXJhdG9yIiwib2ZmbGluZV9hY2Nlc3MiLCJtYXJrZXRfY29udHJhY3RfbWFuYWdlciIsIm1lcmNoYW50IiwidW1hX2F1dGhvcml6YXRpb24iXX0sInJlc291cmNlX2FjY2VzcyI6eyJhY2NvdW50Ijp7InJvbGVzIjpbIm1hbmFnZS1hY2NvdW50IiwibWFuYWdlLWFjY291bnQtbGlua3MiLCJ2aWV3LXByb2ZpbGUiXX19LCJzY29wZSI6ImVtYWlsIHByb2ZpbGUifQ.8A7cZQ7341kWngYJ1H9sE2yoye-T2PyIk9oFgyFhllM",
    "refreshTokenExpDate": "2020-12-10T19:28:05.128Z",
    "tokenType": "bearer",
    "sessionState": "1963dc75-cba3-4133-b5d5-95a664985915",
    "scope": "email profile"
}
]]></system-out>
  <system-err><![CDATA[]]></system-err>
</testsuite>
